Not expected branch : refs/heads/style_tailm
Not expected branch : 
Not expected branch : refs/heads/style_tailm
Updating 78635fd..8e09668
Fast-forward
 .../shortcodes/event-block/static/css/event-block.css   | 17 ++++++++++++++++-
 .../shortcodes/event-block/static/css/event-block.scss  | 12 +++++++++++-
 2 files changed, 27 insertions(+), 2 deletions(-) 2 files changed, 27 insertions(+), 2 deletions(-)
Already up-to-date.Already up-to-date.
Not expected branch : refs/heads/style_tailm
Not expected branch : refs/heads/style_tailm
Not expected branch : 
Not expected branch : refs/heads/style_vubd
Not expected branch : 
Updating 8e09668..dfbefbb
Fast-forward
 code/theme/framework-customizations/theme/options/typography.php | 2 +-
 1 file changed, 1 insertion(+), 1 deletion(-) 1 file changed, 1 insertion(+), 1 deletion(-)
Fail to update develop of education
Not expected branch : refs/heads/style_tailm
Not expected branch : 
Not expected branch : refs/heads/style_tailm
Fail to update develop of education
Updating dfbefbb..6dfd7fd
Fast-forward
 .../events/shortcodes/event-block/static/css/event-block.css     | 2 ++
 .../events/shortcodes/event-block/static/css/event-block.scss    | 2 ++
 .../teams/shortcodes/team-block/static/css/team-block.css        | 4 ++++
 .../teams/shortcodes/team-block/static/css/team-block.scss       | 9 +++++++++
 code/theme/framework-customizations/theme/custom-color.php       | 9 +++++++--
 code/theme/static/css/layout.css                                 | 6 ++++++
 code/theme/static/css/layout.scss                                | 5 +++++
 7 files changed, 35 insertions(+), 2 deletions(-) 7 files changed, 35 insertions(+), 2 deletions(-)
Not expected branch : refs/heads/style_tailm
Not expected branch : 
Updating 6dfd7fd..9eb5760
Fast-forward
 code/theme/static/css/layout.css  | 2 +-
 code/theme/static/css/layout.scss | 2 +-
 2 files changed, 2 insertions(+), 2 deletions(-) 2 files changed, 2 insertions(+), 2 deletions(-)
Not expected branch : refs/heads/style_tailm
Fail to update develop of education
Not expected branch : refs/heads/thangpd/SCvideo
Not expected branch : refs/heads/thangpd/SCvideo
Not expected branch : refs/heads/duytn/add-icons
Not expected branch : 
Not expected branch : refs/heads/duytn/add-icons
Fail to update develop of education
Updating 9eb5760..aadcf03
Fast-forward
 .../extensions/optimization/static.php             |    9 +-
 .../framework-customizations/theme/config.php      |   15 +-
 code/theme/includes/educhain-master-data.php       |  106 ++
 code/theme/includes/hooks.php                      |   34 +
 .../font/font-icon/font-job-resume/Flaticon.eot    |  Bin 0 -> 36342 bytes
 .../font/font-icon/font-job-resume/Flaticon.svg    | 1073 ++++++++++++++++++++
 .../font/font-icon/font-job-resume/Flaticon.ttf    |  Bin 0 -> 36164 bytes
 .../font/font-icon/font-job-resume/Flaticon.woff   |  Bin 0 -> 21676 bytes
 .../font/font-icon/font-job-resume/flaticon.css    |   81 ++
 9 files changed, 1310 insertions(+), 8 deletions(-)
 create mode 100644 code/theme/static/font/font-icon/font-job-resume/Flaticon.eot
 create mode 100644 code/theme/static/font/font-icon/font-job-resume/Flaticon.svg
 create mode 100644 code/theme/static/font/font-icon/font-job-resume/Flaticon.ttf
 create mode 100644 code/theme/static/font/font-icon/font-job-resume/Flaticon.woff
 create mode 100644 code/theme/static/font/font-icon/font-job-resume/flaticon.css create mode 100644 code/theme/static/font/font-icon/font-job-resume/flaticon.css
Not expected branch : refs/heads/style_vubd
Not expected branch : refs/heads/style_vubd
Not expected branch : 
Fail to update develop of education
Updating aadcf03..22ee054
Fast-forward
 .../headers/headers/header-09/options/menu.php     |  1 +
 .../posts-carousel/static/css/posts-carousel.css   | 11 +++++
 .../posts-carousel/static/css/posts-carousel.scss  | 16 +++++++
 code/theme/static/css/layout.css                   | 34 +++++++++++++++
 code/theme/static/css/layout.scss                  | 50 ++++++++++++++++++++++
 5 files changed, 112 insertions(+) 5 files changed, 112 insertions(+)
Not expected branch : refs/heads/luctc
Not expected branch : refs/heads/style_vubd
Not expected branch : refs/heads/style_vubd
Not expected branch : 
Fail to update develop of education
Updating 22ee054..6716488
Fast-forward
 .../shortcodes/posts-block/static/css/_posts-block.scss       | 11 +++++++++++
 code/theme/static/css/educhain-components.css                 | 10 ++++++++++
 2 files changed, 21 insertions(+) 2 files changed, 21 insertions(+)
Not expected branch : refs/heads/style_vubd
Not expected branch : 
Updating 6716488..db95ddc
Fast-forward
 code/theme/setup/static/fonts/icon-font/flaticon.css | 8 +++++---
 1 file changed, 5 insertions(+), 3 deletions(-) 1 file changed, 5 insertions(+), 3 deletions(-)
Fail to update develop of education
Not expected branch : refs/heads/style_vubd
Not expected branch : 
Updating db95ddc..7fa20ce
Fast-forward
 .../theme/static/font/font-icon/font-job-resume/flaticon.css | 12 +++++++-----
 1 file changed, 7 insertions(+), 5 deletions(-) 1 file changed, 7 insertions(+), 5 deletions(-)
Fail to update develop of education
Not expected branch : refs/heads/duytn/login-register
Not expected branch : 
Not expected branch : refs/heads/duytn/new-page-header
Not expected branch : 
Not expected branch : refs/heads/duytn/login-register
Updating 7fa20ce..d123478
Fast-forward
 .../header-09/class-slz-header-header-09.php       |  27 ++--
 .../headers/header-09/options/login_register.php   |  38 ++++-
 .../headers/headers/header-09/views/button.php     |   2 +
 .../headers/headers/header-09/views/cart_icon.php  |   2 +
 .../headers/header-09/views/course_category.php    |   2 +
 .../headers/header-09/views/login_register.php     | 161 +++++++++++++--------
 .../headers/headers/header-09/views/logo.php       |   3 +-
 .../headers/headers/header-09/views/menu.php       |   2 +
 .../headers/headers/header-09/views/search_box.php |   2 +
 .../headers/headers/header-09/views/text_link.php  |   2 +
 .../headers/headers/header-09/views/view.php       |   2 +
 11 files changed, 159 insertions(+), 84 deletions(-) 11 files changed, 159 insertions(+), 84 deletions(-)
Fail to update develop of education
Not expected branch : refs/heads/duytn/new-page-header
Updating d123478..b5b956e
Fast-forward
 .../framework-customizations/theme/options/page-header-settings.php      | 1 +
 code/theme/framework-customizations/theme/options/page-options.php       | 1 +
 2 files changed, 2 insertions(+) 2 files changed, 2 insertions(+)
Fail to update develop of education
Not expected branch : refs/heads/hieutct/scholarship
Not expected branch : 
Not expected branch : refs/heads/hieutct/scholarship
Not expected branch : 
Fail to update develop of education
Updating b5b956e..07d5a5f
Fast-forward
 .../extensions/shortcodes/hooks.php                |   1 +
 .../class-slz-shortcode-scholarship-block.php      | 142 +++++++++++++++++++++
 .../shortcodes/scholarship-block/config.php        |  24 ++++
 .../shortcodes/scholarship-block/static.php        |  17 +++
 .../scholarship-block/statics/js/scholarship.js    |  39 ++++++
 .../shortcodes/scholarship-block/vc_options.php    |  99 ++++++++++++++
 .../shortcodes/scholarship-block/views/item.php    |  53 ++++++++
 .../shortcodes/scholarship-block/views/view.php    |  50 ++++++++
 code/theme/includes/hooks.php                      |   4 +-
 9 files changed, 428 insertions(+), 1 deletion(-)
 create mode 100755 code/theme/framework-customizations/extensions/shortcodes/shortcodes/scholarship-block/class-slz-shortcode-scholarship-block.php
 create mode 100755 code/theme/framework-customizations/extensions/shortcodes/shortcodes/scholarship-block/config.php
 create mode 100755 code/theme/framework-customizations/extensions/shortcodes/shortcodes/scholarship-block/static.php
 create mode 100644 code/theme/framework-customizations/extensions/shortcodes/shortcodes/scholarship-block/statics/js/scholarship.js
 create mode 100755 code/theme/framework-customizations/extensions/shortcodes/shortcodes/scholarship-block/vc_options.php
 create mode 100644 code/theme/framework-customizations/extensions/shortcodes/shortcodes/scholarship-block/views/item.php
 create mode 100755 code/theme/framework-customizations/extensions/shortcodes/shortcodes/scholarship-block/views/view.php create mode 100755 code/theme/framework-customizations/extensions/shortcodes/shortcodes/scholarship-block/views/view.php
Not expected branch : refs/heads/hieutct/scholarship
Not expected branch : refs/heads/hieutct/scholarship
Not expected branch : refs/heads/luctc
Not expected branch : 
Updating 07d5a5f..e5ff3f1
Fast-forward
 .../teams/shortcodes/team-block/config.php         |   3 +
 .../shortcodes/team-block/options/layout-4.php     |  15 +++
 .../team-block/static/css/team-block.css           |  99 ++++++++++++++++++
 .../team-block/static/css/team-block.scss          |  92 +++++++++++++++++
 .../teams/shortcodes/team-block/vc_options.php     |  16 +--
 .../teams/shortcodes/team-block/views/layout-4.php | 115 +++++++++++++++++++++
 .../teams/shortcodes/team-block/views/view.php     |   3 +
 .../theme/custom-color.php                         |   7 +-
 8 files changed, 340 insertions(+), 10 deletions(-)
 create mode 100644 code/theme/framework-customizations/extensions/teams/shortcodes/team-block/options/layout-4.php
 create mode 100644 code/theme/framework-customizations/extensions/teams/shortcodes/team-block/views/layout-4.php create mode 100644 code/theme/framework-customizations/extensions/teams/shortcodes/team-block/views/layout-4.php
Fail to update develop of education
Not expected branch : refs/heads/luctc
Not expected branch : refs/heads/luctc
Not expected branch : 
Updating e5ff3f1..3597424
Fast-forward
 .../shortcodes/scholarship-block/config.php        | 28 ++++++++++++++--------
 .../shortcodes/scholarship-block/static.php        |  4 ++++
 .../statics/css/scholarship-block.css              |  3 +++
 .../statics/css/scholarship-block.scss             |  7 ++++++
 .../shortcodes/scholarship-block/vc_options.php    |  9 +++++++
 .../shortcodes/scholarship-block/views/item.php    | 18 ++++----------
 .../shortcodes/scholarship-block/views/view.php    |  7 ++++--
 7 files changed, 51 insertions(+), 25 deletions(-)
 create mode 100644 code/theme/framework-customizations/extensions/shortcodes/shortcodes/scholarship-block/statics/css/scholarship-block.css
 create mode 100644 code/theme/framework-customizations/extensions/shortcodes/shortcodes/scholarship-block/statics/css/scholarship-block.scss create mode 100644 code/theme/framework-customizations/extensions/shortcodes/shortcodes/scholarship-block/statics/css/scholarship-block.scss
Already up-to-date.Already up-to-date.
Not expected branch : refs/heads/luctc
Not expected branch : 
Not expected branch : refs/heads/luctc
Not expected branch : 
