Not expected branch : refs/heads/luctc
Not expected branch : 
Fail to update develop of education
Updating 27e0598..d7cfdd1
Fast-forward
 code/theme/static/css/layout.css       |   4 +
 code/theme/static/css/layout.scss      |   9 +++
 code/theme/static/css/lema-custom.css  | 123 +++++++++++++++++++++++++++++++
 code/theme/static/css/lema-custom.scss | 131 +++++++++++++++++++++++++++++++++
 4 files changed, 267 insertions(+) 4 files changed, 267 insertions(+)
Not expected branch : refs/heads/luctc
Not expected branch : 
Updating d7cfdd1..7394df6
Fast-forward
 code/theme/framework-customizations/theme/custom-color.php | 4 +++-
 code/theme/style.css                                       | 5 ++++-
 2 files changed, 7 insertions(+), 2 deletions(-) 2 files changed, 7 insertions(+), 2 deletions(-)
Fail to update develop of education
Not expected branch : refs/heads/luctc
Not expected branch : refs/heads/thangpd/login
Not expected branch : refs/heads/thangpd/login
Not expected branch : 
Not expected branch : 
Not expected branch : refs/heads/thangpd/login
Not expected branch : 
Not expected branch : refs/heads/thangpd/login
Not expected branch : 
Not expected branch : refs/heads/luctc
Not expected branch : 
Fail to update develop of education
Updating 7394df6..c9b65cf
Fast-forward
 .../extensions/portfolio/views/gallery-item.php    |  2 +-
 .../theme/custom-color.php                         | 23 +++++-
 code/theme/static/css/layout.css                   | 95 +++++++++++++++++++++-
 code/theme/static/css/layout.scss                  | 81 ++++++++++++++++--
 4 files changed, 190 insertions(+), 11 deletions(-) 4 files changed, 190 insertions(+), 11 deletions(-)
Not expected branch : refs/heads/duytn/fix-page-title
Not expected branch : 
Fail to update develop of education
Updating c9b65cf..1b69c61
Fast-forward
 code/theme/archive.php                  |   2 -
 code/theme/author.php                   |   2 -
 code/theme/category.php                 |   2 -
 code/theme/default-templates/page.php   |   6 +-
 code/theme/default-templates/single.php |   1 +
 code/theme/includes/helpers.php         | 339 ++++----------------------------
 code/theme/search.php                   |   2 -
 code/theme/tag.php                      |   2 -
 8 files changed, 46 insertions(+), 310 deletions(-) 8 files changed, 46 insertions(+), 310 deletions(-)
Not expected branch : refs/heads/duytn/fix-page-title
Not expected branch : refs/heads/luctc
Not expected branch : refs/heads/luctc
Not expected branch : 
Fail to update develop of education
Updating 1b69c61..ad0eedc
Fast-forward
 .../portfolio-list/static/css/portfolio-list.css   |  336 +-
 .../portfolio-list/static/css/portfolio-list.scss  |  311 +-
 .../shortcodes/portfolio-list/views/layout-1.php   |   11 +-
 .../shortcodes/portfolio-list/views/layout-2.php   |    4 +-
 .../icons-block/static/css/_icon-block.scss        | 3460 ++++++++++----------
 .../theme/custom-color.php                         |   30 +-
 code/theme/static/css/educhain-components.css      |  109 +-
 7 files changed, 2274 insertions(+), 1987 deletions(-) 7 files changed, 2274 insertions(+), 1987 deletions(-)
Not expected branch : refs/heads/luctc
Not expected branch : refs/heads/duytn/fix-page-title
Not expected branch : 
Updating ad0eedc..ddea3ca
Fast-forward
 code/theme/includes/helpers.php | 7 +++++--
 1 file changed, 5 insertions(+), 2 deletions(-) 1 file changed, 5 insertions(+), 2 deletions(-)
Not expected branch : refs/heads/duytn/fix-page-title
Fail to update develop of education
Not expected branch : refs/heads/hieutct/fix_icon
Not expected branch : 
