Not expected branch : refs/heads/style_vubd
Not expected branch : 
Fail to update develop of education
Updating 59eb07a..548e6b0
Fast-forward
 .../extensions/shortcodes/shortcodes/timeline/static/css/timeline.css | 4 ++--
 .../shortcodes/shortcodes/timeline/static/css/timeline.scss           | 4 ++--
 2 files changed, 4 insertions(+), 4 deletions(-) 2 files changed, 4 insertions(+), 4 deletions(-)
Not expected branch : refs/heads/style_tailm
Not expected branch : 
Not expected branch : refs/heads/style_tailm
Not expected branch : 
Not expected branch : refs/heads/style_tailm
Updating 548e6b0..8e7d26d
Fast-forward
 .../extensions/shortcodes/shortcodes/video/static/css/_video.scss     | 4 ++--
 code/theme/static/css/educhain-components.css                         | 4 ++--
 2 files changed, 4 insertions(+), 4 deletions(-) 2 files changed, 4 insertions(+), 4 deletions(-)
Fail to update develop of education
Not expected branch : refs/heads/style_vubd
Not expected branch : refs/heads/thangpd/SCstyle
Not expected branch : 
Not expected branch : refs/heads/thangpd/SCvideo
Not expected branch : refs/heads/thangpd/SCstyle
Not expected branch : 
Not expected branch : refs/heads/thangpd/SCstyle
Not expected branch : 
Not expected branch : 
Not expected branch : refs/heads/style_vubd
Not expected branch : 
Fail to update develop of education
Updating 8e7d26d..6cba38d
Fast-forward
 .../extensions/shortcodes/shortcodes/timeline/static/css/timeline.css | 4 ++--
 .../shortcodes/shortcodes/timeline/static/css/timeline.scss           | 4 ++--
 2 files changed, 4 insertions(+), 4 deletions(-) 2 files changed, 4 insertions(+), 4 deletions(-)
Not expected branch : refs/heads/style_vubd
Not expected branch : 
Fail to update develop of education
Updating 6cba38d..35da9bb
Fast-forward
 code/theme/framework-customizations/theme/custom-color.php | 4 +++-
 1 file changed, 3 insertions(+), 1 deletion(-) 1 file changed, 3 insertions(+), 1 deletion(-)
Not expected branch : refs/heads/style_tailm
Not expected branch : 
Not expected branch : refs/heads/style_tailm
Not expected branch : 
Not expected branch : refs/heads/style_tailm
Not expected branch : 
Not expected branch : refs/heads/style_tailm
Not expected branch : 
Not expected branch : refs/heads/style_tailm
Fail to update develop of education
Updating 35da9bb..a84bd3f
Fast-forward
 .../framework-customizations/theme/custom-color.php   |  3 +++
 code/theme/static/css/layout.css                      | 18 ++++++++++++++++++
 code/theme/static/css/layout.scss                     | 19 ++++++++++++++++++-
 3 files changed, 39 insertions(+), 1 deletion(-) 3 files changed, 39 insertions(+), 1 deletion(-)
Not expected branch : refs/heads/style_vubd
Not expected branch : refs/heads/style_vubd
Not expected branch : 
Fail to update develop of education
Updating a84bd3f..56d4d98
Fast-forward
 .../shortcodes/video/static/css/_video.scss         | 19 +++++++++++++------
 code/theme/static/css/educhain-components.css       | 21 ++++++++++++++-------
 2 files changed, 27 insertions(+), 13 deletions(-) 2 files changed, 27 insertions(+), 13 deletions(-)
Not expected branch : refs/heads/style_tailm
Not expected branch : 
Not expected branch : refs/heads/thangpd/themesetting
Not expected branch : 
Not expected branch : refs/heads/style_tailm
Not expected branch : 
Not expected branch : refs/heads/style_tailm
Not expected branch : 
Updating 56d4d98..552a563
Fast-forward
 code/theme/static/css/layout.css  | 9 ++++++---
 code/theme/static/css/layout.scss | 8 +++++---
 2 files changed, 11 insertions(+), 6 deletions(-) 2 files changed, 11 insertions(+), 6 deletions(-)
Fail to update develop of education
Not expected branch : refs/heads/thangpd/SCstyle
Fail to update develop of education
Updating 552a563..c9c9acf
Fast-forward
 .../shortcodes/accordion/options/layout-1.php           |  1 +
 .../shortcodes/shortcodes/accordion/views/layout-1.php  | 16 +++++++++++++++-
 .../shortcodes/shortcodes/video/views/layout-1.php      | 17 +++++++++++++++++
 .../shortcodes/shortcodes/video/views/layout-2.php      | 16 ++++++++++++++++
 4 files changed, 49 insertions(+), 1 deletion(-) 4 files changed, 49 insertions(+), 1 deletion(-)
Not expected branch : refs/heads/thangpd/themesetting
Fail to update develop of education
Updating c9c9acf..48cecd6
Fast-forward
 code/theme/includes/implement-options.php | 3 +--
 1 file changed, 1 insertion(+), 2 deletions(-) 1 file changed, 1 insertion(+), 2 deletions(-)
Not expected branch : refs/heads/style_tailm
Not expected branch : 
Not expected branch : refs/heads/duytn/new-tweet
Not expected branch : refs/heads/style_tailm
Not expected branch : 
Not expected branch : refs/heads/duytn/new-tweet
Not expected branch : 
Not expected branch : 
Not expected branch : refs/heads/luctc
Not expected branch : 
Fail to update develop of education
Updating 48cecd6..9f270d3
Fast-forward
 .../shortcodes/team-block/options/layout-1.php     |    5 +-
 .../team-block/static/css/team-block.css           |  244 ++-
 .../team-block/static/css/team-block.scss          | 1959 +++++++++++---------
 .../teams/shortcodes/team-block/views/layout-1.php |   53 +-
 .../theme/custom-color.php                         |    8 +
 5 files changed, 1320 insertions(+), 949 deletions(-) 5 files changed, 1320 insertions(+), 949 deletions(-)
Not expected branch : refs/heads/luctc
Not expected branch : refs/heads/luctc
Not expected branch : refs/heads/style_tailm
Not expected branch : 
Not expected branch : refs/heads/style_tailm
Fail to update develop of education
Updating 9f270d3..bee8b5b
Fast-forward
 .../events/shortcodes/event-block/static/css/event-block.css      | 8 --------
 .../events/shortcodes/event-block/static/css/event-block.scss     | 4 ----
 .../shortcodes/shortcodes/count-down/static/css/count-down.css    | 4 ++--
 .../shortcodes/shortcodes/count-down/static/css/count-down.scss   | 4 ++--
 code/theme/framework-customizations/theme/custom-color.php        | 3 +++
 5 files changed, 7 insertions(+), 16 deletions(-) 5 files changed, 7 insertions(+), 16 deletions(-)
Updating 7616868..131deea
Fast-forward
 shortcodes/cart/AddCartShortcode.php                        | 2 +-
 shortcodes/cart/CartIconShortcode.php                       | 2 +-
 shortcodes/checkout/CheckoutShortcode.php                   | 2 +-
 shortcodes/course/CategoryShortcode.php                     | 2 +-
 shortcodes/course/CourseListShortcode.php                   | 2 +-
 shortcodes/course/CourseShortcode.php                       | 2 +-
 shortcodes/course/shortcodes/CourseBookmarkShortcode.php    | 2 +-
 shortcodes/course/shortcodes/CourseCategoryShortcode.php    | 2 +-
 shortcodes/course/shortcodes/CourseContentShortcode.php     | 2 +-
 shortcodes/course/shortcodes/CourseDescriptionShortcode.php | 2 +-
 shortcodes/course/shortcodes/CourseFooterShortcode.php      | 2 +-
 shortcodes/course/shortcodes/CourseHeaderShortcode.php      | 2 +-
 shortcodes/course/shortcodes/CourseImageShortcode.php       | 2 +-
 shortcodes/course/shortcodes/CourseInstructorShortcode.php  | 2 +-
 shortcodes/course/shortcodes/CoursePriceShortcode.php       | 2 +-
 shortcodes/course/shortcodes/CourseProgressShortcode.php    | 2 +-
 shortcodes/course/shortcodes/CourseTitleShortcode.php       | 2 +-
 shortcodes/rating/RatingShortcode.php                       | 2 +-
 shortcodes/search/SearchBoxShortcode.php                    | 2 +-
 19 files changed, 19 insertions(+), 19 deletions(-) 19 files changed, 19 insertions(+), 19 deletions(-)
Not expected branch : refs/heads/hieutct/eventblock
Fail to update develop of education
Updating bee8b5b..f41ec50
Fast-forward
 .../extensions/events/shortcodes/event-block/config.php      |  1 +
 .../extensions/events/shortcodes/event-block/vc_options.php  | 11 +++++++++++
 .../events/shortcodes/event-block/views/layout-1.php         | 12 +++++++++++-
 .../events/shortcodes/event-block/views/layout-2.php         | 11 ++++++++++-
 .../events/shortcodes/event-block/views/layout-3.php         | 11 ++++++++++-
 5 files changed, 43 insertions(+), 3 deletions(-) 5 files changed, 43 insertions(+), 3 deletions(-)
Not expected branch : refs/heads/style_tailm
Not expected branch : 
Not expected branch : refs/heads/style_tailm
Fail to update develop of education
Updating f41ec50..20c8418
Fast-forward
 code/theme/style.css | 23 +++++++++++++++++++++++
 1 file changed, 23 insertions(+) 1 file changed, 23 insertions(+)
Not expected branch : refs/heads/hieutct/fixEvent
Not expected branch : refs/heads/duytn/new-tweet
Updating 20c8418..5a3b839
Fast-forward
 .../new-tweet/shortcodes/new-tweet/config.php      |  16 +--
 .../shortcodes/new-tweet/options/layout-1.php      |  11 +-
 .../shortcodes/new-tweet/options/layout-2.php      |   9 +-
 .../new-tweet/shortcodes/new-tweet/vc_options.php  |   5 +-
 .../shortcodes/new-tweet/views/item-2.php          |  45 +++++++
 .../new-tweet/shortcodes/new-tweet/views/item.php  |  65 +++++-----
 .../shortcodes/new-tweet/views/layout-1.php        | 131 ++++++++++++++++-----
 .../new-tweet/shortcodes/new-tweet/views/view.php  |  34 ++++--
 8 files changed, 224 insertions(+), 92 deletions(-)
 create mode 100644 code/theme/framework-customizations/extensions/new-tweet/shortcodes/new-tweet/views/item-2.php create mode 100644 code/theme/framework-customizations/extensions/new-tweet/shortcodes/new-tweet/views/item-2.php
Fail to update develop of education
Not expected branch : 
Updating 1f660b4..7594d59
Fast-forward
 .../new-tweet/class-slz-shortcode-new-tweet.php         | 17 +++--------------
 1 file changed, 3 insertions(+), 14 deletions(-) 1 file changed, 3 insertions(+), 14 deletions(-)
Not expected branch : refs/heads/duytn/new-tweet
Already up-to-date.Already up-to-date.
Not expected branch : refs/heads/hieutct/fixEvent
Updating 5a3b839..e0d49c4
Fast-forward
 .../extensions/events/shortcodes/event-block/views/layout-1.php         | 2 +-
 1 file changed, 1 insertion(+), 1 deletion(-) 1 file changed, 1 insertion(+), 1 deletion(-)
Fail to update develop of education
Not expected branch : refs/heads/style_vubd
Not expected branch : refs/heads/style_tailm
Not expected branch : 
Not expected branch : refs/heads/style_tailm
Updating e0d49c4..0f544b8
Fast-forward
 code/theme/style.css | 21 ++++++++++++++++++++-
 1 file changed, 20 insertions(+), 1 deletion(-) 1 file changed, 20 insertions(+), 1 deletion(-)
Fail to update develop of education
Not expected branch : refs/heads/style_tailm
Not expected branch : 
Not expected branch : refs/heads/style_tailm
Fail to update develop of education
Updating 0f544b8..a068ff9
Fast-forward
 .../event-block/static/css/event-block.css           | 20 ++++++++++++++++++++
 .../event-block/static/css/event-block.scss          | 18 ++++++++++++++++++
 2 files changed, 38 insertions(+) 2 files changed, 38 insertions(+)
Not expected branch : refs/heads/style_tailm
Not expected branch : 
Not expected branch : refs/heads/style_tailm
Fail to update develop of education
Updating a068ff9..419bb4c
Fast-forward
 .../events/shortcodes/event-block/static/css/event-block.css          | 4 ++--
 .../events/shortcodes/event-block/static/css/event-block.scss         | 4 ++--
 2 files changed, 4 insertions(+), 4 deletions(-) 2 files changed, 4 insertions(+), 4 deletions(-)
Not expected branch : refs/heads/style_vubd
Not expected branch : refs/heads/style_vubd
Not expected branch : 
Fail to update develop of education
Updating 419bb4c..78635fd
Fast-forward
 .../posts-carousel/static/css/posts-carousel.css   | 30 ----------
 .../posts-carousel/static/css/posts-carousel.scss  | 29 ----------
 .../team-block/static/css/team-block.css           | 66 +++++++++++-----------
 3 files changed, 33 insertions(+), 92 deletions(-) 3 files changed, 33 insertions(+), 92 deletions(-)
