Not expected branch : refs/heads/masterNot expected branch : refs/heads/develop

Fail to update develop of learn-master
Fail to update develop of learn-master
Updating 32886b9..be24909
Fast-forward
 README.md | 1 +
 1 file changed, 1 insertion(+) 1 file changed, 1 insertion(+)
Notthing
Notthing
Notthing
Notthing
Notthing
Not expected branch : refs/heads/test
Not expected branch : 
Not expected branch : refs/heads/test
Fail to update develop of learn-master
Your branch is ahead of 'origin/develop' by 1 commit.
  (use "git push" to publish your local commits)
Updating be24909..0d3268e
Fast-forward
 README.md | 2 --
 1 file changed, 2 deletions(-) 1 file changed, 2 deletions(-)
Not expected branch : refs/heads/luctc
Not expected branch : 
Not expected branch : 
Not expected branch : refs/heads/luctc
Not expected branch : 
Fail to update develop of education
Fail to update develop of education
Not expected branch : refs/heads/luctc
Not expected branch : refs/heads/hieutct/structer
Fail to update develop of education
Not expected branch : refs/heads/luctc
Fail to update develop of education
Fail to update develop of education
Your branch is behind 'origin/develop' by 8 commits, and can be fast-forwarded.
  (use "git pull" to update your local branch)
Updating e4dc9c4..7286faf
Fast-forward
 .../contact-form/static/css/_contact-form.scss     |  24 ++--
 .../shortcodes/contact-form/views/view.php         |   3 +-
 .../testimonial/static/css/testimonial.css         | 124 ++++++++++++++++++-
 .../testimonial/static/css/testimonial.scss        | 131 +++++++++++++++++++--
 .../shortcodes/testimonial/views/layout-2.php      |  20 ++++
 .../framework-customizations/theme/config.php      |  37 +++---
 .../theme/custom-color.php                         |   7 +-
 code/theme/includes/implement-options.php          |  12 +-
 code/theme/static/css/education-components.css     |  29 ++---
 .../img/theme-option/patterns/boxed-bg-11.png      | Bin 0 -> 289 bytes
 .../img/theme-option/patterns/boxed-bg-16.png      | Bin 0 -> 330 bytes
 .../img/theme-option/patterns/boxed-bg-181.png     | Bin 0 -> 41299 bytes
 .../img/theme-option/patterns/boxed-bg-31.png      | Bin 0 -> 16775 bytes
 .../img/theme-option/patterns/boxed-bg-41.png      | Bin 0 -> 13556 bytes
 .../img/theme-option/patterns/boxed-bg-52.png      | Bin 0 -> 91 bytes
 .../img/theme-option/patterns/boxed-bg-71.png      | Bin 0 -> 24107 bytes
 .../img/theme-option/patterns/boxed-bg-91.png      | Bin 0 -> 309 bytes
 .../diagonal_bottom_to_top_pattern_preview.jpg     | Bin 8411 -> 0 bytes
 .../diagonal_top_to_bottom_pattern_preview.jpg     | Bin 8156 -> 0 bytes
 .../theme-option/patterns/dots_pattern_preview.jpg | Bin 6385 -> 0 bytes
 .../img/theme-option/patterns/no_pattern.jpg       | Bin 2733 -> 0 bytes
 .../patterns/noise_pattern_preview.jpg             | Bin 5651 -> 0 bytes
 .../theme-option/patterns/romb_pattern_preview.jpg | Bin 9777 -> 0 bytes
 .../patterns/square_pattern_preview.jpg            | Bin 8311 -> 0 bytes
 .../patterns/vertical_lines_pattern_preview.jpg    | Bin 2890 -> 0 bytes
 .../patterns/waves_pattern_preview.jpg             | Bin 9301 -> 0 bytes
 26 files changed, 318 insertions(+), 69 deletions(-)
 create mode 100644 code/theme/static/img/theme-option/patterns/boxed-bg-11.png
 create mode 100644 code/theme/static/img/theme-option/patterns/boxed-bg-16.png
 create mode 100644 code/theme/static/img/theme-option/patterns/boxed-bg-181.png
 create mode 100644 code/theme/static/img/theme-option/patterns/boxed-bg-31.png
 create mode 100644 code/theme/static/img/theme-option/patterns/boxed-bg-41.png
 create mode 100644 code/theme/static/img/theme-option/patterns/boxed-bg-52.png
 create mode 100644 code/theme/static/img/theme-option/patterns/boxed-bg-71.png
 create mode 100644 code/theme/static/img/theme-option/patterns/boxed-bg-91.png
 delete mode 100644 code/theme/static/img/theme-option/patterns/diagonal_bottom_to_top_pattern_preview.jpg
 delete mode 100644 code/theme/static/img/theme-option/patterns/diagonal_top_to_bottom_pattern_preview.jpg
 delete mode 100644 code/theme/static/img/theme-option/patterns/dots_pattern_preview.jpg
 delete mode 100644 code/theme/static/img/theme-option/patterns/no_pattern.jpg
 delete mode 100644 code/theme/static/img/theme-option/patterns/noise_pattern_preview.jpg
 delete mode 100644 code/theme/static/img/theme-option/patterns/romb_pattern_preview.jpg
 delete mode 100644 code/theme/static/img/theme-option/patterns/square_pattern_preview.jpg
 delete mode 100644 code/theme/static/img/theme-option/patterns/vertical_lines_pattern_preview.jpg
 delete mode 100644 code/theme/static/img/theme-option/patterns/waves_pattern_preview.jpg delete mode 100644 code/theme/static/img/theme-option/patterns/waves_pattern_preview.jpg
