Not expected branch : 
Not expected branch : refs/heads/luctc
Updating b222846..1e7ea52
Fast-forward
 solazu-live-settings/inc/SLZ_Live_Settings.php |  8 +++++---
 solazu-live-settings/solazu-live-settings.php  |  4 ++--
 solazu-live-settings/views/demos.php           | 11 +++++++----
 solazu-live-settings/views/view.php            | 25 ++++++++++---------------
 4 files changed, 24 insertions(+), 24 deletions(-) 4 files changed, 24 insertions(+), 24 deletions(-)
Not expected branch : refs/heads/duytn/pf-list
Not expected branch : 
Not expected branch : refs/heads/duytn/pf-list
Fail to update develop of education
Updating e0e03f6..37a8a37
Fast-forward
 .../portfolio/shortcodes/portfolio-list/config.php |  1 +
 .../shortcodes/portfolio-list/options/layout-2.php |  6 +++++
 .../shortcodes/portfolio-list/vc_options.php       |  6 ++++-
 .../shortcodes/portfolio-list/views/layout-2.php   | 31 +++++++++++++++-------
 .../shortcodes/portfolio-list/views/view.php       |  7 +++++
 .../testimonial/static/css/testimonial.css         |  9 +++++++
 .../testimonial/static/css/testimonial.scss        | 14 ++++++++--
 7 files changed, 61 insertions(+), 13 deletions(-) 7 files changed, 61 insertions(+), 13 deletions(-)
Not expected branch : refs/heads/duytn/pf-list
Not expected branch : refs/heads/luctc
Not expected branch : refs/heads/thangpd/login
Not expected branch : refs/heads/thangpd/login
Not expected branch : 
Not expected branch : refs/heads/thangpd/login
Not expected branch : 
Not expected branch : 
Not expected branch : refs/heads/luctc
Not expected branch : 
Fail to update develop of education
Updating 37a8a37..f3a9462
Fast-forward
 .../portfolio-list/static/css/portfolio-list.css   | 189 ++++++++++-
 .../portfolio-list/static/css/portfolio-list.scss  | 373 +++++++++++++++------
 .../shortcodes/portfolio-list/views/layout-2.php   |  83 +++--
 .../main-title/static/css/main-title.css           |   4 +-
 .../main-title/static/css/main-title.scss          |   4 +-
 5 files changed, 514 insertions(+), 139 deletions(-) 5 files changed, 514 insertions(+), 139 deletions(-)
Not expected branch : refs/heads/luctc
Not expected branch : 
Fail to update develop of education
Updating f3a9462..1dd4d49
Fast-forward
 .../posts-carousel/static/css/posts-carousel.css   | 24 +++++++-------
 .../posts-carousel/static/css/posts-carousel.scss  | 37 +++++++++++-----------
 2 files changed, 30 insertions(+), 31 deletions(-) 2 files changed, 30 insertions(+), 31 deletions(-)
Not expected branch : refs/heads/luctc
Not expected branch : 
Fail to update develop of education
Updating 1dd4d49..8dc00d8
Fast-forward
 .../shortcodes/shortcodes/posts-block/static/css/_posts-block.scss      | 2 +-
 .../extensions/shortcodes/shortcodes/posts-carousel/config.php          | 2 +-
 code/theme/framework-customizations/theme/custom-color.php              | 2 +-
 code/theme/static/css/educhain-components.css                           | 2 +-
 4 files changed, 4 insertions(+), 4 deletions(-) 4 files changed, 4 insertions(+), 4 deletions(-)
Updating 1e7ea52..3055b25
Fast-forward
 solazu-live-settings/inc/SLZ_Live_Settings.php     |   18 +
 solazu-live-settings/statics/js/live-settings.js   |   12 +-
 .../jquery.mCustomScrollbar.concat.min.js          |    5 +
 .../malihu-scrollbar/jquery.mCustomScrollbar.css   | 1267 ++++++++++
 .../malihu-scrollbar/jquery.mCustomScrollbar.js    | 2458 ++++++++++++++++++++
 .../jquery.mCustomScrollbar.min.css                |    1 +
 .../statics/libs/malihu-scrollbar/mCSB_buttons.png |  Bin 0 -> 2998 bytes
 solazu-live-settings/views/view.php                |    2 +-
 8 files changed, 3761 insertions(+), 2 deletions(-)
 create mode 100644 solazu-live-settings/statics/libs/malihu-scrollbar/jquery.mCustomScrollbar.concat.min.js
 create mode 100644 solazu-live-settings/statics/libs/malihu-scrollbar/jquery.mCustomScrollbar.css
 create mode 100644 solazu-live-settings/statics/libs/malihu-scrollbar/jquery.mCustomScrollbar.js
 create mode 100644 solazu-live-settings/statics/libs/malihu-scrollbar/jquery.mCustomScrollbar.min.css
 create mode 100644 solazu-live-settings/statics/libs/malihu-scrollbar/mCSB_buttons.png create mode 100644 solazu-live-settings/statics/libs/malihu-scrollbar/mCSB_buttons.png
Not expected branch : refs/heads/luctc
Not expected branch : 
Fail to update develop of education
Updating 8dc00d8..fc97261
Fast-forward
 .../shortcodes/portfolio-list/options/layout-2.php | 14 ++++----
 .../portfolio-list/static/css/portfolio-list.css   | 38 ++++++++++++++++++++++
 .../portfolio-list/static/css/portfolio-list.scss  | 36 ++++++++++++++++++++
 .../shortcodes/portfolio-list/views/layout-2.php   |  8 +++--
 code/theme/style.css                               |  4 +--
 5 files changed, 88 insertions(+), 12 deletions(-) 5 files changed, 88 insertions(+), 12 deletions(-)
Not expected branch : refs/heads/luctc
Not expected branch : 
Not expected branch : 
Not expected branch : refs/heads/luctc
Not expected branch : 
Fail to update develop of education
Updating fc97261..1aa80d1
Fast-forward
 .../theme/custom-color.php                         |    3 +-
 code/theme/static/css/layout.css                   |    3 +-
 code/theme/static/css/layout.scss                  | 5811 ++++++++++----------
 3 files changed, 2909 insertions(+), 2908 deletions(-) 3 files changed, 2909 insertions(+), 2908 deletions(-)
Not expected branch : refs/heads/duytn/special
Not expected branch : refs/heads/luctc
Not expected branch : 
Not expected branch : 
Not expected branch : 
Not expected branch : 
Fail to update develop of lema-university
Not expected branch : refs/heads/luctc
Fail to update develop of lema-university
Not expected branch : refs/heads/hotfix/1.1.9
Not expected branch : refs/heads/hotfix/1.1.9
Not expected branch : refs/heads/hotfix/1.1.7
Not expected branch : refs/heads/fix_lema-course
Not expected branch : refs/heads/tailm/_fix
Not expected branch : refs/heads/thanh/contact-form
Not expected branch : refs/heads/thanh/styleBolu
Not expected branch : refs/heads/hotfix/1.1.9
Not expected branch : refs/heads/hotfix/1.1.9
Not expected branch : refs/heads/thangpd/login
Fail to update develop of learn-master
Updating e04ddec..047c9b9
Fast-forward
 front/assets/js/login.js | 50 +++++++++++++++++++++++++++++++++++-------------
 1 file changed, 37 insertions(+), 13 deletions(-) 1 file changed, 37 insertions(+), 13 deletions(-)
Not expected branch : refs/heads/luctc
Not expected branch : refs/heads/hotfix/1.1.9
Not expected branch : refs/heads/luctc
Not expected branch : refs/heads/hotfix/1.1.9
Not expected branch : refs/heads/luctc
Not expected branch : 
Fail to update develop of education
Updating 1aa80d1..9da1ba4
Fast-forward
 .../shortcodes/posts-carousel/static/css/posts-carousel.scss           | 3 +++
 code/theme/static/css/layout.css                                       | 3 +--
 code/theme/static/css/layout.scss                                      | 3 +--
 code/theme/static/css/lema-custom.css                                  | 2 +-
 code/theme/static/css/lema-custom.scss                                 | 2 +-
 5 files changed, 7 insertions(+), 6 deletions(-) 5 files changed, 7 insertions(+), 6 deletions(-)
Not expected branch : refs/heads/hotfix/1.1.9
Not expected branch : refs/heads/hotfix/1.1.9
Not expected branch : refs/heads/hotfix/1.1.9
Not expected branch : refs/heads/hotfix/1.1.9
Not expected branch : refs/heads/hotfix/1.1.9
Not expected branch : refs/heads/luctc
Not expected branch : 
Fail to update develop of education
Updating 9da1ba4..27e0598
Fast-forward
 .../portfolio-list/static/css/portfolio-list.css         | 16 ++++++++--------
 .../portfolio-list/static/css/portfolio-list.scss        |  4 ++--
 .../shortcodes/portfolio-list/views/layout-2.php         | 12 ++++++------
 3 files changed, 16 insertions(+), 16 deletions(-) 3 files changed, 16 insertions(+), 16 deletions(-)
Not expected branch : refs/heads/hotfix/1.1.9
Not expected branch : refs/heads/hotfix/1.1.9
Not expected branch : refs/heads/thangpd/login
Not expected branch : refs/heads/hotfix/1.1.9
Not expected branch : refs/heads/hotfix/1.1.9
Not expected branch : refs/heads/duytn/special
