Not expected branch : refs/heads/thangpd/widgetTitle
Not expected branch : 
Not expected branch : refs/heads/thangpd/widgetTitle
Not expected branch : 
Not expected branch : refs/heads/tai_lm
Not expected branch : refs/heads/duytn/footer
Not expected branch : 
Not expected branch : 
Not expected branch : refs/heads/duytn/typography
Not expected branch : 
Not expected branch : refs/heads/duytn/footer
Fail to update develop of education
Updating 85ff94c..9436ea7
Fast-forward
 .../footers/footers/footer-01/options.php          |  34 +++-
 .../footers/footers/footer-01/views/view.php       | 175 +++++++++++++++++++
 .../footers/footers/footer-02/options.php          |  34 +++-
 .../footers/footers/footer-02/views/view.php       | 165 ++++++++++++++++++
 .../footers/footers/footer-03/options.php          |  34 +++-
 .../footers/footers/footer-03/views/view.php       | 144 ++++++++++++++++
 .../footers/footers/footer-04/options.php          |  34 +++-
 .../footers/footers/footer-04/views/view.php       | 191 +++++++++++++++++++++
 8 files changed, 807 insertions(+), 4 deletions(-)
 create mode 100755 code/theme/framework-customizations/extensions/footers/footers/footer-01/views/view.php
 create mode 100755 code/theme/framework-customizations/extensions/footers/footers/footer-02/views/view.php
 create mode 100755 code/theme/framework-customizations/extensions/footers/footers/footer-03/views/view.php
 create mode 100755 code/theme/framework-customizations/extensions/footers/footers/footer-04/views/view.php create mode 100755 code/theme/framework-customizations/extensions/footers/footers/footer-04/views/view.php
Not expected branch : refs/heads/duytn/typography
Fail to update develop of education
Updating 9436ea7..fe6b849
Fast-forward
 code/theme/includes/implement-options.php | 24 ++++++++++++++++++------
 1 file changed, 18 insertions(+), 6 deletions(-) 1 file changed, 18 insertions(+), 6 deletions(-)
Not expected branch : refs/heads/tailm_style
Not expected branch : 
Not expected branch : refs/heads/tailm_style
Fail to update develop of education
Your branch is behind 'origin/develop' by 4 commits, and can be fast-forwarded.
  (use "git pull" to update your local branch)
Updating fe6b849..d22b198
Fast-forward
 .../shortcodes/contact/static/css/contact.css      | 668 +++++++++++----------
 .../shortcodes/contact/static/css/contact.scss     |  42 +-
 2 files changed, 389 insertions(+), 321 deletions(-) 2 files changed, 389 insertions(+), 321 deletions(-)
Not expected branch : refs/heads/hotfix/1.1.8
Not expected branch : refs/heads/tailm_style
Not expected branch : 
Not expected branch : refs/heads/tailm_style
Fail to update develop of education
Updating d22b198..4c27bbb
Fast-forward
 .../extensions/shortcodes/shortcodes/contact/static/css/contact.css | 4 ++--
 .../shortcodes/shortcodes/contact/static/css/contact.scss           | 4 ++--
 code/theme/framework-customizations/theme/custom-color.php          | 6 ++++++
 3 files changed, 10 insertions(+), 4 deletions(-) 3 files changed, 10 insertions(+), 4 deletions(-)
Not expected branch : refs/heads/hotfix/1.1.8
Not expected branch : refs/heads/tailm_style
Not expected branch : 
Not expected branch : refs/heads/tailm_style
Not expected branch : 
Not expected branch : refs/heads/tailm_style
Not expected branch : 
Not expected branch : refs/heads/hotfix/1.1.8
Not expected branch : refs/heads/thangpd/widgetTitle
Not expected branch : refs/heads/hotfix/1.1.8
Not expected branch : refs/heads/tailm_style
Not expected branch : 
Not expected branch : refs/heads/tailm_style
Fail to update develop of education
Updating 4c27bbb..9193cf6
Fast-forward
 .../extensions/footers/footers/footer-01/options.php                  | 3 ++-
 .../extensions/footers/footers/footer-02/options.php                  | 3 ++-
 .../extensions/footers/footers/footer-03/options.php                  | 3 ++-
 .../extensions/footers/footers/footer-04/options.php                  | 3 ++-
 .../extensions/shortcodes/shortcodes/contact/static/css/contact.css   | 4 +++-
 .../extensions/shortcodes/shortcodes/contact/static/css/contact.scss  | 4 +++-
 6 files changed, 14 insertions(+), 6 deletions(-) 6 files changed, 14 insertions(+), 6 deletions(-)
Not expected branch : refs/heads/hotfix/1.1.8
Not expected branch : refs/heads/tailm_style
Not expected branch : 
Not expected branch : refs/heads/tailm_style
Not expected branch : 
Not expected branch : refs/heads/tailm_style
Not expected branch : 
Not expected branch : refs/heads/tailm_style
Fail to update develop of education
Updating 9193cf6..5acb994
Fast-forward
 .../shortcodes/contact/static/css/contact.css      |    2 +-
 .../shortcodes/contact/static/css/contact.scss     |    2 +-
 code/theme/static/css/layout.css                   | 3778 ++++++++++----------
 code/theme/static/css/layout.scss                  |   27 +
 4 files changed, 1894 insertions(+), 1915 deletions(-) 4 files changed, 1894 insertions(+), 1915 deletions(-)
Not expected branch : refs/heads/sonpq
Not expected branch : refs/heads/tailm_style
Not expected branch : 
Not expected branch : refs/heads/tailm_style
Not expected branch : 
Not expected branch : refs/heads/tailm_style
Fail to update develop of education
Updating 5acb994..c4d9ab6
Fast-forward
 .../extensions/shortcodes/shortcodes/contact/static/css/contact.css   | 2 +-
 .../extensions/shortcodes/shortcodes/contact/static/css/contact.scss  | 2 +-
 code/theme/static/css/layout.css                                      | 4 ++--
 code/theme/static/css/layout.scss                                     | 4 ++--
 4 files changed, 6 insertions(+), 6 deletions(-) 4 files changed, 6 insertions(+), 6 deletions(-)
Not expected branch : refs/heads/tailm_style
Not expected branch : 
Updating c4d9ab6..5f3a76c
Fast-forward
 code/theme/static/css/layout.css  | 4 ++++
 code/theme/static/css/layout.scss | 7 +++++++
 2 files changed, 11 insertions(+) 2 files changed, 11 insertions(+)
Fail to update develop of education
Not expected branch : refs/heads/tailm_style
Not expected branch : refs/heads/nhan/timeline
Not expected branch : refs/heads/html_tab
Not expected branch : 
Not expected branch : refs/heads/sonpq
Not expected branch : refs/heads/sonpq
Not expected branch : 
Updating 5f3a76c..fc2d3b0
Fast-forward
 .../main-title/static/css/main-title.css           | 308 +++++++++++----------
 .../main-title/static/css/main-title.scss          |  36 ++-
 .../theme/custom-color.php                         |   4 +
 3 files changed, 206 insertions(+), 142 deletions(-) 3 files changed, 206 insertions(+), 142 deletions(-)
Fail to update develop of education
Not expected branch : refs/heads/style_tailm
Not expected branch : 
Not expected branch : refs/heads/style_tailm
Fail to update develop of education
Updating fc2d3b0..ad39c11
Fast-forward
 code/theme/static/css/lema-custom.css  | 6939 ++++++++++++++++----------------
 code/theme/static/css/lema-custom.scss |   15 +-
 2 files changed, 3397 insertions(+), 3557 deletions(-) 2 files changed, 3397 insertions(+), 3557 deletions(-)
Not expected branch : refs/heads/style_tailm
Not expected branch : 
Not expected branch : refs/heads/style_tailm
Updating ad39c11..e2b092c
Fast-forward
 code/theme/static/css/lema-custom.css  | 2 +-
 code/theme/static/css/lema-custom.scss | 4 +++-
 2 files changed, 4 insertions(+), 2 deletions(-) 2 files changed, 4 insertions(+), 2 deletions(-)
Already up-to-date.Already up-to-date.
Not expected branch : refs/heads/style_tailm
Not expected branch : 
Not expected branch : refs/heads/style_tailm
Updating e2b092c..c8f0941
Fast-forward
 code/theme/static/css/lema-custom.css  | 2 +-
 code/theme/static/css/lema-custom.scss | 4 +---
 2 files changed, 2 insertions(+), 4 deletions(-) 2 files changed, 2 insertions(+), 4 deletions(-)
Fail to update develop of education
Not expected branch : refs/heads/hotfix/1.1.8
