Not expected branch : refs/heads/style_tailm
Not expected branch : 
Fail to update develop of education
Not expected branch : refs/heads/style_tailm
Updating 5764514..b90bd36
Fast-forward
 .../shortcodes/new-tweet/static/css/new-tweet.css  | 70 +++++++++++-----------
 .../shortcodes/new-tweet/static/css/new-tweet.scss |  6 +-
 2 files changed, 38 insertions(+), 38 deletions(-) 2 files changed, 38 insertions(+), 38 deletions(-)
Not expected branch : refs/heads/thangpd/scStyle
Not expected branch : refs/heads/style_tailm
Not expected branch : 
Not expected branch : refs/heads/style_tailm
Fail to update develop of education
Updating b90bd36..9fd0ca3
Fast-forward
 .../framework-customizations/extensions/services/views/gallery-item.php | 2 +-
 1 file changed, 1 insertion(+), 1 deletion(-) 1 file changed, 1 insertion(+), 1 deletion(-)
Not expected branch : 
Not expected branch : 
Not expected branch : refs/heads/thangpd/scStyle
Updating 9fd0ca3..e0c6a65
Fast-forward
 .../extensions/shortcodes/shortcodes/video/views/layout-1.php | 11 +++++------
 1 file changed, 5 insertions(+), 6 deletions(-) 1 file changed, 5 insertions(+), 6 deletions(-)
Already up-to-date.Already up-to-date.
Not expected branch : refs/heads/style_tailm
Not expected branch : refs/heads/style_tailm
Not expected branch : refs/heads/style_tailm
Updating e0c6a65..de1f3b3
Fast-forward
 code/theme/static/css/educhain-components.css  | 10 ++++++++++
 code/theme/static/css/educhain-components.scss | 17 +++++++++++++++++
 2 files changed, 27 insertions(+) 2 files changed, 27 insertions(+)
Fail to update develop of education
Not expected branch : refs/heads/style_tailm
Not expected branch : 
Not expected branch : refs/heads/style_tailm
Updating de1f3b3..6a02d7f
Fast-forward
 code/theme/static/css/educhain-components.css | 4 ++--
 1 file changed, 2 insertions(+), 2 deletions(-) 1 file changed, 2 insertions(+), 2 deletions(-)
Fail to update develop of education
Not expected branch : refs/heads/style_tailm
Not expected branch : refs/heads/thangpd/scStyle
Not expected branch : refs/heads/style_tailm
Not expected branch : 
Not expected branch : refs/heads/style_tailm
Fail to update develop of education
Updating 6a02d7f..1432930
Fast-forward
 code/theme/static/css/educhain-woocommerce.css | 7 +++----
 1 file changed, 3 insertions(+), 4 deletions(-) 1 file changed, 3 insertions(+), 4 deletions(-)
Not expected branch : refs/heads/style_tailm
Not expected branch : 
Not expected branch : refs/heads/style_tailm
Updating 1432930..ae8bed0
Fast-forward
 code/theme/static/css/educhain-woocommerce.css | 6 ++----
 1 file changed, 2 insertions(+), 4 deletions(-) 1 file changed, 2 insertions(+), 4 deletions(-)
Fail to update develop of education
Not expected branch : refs/heads/thangpd/scNewtweet
Not expected branch : 
Not expected branch : refs/heads/thangpd/services
Not expected branch : 
Not expected branch : refs/heads/thangpd/sevices
Not expected branch : 
Not expected branch : 
Not expected branch : refs/heads/thangpd/scNewtweet
Fail to update develop of education
Updating ae8bed0..fe863d2
Fast-forward
 .../shortcodes/new-tweet/views/layout-2.php        | 29 +++++++++++++++++++---
 1 file changed, 26 insertions(+), 3 deletions(-) 1 file changed, 26 insertions(+), 3 deletions(-)
Updating fe863d2..4201eb4
Fast-forward
 .../extensions/services/static.php                 | 10 +++++++++
 .../services/static/js/slz-services-js.js          | 25 ++++++++++++++++++++++
 .../extensions/services/views/gallery-item.php     |  2 +-
 3 files changed, 36 insertions(+), 1 deletion(-)
 create mode 100644 code/theme/framework-customizations/extensions/services/static.php
 create mode 100644 code/theme/framework-customizations/extensions/services/static/js/slz-services-js.js create mode 100644 code/theme/framework-customizations/extensions/services/static/js/slz-services-js.js
Not expected branch : refs/heads/thangpd/sevices
Fail to update develop of education
Not expected branch : refs/heads/thangpd/sevices
Not expected branch : 
Not expected branch : 
Not expected branch : refs/heads/thangpd/sevices
Not expected branch : 
Not expected branch : refs/heads/thangpd/sevices
Updating 4201eb4..9a77266
Fast-forward
 .../extensions/services/static/js/slz-services-js.js              | 8 ++++----
 1 file changed, 4 insertions(+), 4 deletions(-) 1 file changed, 4 insertions(+), 4 deletions(-)
Fail to update develop of education
Not expected branch : refs/heads/style_tailm
Not expected branch : 
Fail to update develop of education
Updating 9a77266..5ad566b
Fast-forward
 code/theme/static/css/educhain-components.css  | 12 ++++++++++--
 code/theme/static/css/educhain-components.scss |  8 ++++++++
 2 files changed, 18 insertions(+), 2 deletions(-) 2 files changed, 18 insertions(+), 2 deletions(-)
Not expected branch : refs/heads/style_tailm
Not expected branch : refs/heads/style_tailm
Not expected branch : 
Not expected branch : refs/heads/style_tailm
Fail to update develop of education
Updating 5ad566b..fb02e22
Fast-forward
 code/theme/static/css/educhain-components.css  | 7 +++++++
 code/theme/static/css/educhain-components.scss | 7 +++++++
 2 files changed, 14 insertions(+) 2 files changed, 14 insertions(+)
Not expected branch : refs/heads/style_tailm
Not expected branch : 
Not expected branch : refs/heads/style_tailm
Fail to update develop of education
Updating fb02e22..986d259
Fast-forward
 code/theme/change_log.txt                      |  2 ++
 code/theme/static/css/educhain-components.css  | 22 +++++++++++-----------
 code/theme/static/css/educhain-components.scss | 21 +++++++++++----------
 3 files changed, 24 insertions(+), 21 deletions(-) 3 files changed, 24 insertions(+), 21 deletions(-)
Not expected branch : refs/heads/style_tailm
Not expected branch : 
Not expected branch : refs/heads/style_tailm
Fail to update develop of education
Updating 986d259..eca0b94
Fast-forward
 code/theme/static/css/educhain-components.css  | 8 ++++----
 code/theme/static/css/educhain-components.scss | 8 ++++----
 2 files changed, 8 insertions(+), 8 deletions(-) 2 files changed, 8 insertions(+), 8 deletions(-)
Not expected branch : refs/heads/style_tailm
Not expected branch : 
Not expected branch : refs/heads/style_tailm
Updating eca0b94..cd07117
Fast-forward
 code/theme/static/css/educhain-components.css  |  9 +++++++++
 code/theme/static/css/educhain-components.scss | 10 ++++++++++
 2 files changed, 19 insertions(+) 2 files changed, 19 insertions(+)
Fail to update develop of education
Not expected branch : refs/heads/style_tailm
Not expected branch : 
Not expected branch : refs/heads/style_tailm
Updating cd07117..2123781
Fast-forward
 code/theme/static/css/educhain-components.css  | 13 ++++++++++++-
 code/theme/static/css/educhain-components.scss | 14 +++++++++++++-
 2 files changed, 25 insertions(+), 2 deletions(-) 2 files changed, 25 insertions(+), 2 deletions(-)
Fail to update develop of education
Not expected branch : refs/heads/style_tailm
Not expected branch : 
Not expected branch : refs/heads/style_tailm
Updating 2123781..0edb871
Fast-forward
 code/theme/static/css/educhain-components.css  | 20 --------------------
 code/theme/static/css/educhain-components.scss | 20 --------------------
 2 files changed, 40 deletions(-) 2 files changed, 40 deletions(-)
Fail to update develop of education
Not expected branch : refs/heads/style_tailm
Not expected branch : 
Updating 0edb871..5b67db0
Fast-forward
 code/theme/static/css/educhain-components.css  | 12 ++++++++++++
 code/theme/static/css/educhain-components.scss | 12 ++++++++++++
 2 files changed, 24 insertions(+) 2 files changed, 24 insertions(+)
Not expected branch : refs/heads/style_tailm
Fail to update develop of education
Not expected branch : refs/heads/style_tailm
Not expected branch : 
Fail to update develop of education
Updating 5b67db0..2f7c476
Fast-forward
 code/theme/static/css/educhain-components.css  | 4 ++++
 code/theme/static/css/educhain-components.scss | 4 ++++
 2 files changed, 8 insertions(+) 2 files changed, 8 insertions(+)
Not expected branch : refs/heads/style_tailm
Not expected branch : refs/heads/style_tailm
Not expected branch : 
Not expected branch : refs/heads/style_tailm
Updating 2f7c476..a999e2b
Fast-forward
 code/theme/static/css/educhain-components.css  | 7 +++++++
 code/theme/static/css/educhain-components.scss | 7 +++++++
 2 files changed, 14 insertions(+) 2 files changed, 14 insertions(+)
Fail to update develop of education
Not expected branch : refs/heads/style_tailm
Not expected branch : 
Not expected branch : refs/heads/style_tailm
Not expected branch : 
Not expected branch : refs/heads/style_tailm
Updating a999e2b..2a9c9ed
Fast-forward
 code/theme/change_log.txt                                     |  3 ++-
 code/theme/framework-customizations/theme/custom-color.php    |  4 ++++
 .../theme/framework-customizations/theme/views/change-log.php | 11 +++++++++++
 3 files changed, 17 insertions(+), 1 deletion(-) 3 files changed, 17 insertions(+), 1 deletion(-)
Fail to update develop of education
