Not expected branch : refs/heads/tailm/__fix
Not expected branch : refs/heads/duytn/fix-revslider
Not expected branch : 
Not expected branch : refs/heads/thangpd/blockquote
Not expected branch : refs/heads/thangpd/themesearchbox
Not expected branch : refs/heads/thangpd/categorylist
Not expected branch : refs/heads/duytn/coures-category
Fail to update develop of lema-university
Updating 4efce55..70ea2b8
Fast-forward
 .gitignore                                         |    2 +
 includes/classes/Hooks.php                         |   35 +-
 .../admin/controllers/StudyTypeController.php      |   74 +
 .../classes/front/assets/js/course-category.js     |   26 +
 .../front/controllers/CourseCategoryController.php |  147 ++
 .../front/views/coursecategory/courses-wrapper.php |   84 ++
 .../front/views/coursecategory/filter-bar.php      |   35 +
 .../classes/front/views/coursecategory/view.php    |  109 ++
 includes/classes/models/StudyTypeModel.php         |  163 +++
 lema-university.php                                |    2 +-
 vendor/autoload.php                                |    2 +-
 vendor/composer/autoload_classmap.php              |  540 +++++++
 vendor/composer/autoload_namespaces.php            |    1 +
 vendor/composer/autoload_psr4.php                  |    4 +
 vendor/composer/autoload_real.php                  |   26 +-
 vendor/composer/autoload_static.php                |  596 +++++++-
 vendor/composer/installed.json                     | 1511 +++++++++++++++++++-
 17 files changed, 3338 insertions(+), 19 deletions(-)
 create mode 100644 .gitignore
 create mode 100644 includes/classes/admin/controllers/StudyTypeController.php
 create mode 100644 includes/classes/front/assets/js/course-category.js
 create mode 100644 includes/classes/front/controllers/CourseCategoryController.php
 create mode 100644 includes/classes/front/views/coursecategory/courses-wrapper.php
 create mode 100644 includes/classes/front/views/coursecategory/filter-bar.php
 create mode 100644 includes/classes/front/views/coursecategory/view.php
 create mode 100644 includes/classes/models/StudyTypeModel.php create mode 100644 includes/classes/models/StudyTypeModel.php
Not expected branch : refs/heads/duytn/fix-revslider
Fail to update develop of education
Updating 24094bf..57464ff
Fast-forward
 code/theme/includes/helpers.php | 11 +++++++----
 1 file changed, 7 insertions(+), 4 deletions(-) 1 file changed, 7 insertions(+), 4 deletions(-)
Not expected branch : refs/heads/duytn/fix-course-list-2-steps
Not expected branch : 
Fail to update develop of lema-university
Not expected branch : refs/heads/duytn/fix-course-list-2-steps
Updating 70ea2b8..268db55
Fast-forward
 includes/classes/front/controllers/CourseCategoryController.php | 8 ++++----
 includes/classes/front/views/coursecategory/courses-wrapper.php | 8 ++++----
 2 files changed, 8 insertions(+), 8 deletions(-) 2 files changed, 8 insertions(+), 8 deletions(-)
Not expected branch : refs/heads/thangpd/SCstyle
Not expected branch : 
Not expected branch : refs/heads/thangpd/SCstyle
Fail to update develop of education
Updating 57464ff..c52e4a3
Fast-forward
 .../gallery/shortcodes/gallery-carousel/config.php |  1 +
 .../gallery-carousel/options/layout-6.php          | 19 ++++++++++--
 .../shortcodes/gallery-carousel/views/layout-6.php | 36 ++++++++++++++--------
 3 files changed, 40 insertions(+), 16 deletions(-) 3 files changed, 40 insertions(+), 16 deletions(-)
Not expected branch : refs/heads/hieutct/video
Not expected branch : refs/heads/hieutct/bug
Not expected branch : refs/heads/hieutct/fixbug
Not expected branch : refs/heads/thanhsocial
Not expected branch : refs/heads/thanhsocial
Not expected branch : refs/heads/tailm/__fix
Not expected branch : 
Fail to update develop of education
Updating c52e4a3..b757bfb
Fast-forward
 .../theme/custom-color.php                         |  10 +
 code/theme/static/css/lema-custom.css              | 223 +++++++++++++++------
 code/theme/static/css/lema-custom.scss             |  92 +++++++++
 3 files changed, 267 insertions(+), 58 deletions(-) 3 files changed, 267 insertions(+), 58 deletions(-)
Not expected branch : refs/heads/hotfix/1.1.8
Not expected branch : refs/heads/duytn/footer-content
Not expected branch : refs/heads/duytn/footer-content
Not expected branch : 
Not expected branch : 
Not expected branch : refs/heads/hieutct/fixInstructor
Not expected branch : 
Not expected branch : refs/heads/luctc
Not expected branch : refs/heads/luctc
Not expected branch : refs/heads/luctc
Not expected branch : refs/heads/thanh/styleBolu
Not expected branch : refs/heads/hieutct/updateScreenshot
Not expected branch : 
Not expected branch : 
Not expected branch : 
Fail to update develop of education
Updating b757bfb..b92d7d4
Fast-forward
 .../image-carousel/static/css/_image-carousel.scss | 85 ++++++++++++++++++++++
 .../shortcodes/shortcodes/social/static.php        |  8 ++
 .../shortcodes/social/static/css/social.css        | 27 +++++++
 .../shortcodes/social/static/css/social.scss       | 27 +++++++
 code/theme/static/css/educhain-components.css      | 85 ++++++++++++++++++++++
 5 files changed, 232 insertions(+)
 create mode 100644 code/theme/framework-customizations/extensions/shortcodes/shortcodes/social/static.php
 create mode 100644 code/theme/framework-customizations/extensions/shortcodes/shortcodes/social/static/css/social.css
 create mode 100644 code/theme/framework-customizations/extensions/shortcodes/shortcodes/social/static/css/social.scss create mode 100644 code/theme/framework-customizations/extensions/shortcodes/shortcodes/social/static/css/social.scss
Not expected branch : refs/heads/tailm_style
Not expected branch : 
Not expected branch : refs/heads/duytn/footer-content
Not expected branch : 
Not expected branch : refs/heads/duytn/footer-content
Not expected branch : 
Not expected branch : refs/heads/duytn/footer-content
Updating b92d7d4..b92d2c4
Fast-forward
 .../theme/options/taxonomies/cat_course.php        |  4 +-
 code/theme/includes/hooks.php                      | 47 +++++++++++++++-------
 2 files changed, 35 insertions(+), 16 deletions(-) 2 files changed, 35 insertions(+), 16 deletions(-)
Fail to update develop of education
Not expected branch : refs/heads/duytn/footer-content
Fail to update develop of lema-university
M	composer.lock
M	vendor/composer/LICENSE
M	vendor/composer/autoload_classmap.php
M	vendor/composer/autoload_namespaces.php
M	vendor/composer/autoload_psr4.php
M	vendor/composer/autoload_real.php
M	vendor/composer/autoload_static.php
M	vendor/composer/installed.json
Updating 268db55..400e9e1
Fast-forward
 includes/classes/Hooks.php                         | 120 +++++++++++++++++++++
 .../admin/controllers/StudyTypeController.php      |  14 +++
 .../classes/front/views/coursecategory/view.php    |   1 +
 .../templates/course-category-other-content.php    |  15 +++
 4 files changed, 150 insertions(+)
 create mode 100644 includes/classes/templates/course-category-other-content.php create mode 100644 includes/classes/templates/course-category-other-content.php
Not expected branch : refs/heads/tailm_style
M	composer.lock
M	vendor/composer/LICENSE
M	vendor/composer/autoload_classmap.php
M	vendor/composer/autoload_namespaces.php
M	vendor/composer/autoload_psr4.php
M	vendor/composer/autoload_real.php
M	vendor/composer/autoload_static.php
M	vendor/composer/installed.json
Updating 400e9e1..7bc38f6
Fast-forward
 assets/styles/sc-searchbox-uni-style.css           |  4 ++--
 .../classes/shortcodes/searchbox/views/view.php    | 26 ++++++++++++----------
 2 files changed, 16 insertions(+), 14 deletions(-) 2 files changed, 16 insertions(+), 14 deletions(-)
Fail to update develop of lema-university
Not expected branch : refs/heads/luctc
Not expected branch : refs/heads/luctc
Not expected branch : refs/heads/luctc
Not expected branch : refs/heads/tailm/__fix
Not expected branch : refs/heads/tailm/__fix
Not expected branch : 
Updating b92d2c4..4a0897d
Fast-forward
 code/theme/static/css/lema-custom.css  | 4 ----
 code/theme/static/css/lema-custom.scss | 3 ---
 2 files changed, 7 deletions(-) 2 files changed, 7 deletions(-)
Fail to update develop of education
Not expected branch : refs/heads/thanh/styleBolu
Not expected branch : 
Updating 4a0897d..9b8c4a8
Fast-forward
 .../shortcodes/image-carousel/static/css/_image-carousel.scss         | 4 ++--
 .../extensions/shortcodes/shortcodes/social/static/css/social.css     | 4 ++++
 .../extensions/shortcodes/shortcodes/social/static/css/social.scss    | 4 ++++
 code/theme/static/css/educhain-components.css                         | 2 +-
 4 files changed, 11 insertions(+), 3 deletions(-) 4 files changed, 11 insertions(+), 3 deletions(-)
Fail to update develop of education
Not expected branch : refs/heads/luctc
Not expected branch : refs/heads/tailm_style
Not expected branch : 
Not expected branch : refs/heads/luctc
Not expected branch : refs/heads/duytn/fix-bugs-uni
Not expected branch : 
M	composer.lock
M	vendor/composer/LICENSE
M	vendor/composer/autoload_classmap.php
M	vendor/composer/autoload_namespaces.php
M	vendor/composer/autoload_psr4.php
M	vendor/composer/autoload_real.php
M	vendor/composer/autoload_static.php
M	vendor/composer/installed.json
Updating 7bc38f6..2a1a9cb
Fast-forward
 .../classes/front/views/coursecategory/courses-wrapper.php |  2 +-
 includes/classes/front/views/coursecategory/view.php       |  6 +++---
 includes/classes/models/StudyTypeModel.php                 | 14 +++++++++++---
 3 files changed, 15 insertions(+), 7 deletions(-) 3 files changed, 15 insertions(+), 7 deletions(-)
Not expected branch : refs/heads/duytn/fix-bugs-uni
Fail to update develop of lema-university
Not expected branch : refs/heads/hieutct/updateScreenshot
Updating 9b8c4a8..9e78b00
Fast-forward
 code/theme/screenshot.png | Bin 936822 -> 0 bytes
 1 file changed, 0 insertions(+), 0 deletions(-)
 delete mode 100644 code/theme/screenshot.png delete mode 100644 code/theme/screenshot.png
Fail to update develop of education
Fail to update develop of lema-marketplace-instructor
Not expected branch : refs/heads/hieutct/fixCss
Updating ca352d2..1269191
Fast-forward
 includes/classes/front/views/payment/createView.php | 17 +----------------
 1 file changed, 1 insertion(+), 16 deletions(-) 1 file changed, 1 insertion(+), 16 deletions(-)
Fail to update develop of learn-master
Not expected branch : refs/heads/hieutct/fixInstructor
Updating aa12a98..c8f5fe2
Fast-forward
 shortcodes/course/shortcodes/views/instructor.php | 2 +-
 1 file changed, 1 insertion(+), 1 deletion(-) 1 file changed, 1 insertion(+), 1 deletion(-)
Not expected branch : refs/heads/hotfix/1.1.8
Not expected branch : refs/heads/luctc
Not expected branch : refs/heads/luctc
Not expected branch : refs/heads/luctc
Not expected branch : refs/heads/tailm/__fix
Not expected branch : 
Not expected branch : refs/heads/tailm/__fix
Not expected branch : 
Updating 9e78b00..3c2049f
Fast-forward
 code/theme/static/css/layout.css      | 4 +++-
 code/theme/static/css/layout.scss     | 4 +++-
 code/theme/static/css/responsive.css  | 1 +
 code/theme/static/css/responsive.scss | 1 +
 4 files changed, 8 insertions(+), 2 deletions(-) 4 files changed, 8 insertions(+), 2 deletions(-)
Fail to update develop of education
Not expected branch : refs/heads/hotfix/1.1.8
Not expected branch : refs/heads/tailm/__fix
Not expected branch : 
Not expected branch : refs/heads/tailm_style
M	composer.lock
M	vendor/composer/LICENSE
M	vendor/composer/autoload_classmap.php
M	vendor/composer/autoload_namespaces.php
M	vendor/composer/autoload_psr4.php
M	vendor/composer/autoload_real.php
M	vendor/composer/autoload_static.php
M	vendor/composer/installed.json
Updating 2a1a9cb..97d2369
Fast-forward
 includes/classes/shortcodes/searchbox/views/view.php | 9 +++++++--
 1 file changed, 7 insertions(+), 2 deletions(-) 1 file changed, 7 insertions(+), 2 deletions(-)
Fail to update develop of lema-university
Not expected branch : refs/heads/hotfix/1.1.8
Not expected branch : refs/heads/hotfix/1.1.8
Not expected branch : refs/heads/tailm/__fix
Not expected branch : 
Not expected branch : refs/heads/tailm/__fix
Not expected branch : 
Updating 3c2049f..32aa960
Fast-forward
 .../events/shortcodes/event-block/static/css/event-block.css        | 6 ++++++
 .../events/shortcodes/event-block/static/css/event-block.scss       | 3 +++
 code/theme/static/css/lema-custom.css                               | 4 ++++
 code/theme/static/css/lema-custom.scss                              | 3 +++
 code/theme/static/css/responsive.css                                | 3 +++
 code/theme/static/css/responsive.scss                               | 3 +++
 6 files changed, 22 insertions(+) 6 files changed, 22 insertions(+)
Fail to update develop of education
Not expected branch : refs/heads/luctc
Not expected branch : refs/heads/luctc
Not expected branch : refs/heads/tailm/__fix
Not expected branch : refs/heads/duytn/uni-widgets
Not expected branch : refs/heads/tailm/__fix
Not expected branch : refs/heads/duytn/uni-widget
Not expected branch : 
Not expected branch : 
Not expected branch : 
Not expected branch : refs/heads/duytn/uni-widgets
Fail to update develop of lema-university
M	composer.lock
M	vendor/composer/LICENSE
M	vendor/composer/autoload_classmap.php
M	vendor/composer/autoload_namespaces.php
M	vendor/composer/autoload_psr4.php
M	vendor/composer/autoload_real.php
M	vendor/composer/autoload_static.php
M	vendor/composer/installed.json
Updating 97d2369..c8546b8
Fast-forward
 includes/classes/Hooks.php                         | 50 ++++++++++++++++++++++
 .../classes/front/views/coursecategory/view.php    | 25 +++++++++--
 includes/classes/front/views/coursedetail/view.php | 26 +++++++++--
 3 files changed, 93 insertions(+), 8 deletions(-) 3 files changed, 93 insertions(+), 8 deletions(-)
Not expected branch : refs/heads/duytn/uni-widget
Updating 32aa960..d6990a6
Fast-forward
 code/theme/includes/hooks.php | 17 +++++++++++++++++
 1 file changed, 17 insertions(+) 1 file changed, 17 insertions(+)
Fail to update develop of education
Not expected branch : refs/heads/tailm/__fix
Updating d6990a6..e9edb21
Fast-forward
 code/theme/static/css/lema-custom.css  | 15 ++++++---------
 code/theme/static/css/lema-custom.scss | 16 ++++++++--------
 2 files changed, 14 insertions(+), 17 deletions(-) 2 files changed, 14 insertions(+), 17 deletions(-)
Fail to update develop of education
Not expected branch : refs/heads/luctc
Not expected branch : 
Not expected branch : refs/heads/master
Not expected branch : 
Not expected branch : refs/heads/thanh/styleBolu
Not expected branch : 
Fail to update develop of education
Updating e9edb21..8aae898
Fast-forward
 .../shortcodes/social/static/css/social.css        | 87 ++++++++++++++--------
 .../shortcodes/social/static/css/social.scss       | 87 ++++++++++++++--------
 .../theme/custom-color.php                         | 13 +++-
 3 files changed, 124 insertions(+), 63 deletions(-) 3 files changed, 124 insertions(+), 63 deletions(-)
Not expected branch : refs/heads/hotfix/1.1.8
Not expected branch : refs/heads/educhain_vubd
Not expected branch : refs/heads/luctc
Not expected branch : refs/heads/educhain_vubd
Not expected branch : 
Fail to update develop of education
Updating 8aae898..bef530a
Fast-forward
 .../shortcodes/faq-block/static/css/faq-block.css  |   4 +-
 .../static/css/gallery-carousel.css                |  12 +-
 .../gallery-masonry/static/css/gallery-masonry.css |   4 +-
 .../shortcodes/isotope/static/css/isotope.css      |   4 +-
 .../shortcodes/instagram/static/css/instagram.css  |   4 +-
 .../static/css/course-collection.css               |   4 +-
 .../instructor/static/css/instructor.css           |   4 +-
 .../shortcodes/new-tweet/static/css/new-tweet.css  |   4 +-
 .../service-block/static/css/service-block.css     |   4 +-
 .../count-down/static/css/count-down.css           |   4 +-
 .../shortcodes/counterv2/static/css/counterv2.css  |   4 +-
 .../features-block/static/css/features-block.css   |  70 +++----
 .../shortcodes/item-list/static/css/item-list.css  |   4 +-
 .../shortcodes/shortcodes/map/static/css/map.css   |   4 +-
 .../static/css/material-download.css               |   4 +-
 .../newsletter/static/css/newsletter.css           |   8 +-
 .../shortcodes/partner/static/css/partner.css      |   4 +-
 .../posts-carousel/static/css/posts-carousel.css   |   6 +-
 .../posts-grid/static/css/posts-grid.css           |  56 +++---
 .../pricing-box/static/css/pricing-box.css         |  28 +--
 .../shortcodes/process/static/css/process.css      |  42 ++---
 .../progress-bar/static/css/progress-bar.css       |   8 +-
 .../shortcodes/social/static/css/social.css        | 110 ++++++-----
 .../shortcodes/social/static/css/social.scss       |   4 +
 .../shortcodes/timeline/static/css/timeline.css    |  12 +-
 .../video-carousel/static/css/video-carousel.css   |   4 +-
 .../team-block/static/css/team-block.css           |  66 +++----
 .../team-carousel/static/css/team-carousel.css     |  20 +-
 .../testimonial/static/css/testimonial.css         | 110 +++++------
 .../extensions/widgets/static/css/widgets.css      |  72 +++----
 code/theme/static/css/custom-editor.css            |  60 +++---
 code/theme/static/css/educhain-components.css      | 208 ++++++++++-----------
 code/theme/static/css/educhain-forum.css           |  58 +++---
 33 files changed, 506 insertions(+), 504 deletions(-) 33 files changed, 506 insertions(+), 504 deletions(-)
Not expected branch : refs/heads/luctc
Not expected branch : refs/heads/hotfix/1.1.8
Not expected branch : 
Not expected branch : refs/heads/luctc
Fail to update develop of lema-university
Fail to update develop of lema-university
Not expected branch : refs/heads/tailm/__fix
Not expected branch : 
Not expected branch : refs/heads/educhain_vubd
Not expected branch : refs/heads/educhain_vubd
Not expected branch : refs/heads/duytn/template-settings
Not expected branch : 
Updating bef530a..d3bf1a3
Fast-forward
 code/theme/static/css/lema-custom.css  | 2 +-
 code/theme/static/css/lema-custom.scss | 2 +-
 2 files changed, 2 insertions(+), 2 deletions(-) 2 files changed, 2 insertions(+), 2 deletions(-)
Fail to update develop of education
Not expected branch : refs/heads/luctc
Not expected branch : refs/heads/hotfix/1.1.8
Not expected branch : refs/heads/duytn/template-settings
Not expected branch : 
Not expected branch : 
Not expected branch : refs/heads/hieutct/updateScreenshot
Not expected branch : 
Not expected branch : refs/heads/luctc
Not expected branch : refs/heads/tailm/__fix
Not expected branch : 
Not expected branch : refs/heads/luctc
Updating d3bf1a3..8699696
Fast-forward
 .../shortcodes/posts-block/static/css/_posts-block.scss           | 4 ++++
 code/theme/static/css/educhain-components.css                     | 8 ++++++++
 2 files changed, 12 insertions(+) 2 files changed, 12 insertions(+)
Fail to update develop of education
Not expected branch : refs/heads/hotfix/1.1.8
Not expected branch : refs/heads/master
Updating 8699696..db8a43b
Fast-forward
 .../event-block/static/css/event-block.css         |   623 +-
 .../event-carousel/static/css/event-carousel.css   |   491 +-
 .../shortcodes/faq-block/static/css/faq-block.css  |    78 +-
 .../footers/footers/footer-01/options.php          |  1734 ++--
 .../footers/footers/footer-02/options.php          |     2 +-
 .../footers/footers/footer-03/options.php          |     2 +-
 .../footers/footers/footer-04/options.php          |     2 +-
 .../static/css/gallery-carousel.css                |   855 +-
 .../gallery-grid/static/css/gallery-grid.css       |   195 +-
 .../gallery-masonry/static/css/gallery-masonry.css |    72 +-
 .../shortcodes/isotope/static/css/isotope.css      |   213 +-
 .../shortcodes/instagram/static/css/instagram.css  |   133 +-
 .../static/css/course-collection.css               |   866 +-
 .../featured-course/static/css/featured-course.css |   456 +-
 .../instructor/static/css/instructor.css           |   571 +-
 .../lema/statics/select2/css/select2.css           |   740 +-
 .../shortcodes/new-tweet/static/css/new-tweet.css  |   405 +-
 .../static/css/portfolio-carousel.css              |     2 +-
 .../portfolio-list/static/css/portfolio-list.css   |   124 +-
 .../service-block/static/css/service-block.css     |   112 +-
 .../shortcodes/about-me/static/css/about-me.css    |   486 +-
 .../shortcodes/accordion/static/css/accordion.css  |   398 +-
 .../shortcodes/contact/static/css/contact.css      |   623 +-
 .../statics/css/content-carousel.css               |   216 +-
 .../count-down/static/css/count-down.css           |   391 +-
 .../shortcodes/counterv2/static/css/counterv2.css  |   632 +-
 .../features-block/static/css/features-block.css   |   655 +-
 .../shortcodes/item-list/static/css/item-list.css  |   516 +-
 .../main-title/static/css/main-title.css           |   264 +-
 .../shortcodes/shortcodes/map/static/css/map.css   |   102 +-
 .../static/css/material-download.css               |    20 +-
 .../newsletter/static/css/newsletter.css           |   469 +-
 .../shortcodes/partner/static/css/partner.css      |    39 +-
 .../posts-carousel/static/css/posts-carousel.css   |   892 +-
 .../posts-grid/static/css/posts-grid.css           |   646 +-
 .../posts-mansory/static/css/posts-masonry.css     |    48 +-
 .../pricing-box/static/css/pricing-box.css         |  1321 +--
 .../shortcodes/process/static/css/process.css      |   747 +-
 .../progress-bar/static/css/progress-bar.css       |   168 +-
 .../shortcodes/social/static/css/social.css        |    64 +-
 .../shortcodes/timeline/static/css/timeline.css    |   938 +-
 .../video-carousel/static/css/video-carousel.css   |   425 +-
 .../team-block/static/css/team-block.css           |  1154 ++-
 .../team-carousel/static/css/team-carousel.css     |   830 +-
 .../testimonial/static/css/testimonial.css         |  2974 +++---
 .../extensions/widgets/static/css/widgets.css      |  1686 +--
 code/theme/includes/helpers.php                    |     2 +-
 code/theme/screenshot.png                          |   Bin 0 -> 703666 bytes
 code/theme/setup/static/css/learnmaster-admin.css  |  5194 +++++-----
 code/theme/setup/static/css/setup-wizard.css       |  3983 +++----
 .../setup/static/fonts/icon-font/flaticon.css      |   284 +-
 .../libs/Nestable-master/jquery.nestable.css       |   173 +-
 .../static/libs/jquery-ui-1.11.4/jquery-ui.css     |  2107 ++--
 .../libs/jquery-ui-1.11.4/jquery-ui.structure.css  |  1018 +-
 .../libs/jquery-ui-1.11.4/jquery-ui.theme.css      |  1046 +-
 .../libs/tinymce/plugins/codesample/css/prism.css  |    93 +-
 .../plugins/visualblocks/css/visualblocks.css      |   190 +-
 code/theme/static/css/custom-editor.css            |   384 +-
 code/theme/static/css/default.css                  |    31 +-
 code/theme/static/css/educhain-components.css      | 10378 ++++++++++---------
 code/theme/static/css/educhain-forum.css           |  3573 +++----
 code/theme/static/css/layout.css                   |  3834 +++----
 code/theme/static/css/lema-custom.css              |  6985 +++++++------
 code/theme/static/css/lema-custom.scss             |     4 +-
 code/theme/static/css/responsive.css               |   308 +-
 code/theme/static/css/theme-customs.css            |    11 +-
 .../font-icon/font-awesome/css/font-awesome.css    |  2161 ++--
 .../font/font-icon/font-educhain/educhain.css      |  2233 ++--
 .../font/font-icon/ionicons-2.0.1/css/ionicons.css |  3003 ++++--
 .../static/libs/bootstrap/css/bootstrap-theme.css  |   641 +-
 code/theme/static/libs/bootstrap/css/bootstrap.css |  8419 ++++++++-------
 .../directional-hover/jquery.directional-hover.css |     9 +-
 .../libs/fancybox/css/jquery.fancybox-buttons.css  |   106 +-
 .../libs/fancybox/css/jquery.fancybox-thumbs.css   |    58 +-
 .../static/libs/fancybox/css/jquery.fancybox.css   |   291 +-
 code/theme/static/libs/mediaelement/mejs-skins.css |   481 +-
 .../theme/static/libs/slick-slider/slick-theme.css |    85 +-
 code/theme/static/libs/slick-slider/slick.css      |    80 +-
 code/theme/style.css                               |  9394 ++++++++---------
 79 files changed, 49312 insertions(+), 41627 deletions(-)
 create mode 100644 code/theme/screenshot.png create mode 100644 code/theme/screenshot.png
Not expected branch : refs/heads/duytn/template-settings
Not expected branch : 
Not expected branch : refs/heads/luctc
Not expected branch : 
Not expected branch : 
M	vendor/composer/LICENSE
M	vendor/composer/autoload_namespaces.php
M	vendor/composer/autoload_real.php
Updating e577bc6..049ebe6
Fast-forward
 includes/classes/Hooks.php | 58 +++++++++++++++++++++++++++++++++++++++-------
 1 file changed, 49 insertions(+), 9 deletions(-) 1 file changed, 49 insertions(+), 9 deletions(-)
Not expected branch : refs/heads/duytn/template-settings
Fail to update develop of lema-university
Not expected branch : 
Not expected branch : refs/heads/duytn/template-settings
Fail to update develop of education
Updating db8a43b..b43259c
Fast-forward
 .../theme/options/template-settings.php                      |  1 +
 code/theme/includes/hooks.php                                | 12 +++++++++---
 2 files changed, 10 insertions(+), 3 deletions(-) 2 files changed, 10 insertions(+), 3 deletions(-)
Not expected branch : refs/heads/luctc
Not expected branch : 
Updating b43259c..5218036
Fast-forward
 .../event-block/static/css/event-block.css         |   623 +-
 .../event-carousel/static/css/event-carousel.css   |   491 +-
 .../shortcodes/faq-block/static/css/faq-block.css  |    74 +-
 .../static/css/gallery-carousel.css                |   843 +-
 .../gallery-grid/static/css/gallery-grid.css       |   195 +-
 .../gallery-masonry/static/css/gallery-masonry.css |    68 +-
 .../shortcodes/isotope/static/css/isotope.css      |   209 +-
 .../shortcodes/instagram/static/css/instagram.css  |   129 +-
 .../static/css/course-collection.css               |   862 +-
 .../featured-course/static/css/featured-course.css |   456 +-
 .../instructor/static/css/instructor.css           |   567 +-
 .../shortcodes/new-tweet/static/css/new-tweet.css  |   401 +-
 .../static/css/portfolio-carousel.css              |     2 +-
 .../portfolio-list/static/css/portfolio-list.css   |   124 +-
 .../service-block/static/css/service-block.css     |   108 +-
 .../shortcodes/about-me/static/css/about-me.css    |   486 +-
 .../shortcodes/accordion/static/css/accordion.css  |   398 +-
 .../contact-form/static/css/_contact-form.scss     |     1 +
 .../shortcodes/contact/static/css/contact.css      |   623 +-
 .../statics/css/content-carousel.css               |   216 +-
 .../count-down/static/css/count-down.css           |   387 +-
 .../shortcodes/counterv2/static/css/counterv2.css  |   628 +-
 .../features-block/static/css/features-block.css   |   585 +-
 .../shortcodes/item-list/static/css/item-list.css  |   512 +-
 .../main-title/static/css/main-title.css           |   264 +-
 .../shortcodes/shortcodes/map/static/css/map.css   |    98 +-
 .../static/css/material-download.css               |    16 +-
 .../newsletter/static/css/newsletter.css           |   461 +-
 .../shortcodes/partner/static/css/partner.css      |    35 +-
 .../posts-carousel/static/css/posts-carousel.css   |   888 +-
 .../posts-grid/static/css/posts-grid.css           |   590 +-
 .../posts-mansory/static/css/posts-masonry.css     |    44 +-
 .../pricing-box/static/css/pricing-box.css         |  1293 ++-
 .../shortcodes/process/static/css/process.css      |   705 +-
 .../progress-bar/static/css/progress-bar.css       |   160 +-
 .../shortcodes/social/static/css/social.css        |    64 +-
 .../shortcodes/timeline/static/css/timeline.css    |   926 +-
 .../video-carousel/static/css/video-carousel.css   |   421 +-
 .../team-block/static/css/team-block.css           |  1088 +-
 .../team-carousel/static/css/team-carousel.css     |   810 +-
 .../testimonial/static/css/testimonial.css         |  2864 +++---
 .../extensions/widgets/static/css/widgets.css      |  1614 ++-
 .../theme/custom-color.php                         |    27 +
 code/theme/static/css/custom-editor.css            |   324 +-
 code/theme/static/css/educhain-components.css      | 10163 +++++++++----------
 code/theme/static/css/educhain-forum.css           |  3515 ++++---
 code/theme/static/css/layout.css                   |  3780 ++++---
 code/theme/static/css/lema-custom.css              |  6863 ++++++-------
 code/theme/static/css/responsive.css               |   308 +-
 49 files changed, 22682 insertions(+), 23627 deletions(-) 49 files changed, 22682 insertions(+), 23627 deletions(-)
Fail to update develop of education
Not expected branch : refs/heads/educhain_vubd
Not expected branch : refs/heads/style_vubd
Not expected branch : refs/heads/educhain_vubd
Not expected branch : refs/heads/luctc
Not expected branch : refs/heads/tailm/__fix
Not expected branch : refs/heads/html_tab
Not expected branch : 
Not expected branch : 
Not expected branch : 
Not expected branch : refs/heads/tailm/__fix
Not expected branch : 
Not expected branch : 
Not expected branch : refs/heads/tailm/__fix
Not expected branch : refs/heads/luctc
Not expected branch : 
Not expected branch : refs/heads/luctc
M	vendor/composer/LICENSE
M	vendor/composer/autoload_namespaces.php
M	vendor/composer/autoload_real.php
Updating 049ebe6..f983a95
Fast-forward
 .gitignore                                         |  3 +-
 assets/styles/lema-cat-course-uni.css              | 61 ++++++++++++++++++++--
 .../classes/front/views/coursecategory/view.php    | 23 ++++----
 3 files changed, 71 insertions(+), 16 deletions(-) 3 files changed, 71 insertions(+), 16 deletions(-)
Fail to update develop of lema-university
Not expected branch : refs/heads/luctc
Not expected branch : refs/heads/luctc
Not expected branch : 
Not expected branch : refs/heads/tailm/__fix
Updating 5218036..f66c48c
Fast-forward
 code/theme/style.css | 1 +
 1 file changed, 1 insertion(+) 1 file changed, 1 insertion(+)
Fail to update develop of education
Not expected branch : refs/heads/style_vubd
Not expected branch : 
Fail to update develop of education
Updating f66c48c..cb8cd48
Fast-forward
 code/theme/framework-customizations/theme/custom-color.php | 3 +++
 1 file changed, 3 insertions(+) 1 file changed, 3 insertions(+)
Not expected branch : refs/heads/duytn/fix-other-content
Not expected branch : refs/heads/duytn/other-content
Not expected branch : 
Not expected branch : 
M	vendor/composer/LICENSE
M	vendor/composer/autoload_namespaces.php
M	vendor/composer/autoload_real.php
Updating f983a95..6c64eb9
Fast-forward
 includes/classes/Hooks.php | 2 +-
 1 file changed, 1 insertion(+), 1 deletion(-) 1 file changed, 1 insertion(+), 1 deletion(-)
Not expected branch : refs/heads/duytn/fix-other-content
Fail to update develop of lema-university
Not expected branch : refs/heads/duytn/other-content
Updating cb8cd48..625daf1
Fast-forward
 code/theme/includes/hooks.php | 14 +++++++++-----
 1 file changed, 9 insertions(+), 5 deletions(-) 1 file changed, 9 insertions(+), 5 deletions(-)
Fail to update develop of education
