Not expected branch : refs/heads/style_tailm
Fail to update develop of education
Not expected branch : refs/heads/hieutct/extension_scholarship
Updating 363e806..76940da
Fast-forward
 .../class-slz-extension-scholarship.php            | 179 +++++++++++++++++++++
 .../extensions/scholarship/config.php              |   5 +
 .../extensions/scholarship/helpers.php             |   3 +
 .../extensions/scholarship/hooks.php               |   4 +
 .../scholarship/includes/class-slz-scholarship.php | 132 +++++++++++++++
 .../extensions/scholarship/manifest.php            |  12 ++
 .../class-slz-shortcode-scholarship-block.php      |  10 +-
 .../shortcodes/scholarship-block/config.php        |   0
 .../shortcodes/scholarship-block/static.php        |   0
 .../statics/css/scholarship-block.css              |   0
 .../statics/css/scholarship-block.scss             |   0
 .../scholarship-block/statics/js/scholarship.js    |   2 +
 .../shortcodes/scholarship-block/vc_options.php    |   8 +
 .../shortcodes/scholarship-block/views/item.php    |  19 +--
 .../shortcodes/scholarship-block/views/view.php    |  10 +-
 .../extensions/scholarship/static.php              |  20 +++
 16 files changed, 383 insertions(+), 21 deletions(-)
 create mode 100644 code/theme/framework-customizations/extensions/scholarship/class-slz-extension-scholarship.php
 create mode 100644 code/theme/framework-customizations/extensions/scholarship/config.php
 create mode 100644 code/theme/framework-customizations/extensions/scholarship/helpers.php
 create mode 100755 code/theme/framework-customizations/extensions/scholarship/hooks.php
 create mode 100755 code/theme/framework-customizations/extensions/scholarship/includes/class-slz-scholarship.php
 create mode 100755 code/theme/framework-customizations/extensions/scholarship/manifest.php
 rename code/theme/framework-customizations/extensions/{shortcodes => scholarship}/shortcodes/scholarship-block/class-slz-shortcode-scholarship-block.php (91%)
 rename code/theme/framework-customizations/extensions/{shortcodes => scholarship}/shortcodes/scholarship-block/config.php (100%)
 rename code/theme/framework-customizations/extensions/{shortcodes => scholarship}/shortcodes/scholarship-block/static.php (100%)
 rename code/theme/framework-customizations/extensions/{shortcodes => scholarship}/shortcodes/scholarship-block/statics/css/scholarship-block.css (100%)
 rename code/theme/framework-customizations/extensions/{shortcodes => scholarship}/shortcodes/scholarship-block/statics/css/scholarship-block.scss (100%)
 rename code/theme/framework-customizations/extensions/{shortcodes => scholarship}/shortcodes/scholarship-block/statics/js/scholarship.js (98%)
 rename code/theme/framework-customizations/extensions/{shortcodes => scholarship}/shortcodes/scholarship-block/vc_options.php (88%)
 rename code/theme/framework-customizations/extensions/{shortcodes => scholarship}/shortcodes/scholarship-block/views/item.php (69%)
 rename code/theme/framework-customizations/extensions/{shortcodes => scholarship}/shortcodes/scholarship-block/views/view.php (83%)
 create mode 100755 code/theme/framework-customizations/extensions/scholarship/static.php create mode 100755 code/theme/framework-customizations/extensions/scholarship/static.php
Updating 76940da..805d51d
Fast-forward
 .../shortcodes/shortcodes/posts-carousel/config.php           |  1 +
 .../shortcodes/shortcodes/posts-carousel/vc_options.php       | 11 +++++++++++
 .../shortcodes/posts-carousel/views/large_module.php          |  5 ++++-
 .../shortcodes/shortcodes/posts-carousel/views/view.php       | 10 +++++++++-
 code/theme/includes/hooks.php                                 |  2 +-
 5 files changed, 26 insertions(+), 3 deletions(-) 5 files changed, 26 insertions(+), 3 deletions(-)
Fail to update develop of education
Not expected branch : refs/heads/thangpd/scPostcarousel
Not expected branch : refs/heads/thangpd/SCstyle
Not expected branch : 
Not expected branch : 
Not expected branch : refs/heads/thangpd/login
Not expected branch : refs/heads/luctc
Not expected branch : 
Not expected branch : refs/heads/luctc
Not expected branch : 
Fail to update develop of education
Updating 805d51d..fbe9044
Fast-forward
 .../event-carousel/static/css/event-carousel.css   |   26 +-
 .../event-carousel/static/css/event-carousel.scss  |  821 +--
 .../testimonials/shortcodes/testimonial/config.php |    3 +-
 .../shortcodes/testimonial/options/layout-2.php    |   22 +-
 .../testimonial/static/css/testimonial.css         |  229 +-
 .../testimonial/static/css/testimonial.scss        | 4715 +++++++++--------
 .../shortcodes/testimonial/vc_options.php          |   16 +-
 .../shortcodes/testimonial/views/layout-1.php      |    2 +-
 .../shortcodes/testimonial/views/layout-2.php      |    7 +-
 .../theme/custom-color.php                         | 5520 ++++++++++----------
 10 files changed, 5845 insertions(+), 5516 deletions(-) 10 files changed, 5845 insertions(+), 5516 deletions(-)
Not expected branch : refs/heads/luctc
Not expected branch : refs/heads/thangpd/login
Not expected branch : refs/heads/thangpd/login
Not expected branch : refs/heads/thangpd/login
Not expected branch : refs/heads/luctc
Not expected branch : 
Fail to update develop of education
Updating fbe9044..5a2ad47
Fast-forward
 .../posts-carousel/static/css/posts-carousel.css   |     2 +-
 .../posts-carousel/static/css/posts-carousel.scss  |     2 +-
 code/theme/static/css/lema-custom.css              |     8 +
 code/theme/static/css/lema-custom.scss             | 13530 ++++++++++---------
 4 files changed, 6781 insertions(+), 6761 deletions(-) 4 files changed, 6781 insertions(+), 6761 deletions(-)
Not expected branch : refs/heads/thangpd/login
Not expected branch : 
Not expected branch : refs/heads/duytn/portfolio-list
Not expected branch : refs/heads/luctc
Not expected branch : refs/heads/duytn/portfolio-list
Not expected branch : 
Not expected branch : 
Not expected branch : 
Not expected branch : refs/heads/duytn/portfolio-list
Not expected branch : refs/heads/duytn/portfolio-list
Not expected branch : 
Not expected branch : refs/heads/luctc
Not expected branch : 
Fail to update develop of education
Updating 5a2ad47..44d97dd
Fast-forward
 code/theme/includes/helpers.php           | 18 ++++++++++++++++-
 code/theme/includes/implement-options.php | 13 +++++++++----
 code/theme/style.css                      | 32 ++++++++++++++++++++++++-------
 3 files changed, 51 insertions(+), 12 deletions(-) 3 files changed, 51 insertions(+), 12 deletions(-)
Not expected branch : refs/heads/luctc
Not expected branch : 
Updating 44d97dd..b487de5
Fast-forward
 code/theme/framework-customizations/theme/custom-color.php | 2 +-
 1 file changed, 1 insertion(+), 1 deletion(-) 1 file changed, 1 insertion(+), 1 deletion(-)
Fail to update develop of education
Not expected branch : 
Not expected branch : 
Updating b487de5..757c0f2
Fast-forward
 .../portfolio/shortcodes/portfolio-list/config.php |  90 +++--
 .../shortcodes/portfolio-list/options/layout-1.php |  15 +-
 .../shortcodes/portfolio-list/options/layout-2.php |  21 ++
 .../shortcodes/portfolio-list/vc_options.php       | 390 +++++++++++++++++++++
 .../shortcodes/portfolio-list/views/layout-2.php   |  39 +++
 .../shortcodes/portfolio-list/views/view.php       |  38 +-
 6 files changed, 527 insertions(+), 66 deletions(-)
 create mode 100755 code/theme/framework-customizations/extensions/portfolio/shortcodes/portfolio-list/options/layout-2.php
 create mode 100755 code/theme/framework-customizations/extensions/portfolio/shortcodes/portfolio-list/vc_options.php
 create mode 100644 code/theme/framework-customizations/extensions/portfolio/shortcodes/portfolio-list/views/layout-2.php create mode 100644 code/theme/framework-customizations/extensions/portfolio/shortcodes/portfolio-list/views/layout-2.php
Fail to update develop of education
Not expected branch : refs/heads/duytn/portfolio-list
Fail to update develop of education
Updating 757c0f2..9155e37
Fast-forward
 .../shortcodes/shortcodes/social/config.php        | 40 +++++++++++
 .../shortcodes/shortcodes/social/vc_options.php    | 83 ++++++++++++++++++++++
 .../shortcodes/shortcodes/social/views/view.php    | 75 +++++++++++++++++++
 3 files changed, 198 insertions(+)
 create mode 100644 code/theme/framework-customizations/extensions/shortcodes/shortcodes/social/config.php
 create mode 100644 code/theme/framework-customizations/extensions/shortcodes/shortcodes/social/vc_options.php
 create mode 100644 code/theme/framework-customizations/extensions/shortcodes/shortcodes/social/views/view.php create mode 100644 code/theme/framework-customizations/extensions/shortcodes/shortcodes/social/views/view.php
Not expected branch : refs/heads/thangpd/SCstyle
Not expected branch : 
Fail to update develop of solazu-core
Not expected branch : refs/heads/duytn/portfolio-list
Updating 7594d59..d58bae4
Fast-forward
 .../class-slz-shortcode-portfolio-list.php         | 20 ++++++--------
 .../model/class-slz-custom-posttype-model.php      | 32 +++++++++++++++++++---
 2 files changed, 36 insertions(+), 16 deletions(-) 2 files changed, 36 insertions(+), 16 deletions(-)
Fail to update develop of learn-master
Not expected branch : refs/heads/thangpd/login
Updating 131deea..e04ddec
Fast-forward
 core/components/Hook.php              |   3 +
 front/assets/js/login.js              |  67 ++++++++++
 front/controllers/LoginController.php |  34 ++++-
 front/views/login/login.php           | 225 ++++++++++++++--------------------
 models/UserModel.php                  |  12 +-
 5 files changed, 200 insertions(+), 141 deletions(-)
 create mode 100644 front/assets/js/login.js create mode 100644 front/assets/js/login.js
Not expected branch : refs/heads/luctc
Not expected branch : refs/heads/luctc
Not expected branch : 
Fail to update develop of solazu-core
Your branch is behind 'origin/develop' by 6 commits, and can be fast-forwarded.
  (use "git pull" to update your local branch)
Updating d58bae4..7141776
Fast-forward
 .../includes/extra-functions/model/class-slz-custom-posttype-model.php  | 2 +-
 solazu-unyson/framework/static/css/layout.css                           | 2 +-
 2 files changed, 2 insertions(+), 2 deletions(-) 2 files changed, 2 insertions(+), 2 deletions(-)
Not expected branch : refs/heads/luctc
Not expected branch : refs/heads/luctc
Not expected branch : 
Updating 9155e37..e0e03f6
Fast-forward
 code/theme/static/css/lema-custom.css  | 5 +++++
 code/theme/static/css/lema-custom.scss | 2 ++
 2 files changed, 7 insertions(+) 2 files changed, 7 insertions(+)
Fail to update develop of education
Not expected branch : refs/heads/duytn/pf-list
Not expected branch : 
