Not expected branch : refs/heads/style_vubd
Not expected branch : refs/heads/luctc
Not expected branch : refs/heads/luctc
Not expected branch : 
Fail to update develop of education
Updating ddea3ca..d758188
Fast-forward
 .../theme/custom-color.php                         | 1502 ++++++++++----------
 code/theme/static/css/layout.css                   |    9 +-
 code/theme/static/css/layout.scss                  |   22 +-
 3 files changed, 812 insertions(+), 721 deletions(-) 3 files changed, 812 insertions(+), 721 deletions(-)
Not expected branch : 
Not expected branch : refs/heads/luctc
Not expected branch : 
Fail to update develop of education
Updating d758188..8011365
Fast-forward
 code/theme/framework-customizations/theme/custom-color.php | 6 +++---
 code/theme/static/css/layout.css                           | 6 +++---
 code/theme/static/css/layout.scss                          | 2 +-
 3 files changed, 7 insertions(+), 7 deletions(-) 3 files changed, 7 insertions(+), 7 deletions(-)
Not expected branch : refs/heads/style_vubd
Not expected branch : refs/heads/style_vubd
Not expected branch : 
Updating 8011365..210652e
Fast-forward
 code/theme/includes/class-editor-format.php |  7 +++++++
 code/theme/static/css/custom-editor.css     | 14 ++++++++++++++
 code/theme/static/css/custom-editor.scss    | 18 ++++++++++++++++++
 3 files changed, 39 insertions(+) 3 files changed, 39 insertions(+)
Fail to update develop of education
Not expected branch : refs/heads/thangpd/login
Not expected branch : 
Not expected branch : 
Updating 047c9b9..d1fff70
Fast-forward
 core/components/cart/Cart.php               |  3 +-
 shortcodes/cart/AddCartShortcode.php        |  2 +-
 shortcodes/cart/assets/scripts/add-cart.js  |  2 +-
 shortcodes/cart/assets/scripts/lema-cart.js | 62 ++++++++++++++---------------
 4 files changed, 34 insertions(+), 35 deletions(-) 4 files changed, 34 insertions(+), 35 deletions(-)
Not expected branch : refs/heads/style_vubd
Not expected branch : refs/heads/style_vubd
Not expected branch : 
Fail to update develop of education
Updating 210652e..a372541
Fast-forward
 code/theme/static/css/educhain-woocommerce.css | 1 +
 1 file changed, 1 insertion(+) 1 file changed, 1 insertion(+)
Not expected branch : refs/heads/style_vubd
Not expected branch : refs/heads/style_vubd
Not expected branch : 
Fail to update develop of education
Updating a372541..491b239
Fast-forward
 code/theme/static/css/educhain-woocommerce.css | 2 +-
 1 file changed, 1 insertion(+), 1 deletion(-) 1 file changed, 1 insertion(+), 1 deletion(-)
Not expected branch : refs/heads/style_vubd
Updating 491b239..0834486
Fast-forward
 code/theme/static/css/educhain-woocommerce.css | 6 ++++++
 1 file changed, 6 insertions(+) 1 file changed, 6 insertions(+)
Not expected branch : refs/heads/hotfix/1.1.9
Not expected branch : 
Updating d1fff70..8adcc2a
Fast-forward
 shortcodes/cart/assets/styles/add-cart.css |  4 ++
 shortcodes/cart/views/icon.php             | 80 ++++++++++++++++--------------
 2 files changed, 48 insertions(+), 36 deletions(-) 2 files changed, 48 insertions(+), 36 deletions(-)
Not expected branch : refs/heads/hieutct/fix_icon
Fail to update develop of learn-master
Not expected branch : refs/heads/hotfix/1.1.9
Not expected branch : 
Not expected branch : refs/heads/hotfix/1.1.9
Not expected branch : refs/heads/luctc
Not expected branch : refs/heads/luctc
Not expected branch : refs/heads/luctc
Not expected branch : refs/heads/style_vubd
Updating 0834486..6108464
Fast-forward
 code/theme/static/css/lema-custom.css  | 4 ++++
 code/theme/static/css/lema-custom.scss | 3 +++
 2 files changed, 7 insertions(+) 2 files changed, 7 insertions(+)
Not expected branch : refs/heads/style_vubd
Updating 6108464..dd5141e
Fast-forward
 code/theme/style.css | 2 +-
 1 file changed, 1 insertion(+), 1 deletion(-) 1 file changed, 1 insertion(+), 1 deletion(-)
Not expected branch : refs/heads/thangpd/login
Not expected branch : 
Not expected branch : refs/heads/thangpd/login
Not expected branch : 
Not expected branch : refs/heads/luctc
Not expected branch : 
Not expected branch : 
Not expected branch : refs/heads/thangpd/login
Not expected branch : 
Not expected branch : refs/heads/thangpd/login
Not expected branch : 
Not expected branch : refs/heads/luctc
Not expected branch : 
Fail to update develop of education
Updating dd5141e..01a3f89
Fast-forward
 .../shortcodes/partner/static/js/partner.js        |  2 +-
 .../theme/custom-color.php                         |  3 +++
 .../theme/options/page-header-settings.php         |  7 +++---
 code/theme/includes/helpers.php                    | 16 ++++++++++++
 code/theme/static/css/layout.css                   |  4 +++
 code/theme/static/css/layout.scss                  | 11 ++++++++
 code/theme/style.css                               | 29 +++++++++++++++++++++-
 7 files changed, 67 insertions(+), 5 deletions(-) 7 files changed, 67 insertions(+), 5 deletions(-)
Not expected branch : 
Not expected branch : refs/heads/thangpd/login
Not expected branch : 
Not expected branch : refs/heads/luctc
Not expected branch : 
Updating 01a3f89..66e3d37
Fast-forward
 .../headers/header-09/options/login_register.php   |  1 +
 .../theme/custom-color.php                         | 15 ++++-
 code/theme/static/css/layout.css                   | 62 +++++++++++++++++---
 code/theme/static/css/layout.scss                  | 66 ++++++++++++++++++----
 code/theme/style.css                               |  3 +-
 5 files changed, 123 insertions(+), 24 deletions(-) 5 files changed, 123 insertions(+), 24 deletions(-)
Fail to update develop of education
Not expected branch : refs/heads/luctc
Not expected branch : 
Fail to update develop of education
Updating 66e3d37..78dc54a
Fast-forward
 code/theme/static/css/layout.css  | 12 ++++++++++++
 code/theme/static/css/layout.scss | 11 +++++++++++
 2 files changed, 23 insertions(+) 2 files changed, 23 insertions(+)
Not expected branch : refs/heads/thangpd/SCstyle
Not expected branch : 
Not expected branch : 
Not expected branch : 
Not expected branch : refs/heads/style_vubd
Not expected branch : refs/heads/style_vubd
Updating 78dc54a..d5ba5c9
Fast-forward
 .../shortcodes/accordion/static/css/accordion.css  | 38 +++++++++++++++++
 .../shortcodes/accordion/static/css/accordion.scss | 48 ++++++++++++++++++++++
 .../shortcodes/accordion/views/layout-1.php        |  2 +-
 code/theme/static/css/lema-custom.css              |  2 +-
 code/theme/static/css/lema-custom.scss             |  2 +-
 5 files changed, 89 insertions(+), 3 deletions(-) 5 files changed, 89 insertions(+), 3 deletions(-)
Updating 8adcc2a..013d946
Fast-forward
 admin/controllers/PermissionController.php |  5 ++-
 front/assets/js/login.js                   | 35 +++++++++++++--------
 front/controllers/LoginController.php      | 49 ++++++++++++++++++------------
 front/views/login/login.php                | 37 ++++++++++++++++++----
 4 files changed, 85 insertions(+), 41 deletions(-) 4 files changed, 85 insertions(+), 41 deletions(-)
Not expected branch : refs/heads/thangpd/login
Fail to update develop of learn-master
Not expected branch : refs/heads/hotfix/1.1.9
Not expected branch : refs/heads/hotfix/1.1.9
Not expected branch : refs/heads/hotfix/1.1.9
Not expected branch : refs/heads/hotfix/1.1.9
Not expected branch : refs/heads/hotfix/1.1.9
Not expected branch : refs/heads/hotfix/1.1.9
Not expected branch : refs/heads/hotfix/1.1.9
Not expected branch : refs/heads/hotfix/1.1.9
Not expected branch : refs/heads/hotfix/1.1.9
Updating 013d946..24551e4
Fast-forward
 learnmaster.php | 4 ++--
 1 file changed, 2 insertions(+), 2 deletions(-) 1 file changed, 2 insertions(+), 2 deletions(-)
Not expected branch : refs/heads/master
Updating 7141776..2395f6e
Fast-forward
 .../framework/static/libs/font-awesome/css/font-awesome.min.css         | 2 +-
 1 file changed, 1 insertion(+), 1 deletion(-) 1 file changed, 1 insertion(+), 1 deletion(-)
Updating 2395f6e..e983a33
Fast-forward
 solazu-unyson/solazu-unyson.php | 2 +-
 1 file changed, 1 insertion(+), 1 deletion(-) 1 file changed, 1 insertion(+), 1 deletion(-)
Not expected branch : refs/heads/master
Not expected branch : refs/heads/hotfix/1.1.9
Updating 24551e4..29a021f
Fast-forward
 templates/single.php | 9 +++++++--
 1 file changed, 7 insertions(+), 2 deletions(-) 1 file changed, 7 insertions(+), 2 deletions(-)
Updating 29a021f..1097ee6
Fast-forward
 learnmaster.php | 2 +-
 1 file changed, 1 insertion(+), 1 deletion(-) 1 file changed, 1 insertion(+), 1 deletion(-)
Not expected branch : refs/heads/master
Not expected branch : refs/heads/hotfix/1.1.9
Not expected branch : refs/heads/hotfix/1.1.9
