Not expected branch : refs/heads/thangpd/login
Not expected branch : 
Not expected branch : refs/heads/duytn/new-master
Not expected branch : refs/heads/duytn/pf-list
Not expected branch : refs/heads/duytn/woo-carousel
Not expected branch : refs/heads/duytn/woo-carousel
Not expected branch : 
Not expected branch : refs/heads/sonpq
Fail to update develop of education
Not expected branch : refs/heads/duytn/woo-carousel
Updating b3afda7..f72d79b
Fast-forward
 code/theme/framework-customizations/extensions/shortcodes/hooks.php | 1 +
 1 file changed, 1 insertion(+) 1 file changed, 1 insertion(+)
Not expected branch : refs/heads/duytn/woo-carousel
Fail to update develop of solazu-core
Updating 06f90c8..fbee2cb
Fast-forward
 .../class-slz-shortcode-woo-carousel.php           |  13 ++
 .../shortcodes/shortcodes/woo-carousel/config.php  |  36 +++++
 .../shortcodes/woo-carousel/options/layout-1.php   |  17 ++
 .../shortcodes/shortcodes/woo-carousel/static.php  |  13 ++
 .../woo-carousel/statics/js/woo-carousel.js        |  18 +++
 .../shortcodes/woo-carousel/vc_options.php         | 170 ++++++++++++++++++++
 .../shortcodes/woo-carousel/views/layout-1.php     |  16 ++
 .../shortcodes/woo-carousel/views/view.php         | 172 +++++++++++++++++++++
 8 files changed, 455 insertions(+)
 create mode 100644 solazu-unyson/framework/extensions/shortcodes/shortcodes/woo-carousel/class-slz-shortcode-woo-carousel.php
 create mode 100644 solazu-unyson/framework/extensions/shortcodes/shortcodes/woo-carousel/config.php
 create mode 100644 solazu-unyson/framework/extensions/shortcodes/shortcodes/woo-carousel/options/layout-1.php
 create mode 100644 solazu-unyson/framework/extensions/shortcodes/shortcodes/woo-carousel/static.php
 create mode 100644 solazu-unyson/framework/extensions/shortcodes/shortcodes/woo-carousel/statics/js/woo-carousel.js
 create mode 100644 solazu-unyson/framework/extensions/shortcodes/shortcodes/woo-carousel/vc_options.php
 create mode 100644 solazu-unyson/framework/extensions/shortcodes/shortcodes/woo-carousel/views/layout-1.php
 create mode 100644 solazu-unyson/framework/extensions/shortcodes/shortcodes/woo-carousel/views/view.php create mode 100644 solazu-unyson/framework/extensions/shortcodes/shortcodes/woo-carousel/views/view.php
Updating f72d79b..92e90c2
Fast-forward
 .../shortcodes/shortcodes/video/config.php         |  34 ++-
 .../shortcodes/shortcodes/video/views/layout-1.php | 214 ++++++++++---------
 .../shortcodes/shortcodes/video/views/layout-2.php | 236 +++++++++++----------
 .../shortcodes/shortcodes/video/views/view.php     |  60 +++++-
 4 files changed, 308 insertions(+), 236 deletions(-) 4 files changed, 308 insertions(+), 236 deletions(-)
Fail to update develop of education
Not expected branch : refs/heads/thangpd/fixSCvideo
Not expected branch : refs/heads/thangpd/SCstyle
Updating 92e90c2..fab1824
Fast-forward
 .../extensions/shortcodes/shortcodes/video-carousel/config.php   | 1 +
 .../shortcodes/shortcodes/video-carousel/vc_options.php          | 8 +++++++-
 .../shortcodes/shortcodes/video-carousel/views/view.php          | 9 ++++++++-
 3 files changed, 16 insertions(+), 2 deletions(-) 3 files changed, 16 insertions(+), 2 deletions(-)
Fail to update develop of education
Not expected branch : refs/heads/thangpd/typography
Not expected branch : 
Not expected branch : refs/heads/thangpd/typography
Not expected branch : 
Not expected branch : 
Not expected branch : refs/heads/style_tailm
Not expected branch : refs/heads/style_tailm
Not expected branch : 
Not expected branch : refs/heads/style_tailm
Fail to update develop of education
Updating fab1824..206b36e
Fast-forward
 code/theme/static/css/lema-custom.css  | 19 ++++++++++++++++++-
 code/theme/static/css/lema-custom.scss | 26 +++++++++++++++++++++++++-
 2 files changed, 43 insertions(+), 2 deletions(-) 2 files changed, 43 insertions(+), 2 deletions(-)
Not expected branch : refs/heads/thangpd/SCvideo
Not expected branch : refs/heads/thangpd/SCvideo
Not expected branch : 
Not expected branch : refs/heads/style_tailm
Not expected branch : 
Not expected branch : refs/heads/thangpd/page404
Not expected branch : 
Not expected branch : 
Not expected branch : refs/heads/thangpd/page404
Updating 206b36e..081be84
Fast-forward
 code/theme/404.php                                                      | 1 +
 code/theme/framework-customizations/theme/options/page-404-settings.php | 1 +
 2 files changed, 2 insertions(+) 2 files changed, 2 insertions(+)
Fail to update develop of education
Not expected branch : refs/heads/thangpd/SCvideo
Fail to update develop of education
Updating 081be84..108bee6
Fast-forward
 .../shortcodes/shortcodes/video/options/layout-2.php   | 18 +++++++++---------
 .../shortcodes/shortcodes/video/views/layout-1.php     | 15 +++++++++++----
 .../shortcodes/shortcodes/video/views/layout-2.php     | 17 +++++++++++++----
 3 files changed, 33 insertions(+), 17 deletions(-) 3 files changed, 33 insertions(+), 17 deletions(-)
Not expected branch : refs/heads/thangpd/typography
Fail to update develop of education
Updating 108bee6..09cf2b5
Fast-forward
 .../theme/options/typography.php                   | 36 +++++++++++++++++++++-
 code/theme/includes/implement-options.php          |  8 +++++
 2 files changed, 43 insertions(+), 1 deletion(-) 2 files changed, 43 insertions(+), 1 deletion(-)
Not expected branch : refs/heads/style_tailm
Not expected branch : 
Fail to update develop of education
Not expected branch : refs/heads/style_tailm
Updating 09cf2b5..88a3a26
Fast-forward
 code/theme/static/css/educhain-components.css | 5 -----
 code/theme/style.css                          | 3 +++
 2 files changed, 3 insertions(+), 5 deletions(-) 2 files changed, 3 insertions(+), 5 deletions(-)
Not expected branch : refs/heads/thangpd/login
Not expected branch : refs/heads/thangpd/login
Not expected branch : 
Not expected branch : refs/heads/style_tailm
Not expected branch : 
Updating 88a3a26..ccc6903
Fast-forward
 .../theme/custom-color.php                         |  6 +++
 code/theme/style.css                               | 55 ++++++++++++++++++++--
 2 files changed, 58 insertions(+), 3 deletions(-) 2 files changed, 58 insertions(+), 3 deletions(-)
Not expected branch : refs/heads/style_tailm
Already up-to-date.Already up-to-date.
Not expected branch : refs/heads/fix-box
Not expected branch : refs/heads/style_tailm
Not expected branch : 
Not expected branch : refs/heads/style_tailm
Updating ccc6903..f03d2c7
Fast-forward
 code/theme/framework-customizations/theme/custom-color.php | 3 +++
 code/theme/style.css                                       | 3 ++-
 2 files changed, 5 insertions(+), 1 deletion(-) 2 files changed, 5 insertions(+), 1 deletion(-)
Fail to update develop of education
Not expected branch : refs/heads/style_tailm
Not expected branch : 
Not expected branch : refs/heads/style_tailm
Not expected branch : 
Not expected branch : refs/heads/style_tailm
Not expected branch : 
Not expected branch : refs/heads/style_tailm
Fail to update develop of education
Updating f03d2c7..04c5b5c
Fast-forward
 .../theme/custom-color.php                         |  4 +++
 code/theme/static/css/educhain-woocommerce.css     | 39 ++++++++++++++++++++++
 code/theme/style.css                               |  3 ++
 3 files changed, 46 insertions(+) 3 files changed, 46 insertions(+)
Not expected branch : refs/heads/style_tailm
Not expected branch : 
Not expected branch : refs/heads/thangpd/page404
Not expected branch : 
Not expected branch : refs/heads/style_tailm
Not expected branch : 
Not expected branch : refs/heads/style_tailm
Fail to update develop of education
Updating 04c5b5c..9898de8
Fast-forward
 .../shortcodes/social/static/css/social.css        |  1 +
 .../shortcodes/social/static/css/social.scss       |  2 +-
 .../theme/custom-color.php                         |  6 +++++
 code/theme/static/css/educhain-components.css      |  5 +++++
 code/theme/style.css                               | 26 +++++++++++++++++++++-
 5 files changed, 38 insertions(+), 2 deletions(-) 5 files changed, 38 insertions(+), 2 deletions(-)
Not expected branch : refs/heads/style_tailm
Not expected branch : 
Not expected branch : refs/heads/style_vubd
Not expected branch : 
Fail to update develop of education
Updating 9898de8..f68f8a0
Fast-forward
 code/theme/static/css/responsive.css  | 5 +++++
 code/theme/static/css/responsive.scss | 5 +++++
 2 files changed, 10 insertions(+) 2 files changed, 10 insertions(+)
