Not expected branch : refs/heads/style_tailm
Not expected branch : 
Not expected branch : refs/heads/style_tailm
Fail to update develop of education
Updating e01cdfc..0bc3d80
Fast-forward
 code/theme/framework-customizations/theme/custom-color.php | 6 ++++--
 code/theme/static/css/educhain-woocommerce.css             | 6 ++++--
 2 files changed, 8 insertions(+), 4 deletions(-) 2 files changed, 8 insertions(+), 4 deletions(-)
Not expected branch : refs/heads/style_tailm
Not expected branch : 
Not expected branch : refs/heads/style_tailm
Updating 0bc3d80..70b6d18
Fast-forward
 code/theme/static/css/educhain-woocommerce.css | 3 +++
 1 file changed, 3 insertions(+) 1 file changed, 3 insertions(+)
Not expected branch : refs/heads/style_tailm
Not expected branch : refs/heads/style_tailm
Not expected branch : refs/heads/style_tailm
Not expected branch : 
Not expected branch : refs/heads/style_tailm
Fail to update develop of education
Updating 70b6d18..5c1dbf4
Fast-forward
 .../framework-customizations/theme/custom-color.php      |  3 +++
 code/theme/static/css/educhain-woocommerce.css           | 16 +++++++++++++++-
 2 files changed, 18 insertions(+), 1 deletion(-) 2 files changed, 18 insertions(+), 1 deletion(-)
Not expected branch : refs/heads/style_tailm
Not expected branch : 
Not expected branch : refs/heads/style_tailm
Updating 5c1dbf4..cddc9d5
Fast-forward
 .../theme/custom-color.php                         | 34 +++++++++++-----------
 1 file changed, 17 insertions(+), 17 deletions(-) 1 file changed, 17 insertions(+), 17 deletions(-)
Fail to update develop of education
Not expected branch : refs/heads/style_tailm
Not expected branch : 
Not expected branch : refs/heads/thangpd/settingcourse
Not expected branch : refs/heads/style_tailm
Updating cddc9d5..5195f5d
Fast-forward
 code/theme/framework-customizations/theme/custom-color.php | 2 +-
 1 file changed, 1 insertion(+), 1 deletion(-) 1 file changed, 1 insertion(+), 1 deletion(-)
Fail to update develop of education
Not expected branch : refs/heads/hieutct/fix_course_shortcode
Not expected branch : 
Not expected branch : 
Not expected branch : 
Not expected branch : refs/heads/style_tailm
Not expected branch : 
Not expected branch : refs/heads/style_tailm
Fail to update develop of education
Updating 5195f5d..1d73bce
Fast-forward
 .../framework-customizations/theme/custom-color.php  | 20 ++++++++++----------
 code/theme/static/css/educhain-woocommerce.css       |  2 +-
 2 files changed, 11 insertions(+), 11 deletions(-) 2 files changed, 11 insertions(+), 11 deletions(-)
Not expected branch : refs/heads/style_tailm
Not expected branch : 
Updating 1d73bce..36eafc1
Fast-forward
 .../framework-customizations/theme/custom-color.php    | 18 +++++++++---------
 1 file changed, 9 insertions(+), 9 deletions(-) 1 file changed, 9 insertions(+), 9 deletions(-)
Not expected branch : refs/heads/style_tailm
Fail to update develop of education
Not expected branch : refs/heads/thangpd/settingcourse
Not expected branch : refs/heads/style_tailm
Not expected branch : 
Updating 36eafc1..4e2db30
Fast-forward
 code/theme/static/css/lema-custom.css  | 4 ++++
 code/theme/static/css/lema-custom.scss | 4 ++++
 2 files changed, 8 insertions(+) 2 files changed, 8 insertions(+)
Not expected branch : refs/heads/style_tailm
Fail to update develop of education
Not expected branch : refs/heads/thangpd/settingcourse
Not expected branch : 
Not expected branch : 
Not expected branch : refs/heads/thangpd/typography
Fail to update develop of education
Updating 4e2db30..50f6e41
Fast-forward
 code/theme/framework-customizations/theme/options/typography.php | 8 ++++----
 1 file changed, 4 insertions(+), 4 deletions(-) 1 file changed, 4 insertions(+), 4 deletions(-)
Not expected branch : refs/heads/hieutct/filter_course
Updating 50f6e41..4e5aaaa
Fast-forward
 clone.mysql                                          |  0
 .../shortcodes/slz-shortcode-lema-course-list.php    | 12 ++++++++++++
 code/theme/includes/hooks.php                        | 20 ++++++++++++++++++++
 3 files changed, 32 insertions(+)
 create mode 100644 clone.mysql create mode 100644 clone.mysql
Fail to update develop of education
Not expected branch : refs/heads/hieutct/fix_course_shortcode
Updating 2e55fad..1ce0828
Fast-forward
 shortcodes/course/CourseListShortcode.php | 2 ++
 shortcodes/course/CourseShortcode.php     | 2 +-
 2 files changed, 3 insertions(+), 1 deletion(-) 2 files changed, 3 insertions(+), 1 deletion(-)
Already up-to-date.Already up-to-date.
Not expected branch : refs/heads/thangpd/settingcourse
Updating 4e5aaaa..cf35078
Fast-forward
 .../theme/options/page-header-settings.php         | 35 ++++++++++++++++++++++
 code/theme/includes/implement-options.php          | 27 +++++++++++++++--
 2 files changed, 59 insertions(+), 3 deletions(-) 2 files changed, 59 insertions(+), 3 deletions(-)
Fail to update develop of education
Not expected branch : refs/heads/style_tailm
Not expected branch : 
Not expected branch : refs/heads/style_tailm
Updating cf35078..1bc67c8
Fast-forward
 code/theme/static/css/layout.css  | 12 ++++++++++++
 code/theme/static/css/layout.scss | 20 ++++++++++++++++++++
 2 files changed, 32 insertions(+) 2 files changed, 32 insertions(+)
Fail to update develop of education
Not expected branch : refs/heads/style_tailm
Not expected branch : 
Not expected branch : refs/heads/style_tailm
Updating 1bc67c8..030d07f
Fast-forward
 code/theme/framework-customizations/theme/custom-color.php | 3 +++
 1 file changed, 3 insertions(+) 1 file changed, 3 insertions(+)
Fail to update develop of education
Not expected branch : refs/heads/style_tailm
Not expected branch : 
Updating 030d07f..30cf656
Fast-forward
 code/theme/static/css/layout.css  | 18 +++++++++++++++++-
 code/theme/static/css/layout.scss | 22 +++++++++++++++++++++-
 2 files changed, 38 insertions(+), 2 deletions(-) 2 files changed, 38 insertions(+), 2 deletions(-)
Not expected branch : refs/heads/style_tailm
Fail to update develop of education
Not expected branch : refs/heads/style_tailm
Not expected branch : 
Updating 30cf656..ba02139
Fast-forward
 code/theme/static/css/layout.css  |  2 +-
 code/theme/static/css/layout.scss | 21 ++++++++++++---------
 2 files changed, 13 insertions(+), 10 deletions(-) 2 files changed, 13 insertions(+), 10 deletions(-)
Fail to update develop of education
Not expected branch : refs/heads/style_tailm
Not expected branch : refs/heads/style_tailm
Not expected branch : 
Not expected branch : refs/heads/style_tailm
Fail to update develop of education
Updating ba02139..ee2dc7e
Fast-forward
 code/theme/static/css/layout.css  | 2 +-
 code/theme/static/css/layout.scss | 2 +-
 2 files changed, 2 insertions(+), 2 deletions(-) 2 files changed, 2 insertions(+), 2 deletions(-)
Not expected branch : refs/heads/style_tailm
Not expected branch : 
Not expected branch : refs/heads/style_tailm
Updating ee2dc7e..d35bc5f
Fast-forward
 code/theme/static/css/layout.css  | 2 +-
 code/theme/static/css/layout.scss | 2 +-
 2 files changed, 2 insertions(+), 2 deletions(-) 2 files changed, 2 insertions(+), 2 deletions(-)
Fail to update develop of education
Not expected branch : refs/heads/style_tailm
Not expected branch : refs/heads/style_tailm
Not expected branch : 
Updating d35bc5f..76250bb
Fast-forward
 code/theme/static/css/layout.css  | 13 +++++++++++++
 code/theme/static/css/layout.scss |  7 +++++++
 2 files changed, 20 insertions(+) 2 files changed, 20 insertions(+)
Not expected branch : refs/heads/style_tailm
Fail to update develop of education
Not expected branch : refs/heads/hieutct/add_option_posision_arrow
Not expected branch : refs/heads/hieutct/removeClassBlock
Not expected branch : 
Not expected branch : 
Not expected branch : refs/heads/thangpd/settingcourse
Not expected branch : refs/heads/style_tailm
Not expected branch : 
Not expected branch : refs/heads/style_tailm
Fail to update develop of education
Updating 76250bb..42930ba
Fast-forward
 code/theme/static/css/layout.css  | 8 +-------
 code/theme/static/css/layout.scss | 5 +----
 2 files changed, 2 insertions(+), 11 deletions(-) 2 files changed, 2 insertions(+), 11 deletions(-)
Not expected branch : refs/heads/style_tailm
Not expected branch : 
Not expected branch : refs/heads/style_tailm
Fail to update develop of education
Updating 42930ba..08a07ca
Fast-forward
 code/theme/static/css/layout.css  | 6 ++++++
 code/theme/static/css/layout.scss | 3 +++
 2 files changed, 9 insertions(+) 2 files changed, 9 insertions(+)
Not expected branch : refs/heads/style_tailm
Not expected branch : 
Not expected branch : refs/heads/style_tailm
Updating 08a07ca..949a919
Fast-forward
 .../shortcodes/shortcodes/counterv2/static/css/counterv2.css        | 6 +++++-
 .../shortcodes/shortcodes/counterv2/static/css/counterv2.scss       | 5 +++--
 code/theme/static/css/layout.css                                    | 4 ++--
 code/theme/static/css/layout.scss                                   | 4 ++--
 4 files changed, 12 insertions(+), 7 deletions(-) 4 files changed, 12 insertions(+), 7 deletions(-)
Fail to update develop of education
Not expected branch : refs/heads/hieutct/Counter
Not expected branch : 
Not expected branch : refs/heads/style_tailm
Not expected branch : 
Not expected branch : 
Not expected branch : refs/heads/style_tailm
Updating 949a919..d876c2e
Fast-forward
 .../theme/custom-color.php                         | 52 ++++++++++++++--------
 code/theme/static/css/layout.css                   |  4 +-
 code/theme/static/css/layout.scss                  |  4 +-
 3 files changed, 37 insertions(+), 23 deletions(-) 3 files changed, 37 insertions(+), 23 deletions(-)
Fail to update develop of education
Not expected branch : refs/heads/style_tailm
Not expected branch : 
Fail to update develop of education
Not expected branch : refs/heads/style_tailm
Updating d876c2e..9c428be
Fast-forward
 code/theme/framework-customizations/theme/custom-color.php | 2 +-
 1 file changed, 1 insertion(+), 1 deletion(-) 1 file changed, 1 insertion(+), 1 deletion(-)
Not expected branch : refs/heads/hieutct/Video
Not expected branch : 
Not expected branch : refs/heads/style_tailm
Not expected branch : 
Updating 9c428be..347a858
Fast-forward
 code/theme/framework-customizations/theme/custom-color.php | 13 +++++++++++++
 code/theme/style.css                                       |  2 ++
 2 files changed, 15 insertions(+) 2 files changed, 15 insertions(+)
Fail to update develop of education
Not expected branch : refs/heads/style_tailm
Not expected branch : refs/heads/style_tailm
Not expected branch : 
Not expected branch : refs/heads/style_tailm
Updating 347a858..c12dd20
Fast-forward
 code/theme/framework-customizations/theme/custom-color.php | 2 +-
 1 file changed, 1 insertion(+), 1 deletion(-) 1 file changed, 1 insertion(+), 1 deletion(-)
Fail to update develop of education
Not expected branch : refs/heads/duytn/product-carousel
Not expected branch : 
Not expected branch : refs/heads/style_tailm
Not expected branch : 
Not expected branch : refs/heads/duytn/product-carousel
Fail to update develop of education
Updating c12dd20..6208e6e
Fast-forward
 .../woo-carousel/statics/js/woo-carousel.js        | 34 ++++++++++++++++++++++
 .../shortcodes/woo-carousel/views/layout-1.php     | 23 +++++++++++++++
 2 files changed, 57 insertions(+)
 create mode 100644 code/theme/framework-customizations/extensions/shortcodes/shortcodes/woo-carousel/statics/js/woo-carousel.js
 create mode 100644 code/theme/framework-customizations/extensions/shortcodes/shortcodes/woo-carousel/views/layout-1.php create mode 100644 code/theme/framework-customizations/extensions/shortcodes/shortcodes/woo-carousel/views/layout-1.php
Not expected branch : refs/heads/style_tailm
Updating 6208e6e..68b8253
Fast-forward
 .../shortcodes/shortcodes/main-title/static/css/main-title.css          | 2 +-
 .../shortcodes/shortcodes/main-title/static/css/main-title.scss         | 2 +-
 2 files changed, 2 insertions(+), 2 deletions(-) 2 files changed, 2 insertions(+), 2 deletions(-)
Fail to update develop of education
Not expected branch : refs/heads/style_tailm
Not expected branch : 
Updating 68b8253..ffeda16
Fast-forward
 .../theme/custom-color.php                         |  3 ++
 code/theme/static/css/educhain-woocommerce.css     | 34 ++++++++++++++++++++++
 2 files changed, 37 insertions(+) 2 files changed, 37 insertions(+)
Not expected branch : refs/heads/style_tailm
Fail to update develop of education
Not expected branch : refs/heads/style_tailm
Not expected branch : 
Not expected branch : refs/heads/style_tailm
Updating ffeda16..f59bcd1
Fast-forward
 code/theme/static/css/educhain-woocommerce.css | 11 +++++++++++
 1 file changed, 11 insertions(+) 1 file changed, 11 insertions(+)
Fail to update develop of education
Not expected branch : refs/heads/style_tailm
Not expected branch : refs/heads/style_tailm
Not expected branch : refs/heads/style_tailm
Not expected branch : 
Updating f59bcd1..1cf1748
Fast-forward
 .../extensions/shortcodes/shortcodes/woo-carousel/views/layout-1.php  | 4 +++-
 code/theme/framework-customizations/theme/custom-color.php            | 2 +-
 2 files changed, 4 insertions(+), 2 deletions(-) 2 files changed, 4 insertions(+), 2 deletions(-)
Fail to update develop of education
Not expected branch : refs/heads/style_tailm
Not expected branch : refs/heads/style_tailm
Not expected branch : 
Updating 1cf1748..43db065
Fast-forward
 code/theme/static/css/educhain-woocommerce.css | 8 +++++++-
 1 file changed, 7 insertions(+), 1 deletion(-) 1 file changed, 7 insertions(+), 1 deletion(-)
Not expected branch : refs/heads/style_tailm
Fail to update develop of education
Not expected branch : refs/heads/style_tailm
Not expected branch : 
Not expected branch : refs/heads/style_tailm
Fail to update develop of education
Updating 43db065..8249cb4
Fast-forward
 code/theme/static/css/educhain-woocommerce.css | 6 +++---
 1 file changed, 3 insertions(+), 3 deletions(-) 1 file changed, 3 insertions(+), 3 deletions(-)
Not expected branch : refs/heads/style_tailm
Not expected branch : refs/heads/style_tailm
Not expected branch : 
Not expected branch : refs/heads/style_tailm
Fail to update develop of education
Updating 8249cb4..590aeea
Fast-forward
 .../shortcodes/woo-carousel/statics/js/woo-carousel.js | 18 ++++++++++++++++++
 1 file changed, 18 insertions(+) 1 file changed, 18 insertions(+)
Not expected branch : refs/heads/style_tailm
Not expected branch : 
Not expected branch : refs/heads/style_tailm
Updating 590aeea..d80958d
Fast-forward
 .../shortcodes/shortcodes/woo-carousel/statics/js/woo-carousel.js       | 2 ++
 1 file changed, 2 insertions(+) 1 file changed, 2 insertions(+)
Fail to update develop of education
Not expected branch : refs/heads/hieutct/Counter
Updating d80958d..625f447
Fast-forward
 .../shortcodes/shortcodes/counterv2/config.php          |  1 +
 .../shortcodes/shortcodes/counterv2/vc_options.php      | 17 ++++++++++++++---
 .../shortcodes/shortcodes/counterv2/views/layout-1.php  |  7 ++++++-
 3 files changed, 21 insertions(+), 4 deletions(-) 3 files changed, 21 insertions(+), 4 deletions(-)
Fail to update develop of education
Not expected branch : refs/heads/hieutct/add_option_posision_arrow
Fail to update develop of education
Updating 625f447..ddde798
Fast-forward
 .../extensions/lema/includes/SLZ_Lema_Shortcode.php | 21 +++++++++++++++++++--
 .../shortcodes/slz-shortcode-lema-course-list.php   | 11 +++++++++--
 2 files changed, 28 insertions(+), 4 deletions(-) 2 files changed, 28 insertions(+), 4 deletions(-)
Updating 1ce0828..8d195ad
Fast-forward
 shortcodes/course/CourseListShortcode.php | 2 +-
 1 file changed, 1 insertion(+), 1 deletion(-) 1 file changed, 1 insertion(+), 1 deletion(-)
Already up-to-date.Already up-to-date.
Not expected branch : refs/heads/hieutct/removeClassBlock
Not expected branch : refs/heads/style_tailm
Not expected branch : 
Not expected branch : refs/heads/style_tailm
Updating ddde798..25efde3
Fast-forward
 code/theme/static/css/educhain-woocommerce.css | 4 +++-
 1 file changed, 3 insertions(+), 1 deletion(-) 1 file changed, 3 insertions(+), 1 deletion(-)
Fail to update develop of education
Not expected branch : refs/heads/style_tailm
Not expected branch : refs/heads/style_tailm
Not expected branch : 
Not expected branch : refs/heads/style_tailm
Updating 25efde3..5faf5b1
Fast-forward
 code/theme/static/css/lema-custom.css  | 14 ++++++++++++++
 code/theme/static/css/lema-custom.scss | 11 +++++++++++
 2 files changed, 25 insertions(+) 2 files changed, 25 insertions(+)
Fail to update develop of education
Not expected branch : refs/heads/style_tailm
Not expected branch : refs/heads/style_tailm
Not expected branch : refs/heads/style_tailm
Not expected branch : 
Not expected branch : refs/heads/style_tailm
Fail to update develop of education
Updating 5faf5b1..116e132
Fast-forward
 .../extensions/lema/shortcodes/slz-shortcode-lema-course-list.php       | 2 +-
 code/theme/static/css/lema-custom.css                                   | 2 +-
 code/theme/static/css/lema-custom.scss                                  | 2 +-
 3 files changed, 3 insertions(+), 3 deletions(-) 3 files changed, 3 insertions(+), 3 deletions(-)
Not expected branch : refs/heads/style_tailm
Not expected branch : 
Not expected branch : refs/heads/style_tailm
Updating 116e132..f5b13eb
Fast-forward
 code/theme/static/css/lema-custom.css  | 4 ++--
 code/theme/static/css/lema-custom.scss | 4 ++--
 2 files changed, 4 insertions(+), 4 deletions(-) 2 files changed, 4 insertions(+), 4 deletions(-)
Fail to update develop of education
Not expected branch : refs/heads/style_tailm
Not expected branch : 
Updating f5b13eb..57f532e
Fast-forward
 .../extensions/shortcodes/shortcodes/counterv2/config.php           | 3 ++-
 .../extensions/shortcodes/shortcodes/counterv2/views/layout-1.php   | 6 ++++++
 2 files changed, 8 insertions(+), 1 deletion(-) 2 files changed, 8 insertions(+), 1 deletion(-)
Fail to update develop of education
Not expected branch : refs/heads/style_tailm
Not expected branch : refs/heads/style_tailm
Not expected branch : 
Not expected branch : refs/heads/style_tailm
Updating 57f532e..1593e26
Fast-forward
 .../extensions/shortcodes/shortcodes/counterv2/vc_options.php | 11 +++++++++++
 1 file changed, 11 insertions(+) 1 file changed, 11 insertions(+)
Fail to update develop of education
Not expected branch : refs/heads/duytn/typewriter
Not expected branch : 
Not expected branch : 
Fail to update develop of solazu-core
Not expected branch : refs/heads/duytn/typewriter
Updating fbee2cb..ee707e1
Fast-forward
 .../shortcodes/shortcodes/typewriter/static.php    |   6 +-
 .../typewriter/statics/js/slz-typewriter.js        |   2 +-
 .../shortcodes/typewriter/statics/js/typed.js      | 518 ---------------------
 .../shortcodes/typewriter/statics/js/typed.min.js  |  11 +
 .../shortcodes/typewriter/vc_options.php           |   8 +-
 solazu-unyson/framework/static/js/slz.js           |   1 -
 6 files changed, 19 insertions(+), 527 deletions(-)
 delete mode 100644 solazu-unyson/framework/extensions/shortcodes/shortcodes/typewriter/statics/js/typed.js
 create mode 100644 solazu-unyson/framework/extensions/shortcodes/shortcodes/typewriter/statics/js/typed.min.js create mode 100644 solazu-unyson/framework/extensions/shortcodes/shortcodes/typewriter/statics/js/typed.min.js
Not expected branch : refs/heads/style_tailm
Not expected branch : 
Updating 1593e26..4bd66fc
Fast-forward
 code/theme/static/css/layout.css  | 6 ++++++
 code/theme/static/css/layout.scss | 3 +++
 2 files changed, 9 insertions(+) 2 files changed, 9 insertions(+)
Fail to update develop of education
Not expected branch : refs/heads/style_tailm
Not expected branch : refs/heads/style_tailm
Not expected branch : 
Not expected branch : refs/heads/style_tailm
Updating 4bd66fc..351550b
Fast-forward
 code/theme/framework-customizations/theme/custom-color.php | 3 +++
 code/theme/style.css                                       | 1 +
 2 files changed, 4 insertions(+) 2 files changed, 4 insertions(+)
Fail to update develop of education
Not expected branch : refs/heads/style_tailm
Not expected branch : 
Not expected branch : refs/heads/style_tailm
Fail to update develop of education
Updating 351550b..8c8eec3
Fast-forward
 code/theme/style.css | 11 +++++++++++
 1 file changed, 11 insertions(+) 1 file changed, 11 insertions(+)
