Not expected branch : refs/heads/educhain_vubd
Not expected branch : refs/heads/luctc
Not expected branch : refs/heads/luctc
Not expected branch : refs/heads/tailm_fix
Not expected branch : refs/heads/tailm_fix
Not expected branch : refs/heads/tailm_fix
Not expected branch : refs/heads/luctc
Not expected branch : refs/heads/tailm_theme
Not expected branch : 
Fail to update develop of education
Updating 84df4d4..bb1f395
Fast-forward
 code/theme/archive.php                             |   2 +-
 code/theme/author.php                              |   2 +-
 code/theme/category.php                            |   2 +-
 .../testimonial/static/css/testimonial.css         | 112 ++++++++++-----------
 .../testimonial/static/css/testimonial.scss        |   4 +-
 code/theme/index.php                               |   2 +-
 code/theme/search.php                              |   2 +-
 code/theme/tag.php                                 |   2 +-
 8 files changed, 64 insertions(+), 64 deletions(-) 8 files changed, 64 insertions(+), 64 deletions(-)
Updating bb1f395..a869a42
Fast-forward
 .../testimonial/static/css/testimonial.css         | 108 ++++++++++-----------
 1 file changed, 54 insertions(+), 54 deletions(-) 1 file changed, 54 insertions(+), 54 deletions(-)
Not expected branch : refs/heads/thangpd/SCstyle
Not expected branch : 
Not expected branch : refs/heads/thangpd/SCstyle
Fail to update develop of education
Updating a869a42..a9c5714
Fast-forward
 .../extensions/shortcodes/shortcodes/count-down/vc_options.php           | 1 +
 1 file changed, 1 insertion(+) 1 file changed, 1 insertion(+)
Not expected branch : refs/heads/thangpd/ajaxpage
Updating 693f367..4194a50
Fast-forward
 core/components/ControllerManager.php | 8 +++++++-
 core/components/Page.php              | 2 +-
 models/CourseModel.php                | 9 +++++++--
 3 files changed, 15 insertions(+), 4 deletions(-) 3 files changed, 15 insertions(+), 4 deletions(-)
Not expected branch : refs/heads/hieutct/update
Not expected branch : 
Not expected branch : refs/heads/thanh-counter
Not expected branch : refs/heads/thanh-counter
Not expected branch : 
Fail to update develop of education
Updating a9c5714..7a77955
Fast-forward
 .../count-down/static/css/count-down.css           | 88 +++++++++++++++++++++-
 .../count-down/static/css/count-down.scss          | 84 ++++++++++++++++++++-
 2 files changed, 168 insertions(+), 4 deletions(-) 2 files changed, 168 insertions(+), 4 deletions(-)
Not expected branch : refs/heads/thangpd/SCstyle
Not expected branch : 
Not expected branch : refs/heads/thangpd/SCstyle
Not expected branch : 
Not expected branch : refs/heads/thangpd/SCstyle
Not expected branch : 
Not expected branch : 
Not expected branch : refs/heads/thangpd/SCstyle
Not expected branch : refs/heads/thangpd/SCstyle
Not expected branch : 
Not expected branch : refs/heads/thangpd/social
Not expected branch : 
Not expected branch : refs/heads/html_tab
Not expected branch : refs/heads/thangpd/SCstyle
Updating 7a77955..8711af1
Fast-forward
 .../gallery/shortcodes/gallery-carousel/config.php |  1 +
 .../gallery-carousel/options/layout-6.php          | 22 ++++++-
 .../shortcodes/gallery-carousel/views/layout-6.php | 73 +++++++++++++---------
 3 files changed, 64 insertions(+), 32 deletions(-) 3 files changed, 64 insertions(+), 32 deletions(-)
Fail to update develop of education
Not expected branch : refs/heads/luctc
Not expected branch : refs/heads/luctc
Not expected branch : 
Not expected branch : 
Updating 8711af1..2900b44
Fast-forward
 code/theme/static/css/layout.css  | 32 +++++++++++++-------------------
 code/theme/static/css/layout.scss | 23 ++++++++---------------
 2 files changed, 21 insertions(+), 34 deletions(-) 2 files changed, 21 insertions(+), 34 deletions(-)
Updating 267a407..b06863e
Fast-forward
 .../gallery/includes/class-slz-gallery.php         | 35 +++++++++++++++++++---
 1 file changed, 31 insertions(+), 4 deletions(-) 1 file changed, 31 insertions(+), 4 deletions(-)
Already up-to-date.Already up-to-date.
Not expected branch : refs/heads/luctc
Not expected branch : 
Fail to update develop of education
Updating 2900b44..2e9147d
Fast-forward
 .../gallery/shortcodes/gallery-carousel/config.php |   3 +-
 .../gallery-carousel/options/layout-6.php          |  16 +-
 .../static/css/gallery-carousel.css                |  14 +-
 .../static/css/gallery-carousel.scss               |   2 +-
 .../gallery-carousel/static/js/gallery-carousel.js | 190 ++++++++++-----------
 .../shortcodes/gallery-carousel/views/layout-6.php |  84 +++++----
 code/theme/static/css/educhain-components.css      |  23 +++
 code/theme/static/css/educhain-components.scss     |  22 +++
 8 files changed, 208 insertions(+), 146 deletions(-) 8 files changed, 208 insertions(+), 146 deletions(-)
Not expected branch : refs/heads/html_tab
Updating d86fdf7..5ff3f69
Fast-forward
 includes/classes/front/views/coursedetail/view.php | 2 +-
 1 file changed, 1 insertion(+), 1 deletion(-) 1 file changed, 1 insertion(+), 1 deletion(-)
Updating 5ff3f69..33fdbf5
Fast-forward
 includes/classes/front/views/coursedetail/view.php | 4 ++--
 1 file changed, 2 insertions(+), 2 deletions(-) 1 file changed, 2 insertions(+), 2 deletions(-)
Updating 33fdbf5..d9c9e6b
Fast-forward
 includes/classes/front/views/coursedetail/view.php | 2 +-
 1 file changed, 1 insertion(+), 1 deletion(-) 1 file changed, 1 insertion(+), 1 deletion(-)
Updating 2e9147d..fcd9640
Fast-forward
 code/theme/static/css/layout.css  | 3 +++
 code/theme/static/css/layout.scss | 3 +++
 2 files changed, 6 insertions(+) 2 files changed, 6 insertions(+)
Not expected branch : refs/heads/tailm_theme
Not expected branch : 
Not expected branch : refs/heads/tailm_theme
Not expected branch : 
Not expected branch : refs/heads/tailm_theme
Not expected branch : 
Fail to update develop of education
Updating fcd9640..6a3518a
Fast-forward
 .../class-slz-shortcode-course-collection.php      |   8 +-
 .../lema/shortcodes/course-collection/config.php   |   2 +-
 .../course-collection/options/layout-1.php         |  12 +++
 .../static/css/course-collection.scss              | 100 +++++++++++++++++++++
 .../course-collection/views/layout-1.php           |  52 ++++++++++-
 .../service-block/static/css/service-block.scss    |   3 +
 .../shortcodes/contact/static/css/contact.scss     |   5 +-
 7 files changed, 173 insertions(+), 9 deletions(-) 7 files changed, 173 insertions(+), 9 deletions(-)
Not expected branch : refs/heads/tailm_theme
Updating 6a3518a..b9eab02
Fast-forward
 .../static/css/course-collection.css               | 86 ++++++++++++++++++++++
 .../service-block/static/css/service-block.css     |  4 +
 .../shortcodes/contact/static/css/contact.css      |  1 -
 3 files changed, 90 insertions(+), 1 deletion(-) 3 files changed, 90 insertions(+), 1 deletion(-)
Updating d9c9e6b..93d0d10
Fast-forward
 includes/classes/front/views/single.php | 7 ++++---
 1 file changed, 4 insertions(+), 3 deletions(-) 1 file changed, 4 insertions(+), 3 deletions(-)
Not expected branch : refs/heads/duytn/fix-cat-list
Not expected branch : 
Fail to update develop of education
Not expected branch : refs/heads/duytn/fix-cat-list
Updating b9eab02..d03dd6c
Fast-forward
 .../shortcodes/slz-shortcode-lema-category-list.php  | 20 +++++---------------
 1 file changed, 5 insertions(+), 15 deletions(-) 1 file changed, 5 insertions(+), 15 deletions(-)
Not expected branch : refs/heads/html_tab
Not expected branch : refs/heads/tailm_theme
Not expected branch : refs/heads/educhain_vubd
Not expected branch : 
Fail to update develop of education
Updating d03dd6c..8b54c17
Fast-forward
 .../course-collection/static/css/course-collection.scss      | 12 +++++++-----
 .../shortcodes/service-block/static/css/service-block.scss   |  8 +++++---
 2 files changed, 12 insertions(+), 8 deletions(-) 2 files changed, 12 insertions(+), 8 deletions(-)
Updating 8b54c17..a7bfb67
Fast-forward
 .../course-collection/static/css/course-collection.css         |  2 +-
 .../shortcodes/service-block/static/css/service-block.css      | 10 ++++++----
 2 files changed, 7 insertions(+), 5 deletions(-) 2 files changed, 7 insertions(+), 5 deletions(-)
Not expected branch : refs/heads/longphb
Not expected branch : 
Not expected branch : 
Not expected branch : 
Updating 93d0d10..94a0b4e
Fast-forward
 assets/styles/lema-uni.css                         | 44 ++++++++++++
 includes/classes/front/views/coursedetail/view.php | 79 +++++++++++-----------
 includes/classes/front/views/single.php            | 11 +--
 3 files changed, 91 insertions(+), 43 deletions(-) 3 files changed, 91 insertions(+), 43 deletions(-)
Not expected branch : refs/heads/longphb
Fail to update develop of lema-university
Updating a7bfb67..3c1b747
Fast-forward
 code/theme/framework-customizations/theme/custom-color.php | 2 +-
 1 file changed, 1 insertion(+), 1 deletion(-) 1 file changed, 1 insertion(+), 1 deletion(-)
Not expected branch : refs/heads/educhain_vubd
Not expected branch : refs/heads/duytn/fix-lema-search
Not expected branch : refs/heads/duytn/fix-lema-search
Not expected branch : 
Not expected branch : 
Not expected branch : refs/heads/educhain_vubd
Not expected branch : refs/heads/educhain_vubd
Not expected branch : 
Fail to update develop of education
Updating 3c1b747..640b32c
Fast-forward
 .../posts-block/static/css/_posts-block.scss       |   6 +-
 .../theme/custom-color.php                         |   2 +-
 code/theme/static/css/educhain-components.css      | 217 +++++++++++----------
 code/theme/static/css/lema-custom.css              | 132 ++++++-------
 code/theme/static/css/lema-custom.scss             |  10 +-
 5 files changed, 187 insertions(+), 180 deletions(-) 5 files changed, 187 insertions(+), 180 deletions(-)
Not expected branch : refs/heads/duytn/fix-lema-search
Updating 640b32c..ee7f69d
Fast-forward
 .../extensions/lema/shortcodes/views/search-box/view.php                | 2 +-
 1 file changed, 1 insertion(+), 1 deletion(-) 1 file changed, 1 insertion(+), 1 deletion(-)
Fail to update develop of education
Updating 94a0b4e..a48a6f7
Fast-forward
 assets/styles/lema-uni.css | 8 +++++++-
 1 file changed, 7 insertions(+), 1 deletion(-) 1 file changed, 7 insertions(+), 1 deletion(-)
Not expected branch : refs/heads/duytn/fix-lema-search
Not expected branch : 
Updating ee7f69d..5552b11
Fast-forward
 code/theme/static/css/educhain-components.css | 208 +++++++++++++-------------
 code/theme/static/css/lema-custom.css         | 116 +++++++-------
 2 files changed, 162 insertions(+), 162 deletions(-) 2 files changed, 162 insertions(+), 162 deletions(-)
Not expected branch : refs/heads/duytn/fix-lema-search
Fail to update develop of learn-master
Updating 4194a50..07617e1
Fast-forward
 .../search/assets/scripts/lema-search-box.js       | 80 ++++++++++++----------
 shortcodes/search/views/search-box.php             |  2 +-
 2 files changed, 46 insertions(+), 36 deletions(-) 2 files changed, 46 insertions(+), 36 deletions(-)
Updating 5552b11..86983eb
Fast-forward
 code/theme/framework-customizations/theme/custom-color.php | 3 ++-
 1 file changed, 2 insertions(+), 1 deletion(-) 1 file changed, 2 insertions(+), 1 deletion(-)
Not expected branch : refs/heads/hietct/fix_cat
Not expected branch : refs/heads/hieutct/fix_Cat
Not expected branch : 
Not expected branch : 
Not expected branch : 
Not expected branch : refs/heads/duytn/page-title
Not expected branch : refs/heads/hieutct/fix_Cat
Fail to update develop of learn-master
Updating 07617e1..38e6e5f
Fast-forward
 front/views/instructor/profile/tab_list.php       | 9 +++++++++
 shortcodes/categorylist/CategoryListShortcode.php | 2 +-
 2 files changed, 10 insertions(+), 1 deletion(-)
 create mode 100644 front/views/instructor/profile/tab_list.php create mode 100644 front/views/instructor/profile/tab_list.php
Not expected branch : refs/heads/hietct/fix_cat
Fail to update develop of education
Updating 86983eb..8a60fbe
Fast-forward
 .../extensions/lema/shortcodes/views/lema_category_list/la-india.php | 5 +++--
 1 file changed, 3 insertions(+), 2 deletions(-) 1 file changed, 3 insertions(+), 2 deletions(-)
Not expected branch : refs/heads/tailm_theme
Not expected branch : 
Updating 8a60fbe..ea9dec0
Fast-forward
 .../class-slz-shortcode-course-collection.php          |  4 ++--
 .../lema/shortcodes/course-collection/config.php       |  1 +
 .../shortcodes/course-collection/views/layout-1.php    | 18 ------------------
 3 files changed, 3 insertions(+), 20 deletions(-) 3 files changed, 3 insertions(+), 20 deletions(-)
Fail to update develop of education
Not expected branch : refs/heads/nhan/timeline
Not expected branch : 
Fail to update develop of education
Updating ea9dec0..1b814b5
Fast-forward
 .../static/css/gallery-carousel.css                |    8 +-
 .../shortcodes/instagram/static/css/instagram.css  |    2 +-
 .../static/css/course-collection.css               |    8 +-
 .../featured-course/static/css/featured-course.css |    2 +-
 .../statics/css/content-carousel.css               |    2 +-
 .../shortcodes/icons-block/options/layout-2.php    |    3 +
 .../icons-block/static/css/_icon-block.scss        | 2941 ++++++++++----------
 .../posts-carousel/static/css/posts-carousel.css   |    2 +-
 .../pricing-box/static/css/pricing-box.css         |    2 +-
 .../shortcodes/timeline/static/css/timeline.css    |   81 +-
 .../shortcodes/timeline/static/css/timeline.scss   | 1134 ++++----
 .../shortcodes/timeline/static/js/timeline.js      |  118 +-
 .../shortcodes/timeline/views/layout-2.php         |   32 +-
 .../shortcodes/video/static/css/_video.scss        |  172 +-
 .../team-block/static/css/team-block.css           |    4 +-
 .../extensions/widgets/static/css/widgets.css      |    2 +-
 code/theme/library.scss                            |  310 +--
 code/theme/static/css/educhain-components.css      |  351 ++-
 code/theme/static/css/educhain-forum.css           |    2 +-
 code/theme/static/css/layout.css                   |    6 +-
 code/theme/static/css/lema-custom.css              |    6 +-
 21 files changed, 2975 insertions(+), 2213 deletions(-) 21 files changed, 2975 insertions(+), 2213 deletions(-)
Updating 1b814b5..1a1efd0
Fast-forward
 .gitignore                   |    1 +
 code/theme/package-lock.json | 2429 ------------------------------------------
 2 files changed, 1 insertion(+), 2429 deletions(-)
 delete mode 100644 code/theme/package-lock.json delete mode 100644 code/theme/package-lock.json
Updating 1a1efd0..905baea
Fast-forward
 code/theme/library.scss | 273 ++++++++++++++++++++++++------------------------
 1 file changed, 135 insertions(+), 138 deletions(-) 1 file changed, 135 insertions(+), 138 deletions(-)
Not expected branch : refs/heads/educhain_vubd
