Updating 67728a8..ff0eff2
Fast-forward
 code/theme/includes/hooks.php              |  6 +++---
 code/theme/includes/static.php             |  1 +
 code/theme/setup/steps/active-plugin.php   | 10 ++++++++++
 code/theme/setup/steps/select-template.php |  2 +-
 4 files changed, 15 insertions(+), 4 deletions(-) 4 files changed, 15 insertions(+), 4 deletions(-)
Not expected branch : refs/heads/hieutct/maintitle
Not expected branch : 
Not expected branch : refs/heads/hieutct/maintitle
Not expected branch : 
Updating 948aac6..2ae0c31
Fast-forward
 core/components/Session.php               |  3 ---
 learnmaster.php                           | 11 ++++++++---
 shortcodes/course/CourseListShortcode.php |  4 ++++
 shortcodes/course/views/course-list.php   |  3 +++
 4 files changed, 15 insertions(+), 6 deletions(-) 4 files changed, 15 insertions(+), 6 deletions(-)
Not expected branch : refs/heads/searchbox
Not expected branch : 
Not expected branch : refs/heads/searchbox
Not expected branch : 
Not expected branch : refs/heads/thanh/contact-form
Not expected branch : refs/heads/searchbox
Not expected branch : 
Not expected branch : refs/heads/thangpd/searchbox
Not expected branch : 
Not expected branch : refs/heads/thangpd/searchbox
Not expected branch : 
Updating ff0eff2..8c95a3f
Fast-forward
 code/theme/plugins/learnmaster.zip                 | Bin 6238983 -> 6239747 bytes
 code/theme/setup/class-educhain-setup.php          |  95 +++++++++---
 .../setup/data-master/views/import_attachments.php |  76 ----------
 .../theme/setup/data-master/views/import_pages.php | 164 ---------------------
 code/theme/setup/layout.php                        |   4 +-
 code/theme/setup/static/css/setup-wizard.css       | 101 +++++++++++++
 .../static/js/learnmaster-setup-active-plugin.js   |  39 +++++
 .../static/js/learnmaster-setup-generate-demo.js   |  40 +++++
 .../js/learnmaster-setup-import-attachment.js      |  59 ++++++++
 .../static/js/learnmaster-setup-import-page.js     |  74 ++++++++++
 code/theme/setup/static/js/learnmaster-step-5.js   |   2 +-
 code/theme/setup/steps/active-plugin.php           |  56 ++-----
 code/theme/setup/steps/generate-demo.php           |  46 +-----
 13 files changed, 400 insertions(+), 356 deletions(-)
 create mode 100644 code/theme/setup/static/js/learnmaster-setup-active-plugin.js
 create mode 100644 code/theme/setup/static/js/learnmaster-setup-generate-demo.js
 create mode 100644 code/theme/setup/static/js/learnmaster-setup-import-attachment.js
 create mode 100644 code/theme/setup/static/js/learnmaster-setup-import-page.js create mode 100644 code/theme/setup/static/js/learnmaster-setup-import-page.js
Not expected branch : refs/heads/thangpd/searchbox
Not expected branch : 
Not expected branch : refs/heads/hieutct/setup
Not expected branch : refs/heads/duytn/fix-menu
Not expected branch : 
Not expected branch : 
Updating 8c95a3f..0017dea
Fast-forward
 code/theme/static/js/default.js | 8 ++++++++
 code/theme/static/js/main.js    | 8 ++++++++
 2 files changed, 16 insertions(+) 2 files changed, 16 insertions(+)
Not expected branch : refs/heads/thangpd/searchbox
Not expected branch : 
Updating 0017dea..5e6a50c
Fast-forward
 code/theme/includes/hooks.php | 41 +++++++++++++++++++++++++++++++++++++++++
 1 file changed, 41 insertions(+) 1 file changed, 41 insertions(+)
Not expected branch : refs/heads/duytn/fix-menu
Already up-to-date.Already up-to-date.
Not expected branch : refs/heads/thangpd/searchbox
Updating 5e6a50c..76e4748
Fast-forward
 .../extensions/lema/shortcodes/slz-shortcode-lema-category-list.php   | 2 +-
 .../extensions/lema/shortcodes/slz-shortcode-lema-course-category.php | 2 +-
 .../lema/shortcodes/slz-shortcode-lema-course-list-best-selling.php   | 2 +-
 .../lema/shortcodes/slz-shortcode-lema-course-list-filtered.php       | 2 +-
 .../extensions/lema/shortcodes/slz-shortcode-lema-course-list.php     | 2 +-
 .../extensions/lema/shortcodes/slz-shortcode-lema-course.php          | 2 +-
 .../extensions/lema/shortcodes/slz-shortcode-lema-price.php           | 2 +-
 .../extensions/lema/shortcodes/slz-shortcode-lema-search-box.php      | 4 +++-
 .../theme/framework-customizations/theme/options/general-settings.php | 2 +-
 9 files changed, 11 insertions(+), 9 deletions(-) 9 files changed, 11 insertions(+), 9 deletions(-)
Fail to update develop of education
Not expected branch : refs/heads/hieutct/maintitle
Updating 76e4748..d511943
Fast-forward
 .../extensions/shortcodes/shortcodes/main-title/options/layout-1.php   | 3 ++-
 1 file changed, 2 insertions(+), 1 deletion(-) 1 file changed, 2 insertions(+), 1 deletion(-)
Already up-to-date.Already up-to-date.
Not expected branch : refs/heads/header
Fail to update develop of education
Updating d511943..48fa758
Fast-forward
 .../headers/headers/header-09/options.php          |  38 ++++++
 .../headers/headers/header-09/views/view.php       | 152 ++++++++++++---------
 .../framework-customizations/theme/config.php      |   1 -
 3 files changed, 128 insertions(+), 63 deletions(-) 3 files changed, 128 insertions(+), 63 deletions(-)
Not expected branch : refs/heads/hieutct/setup
Not expected branch : 
Not expected branch : refs/heads/luctc
Not expected branch : 
Not expected branch : 
Not expected branch : refs/heads/hieutct/addStyle
Not expected branch : refs/heads/duytn/icon-missing
Not expected branch : 
Not expected branch : refs/heads/luctc
Not expected branch : 
Fail to update develop of education
Updating 48fa758..1766cc1
Fast-forward
 code/theme/404.php                                 |  2 +-
 .../theme/custom-color.php                         |  5 +++-
 .../theme/options/page-404-settings.php            |  4 ++++
 code/theme/includes/helpers.php                    |  5 ++++
 code/theme/style.css                               | 27 +++++++++++++++++++++-
 5 files changed, 40 insertions(+), 3 deletions(-) 5 files changed, 40 insertions(+), 3 deletions(-)
Not expected branch : refs/heads/luctc
Not expected branch : refs/heads/luctc
Updating 1766cc1..bb423ac
Fast-forward
 .../extensions/events/static/js/events.js          |  7 +++
 .../extensions/events/views/single.php             |  7 ---
 .../faq/widgets/faq-category/views/admin.php       |  6 +-
 .../header-09/views/login_register_modal.php       | 62 -------------------
 .../headers/headers/header-09/views/view.php       |  3 +-
 .../extensions/lema/hooks.php                      |  6 +-
 .../extensions/lema/static.php                     |  3 +-
 .../extensions/lema/statics/js/lema-educhain.js    |  6 ++
 .../widgets/button/class-slz-widget-button.php     | 14 +++--
 .../widgets/widgets/category/views/admin.php       |  6 +-
 .../widgets/partner/class-slz-widget-partner.php   | 11 ++--
 .../theme/includes/class-tgm-plugin-activation.php | 20 ++++--
 code/theme/includes/hooks.php                      | 17 ++++-
 code/theme/page-templates/login-page.php           | 72 +---------------------
 code/theme/static/js/login.js                      | 61 ++++++++++++++++++
 15 files changed, 129 insertions(+), 172 deletions(-)
 create mode 100644 code/theme/framework-customizations/extensions/lema/statics/js/lema-educhain.js
 create mode 100644 code/theme/static/js/login.js create mode 100644 code/theme/static/js/login.js
Not expected branch : refs/heads/hieutct/addStyle
Not expected branch : refs/heads/duytn/gradient-line
Not expected branch : 
Not expected branch : refs/heads/hieutct/addStyle
Updating bb423ac..36a71bb
Fast-forward
 code/theme/static/css/layout.css  | 25 ++++++++++++++++++-------
 code/theme/static/css/layout.scss | 25 ++++++++++++++++++-------
 2 files changed, 36 insertions(+), 14 deletions(-) 2 files changed, 36 insertions(+), 14 deletions(-)
Updating 36a71bb..7d587c9
Fast-forward
 code/theme/page-templates/login-page.php  | 46 ++++++++++++++++++++++++++++---
 code/theme/setup/class-educhain-setup.php |  4 +--
 2 files changed, 44 insertions(+), 6 deletions(-) 2 files changed, 44 insertions(+), 6 deletions(-)
Not expected branch : refs/heads/luctc
Not expected branch : 
Updating 2ae0c31..ae93978
Fast-forward
 core/components/PluginManager.php   |   3 +-
 core/components/Session.php         |   7 +
 extensions/cache/CacheExtension.php | 280 ++++++++++++++++++++++++++++++++++++
 learnmaster.php                     |   6 -
 4 files changed, 289 insertions(+), 7 deletions(-)
 create mode 100644 extensions/cache/CacheExtension.php create mode 100644 extensions/cache/CacheExtension.php
Not expected branch : 
Not expected branch : refs/heads/luctc
Not expected branch : 
Updating 7d587c9..00b2988
Fast-forward
 .../theme/custom-color.php                         |  15 ++-
 code/theme/static/css/lema-custom.css              | 104 ++++++++++------
 code/theme/static/css/lema-custom.scss             | 138 +++++++++++++--------
 3 files changed, 165 insertions(+), 92 deletions(-) 3 files changed, 165 insertions(+), 92 deletions(-)
Fail to update develop of education
Not expected branch : refs/heads/hieutct/addStyle
Not expected branch : refs/heads/luctc
Updating ae93978..57538a2
Fast-forward
 extensions/cache/CacheExtension.php | 2 +-
 1 file changed, 1 insertion(+), 1 deletion(-) 1 file changed, 1 insertion(+), 1 deletion(-)
Updating 00b2988..8675ae6
Fast-forward
 code/theme/static/js/theme-course-setting.js | 4 ----
 1 file changed, 4 deletions(-) 1 file changed, 4 deletions(-)
Updating 8675ae6..bed1265
Fast-forward
 code/theme/static/js/theme-course-setting.js | 4 ++--
 1 file changed, 2 insertions(+), 2 deletions(-) 1 file changed, 2 insertions(+), 2 deletions(-)
Updating bed1265..5947a90
Fast-forward
 code/theme/static/js/theme-course-setting.js | 4 ++--
 1 file changed, 2 insertions(+), 2 deletions(-) 1 file changed, 2 insertions(+), 2 deletions(-)
Updating 57538a2..17cd9e2
Fast-forward
 extensions/cache/CacheExtension.php | 18 +++++++++++++++++-
 1 file changed, 17 insertions(+), 1 deletion(-) 1 file changed, 17 insertions(+), 1 deletion(-)
Updating 17cd9e2..d95f31f
Fast-forward
 extensions/cache/CacheExtension.php | 8 ++++++--
 1 file changed, 6 insertions(+), 2 deletions(-) 1 file changed, 6 insertions(+), 2 deletions(-)
Not expected branch : 
Not expected branch : 
Not expected branch : refs/heads/hieutct/addStyle
Not expected branch : 
Not expected branch : refs/heads/duytn/fix-addition-style
Not expected branch : 
Updating 5947a90..2cb84fd
Fast-forward
 code/theme/framework-customizations/theme/options/custom-styles.php | 6 +++++-
 1 file changed, 5 insertions(+), 1 deletion(-) 1 file changed, 5 insertions(+), 1 deletion(-)
Not expected branch : refs/heads/duytn/fix-addition-style
Fail to update develop of education
Updating 2cb84fd..c067378
Fast-forward
 .../headers/headers/header-09/options.php          | 80 ++++++++++++----------
 .../headers/headers/header-09/views/view.php       | 66 +++++++++++-------
 2 files changed, 85 insertions(+), 61 deletions(-) 2 files changed, 85 insertions(+), 61 deletions(-)
Not expected branch : refs/heads/duytn/gradient-line
Fail to update develop of education
Not expected branch : refs/heads/duytn/icon-missing
Updating c067378..6570df0
Fast-forward
 code/theme/includes/static.php | 11 ++++++-----
 1 file changed, 6 insertions(+), 5 deletions(-) 1 file changed, 6 insertions(+), 5 deletions(-)
Fail to update develop of education
Not expected branch : refs/heads/hieutct/addStyle
Not expected branch : 
Not expected branch : refs/heads/hieutct/setup
Not expected branch : 
Updating 6570df0..7dc176d
Fast-forward
 code/theme/library.scss               | 18 +++++--
 code/theme/static/css/layout.css      | 90 +++++++++++++++++++++++++++++++++--
 code/theme/static/css/layout.scss     | 62 +++++++++++++++++++++++-
 code/theme/static/js/educhain-main.js | 10 ++--
 4 files changed, 168 insertions(+), 12 deletions(-) 4 files changed, 168 insertions(+), 12 deletions(-)
Not expected branch : refs/heads/luctc
Not expected branch : 
Updating 7dc176d..2f633f5
Fast-forward
 .../testimonials/shortcodes/testimonial/config.php |   2 +-
 .../shortcodes/testimonial/options/layout-2.php    |   1 +
 .../testimonial/static/css/testimonial.css         | 131 +++++++++++++++------
 .../testimonial/static/css/testimonial.scss        | 130 ++++++++++++++------
 .../shortcodes/testimonial/views/layout-2.php      |  20 ++++
 code/theme/static/css/lema-custom.css              |   3 +
 code/theme/static/css/lema-custom.scss             |   3 +
 7 files changed, 219 insertions(+), 71 deletions(-) 7 files changed, 219 insertions(+), 71 deletions(-)
Fail to update develop of education
Updating 2f633f5..50f46b1
Fast-forward
 code/theme/includes/hooks.php | 19 +++++++++++--------
 1 file changed, 11 insertions(+), 8 deletions(-) 1 file changed, 11 insertions(+), 8 deletions(-)
Updating d95f31f..77392b9
Fast-forward
 core/components/Mailer.php | 5 +++--
 1 file changed, 3 insertions(+), 2 deletions(-) 1 file changed, 3 insertions(+), 2 deletions(-)
Not expected branch : refs/heads/hieutct/data
Updating 77392b9..e814981
Fast-forward
 config.php      | 2 +-
 learnmaster.php | 4 ++--
 2 files changed, 3 insertions(+), 3 deletions(-) 2 files changed, 3 insertions(+), 3 deletions(-)
Not expected branch : 
Not expected branch : refs/heads/master
Updating 04fca7e..c43ae59
Fast-forward
 solazu-unyson/solazu-unyson.php | 2 +-
 1 file changed, 1 insertion(+), 1 deletion(-) 1 file changed, 1 insertion(+), 1 deletion(-)
Not expected branch : refs/heads/master
Updating 50f46b1..286c2a0
Fast-forward
 code/theme/plugins/learnmaster.zip   | Bin 6239747 -> 6242607 bytes
 code/theme/plugins/solazu-unyson.zip | Bin 8670196 -> 8670244 bytes
 2 files changed, 0 insertions(+), 0 deletions(-) 2 files changed, 0 insertions(+), 0 deletions(-)
Not expected branch : refs/heads/duytn/hotfix
Not expected branch : 
Not expected branch : refs/heads/duytn/hotfix
Updating 286c2a0..decd328
Fast-forward
 code/theme/header.php         | 2 ++
 code/theme/includes/hooks.php | 2 +-
 2 files changed, 3 insertions(+), 1 deletion(-) 2 files changed, 3 insertions(+), 1 deletion(-)
Fail to update develop of education
Updating decd328..e1fbdf1
Fast-forward
 .../shortcodes/shortcodes/counterv2/config.php     |  1 +
 .../shortcodes/shortcodes/counterv2/vc_options.php | 16 ++++++
 .../shortcodes/shortcodes/counterv2/views/view.php |  5 +-
 .../shortcodes/shortcodes/newsletter/config.php    |  3 +-
 .../shortcodes/shortcodes/posts-block/config.php   |  1 +
 .../shortcodes/posts-block/views/list-layout-7.php | 60 ++++++++++++++++++++++
 .../shortcodes/shortcodes/timeline/config.php      |  1 +
 .../shortcodes/timeline/options/layout-1.php       |  9 ++++
 .../shortcodes/timeline/views/layout-1.php         |  7 ++-
 code/theme/setup/class-educhain-setup.php          |  8 ++-
 .../data-master/attachments/educhain_affiliate     |  2 +-
 .../setup/data-master/attachments/educhain_default |  2 +-
 .../data-master/attachments/educhain_lesscourses   |  2 +-
 .../data-master/attachments/educhain_marketplace   |  2 +-
 .../setup/data-master/menus/educhain_affiliate     |  2 +-
 .../theme/setup/data-master/menus/educhain_default |  2 +-
 .../setup/data-master/menus/educhain_lesscourses   |  2 +-
 .../setup/data-master/menus/educhain_marketplace   |  2 +-
 .../setup/data-master/pages/educhain_affiliate     |  2 +-
 .../theme/setup/data-master/pages/educhain_default |  2 +-
 .../setup/data-master/pages/educhain_lesscourses   |  2 +-
 .../setup/data-master/pages/educhain_marketplace   |  2 +-
 .../theme_settings/educhain_affiliate.setting      |  2 +-
 .../theme_settings/educhain_default.setting        |  2 +-
 .../theme_settings/educhain_lesscourses.setting    |  2 +-
 .../setup/data-master/views/import_attachments.php |  8 ++-
 .../theme/setup/data-master/views/import_pages.php | 12 +++--
 code/theme/setup/layout.php                        |  2 +-
 .../js/learnmaster-setup-import-attachment.js      | 12 ++---
 .../static/js/learnmaster-setup-import-page.js     |  8 +--
 code/theme/setup/steps/generate-demo.php           |  4 +-
 31 files changed, 148 insertions(+), 39 deletions(-)
 create mode 100644 code/theme/framework-customizations/extensions/shortcodes/shortcodes/posts-block/views/list-layout-7.php create mode 100644 code/theme/framework-customizations/extensions/shortcodes/shortcodes/posts-block/views/list-layout-7.php
Fail to update develop of education
Fail to update develop of education
Not expected branch : refs/heads/hieutct/data
Not expected branch : refs/heads/hieutct/setup
Not expected branch : 
Updating e1fbdf1..9d77bec
Fast-forward
 code/theme/setup/data-master/views/import_attachments.php | 3 ---
 1 file changed, 3 deletions(-) 1 file changed, 3 deletions(-)
Not expected branch : refs/heads/hieutct/setup
Fail to update develop of education
Updating 9d77bec..2262e3a
Fast-forward
 code/theme/style.css | 2 +-
 1 file changed, 1 insertion(+), 1 deletion(-) 1 file changed, 1 insertion(+), 1 deletion(-)
Not expected branch : refs/heads/master
Not expected branch : refs/heads/master
Updating 2262e3a..b25b540
Fast-forward
 .../extensions/shortcodes/shortcodes/timeline/options/layout-1.php  | 6 +++---
 1 file changed, 3 insertions(+), 3 deletions(-) 1 file changed, 3 insertions(+), 3 deletions(-)
