Not expected branch : refs/heads/educhain_vubd
Not expected branch : refs/heads/educhain_vubd
Not expected branch : 
Fail to update develop of education
Updating a191783..2735d46
Fast-forward
 .../posts-block/static/css/_posts-block.scss       | 198 +++++++++++
 .../theme/custom-color.php                         |  11 +-
 code/theme/includes/helpers.php                    |   4 +-
 code/theme/library.scss                            |   1 +
 code/theme/static/css/educhain-components.css      | 389 +++++++++++++++------
 code/theme/static/css/lema-custom.scss             |   6 +-
 6 files changed, 498 insertions(+), 111 deletions(-) 6 files changed, 498 insertions(+), 111 deletions(-)
Not expected branch : refs/heads/luctc
Not expected branch : 
Not expected branch : 
Not expected branch : refs/heads/luctc
Not expected branch : 
Updating 2735d46..9780dc4
Fast-forward
 .../shortcodes/shortcodes/counterv2/config.php     |   1 +
 .../shortcodes/counterv2/static/css/counterv2.css  |  88 +++++++------
 .../shortcodes/counterv2/static/css/counterv2.scss | 139 +++++++++++----------
 .../shortcodes/counterv2/static/js/counterv2.js    |   2 -
 .../shortcodes/shortcodes/counterv2/vc_options.php |  13 ++
 .../shortcodes/counterv2/views/layout-1.php        |   6 +-
 .../theme/custom-color.php                         |  12 +-
 code/theme/includes/helpers.php                    |   1 -
 code/theme/library.scss                            |  20 ---
 9 files changed, 153 insertions(+), 129 deletions(-) 9 files changed, 153 insertions(+), 129 deletions(-)
Fail to update develop of education
Updating 9780dc4..a7824d8
Fast-forward
 .../faq/shortcodes/faq-block/views/view.php        |   2 +-
 code/theme/static/css/educhain-components.css      | 204 ++++++++++-----------
 2 files changed, 103 insertions(+), 103 deletions(-) 2 files changed, 103 insertions(+), 103 deletions(-)
Not expected branch : refs/heads/hieutct/update
Not expected branch : refs/heads/luctc
Not expected branch : refs/heads/educhain_vubd
Not expected branch : refs/heads/educhain_vubd
Not expected branch : 
Not expected branch : refs/heads/luctc
Updating 01ce733..693f367
Fast-forward
 shortcodes/course/assets/scripts/lema-category.js | 55 ++++++++++-------------
 shortcodes/course/assets/styles/lema-category.css | 13 ++----
 2 files changed, 27 insertions(+), 41 deletions(-) 2 files changed, 27 insertions(+), 41 deletions(-)
Not expected branch : refs/heads/hieutct/update
Fail to update develop of education
Updating a7824d8..65ab141
Fast-forward
 .../extensions/optimization/static.php                    |  2 ++
 .../shortcodes/posts-block/static/css/_posts-block.scss   | 10 ++++++++++
 code/theme/static/css/educhain-components.css             | 13 +++++++++++++
 code/theme/static/js/main.js                              | 15 +++++++++++++++
 code/theme/static/libs/modernizr-custom.js                |  3 +++
 5 files changed, 43 insertions(+)
 create mode 100644 code/theme/static/libs/modernizr-custom.js create mode 100644 code/theme/static/libs/modernizr-custom.js
Not expected branch : 
Not expected branch : refs/heads/hieutct/update
Not expected branch : 
Not expected branch : refs/heads/hieutct/update
Not expected branch : 
Not expected branch : refs/heads/educhain_vubd
Not expected branch : refs/heads/educhain_vubd
Not expected branch : 
Fail to update develop of education
Updating 65ab141..a7bfb47
Fast-forward
 .../posts-block/static/css/_posts-block.scss       |   4 +-
 .../shortcodes/posts-block/views/list-layout-1.php |   4 +-
 code/theme/static/js/main.js                       | 120 +++++++++++++--------
 3 files changed, 83 insertions(+), 45 deletions(-) 3 files changed, 83 insertions(+), 45 deletions(-)
Not expected branch : refs/heads/educhain_vubd
Not expected branch : refs/heads/educhain_vubd
Not expected branch : 
Updating a7bfb47..381d96c
Fast-forward
 code/theme/static/css/educhain-components.css | 208 +++++++++++++-------------
 1 file changed, 105 insertions(+), 103 deletions(-) 1 file changed, 105 insertions(+), 103 deletions(-)
Fail to update develop of education
Not expected branch : refs/heads/educhain_vubd
Not expected branch : refs/heads/educhain_vubd
Not expected branch : 
Updating 381d96c..56a1209
Fast-forward
 .../shortcodes/shortcodes/posts-block/static/css/_posts-block.scss    | 3 +++
 code/theme/static/css/educhain-components.css                         | 4 ++++
 2 files changed, 7 insertions(+) 2 files changed, 7 insertions(+)
Fail to update develop of education
Not expected branch : refs/heads/thangpd/searchbox
Not expected branch : 
Not expected branch : refs/heads/thangpd/searchbox
Not expected branch : 
Not expected branch : 
Not expected branch : refs/heads/thangpd/searchbox
Not expected branch : refs/heads/educhain_vubd
Not expected branch : refs/heads/educhain_vubd
Not expected branch : 
Updating 01f8e98..3a0b1d5
Fast-forward
 includes/classes/Hooks.php                         | 362 +++++++++++----------
 .../classes/front/controllers/SearchController.php |  91 ++++++
 includes/classes/front/views/search/view.php       |  31 ++
 .../classes/shortcodes/Searchbox/Searchbox.php     |  66 ++++
 .../classes/shortcodes/Searchbox/views/view.php    |  62 ++++
 5 files changed, 443 insertions(+), 169 deletions(-)
 create mode 100644 includes/classes/front/controllers/SearchController.php
 create mode 100644 includes/classes/front/views/search/view.php
 create mode 100644 includes/classes/shortcodes/Searchbox/Searchbox.php
 create mode 100644 includes/classes/shortcodes/Searchbox/views/view.php create mode 100644 includes/classes/shortcodes/Searchbox/views/view.php
Updating 56a1209..fc71b14
Fast-forward
 .../shortcodes/shortcodes/posts-block/static/css/_posts-block.scss      | 2 +-
 code/theme/static/css/educhain-components.css                           | 2 +-
 2 files changed, 2 insertions(+), 2 deletions(-) 2 files changed, 2 insertions(+), 2 deletions(-)
Fail to update develop of lema-university
Fail to update develop of education
Not expected branch : refs/heads/thangpd/searchbox
Not expected branch : refs/heads/thangpd/searchbox2
Not expected branch : refs/heads/luctc
