Not expected branch : refs/heads/hieutct/structer
Not expected branch : 
Not expected branch : refs/heads/hieutct/font
Fail to update develop of education
Updating b5fec75..9adbb5d
Fast-forward
 code/theme/includes/helpers.php | 4 ++++
 1 file changed, 4 insertions(+) 1 file changed, 4 insertions(+)
Not expected branch : refs/heads/duytn/fix-logo
Not expected branch : 
Fail to update develop of education
Not expected branch : refs/heads/duytn/fix-logo
Updating 9adbb5d..ddb8d4a
Fast-forward
 .../extensions/headers/headers/header-09/views/logo.php           | 8 ++++++--
 1 file changed, 6 insertions(+), 2 deletions(-) 1 file changed, 6 insertions(+), 2 deletions(-)
Not expected branch : refs/heads/luctc
Not expected branch : refs/heads/luctc
Not expected branch : refs/heads/duytn/category-list
Not expected branch : refs/heads/duytn/category-list
Not expected branch : 
Not expected branch : refs/heads/luctc
Not expected branch : refs/heads/duytn/quote
Not expected branch : 
Updating 2e2d814..58a2d22
Fast-forward
 .../framework/static/js/backend-options.js         | 30 ++++++++++++++++++++++
 solazu-unyson/framework/static/js/slz-vc-params.js |  4 ++-
 2 files changed, 33 insertions(+), 1 deletion(-) 2 files changed, 33 insertions(+), 1 deletion(-)
Updating ddb8d4a..13af86a
Fast-forward
 code/theme/includes/class-editor-format.php | 19 ++++++++++++++++---
 1 file changed, 16 insertions(+), 3 deletions(-) 1 file changed, 16 insertions(+), 3 deletions(-)
Fail to update develop of education
Not expected branch : refs/heads/duytn/quote
Not expected branch : 
Not expected branch : refs/heads/luctc
Not expected branch : 
Fail to update develop of education
Updating 13af86a..76e816f
Fast-forward
 .../team-block/static/css/team-block.css           |   6 +-
 .../team-block/static/css/team-block.scss          |   4 +-
 .../teams/shortcodes/team-carousel/config.php      |  15 +-
 .../shortcodes/team-carousel/options/layout-3.php  |   1 +
 .../team-carousel/static/css/team-carousel.css     | 361 ++++++++++------
 .../team-carousel/static/css/team-carousel.scss    | 475 ++++++++++++---------
 .../team-carousel/static/js/team-carousel.js       | 455 ++++++++++++++------
 .../teams/shortcodes/team-carousel/vc_options.php  |  19 +-
 .../shortcodes/team-carousel/views/layout-3.php    |  14 +-
 .../shortcodes/team-carousel/views/layout-4.php    | 232 ++++++++++
 .../shortcodes/team-carousel/views/layout-5.php    | 235 ++++++++++
 .../shortcodes/team-carousel/views/layout-6.php    | 235 ++++++++++
 .../teams/shortcodes/team-carousel/views/view.php  |   9 +
 code/theme/static/css/layout.css                   |  72 ++++
 code/theme/static/css/layout.scss                  |  76 ++++
 code/theme/style.css                               |  15 +-
 16 files changed, 1737 insertions(+), 487 deletions(-)
 create mode 100644 code/theme/framework-customizations/extensions/teams/shortcodes/team-carousel/options/layout-3.php
 create mode 100644 code/theme/framework-customizations/extensions/teams/shortcodes/team-carousel/views/layout-4.php
 create mode 100644 code/theme/framework-customizations/extensions/teams/shortcodes/team-carousel/views/layout-5.php
 create mode 100644 code/theme/framework-customizations/extensions/teams/shortcodes/team-carousel/views/layout-6.php create mode 100644 code/theme/framework-customizations/extensions/teams/shortcodes/team-carousel/views/layout-6.php
Updating 76e816f..7a9eaef
Fast-forward
 .../theme/custom-color.php                         |  6 ++
 code/theme/static/css/layout.css                   | 68 +++++++++++++++++++++-
 code/theme/static/css/layout.scss                  | 44 +++++++++++++-
 code/theme/static/js/educhain-main.js              | 29 +++++----
 code/theme/style.css                               |  2 +-
 5 files changed, 132 insertions(+), 17 deletions(-) 5 files changed, 132 insertions(+), 17 deletions(-)
Updating 58a2d22..a9de0ed
Fast-forward
 solazu-unyson/framework/static/js/backend-options.js | 20 ++++++++++++++++++--
 1 file changed, 18 insertions(+), 2 deletions(-) 1 file changed, 18 insertions(+), 2 deletions(-)
Not expected branch : refs/heads/duytn/category-list
Not expected branch : 
Not expected branch : refs/heads/duytn/fix-dependency
Not expected branch : 
Not expected branch : refs/heads/duytn/fix-dependency
Not expected branch : 
Not expected branch : refs/heads/luctc
Not expected branch : refs/heads/master
Not expected branch : refs/heads/duytn/fix-dependency
Notthing
Not expected branch : 
Notthing
Not expected branch : refs/heads/master
Not expected branch : refs/heads/master
Updating 8b6c487..f149307
Fast-forward
 admin/controllers/FieldController.php | 5 +++--
 admin/views/field/_form.php           | 7 ++++++-
 core/components/Page.php              | 2 +-
 helpers/form/EditorElement.php        | 5 ++++-
 models/CourseModel.php                | 3 ++-
 models/FieldModel.php                 | 9 ++++++---
 6 files changed, 22 insertions(+), 9 deletions(-) 6 files changed, 22 insertions(+), 9 deletions(-)
Not expected branch : refs/heads/luctc
Updating f7f7b53..5c45c90
Fast-forward
 includes/classes/front/views/coursedetail/view.php | 3 +++
 1 file changed, 3 insertions(+) 1 file changed, 3 insertions(+)
Not expected branch : refs/heads/thangpd/useracess
Not expected branch : 
Not expected branch : refs/heads/hieutct/structer
Not expected branch : 
Updating f149307..f0f9c51
Fast-forward
 core/App.php | 1 +
 1 file changed, 1 insertion(+) 1 file changed, 1 insertion(+)
Not expected branch : refs/heads/luctc
Not expected branch : 
Updating 7a9eaef..4e6953c
Fast-forward
 .../team-carousel/static/css/team-carousel.css     | 32 ++++++++-
 .../team-carousel/static/css/team-carousel.scss    | 30 ++++++++-
 .../shortcodes/team-carousel/views/layout-4.php    |  2 +-
 .../theme/custom-color.php                         |  8 ++-
 code/theme/static/css/educhain-components.css      | 78 +++++++++++++++++++---
 code/theme/static/css/educhain-components.scss     | 57 +++++++++++++---
 code/theme/static/css/layout.css                   | 66 ++++++++++++++++++
 code/theme/static/css/layout.scss                  | 61 +++++++++++++++++
 code/theme/style.css                               |  2 +-
 9 files changed, 312 insertions(+), 24 deletions(-) 9 files changed, 312 insertions(+), 24 deletions(-)
Fail to update develop of education
Not expected branch : refs/heads/luctc
Updating f0f9c51..db316e8
Fast-forward
 extensions/cache/CacheExtension.php | 4 ++--
 1 file changed, 2 insertions(+), 2 deletions(-) 1 file changed, 2 insertions(+), 2 deletions(-)
Not expected branch : refs/heads/luctc
Updating 5c45c90..37bd3da
Fast-forward
 .../classes/front/controllers/CourseDetailController.php  | 15 +++++----------
 1 file changed, 5 insertions(+), 10 deletions(-) 1 file changed, 5 insertions(+), 10 deletions(-)
Not expected branch : refs/heads/hieutct/structer
Not expected branch : 
Not expected branch : refs/heads/duytn/header-style
Not expected branch : 
Not expected branch : refs/heads/hieutct/structer
Not expected branch : 
Not expected branch : refs/heads/duytn/minify-custom-css
Not expected branch : 
Not expected branch : refs/heads/luctc
Not expected branch : 
Not expected branch : 
Not expected branch : 
Not expected branch : 
Fail to update develop of education
Updating 4e6953c..119ac45
Fast-forward
 .../icons-block/static/css/_icon-block.scss        | 243 +++++++++++++--------
 code/theme/static/css/educhain-components.css      | 124 +++++++++--
 code/theme/static/css/layout.css                   |   4 +
 code/theme/static/css/layout.scss                  |   3 +
 code/theme/static/css/lema-custom.css              |  81 ++++++-
 code/theme/static/css/lema-custom.scss             |  90 ++++++--
 6 files changed, 411 insertions(+), 134 deletions(-) 6 files changed, 411 insertions(+), 134 deletions(-)
Updating 119ac45..85d57cb
Fast-forward
 .../header-09/class-slz-header-header-09.php       | 30 ++++++++++++++++----
 .../headers/headers/header-09/config.php           | 33 ++++++++++++----------
 .../headers/headers/header-09/options.php          | 29 +++++++++++++++----
 .../headers/headers/header-09/views/view.php       | 13 +++++----
 4 files changed, 73 insertions(+), 32 deletions(-) 4 files changed, 73 insertions(+), 32 deletions(-)
Not expected branch : refs/heads/duytn/header-style
Fail to update develop of education
Updating db316e8..e50bae9
Fast-forward
 extensions/cache/CacheExtension.php | 44 +++++++++++++++++++++++--------------
 1 file changed, 27 insertions(+), 17 deletions(-) 1 file changed, 27 insertions(+), 17 deletions(-)
Updating 85d57cb..9f48dc9
Fast-forward
 code/theme/includes/hooks.php | 12 +++++-------
 1 file changed, 5 insertions(+), 7 deletions(-) 1 file changed, 5 insertions(+), 7 deletions(-)
Not expected branch : refs/heads/luctc
Not expected branch : 
Fail to update develop of education
Updating 9f48dc9..e7dd596
Fast-forward
 .../team-block/static/css/team-block.css           | 105 ++++++++++++++++++++-
 .../team-block/static/css/team-block.scss          |  36 ++++++-
 2 files changed, 139 insertions(+), 2 deletions(-) 2 files changed, 139 insertions(+), 2 deletions(-)
Updating e7dd596..7c65915
Fast-forward
 code/theme/static/js/preloader.js | 59 +--------------------------------------
 1 file changed, 1 insertion(+), 58 deletions(-) 1 file changed, 1 insertion(+), 58 deletions(-)
Updating e50bae9..b546e06
Fast-forward
 extensions/cache/CacheExtension.php | 5 +++--
 1 file changed, 3 insertions(+), 2 deletions(-) 1 file changed, 3 insertions(+), 2 deletions(-)
Updating 7c65915..b824f93
Fast-forward
 code/theme/includes/class-editor-format.php    |   8 +-
 code/theme/static/css/custom-editor.css        | 284 +++++++++++++++++--------
 code/theme/static/css/custom-editor.scss       | 263 +++++++++++++++++++++++
 code/theme/static/css/default.css              |   2 +-
 code/theme/static/css/educhain-components.css  | 164 +-------------
 code/theme/static/css/educhain-components.scss | 146 +------------
 6 files changed, 464 insertions(+), 403 deletions(-)
 create mode 100644 code/theme/static/css/custom-editor.scss create mode 100644 code/theme/static/css/custom-editor.scss
Updating b546e06..77b431e
Fast-forward
 extensions/cache/CacheExtension.php | 2 +-
 1 file changed, 1 insertion(+), 1 deletion(-) 1 file changed, 1 insertion(+), 1 deletion(-)
Updating b824f93..c24364a
Fast-forward
 code/theme/static/js/preloader.js | 2 +-
 1 file changed, 1 insertion(+), 1 deletion(-) 1 file changed, 1 insertion(+), 1 deletion(-)
