Not expected branch : refs/heads/hieutct/merge.hotfix1.1.9
Not expected branch : 
Not expected branch : refs/heads/hieutct/merge.hotfix1.1.9
Fail to update develop of education
Updating d5ba5c9..b894938
Fast-forward
 .../shortcodes/shortcodes/map/static.php           |     2 +-
 .../shortcodes/video/static/css/_video.scss        |     4 +-
 code/theme/plugins/learnmaster.zip                 |   Bin 6258057 -> 6258768 bytes
 code/theme/plugins/solazu-unyson.zip               |   Bin 8674591 -> 8675200 bytes
 .../data-master/attachments/educhain_university    |     1 +
 code/theme/static/css/layout.scss                  |     9 +-
 code/theme/static/css/lema-custom.css              | 13830 +++++++++----------
 7 files changed, 6924 insertions(+), 6922 deletions(-) 7 files changed, 6924 insertions(+), 6922 deletions(-)
Not expected branch : refs/heads/duytn/sc-typewriter
Not expected branch : refs/heads/duytn/sc-typewriter
Not expected branch : refs/heads/thangpd/SCstyle
Fail to update develop of education
Updating b894938..2f22105
Fast-forward
 .../shortcodes/shortcodes/about-me/config.php      |  1 +
 .../shortcodes/shortcodes/about-me/vc_options.php  | 33 +++++++++++++++-------
 .../shortcodes/shortcodes/about-me/views/view.php  |  2 +-
 .../shortcodes/posts-carousel/vc_options.php       |  2 +-
 4 files changed, 26 insertions(+), 12 deletions(-) 4 files changed, 26 insertions(+), 12 deletions(-)
Not expected branch : 
Not expected branch : 
Updating e983a33..f63593f
Fast-forward
 .../typewriter/class-slz-shortcode-typewriter.php  |  13 +
 .../shortcodes/shortcodes/typewriter/config.php    |  36 ++
 .../shortcodes/typewriter/options/layout-1.php     |  17 +
 .../shortcodes/shortcodes/typewriter/static.php    |  21 +
 .../typewriter/statics/js/slz-typewriter.js        |  18 +
 .../shortcodes/typewriter/statics/js/typed.js      | 518 +++++++++++++++++++++
 .../shortcodes/typewriter/vc_options.php           | 161 +++++++
 .../shortcodes/typewriter/views/layout-1.php       |   7 +
 .../shortcodes/typewriter/views/view.php           |  70 +++
 9 files changed, 861 insertions(+)
 create mode 100644 solazu-unyson/framework/extensions/shortcodes/shortcodes/typewriter/class-slz-shortcode-typewriter.php
 create mode 100644 solazu-unyson/framework/extensions/shortcodes/shortcodes/typewriter/config.php
 create mode 100644 solazu-unyson/framework/extensions/shortcodes/shortcodes/typewriter/options/layout-1.php
 create mode 100644 solazu-unyson/framework/extensions/shortcodes/shortcodes/typewriter/static.php
 create mode 100644 solazu-unyson/framework/extensions/shortcodes/shortcodes/typewriter/statics/js/slz-typewriter.js
 create mode 100644 solazu-unyson/framework/extensions/shortcodes/shortcodes/typewriter/statics/js/typed.js
 create mode 100644 solazu-unyson/framework/extensions/shortcodes/shortcodes/typewriter/vc_options.php
 create mode 100644 solazu-unyson/framework/extensions/shortcodes/shortcodes/typewriter/views/layout-1.php
 create mode 100644 solazu-unyson/framework/extensions/shortcodes/shortcodes/typewriter/views/view.php create mode 100644 solazu-unyson/framework/extensions/shortcodes/shortcodes/typewriter/views/view.php
Already up-to-date.Already up-to-date.
Not expected branch : refs/heads/duytn/sc-typewriter
Not expected branch : refs/heads/duytn/sc-typewriter
Fail to update develop of education
Updating 2f22105..f4b7ed1
Fast-forward
 code/theme/framework-customizations/extensions/shortcodes/hooks.php | 3 ++-
 1 file changed, 2 insertions(+), 1 deletion(-) 1 file changed, 2 insertions(+), 1 deletion(-)
Not expected branch : refs/heads/luctc
Not expected branch : refs/heads/luctc
Not expected branch : refs/heads/luctc
Not expected branch : refs/heads/thangpd/SCstyle
Not expected branch : 
Not expected branch : 
Not expected branch : refs/heads/style_vubd
Not expected branch : refs/heads/style_vubd
Not expected branch : 
Fail to update develop of education
Updating f4b7ed1..80df4fd
Fast-forward
 .../theme/custom-color.php                         | 31 ++++++++++++
 code/theme/static/css/educhain-woocommerce.css     | 55 +++++++++++++++-------
 2 files changed, 70 insertions(+), 16 deletions(-) 2 files changed, 70 insertions(+), 16 deletions(-)
Not expected branch : refs/heads/luctc
Not expected branch : 
Fail to update develop of education
Updating 80df4fd..77c8e71
Fast-forward
 .../headers/headers/header-09/options/menu.php     |    13 +-
 .../headers/headers/header-09/views/menu.php       |     1 +
 .../headers/headers/header-09/views/view.php       |     3 +-
 .../theme/custom-color.php                         |    33 +-
 code/theme/static/css/layout.css                   |    32 +-
 code/theme/static/css/layout.scss                  |    44 +
 code/theme/static/css/lema-custom.css              | 13714 +++++++++----------
 7 files changed, 6963 insertions(+), 6877 deletions(-) 7 files changed, 6963 insertions(+), 6877 deletions(-)
Not expected branch : refs/heads/style_vubd
Not expected branch : refs/heads/style_vubd
Not expected branch : 
Updating 77c8e71..8e7c6ac
Fast-forward
 .../theme/custom-color.php                         |  11 +-
 code/theme/static/css/lema-custom.css              | 116 ++++++++++-----------
 code/theme/static/css/lema-custom.scss             |   2 +-
 3 files changed, 69 insertions(+), 60 deletions(-) 3 files changed, 69 insertions(+), 60 deletions(-)
Fail to update develop of education
Not expected branch : refs/heads/style_vubd
Not expected branch : refs/heads/luctc
Not expected branch : 
Fail to update develop of education
Updating 8e7c6ac..ead22b7
Fast-forward
 .../shortcodes/shortcodes/button/config.php        |   1 +
 .../shortcodes/button/options/layout-4.php         |  17 +
 .../shortcodes/button/static/css/_button.scss      | 448 ++++++++++++---------
 .../shortcodes/shortcodes/button/vc_options.php    |   5 +
 .../shortcodes/button/views/layout-4.php           |   6 +-
 code/theme/static/css/educhain-components.css      |  63 +++
 6 files changed, 344 insertions(+), 196 deletions(-)
 create mode 100644 code/theme/framework-customizations/extensions/shortcodes/shortcodes/button/options/layout-4.php create mode 100644 code/theme/framework-customizations/extensions/shortcodes/shortcodes/button/options/layout-4.php
Not expected branch : refs/heads/luctc
Not expected branch : 
Updating ead22b7..246779a
Fast-forward
 code/theme/static/css/lema-custom.css  | 4 ++--
 code/theme/static/css/lema-custom.scss | 4 ++--
 2 files changed, 4 insertions(+), 4 deletions(-) 2 files changed, 4 insertions(+), 4 deletions(-)
Fail to update develop of education
Not expected branch : refs/heads/style_tailm
Not expected branch : refs/heads/style_tailm
Not expected branch : 
Not expected branch : refs/heads/luctc
Not expected branch : refs/heads/style_tailm
Updating 246779a..62205f1
Fast-forward
 code/theme/framework-customizations/theme/custom-color.php | 6 ++++--
 1 file changed, 4 insertions(+), 2 deletions(-) 1 file changed, 4 insertions(+), 2 deletions(-)
Fail to update develop of education
Not expected branch : refs/heads/luctc
Not expected branch : 
Fail to update develop of education
Updating 62205f1..fd10c5d
Fast-forward
 .../shortcodes/item-list/static/css/item-list.css  | 26 ++++++++++++++++++++++
 .../shortcodes/item-list/static/css/item-list.scss | 24 ++++++++++++++++++++
 .../shortcodes/shortcodes/item-list/vc_options.php |  1 +
 .../theme/custom-color.php                         |  5 ++++-
 4 files changed, 55 insertions(+), 1 deletion(-) 4 files changed, 55 insertions(+), 1 deletion(-)
Not expected branch : refs/heads/luctc
Not expected branch : refs/heads/luctc
Not expected branch : 
Fail to update develop of education
Updating fd10c5d..b3afda7
Fast-forward
 code/theme/style.css | 19 +++++++++++++++++++
 1 file changed, 19 insertions(+) 1 file changed, 19 insertions(+)
Updating f63593f..06f90c8
Fast-forward
 solazu-unyson/framework/helpers/general.php | 2 +-
 1 file changed, 1 insertion(+), 1 deletion(-) 1 file changed, 1 insertion(+), 1 deletion(-)
Not expected branch : refs/heads/thangpd/SCvideo
Not expected branch : refs/heads/thangpd/SCvideo
Not expected branch : refs/heads/thangpd/fixSCvideo
Not expected branch : 
Not expected branch : refs/heads/thangpd/SCvideo
Not expected branch : refs/heads/thangpd/fixSCvideo
Not expected branch : 
Not expected branch : 
Not expected branch : refs/heads/duytn/woo-carousel
Not expected branch : 
Not expected branch : refs/heads/duytn/woo-carousel
Not expected branch : 
