Not expected branch : refs/heads/thangpd/social
Not expected branch : 
Not expected branch : refs/heads/thangpd/social
Not expected branch : 
Not expected branch : refs/heads/fix_lema-course
Not expected branch : refs/heads/tailm_theme
Not expected branch : refs/heads/tailm_theme
Not expected branch : refs/heads/tailm_theme
Not expected branch : 
Not expected branch : refs/heads/tailm_theme
Not expected branch : 
Not expected branch : refs/heads/hotfix/1.1.8
Not expected branch : refs/heads/tailm_theme
Not expected branch : 
Not expected branch : refs/heads/thanh-counter
Not expected branch : 
Not expected branch : 
Not expected branch : refs/heads/thanh-counter
Not expected branch : refs/heads/tailm_theme
Not expected branch : 
Not expected branch : 
Not expected branch : 
Fail to update develop of education
Updating 905baea..be72386
Fast-forward
 .../events/shortcodes/event-block/config.php       |   1 +
 .../shortcodes/event-block/options/layout-3.php    |  17 +++
 .../event-block/static/css/event-block.css         |  77 ++++++++++++++
 .../event-block/static/css/event-block.scss        |  70 ++++++++++++
 .../shortcodes/event-block/views/layout-3.php      |   2 +-
 .../posts-carousel/static/css/posts-carousel.css   |  16 +--
 .../posts-carousel/static/css/posts-carousel.scss  |  12 ++-
 code/theme/static/css/lema-custom.css              | 117 +++++++++++----------
 code/theme/static/css/lema-custom.scss             |   1 +
 9 files changed, 242 insertions(+), 71 deletions(-)
 create mode 100644 code/theme/framework-customizations/extensions/events/shortcodes/event-block/options/layout-3.php create mode 100644 code/theme/framework-customizations/extensions/events/shortcodes/event-block/options/layout-3.php
Not expected branch : refs/heads/tailm_fix
Not expected branch : refs/heads/hieutct/fixbug
Not expected branch : refs/heads/hieutct/fixBug
Not expected branch : refs/heads/tailm_theme
Not expected branch : 
Not expected branch : refs/heads/thanh-testimonial
Not expected branch : 
Not expected branch : 
Not expected branch : refs/heads/thanh-TEST
Not expected branch : 
Not expected branch : refs/heads/thanh-TEST
Fail to update develop of education
Updating be72386..f167743
Fast-forward
 .../shortcodes/image-carousel/static/css/_image-carousel.scss         | 2 +-
 .../testimonials/shortcodes/testimonial/static/css/testimonial.css    | 4 ++--
 .../testimonials/shortcodes/testimonial/static/css/testimonial.scss   | 4 ++--
 code/theme/static/css/educhain-components.css                         | 2 +-
 4 files changed, 6 insertions(+), 6 deletions(-) 4 files changed, 6 insertions(+), 6 deletions(-)
Not expected branch : refs/heads/educhain_vubd
Not expected branch : refs/heads/duytn/pagetitle
Not expected branch : 
Not expected branch : refs/heads/hieutct/fixBug
Updating f167743..ed70e6d
Fast-forward
 .../extensions/lema/shortcodes/views/lema_category_list/la-india.php     | 1 -
 1 file changed, 1 deletion(-) 1 file changed, 1 deletion(-)
Fail to update develop of education
Not expected branch : refs/heads/duytn/pagetitle
Fail to update develop of education
Updating ed70e6d..f3c182a
Fast-forward
 .../theme/options/page-header-settings.php         |  28 ++
 .../theme/options/page-options.php                 |  28 ++
 code/theme/header.php                              |   2 +-
 code/theme/includes/helpers.php                    | 363 +++++++++++++++++++++
 4 files changed, 420 insertions(+), 1 deletion(-) 4 files changed, 420 insertions(+), 1 deletion(-)
Not expected branch : refs/heads/thangpd/SCstyle
Not expected branch : 
Not expected branch : refs/heads/thangpd/SCstyle
Not expected branch : 
Not expected branch : 
Not expected branch : 
Not expected branch : refs/heads/thangpd/SCstyle
Not expected branch : 
Not expected branch : refs/heads/thangpd/SCstyle
Fail to update develop of education
Updating f3c182a..1a8540f
Fast-forward
 .../shortcodes/gallery-carousel/views/layout-6.php | 59 +++++++++++++++-------
 .../shortcodes/testimonial/options/layout-6.php    |  3 +-
 2 files changed, 42 insertions(+), 20 deletions(-) 2 files changed, 42 insertions(+), 20 deletions(-)
Not expected branch : refs/heads/nhan/timeline
Not expected branch : 
Not expected branch : refs/heads/hieutct/update
Not expected branch : 
Not expected branch : refs/heads/thangpd/searchboxx
Not expected branch : refs/heads/nhan/timeline
Not expected branch : 
Not expected branch : refs/heads/thanh/styleBolu
Not expected branch : 
Not expected branch : refs/heads/thanh/styleBolu
Not expected branch : 
Not expected branch : 
Not expected branch : refs/heads/thanh/styleBolu
Fail to update develop of education
Updating 1a8540f..a28af20
Fast-forward
 .../shortcodes/counterv2/static/css/counterv2.css  |  1 +
 .../shortcodes/counterv2/static/css/counterv2.scss |  1 +
 .../testimonial/static/css/testimonial.css         | 74 ++++++++++++++++++++-
 .../testimonial/static/css/testimonial.scss        | 76 +++++++++++++++++++++-
 4 files changed, 150 insertions(+), 2 deletions(-) 4 files changed, 150 insertions(+), 2 deletions(-)
Not expected branch : refs/heads/nhan/timeline
Not expected branch : 
Fail to update develop of education
Updating a28af20..0dd711a
Fast-forward
 .../icons-block/static/css/_icon-block.scss        | 157 +++++++++++++++--
 .../shortcodes/icons-block/views/layout-1.php      |   2 +-
 .../shortcodes/icons-block/views/layout-2.php      |   2 +-
 .../posts-carousel/static/css/posts-carousel.css   |   4 +-
 .../theme/custom-color.php                         |  24 +++
 code/theme/static/css/educhain-components.css      | 196 ++++++++++++++++++---
 code/theme/static/css/lema-custom.css              | 116 ++++++------
 7 files changed, 399 insertions(+), 102 deletions(-) 7 files changed, 399 insertions(+), 102 deletions(-)
Not expected branch : refs/heads/thanh/styleBolu
Not expected branch : 
Fail to update develop of education
Updating 0dd711a..e8202b5
Fast-forward
 .../shortcodes/testimonial/static/css/testimonial.css             | 8 ++++----
 .../shortcodes/testimonial/static/css/testimonial.scss            | 8 ++++----
 2 files changed, 8 insertions(+), 8 deletions(-) 2 files changed, 8 insertions(+), 8 deletions(-)
Not expected branch : refs/heads/educhain_vubd
Not expected branch : refs/heads/educhain_vubd
Not expected branch : 
Fail to update develop of education
Updating e8202b5..1ac6c94
Fast-forward
 code/theme/static/css/lema-custom.css  | 74 ++++++++++++++++++++++++++--------
 code/theme/static/css/lema-custom.scss | 40 +++++++++++++++---
 2 files changed, 93 insertions(+), 21 deletions(-) 2 files changed, 93 insertions(+), 21 deletions(-)
Not expected branch : refs/heads/hotfix/1.1.8
Not expected branch : refs/heads/hieutct/video
Not expected branch : refs/heads/hieutct/fixVideo
Not expected branch : 
Not expected branch : 
Not expected branch : refs/heads/thangpd/searchboxx
Not expected branch : refs/heads/thangpd/searchboxx
Not expected branch : refs/heads/master
Updating 1ac6c94..929d9fe
Fast-forward
 code/theme/static/js/default.js | 7 +++++++
 code/theme/style.css            | 6 +++---
 2 files changed, 10 insertions(+), 3 deletions(-) 2 files changed, 10 insertions(+), 3 deletions(-)
