Not expected branch : refs/heads/luctc
Not expected branch : refs/heads/luctc
Not expected branch : refs/heads/duytn/fix-dependency
Fail to update develop of solazu-core
Updating a9de0ed..df5fa3a
Fast-forward
 .../framework/static/js/backend-options.js         | 72 +++++++++++-----------
 1 file changed, 36 insertions(+), 36 deletions(-) 1 file changed, 36 insertions(+), 36 deletions(-)
Not expected branch : refs/heads/tailm/fix_css
Not expected branch : refs/heads/hieutct/structer
Not expected branch : 
Not expected branch : refs/heads/hieutct/structer
Not expected branch : 
Not expected branch : 
Not expected branch : refs/heads/tailm/fix_css
Not expected branch : refs/heads/hieutct/structer
Not expected branch : 
Not expected branch : refs/heads/hieutct/structer
Fail to update develop of lema-marketplace-instructor
Updating 3d6da9b..bdc8ae8
Fast-forward
 composer.lock                                      |  30 +-
 includes/classes/Hooks.php                         |  14 +-
 includes/classes/LemaPlugin.php                    |  10 +-
 .../admin/controllers/PaymentRequestController.php |  50 +-
 .../admin/views/paymentrequest/_box_action.php     |  48 +
 .../admin/views/paymentrequest/_box_info.php       |  34 +
 .../admin/views/paymentrequest/_box_instructor.php |  51 +-
 includes/classes/components/Helper.php             |  39 +
 .../front/controllers/DashboardController.php      |   1 -
 .../controllers/InstructorManagementController.php | 157 +++-
 .../controllers/InstructorPaymentController.php    | 121 +++
 includes/classes/front/views/dashboard/index.php   |  11 +-
 .../views/instructormanagement/buttonSave.php      |   4 +
 .../views/instructormanagement/buttonTrash.php     |   1 +
 .../front/views/instructormanagement/modal.php     |   4 +
 .../front/views/instructormanagement/permalink.php |  19 +-
 .../front/views/instructormanagement/sidebar.php   |  40 +
 .../views/instructormanagement/sidebar/form.php    |   4 +
 .../views/instructormanagement/sidebar/tag.php     |   6 +
 .../views/instructormanagement/tabCurriculum.php   |  26 +-
 .../front/views/instructormanagement/view.php      |  62 +-
 .../classes/front/views/instructorpayment/404.php  |   1 +
 .../front/views/instructorpayment/_itemRequest.php |  14 +
 .../front/views/instructorpayment/createView.php   | 119 +++
 .../classes/front/views/instructorpayment/fail.php |   3 +
 .../front/views/instructorpayment/managerView.php  |  20 +
 .../front/views/instructorpayment/success.php      |   5 +
 includes/classes/models/AccountModel.php           |  44 +-
 includes/classes/models/RequestPaymentModel.php    | 243 ++++-
 ...structor.php => lema-marketplace-instructor.php |   0
 static/scripts/lema-marketplace.js                 | 469 +++++++++-
 static/styles/lema-marketplace.css                 | 982 +++++++++++++++++++--
 32 files changed, 2397 insertions(+), 235 deletions(-)
 create mode 100644 includes/classes/admin/views/paymentrequest/_box_action.php
 create mode 100644 includes/classes/admin/views/paymentrequest/_box_info.php
 create mode 100644 includes/classes/front/controllers/InstructorPaymentController.php
 create mode 100644 includes/classes/front/views/instructormanagement/buttonSave.php
 create mode 100644 includes/classes/front/views/instructormanagement/buttonTrash.php
 create mode 100644 includes/classes/front/views/instructormanagement/modal.php
 create mode 100644 includes/classes/front/views/instructormanagement/sidebar/form.php
 create mode 100644 includes/classes/front/views/instructormanagement/sidebar/tag.php
 create mode 100644 includes/classes/front/views/instructorpayment/404.php
 create mode 100644 includes/classes/front/views/instructorpayment/_itemRequest.php
 create mode 100644 includes/classes/front/views/instructorpayment/createView.php
 create mode 100644 includes/classes/front/views/instructorpayment/fail.php
 create mode 100644 includes/classes/front/views/instructorpayment/managerView.php
 create mode 100644 includes/classes/front/views/instructorpayment/success.php
 rename lema-maketplace-instructor.php => lema-marketplace-instructor.php (100%) rename lema-maketplace-instructor.php => lema-marketplace-instructor.php (100%)
Updating df5fa3a..3dff1c2
Fast-forward
 solazu-unyson/framework/core/components/backend.php              | 2 ++
 .../framework/includes/extra-functions/class-slz-util.php        | 9 +++++++++
 2 files changed, 11 insertions(+) 2 files changed, 11 insertions(+)
Not expected branch : refs/heads/duytn/minify-custom-css
Already up-to-date.Already up-to-date.
Updating 0b849ff..b222846
Fast-forward
 solazu-live-settings/views/layouts.php | 18 ++++++++++++------
 1 file changed, 12 insertions(+), 6 deletions(-) 1 file changed, 12 insertions(+), 6 deletions(-)
Not expected branch : 
Not expected branch : 
Not expected branch : refs/heads/luctc
Not expected branch : 
Not expected branch : 
Not expected branch : refs/heads/luctc
Not expected branch : 
Fail to update develop of education
Updating c24364a..80df2c5
Fast-forward
 .../team-block/static/css/team-block.scss          |    54 +-
 .../team-carousel/static/css/team-carousel.css     |   415 +-
 .../team-carousel/static/css/team-carousel.scss    |   238 +-
 .../team-carousel/static/js/team-carousel.js       |     8 +-
 .../shortcodes/team-carousel/views/layout-5.php    |    17 +-
 code/theme/static/css/lema-custom.scss             | 14262 +++++++++----------
 6 files changed, 7811 insertions(+), 7183 deletions(-) 6 files changed, 7811 insertions(+), 7183 deletions(-)
Not expected branch : refs/heads/luctc
Not expected branch : refs/heads/hieutct/structer
Not expected branch : refs/heads/hieutct/structer
Not expected branch : refs/heads/hieutct/structer
Not expected branch : refs/heads/thangpd/caplema
Not expected branch : 
Not expected branch : refs/heads/luctc
Updating 77b431e..7c77d5b
Fast-forward
 README.md                                          |   2 +-
 assets/scripts/lema.shortcode.footer.js            |  10 ++
 core/Shortcode.php                                 |  51 ++++++---
 core/components/ResourceManager.php                | 118 +++++----------------
 core/components/ShortcodeManager.php               |  30 ++----
 extensions/cache/CacheExtension.php                |  62 +++++++++--
 index.php                                          |   2 +-
 shortcodes/cart/CartShortcode.php                  |  28 ++---
 .../course/assets/styles/lema-shortcode-course.css |   1 -
 9 files changed, 153 insertions(+), 151 deletions(-)
 create mode 100644 assets/scripts/lema.shortcode.footer.js create mode 100644 assets/scripts/lema.shortcode.footer.js
Updating 80df2c5..a56f4d0
Fast-forward
 .../extensions/optimization/static.php             | 92 +++++++++++-----------
 1 file changed, 46 insertions(+), 46 deletions(-) 1 file changed, 46 insertions(+), 46 deletions(-)
Updating 3dff1c2..3953ced
Fast-forward
 .../class-slz-extension-optimization.php           | 56 ++++++----------------
 .../framework/extensions/optimization/config.php   | 12 ++---
 .../shortcodes/includes/class-slz-shortcode.php    | 12 +----
 3 files changed, 23 insertions(+), 57 deletions(-) 3 files changed, 23 insertions(+), 57 deletions(-)
Not expected branch : refs/heads/hieutct/structer
Not expected branch : 
Not expected branch : refs/heads/hieutct/structer
Fail to update develop of lema-marketplace-instructor
Updating bdc8ae8..27530b4
Fast-forward
 .../controllers/InstructorManagementController.php |  2 +-
 .../controllers/InstructorPaymentController.php    | 10 +++-
 .../front/views/dashboard/__course_list.php        |  2 +-
 .../front/views/instructormanagement/view.php      |  1 -
 .../front/views/instructorpayment/_itemRequest.php | 11 ++--
 .../front/views/instructorpayment/managerView.php  | 32 +++++++---
 includes/classes/models/RequestPaymentModel.php    | 18 +++++-
 static/scripts/lema-marketplace.js                 |  2 +-
 static/styles/lema-marketplace.css                 | 69 +++++++++-------------
 9 files changed, 83 insertions(+), 64 deletions(-) 9 files changed, 83 insertions(+), 64 deletions(-)
Not expected branch : refs/heads/luctc
Not expected branch : refs/heads/luctc
Not expected branch : 
Fail to update develop of education
Updating a56f4d0..f2cfc61
Fast-forward
 .../static/css/gallery-carousel.css                |  57 ++++++++----
 .../static/css/gallery-carousel.scss               |  26 ++++--
 .../shortcodes/instagram/static/css/instagram.css  |  11 ++-
 .../shortcodes/instagram/static/css/instagram.scss |   3 +-
 .../static/css/course-collection.css               |  34 +++----
 .../static/css/course-collection.scss              |  33 +++----
 .../featured-course/static/css/featured-course.css |   9 +-
 .../static/css/featured-course.scss                |   7 +-
 .../portfolio/static/css/_portfolio.scss           |  13 +--
 .../statics/css/content-carousel.css               |   6 +-
 .../statics/css/content-carousel.scss              |   6 +-
 .../image-carousel/static/css/_image-carousel.scss |  14 ++-
 .../posts-block/static/css/_posts-block.scss       |   3 +-
 .../posts-carousel/static/css/posts-carousel.css   | 103 ++++++++++++++++++++-
 .../posts-carousel/static/css/posts-carousel.scss  |  84 +++++++++++++++--
 .../shortcodes/posts-carousel/vc_options.php       |   3 +-
 .../pricing-box/static/css/pricing-box.css         |  28 ++++--
 .../pricing-box/static/css/pricing-box.scss        |  33 +++++--
 .../team-block/static/css/team-block.css           |  46 +++++++--
 .../team-block/static/css/team-block.scss          |  44 +++++++--
 .../extensions/widgets/static/css/widgets.css      |  10 +-
 .../extensions/widgets/static/css/widgets.scss     |   8 +-
 .../framework-customizations/theme/config.php      |   2 +-
 .../theme/custom-color.php                         |  43 +++++++++
 code/theme/library.scss                            |   8 +-
 code/theme/static/css/default.css                  |  10 +-
 code/theme/static/css/educhain-components.css      |  76 +++++++++------
 code/theme/static/css/educhain-components.scss     |  11 ++-
 code/theme/static/css/educhain-forum.css           |   8 +-
 code/theme/static/css/educhain-forum.scss          |  11 ++-
 code/theme/static/css/layout.css                   |  18 ++--
 code/theme/static/css/layout.scss                  |  18 ++--
 code/theme/static/css/lema-custom.css              |   8 +-
 code/theme/static/css/lema-custom.scss             |   4 +-
 34 files changed, 569 insertions(+), 229 deletions(-) 34 files changed, 569 insertions(+), 229 deletions(-)
Not expected branch : 
Not expected branch : 
Not expected branch : refs/heads/luctc
Not expected branch : 
Not expected branch : refs/heads/thangpd/useracess
Not expected branch : 
Fail to update develop of education
Not expected branch : refs/heads/duytn/category-list
Updating f2cfc61..35e8aeb
Fast-forward
 .../slz-shortcode-lema-category-list.php           | 286 +++++++++++++++------
 .../lema/shortcodes/views/categorylist.php         |  48 ----
 .../shortcodes/views/categorylist/description.php  |  11 -
 .../lema/shortcodes/views/categorylist/image.php   |  13 -
 .../lema/shortcodes/views/categorylist/items.php   |  27 --
 .../lema/shortcodes/views/categorylist/title.php   |   6 -
 .../views/lema_category_list/la-india.php          |  72 ++++++
 7 files changed, 274 insertions(+), 189 deletions(-)
 delete mode 100644 code/theme/framework-customizations/extensions/lema/shortcodes/views/categorylist/description.php
 delete mode 100644 code/theme/framework-customizations/extensions/lema/shortcodes/views/categorylist/image.php
 delete mode 100644 code/theme/framework-customizations/extensions/lema/shortcodes/views/categorylist/items.php
 delete mode 100644 code/theme/framework-customizations/extensions/lema/shortcodes/views/categorylist/title.php
 create mode 100644 code/theme/framework-customizations/extensions/lema/shortcodes/views/lema_category_list/la-india.php create mode 100644 code/theme/framework-customizations/extensions/lema/shortcodes/views/lema_category_list/la-india.php
Not expected branch : 
Not expected branch : refs/heads/luctc
Not expected branch : 
Not expected branch : refs/heads/thangpd/useracess
Fail to update develop of learn-master
Updating 7c77d5b..1c12120
Fast-forward
 admin/AdminTemplate.php                    |  6 ++++--
 admin/controllers/PermissionController.php |  2 ++
 config.php                                 |  9 ++++++---
 core/components/RoleManager.php            | 24 +++++++++++++++++++++---
 models/OrderModel.php                      |  1 +
 5 files changed, 34 insertions(+), 8 deletions(-) 5 files changed, 34 insertions(+), 8 deletions(-)
Fail to update develop of education
Updating 35e8aeb..2ed7490
Fast-forward
 .../extensions/events/static/css/_events.scss                  |  9 +++++----
 code/theme/framework-customizations/theme/custom-color.php     |  3 ++-
 code/theme/static/css/educhain-components.css                  | 10 ++++++----
 code/theme/static/css/lema-custom.css                          |  3 ++-
 code/theme/static/css/lema-custom.scss                         |  3 ++-
 5 files changed, 17 insertions(+), 11 deletions(-) 5 files changed, 17 insertions(+), 11 deletions(-)
Not expected branch : refs/heads/luctc
Not expected branch : refs/heads/luctc
Not expected branch : 
Fail to update develop of education
Updating 2ed7490..3d6d181
Fast-forward
 .../posts-block/static/css/_posts-block.scss          | 19 +++++++++++++++++++
 .../extensions/widgets/static/css/widgets.css         |  2 +-
 .../extensions/widgets/static/css/widgets.scss        |  4 +---
 .../framework-customizations/theme/custom-color.php   | 14 +++++++++++---
 code/theme/static/css/educhain-components.css         | 10 ++++++++++
 code/theme/static/css/layout.css                      | 11 ++++++-----
 code/theme/static/css/layout.scss                     |  7 ++-----
 code/theme/static/css/lema-custom.css                 | 10 ++++++----
 code/theme/static/css/lema-custom.scss                |  6 ++----
 9 files changed, 58 insertions(+), 25 deletions(-) 9 files changed, 58 insertions(+), 25 deletions(-)
Not expected branch : refs/heads/hotfix/1.1.7
Updating 3d6d181..f9cec96
Fast-forward
 .../header-09/class-slz-header-header-09.php       |  10 +-
 .../headers/headers/header-09/options.php          |  10 +-
 .../headers/headers/header-09/views/view.php       |   4 +-
 code/theme/static/css/layout.css                   | 228 ++++++++++-------
 code/theme/static/css/layout.scss                  | 284 ++++++++++++++-------
 5 files changed, 336 insertions(+), 200 deletions(-) 5 files changed, 336 insertions(+), 200 deletions(-)
Not expected branch : refs/heads/hieutct/data
Not expected branch : refs/heads/hieutct/addStyle
Not expected branch : refs/heads/hieutct/review_comment
Not expected branch : refs/heads/longphb/style-header
Not expected branch : refs/heads/thanh/one-nicke
Not expected branch : refs/heads/tailm/_fix
Not expected branch : 
Not expected branch : 
Not expected branch : 
Fail to update develop of education
Updating f9cec96..4b4320e
Fast-forward
 .../static/css/gallery-carousel.css                |  4 ++++
 .../static/css/gallery-carousel.scss               |  3 +++
 .../posts-block/static/css/_posts-block.scss       | 25 +++++++++++++++++++---
 code/theme/static/css/educhain-components.css      | 18 ++++++++++++++++
 4 files changed, 47 insertions(+), 3 deletions(-) 4 files changed, 47 insertions(+), 3 deletions(-)
Not expected branch : refs/heads/tailm/_fix
Not expected branch : refs/heads/luctc
Not expected branch : 
Not expected branch : refs/heads/hotfix/1.1.7
Not expected branch : refs/heads/tailm/_fix
Not expected branch : 
Not expected branch : 
Not expected branch : refs/heads/tailm/_fix
Updating 4b4320e..427f083
Fast-forward
 .../event-block/static/css/event-block.css         |   988 +-
 .../event-carousel/static/css/event-carousel.css   |   862 +-
 .../shortcodes/faq-block/static/css/faq-block.css  |   166 +-
 .../static/css/gallery-carousel.css                |   744 +-
 .../gallery-grid/static/css/gallery-grid.css       |    74 +-
 .../gallery-masonry/static/css/gallery-masonry.css |   164 +-
 .../shortcodes/isotope/static/css/isotope.css      |   492 +-
 .../shortcodes/instagram/static/css/instagram.css  |    52 +-
 .../static/css/course-collection.css               |  1238 +-
 .../featured-course/static/css/featured-course.css |   730 +-
 .../instructor/static/css/instructor.css           |  1000 +-
 .../shortcodes/new-tweet/static/css/new-tweet.css  |   640 +-
 .../static/css/portfolio-carousel.css              |     6 +-
 .../portfolio-list/static/css/portfolio-list.css   |   232 +-
 .../service-block/static/css/service-block.css     |   214 +-
 .../shortcodes/about-me/static/css/about-me.css    |   724 +-
 .../shortcodes/accordion/static/css/accordion.css  |   508 +-
 .../shortcodes/contact/static/css/contact.css      |   856 +-
 .../statics/css/content-carousel.css               |   310 +-
 .../count-down/static/css/count-down.css           |   454 +-
 .../shortcodes/counterv2/static/css/counterv2.css  |  1216 +-
 .../features-block/static/css/features-block.css   |  1208 +-
 .../shortcodes/icons-block/options/layout-1.php    |     1 +
 .../icons-block/static/css/_icon-block.scss        |   176 +
 .../shortcodes/icons-block/vc_options.php          |     8 +
 .../shortcodes/icons-block/views/layout-1.php      |    12 +
 .../shortcodes/item-list/static/css/item-list.css  |   801 +-
 .../shortcodes/item-list/static/css/item-list.scss |    18 +
 .../main-title/static/css/main-title.css           |   340 +-
 .../main-title/static/css/main-title.scss          |   236 +-
 .../shortcodes/shortcodes/map/static/css/map.css   |   178 +-
 .../static/css/material-download.css               |    42 +-
 .../newsletter/static/css/newsletter.css           |   510 +-
 .../shortcodes/partner/static/css/partner.css      |    76 +-
 .../posts-carousel/static/css/posts-carousel.css   |  1168 +-
 .../posts-grid/static/css/posts-grid.css           |   974 +-
 .../posts-mansory/static/css/posts-masonry.css     |    80 +-
 .../pricing-box/static/css/pricing-box.css         |  2278 +--
 .../shortcodes/process/static/css/process.css      |   980 +-
 .../progress-bar/static/css/progress-bar.css       |   314 +-
 .../shortcodes/timeline/static/css/timeline.css    |  1390 +-
 .../video-carousel/static/css/video-carousel.css   |   620 +-
 .../team-block/static/css/team-block.css           |  2118 +--
 .../team-carousel/static/css/team-carousel.css     |  1576 +-
 .../testimonial/static/css/testimonial.css         |  4428 ++---
 .../extensions/widgets/static/css/widgets.css      |  3284 ++--
 code/theme/static/css/custom-editor.css            |   518 +-
 code/theme/static/css/educhain-components.css      | 16476 ++++++++++---------
 code/theme/static/css/educhain-forum.css           |  6368 +++----
 code/theme/static/css/layout.css                   |  6524 ++++----
 code/theme/static/css/lema-custom.css              | 13140 +++++++--------
 code/theme/static/css/responsive.css               |   380 +-
 code/theme/style.css                               |     2 +-
 53 files changed, 39165 insertions(+), 38729 deletions(-) 53 files changed, 39165 insertions(+), 38729 deletions(-)
Not expected branch : refs/heads/hotfix/1.1.7
Not expected branch : refs/heads/luctc
Not expected branch : 
Not expected branch : 
Not expected branch : 
Fail to update develop of education
Updating 427f083..526ced6
Fast-forward
 code/theme/framework-customizations/theme/custom-color.php | 6 ++++++
 1 file changed, 6 insertions(+) 1 file changed, 6 insertions(+)
Not expected branch : refs/heads/hotfix/1.1.7
Not expected branch : refs/heads/luctc
Not expected branch : refs/heads/luctc
Not expected branch : 
Fail to update develop of education
Updating 526ced6..eac001b
Fast-forward
 .../shortcodes/shortcodes/icons-block/static/css/_icon-block.scss        | 1 +
 code/theme/static/css/educhain-components.css                            | 1 +
 2 files changed, 2 insertions(+) 2 files changed, 2 insertions(+)
Not expected branch : refs/heads/hotfix/1.1.7
Updating eac001b..9d36af6
Fast-forward
 .../extensions/events/includes/class-slz-event.php |  2 +-
 .../extensions/events/views/single.php             |  2 +-
 .../faq/shortcodes/faq-block/views/view.php        |  6 ++--
 .../extensions/faq/views/archive.php               |  2 +-
 .../extensions/faq/views/single.php                |  2 +-
 .../shortcodes/gallery-grid/views/grid-view.php    |  2 +-
 .../extensions/gallery/views/content.php           |  6 ++--
 .../shortcodes/featured-course/views/layout-1.php  |  2 +-
 .../lema/shortcodes/views/search-box/view.php      |  4 +--
 .../extensions/portfolio/views/course-info.php     |  2 +-
 .../extensions/posts/posts/post-01/views/info.php  |  2 +-
 .../extensions/posts/posts/post-02/views/info.php  |  2 +-
 .../extensions/posts/posts/post-03/views/info.php  |  2 +-
 .../extensions/posts/posts/post-04/views/info.php  |  2 +-
 .../extensions/posts/posts/post-05/views/info.php  |  2 +-
 .../shortcodes/accordion/views/layout-1.php        |  2 +-
 .../shortcodes/accordion/views/layout-2.php        |  2 +-
 .../shortcodes/contact/views/layout-1.php          |  2 +-
 .../shortcodes/contact/views/layout-2.php          |  2 +-
 .../shortcodes/contact/views/layout-3.php          |  2 +-
 .../shortcodes/shortcodes/video/views/layout-1.php |  4 +--
 .../shortcodes/shortcodes/video/views/layout-2.php |  4 +--
 .../shortcodes/testimonial/views/layout-2.php      |  2 +-
 .../shortcodes/testimonial/views/layout-4.php      |  2 +-
 .../shortcodes/testimonial/views/layout-5.php      |  2 +-
 code/theme/functions.php                           | 11 ++++++++
 code/theme/includes/helpers.php                    |  6 ++--
 code/theme/includes/hooks.php                      |  2 +-
 code/theme/page-templates/login-page.php           |  2 +-
 code/theme/setup/class-educhain-setup.php          |  6 ++--
 code/theme/setup/layout.php                        |  8 +++---
 code/theme/setup/steps/check-requirement.php       |  2 +-
 code/theme/setup/steps/generate-demo.php           |  6 ++--
 code/theme/setup/steps/select-template.php         |  4 +--
 code/theme/static/css/default.css                  | 33 ++++++++++++++++++++++
 35 files changed, 94 insertions(+), 50 deletions(-) 35 files changed, 94 insertions(+), 50 deletions(-)
Updating 9d36af6..422bc27
Fast-forward
 .../framework-customizations/extensions/optimization/static.php     | 6 +++---
 code/theme/includes/static.php                                      | 3 ++-
 2 files changed, 5 insertions(+), 4 deletions(-) 2 files changed, 5 insertions(+), 4 deletions(-)
Updating 1c12120..692dae8
Fast-forward
 admin/AdminTemplate.php               |  4 +--
 core/Controller.php                   | 25 +++++++---------
 core/components/ControllerManager.php | 56 +++++++++++++++--------------------
 3 files changed, 36 insertions(+), 49 deletions(-) 3 files changed, 36 insertions(+), 49 deletions(-)
Not expected branch : refs/heads/hotfix/1.1.7
Not expected branch : refs/heads/hotfix/1.1.7
Updating 422bc27..cef82b9
Fast-forward
 .../extensions/events/views/single.php             |  2 +-
 .../extensions/optimization/static.php             |  2 +-
 .../widgets/button/class-slz-widget-button.php     |  2 +-
 .../widgets/partner/class-slz-widget-partner.php   |  2 +-
 .../theme/includes/class-tgm-plugin-activation.php |  8 +++---
 code/theme/includes/helpers.php                    |  4 +--
 code/theme/setup/class-educhain-setup.php          | 30 +++++++++++-----------
 code/theme/setup/steps/import-theme-setting.php    |  4 +--
 code/theme/static/css/default.css                  |  4 +++
 code/theme/style.css                               |  2 +-
 10 files changed, 32 insertions(+), 28 deletions(-) 10 files changed, 32 insertions(+), 28 deletions(-)
Not expected branch : refs/heads/master
