Not expected branch : refs/heads/hotifx/2.0.8
Not expected branch : refs/heads/style_vubd
Not expected branch : refs/heads/sonpq
Not expected branch : refs/heads/nhan/timeline
Not expected branch : refs/heads/sonpq
Not expected branch : 
Fail to update develop of education
Updating c8f0941..4367075
Fast-forward
 .../count-down/static/css/count-down.css           | 413 +++++++++++----------
 .../count-down/static/css/count-down.scss          |  31 +-
 .../shortcodes/count-down/vc_options.php           |   3 +-
 3 files changed, 245 insertions(+), 202 deletions(-) 3 files changed, 245 insertions(+), 202 deletions(-)
Not expected branch : refs/heads/style_tailm
Not expected branch : 
Fail to update develop of lema-marketplace-instructor
Not expected branch : refs/heads/html_tab
Updating 07991fa..589a34b
Fast-forward
 .../classes/front/views/dashboard/_tab_insight.php |   2 +-
 static/styles/lema-marketplace.css                 | 105 +++++++++++++++++++--
 2 files changed, 100 insertions(+), 7 deletions(-) 2 files changed, 100 insertions(+), 7 deletions(-)
Not expected branch : refs/heads/hieutct/updateData
Fail to update develop of education
Updating 4367075..f578763
Fast-forward
 code/theme/setup/data-master/attachments/educhain_college               | 1 +
 code/theme/setup/data-master/attachments/educhain_university            | 1 +
 code/theme/setup/data-master/menus/educhain_college                     | 1 +
 code/theme/setup/data-master/menus/educhain_university                  | 1 +
 code/theme/setup/data-master/pages/educhain_college                     | 1 +
 code/theme/setup/data-master/pages/educhain_university                  | 1 +
 code/theme/setup/data-master/theme_settings/educhain_college.setting    | 1 +
 code/theme/setup/data-master/theme_settings/educhain_university.setting | 1 +
 8 files changed, 8 insertions(+)
 create mode 100644 code/theme/setup/data-master/attachments/educhain_college
 create mode 100644 code/theme/setup/data-master/attachments/educhain_university
 create mode 100644 code/theme/setup/data-master/menus/educhain_college
 create mode 100644 code/theme/setup/data-master/menus/educhain_university
 create mode 100644 code/theme/setup/data-master/pages/educhain_college
 create mode 100644 code/theme/setup/data-master/pages/educhain_university
 create mode 100644 code/theme/setup/data-master/theme_settings/educhain_college.setting
 create mode 100644 code/theme/setup/data-master/theme_settings/educhain_university.setting create mode 100644 code/theme/setup/data-master/theme_settings/educhain_university.setting
Not expected branch : refs/heads/style_tailm
Not expected branch : 
Not expected branch : refs/heads/style_tailm
Not expected branch : 
Not expected branch : refs/heads/style_tailm
Not expected branch : 
Not expected branch : refs/heads/style_tailm
Updating f578763..6746cf6
Fast-forward
 .../shortcodes/item-list/static/css/item-list.css  | 558 +++++++++++----------
 .../shortcodes/item-list/static/css/item-list.scss |  48 ++
 2 files changed, 342 insertions(+), 264 deletions(-) 2 files changed, 342 insertions(+), 264 deletions(-)
Fail to update develop of education
Not expected branch : refs/heads/hotfix/1.1.8
Not expected branch : refs/heads/hotifx/2.0.8
Not expected branch : refs/heads/hotifx/2.0.8
Not expected branch : refs/heads/hotfix/1.1.8
Not expected branch : refs/heads/hotfix/1.1.8
Not expected branch : refs/heads/style_tailm
Not expected branch : 
Not expected branch : refs/heads/style_tailm
Updating 6746cf6..f91cb4e
Fast-forward
 .../extensions/shortcodes/shortcodes/item-list/vc_options.php          | 3 ++-
 1 file changed, 2 insertions(+), 1 deletion(-) 1 file changed, 2 insertions(+), 1 deletion(-)
Already up-to-date.Already up-to-date.
Not expected branch : refs/heads/hotfix/1.1.8
Not expected branch : refs/heads/hotfix/1.1.8
Not expected branch : refs/heads/style_tailm
Not expected branch : 
Not expected branch : refs/heads/style_tailm
Updating f91cb4e..c9e3a73
Fast-forward
 .../shortcodes/shortcodes/contact/static/css/contact.css      | 11 +++++++++++
 .../shortcodes/shortcodes/contact/static/css/contact.scss     |  6 ++++++
 code/theme/framework-customizations/theme/custom-color.php    |  4 ++--
 3 files changed, 19 insertions(+), 2 deletions(-) 3 files changed, 19 insertions(+), 2 deletions(-)
Fail to update develop of education
Not expected branch : refs/heads/hieutct/scholarship
Not expected branch : refs/heads/luctc
Not expected branch : refs/heads/luctc
Not expected branch : refs/heads/hieutct/eventblock
Not expected branch : 
Not expected branch : refs/heads/hotfix/1.1.8
Not expected branch : refs/heads/hieutct/scholarship
Not expected branch : 
Not expected branch : refs/heads/nhan/timeline
Not expected branch : 
Not expected branch : refs/heads/style_tailm
Not expected branch : 
Updating c9e3a73..44f1df1
Fast-forward
 .../shortcodes/contact/static/css/contact.css      |  27 +++++-
 .../shortcodes/contact/static/css/contact.scss     |  51 ++++++++++-
 .../shortcodes/item-list/static/css/item-list.css  |   6 +-
 .../shortcodes/shortcodes/map/static/css/map.css   | 102 ++++++++++-----------
 4 files changed, 131 insertions(+), 55 deletions(-) 4 files changed, 131 insertions(+), 55 deletions(-)
Not expected branch : refs/heads/style_tailm
Your branch is behind 'origin/develop' by 2 commits, and can be fast-forwarded.
  (use "git pull" to update your local branch)
Already up-to-date.Already up-to-date.
Not expected branch : refs/heads/style_tailm
Not expected branch : 
Not expected branch : refs/heads/hotfix/1.1.8
Not expected branch : refs/heads/style_tailm
Not expected branch : 
Not expected branch : refs/heads/style_tailm
Fail to update develop of education
Updating 44f1df1..0b6e44c
Fast-forward
 .../shortcodes/shortcodes/item-list/static/css/item-list.scss       | 6 ++++--
 1 file changed, 4 insertions(+), 2 deletions(-) 1 file changed, 4 insertions(+), 2 deletions(-)
Updating 0b6e44c..47918aa
Fast-forward
 .../shortcodes/accordion/options/layout-1.php      |   1 +
 .../shortcodes/accordion/static/css/accordion.css  | 506 +++++++++------
 .../shortcodes/accordion/static/css/accordion.scss | 708 ++++++++++++---------
 .../shortcodes/accordion/views/layout-1.php        |   1 +
 4 files changed, 709 insertions(+), 507 deletions(-) 4 files changed, 709 insertions(+), 507 deletions(-)
Fail to update develop of education
Not expected branch : refs/heads/style_vubd
Not expected branch : refs/heads/style_vubd
Not expected branch : 
Updating 47918aa..dc5b0b2
Fast-forward
 .../shortcodes/timeline/static/css/timeline.css    | 1051 ++++++++++----------
 .../shortcodes/timeline/static/css/timeline.scss   | 1021 +++++++++----------
 .../shortcodes/timeline/static/js/timeline.js      |  512 +++++-----
 .../theme/custom-color.php                         |   33 +-
 4 files changed, 1231 insertions(+), 1386 deletions(-) 4 files changed, 1231 insertions(+), 1386 deletions(-)
Fail to update develop of education
Not expected branch : refs/heads/luctc
Not expected branch : 
Not expected branch : 
Not expected branch : refs/heads/luctc
Not expected branch : 
Fail to update develop of education
Updating dc5b0b2..7e24a22
Fast-forward
 .../event-block/static/css/event-block.css         |   623 +-
 .../event-carousel/static/css/event-carousel.css   |   491 +-
 .../shortcodes/faq-block/static/css/faq-block.css  |    74 +-
 .../static/css/gallery-carousel.css                |   843 +-
 .../gallery-grid/static/css/gallery-grid.css       |   195 +-
 .../gallery-masonry/static/css/gallery-masonry.css |    68 +-
 .../shortcodes/isotope/static/css/isotope.css      |   209 +-
 .../shortcodes/instagram/static/css/instagram.css  |   129 +-
 .../static/css/course-collection.css               |   862 +-
 .../featured-course/static/css/featured-course.css |   456 +-
 .../instructor/static/css/instructor.css           |   567 +-
 .../shortcodes/new-tweet/static/css/new-tweet.css  |   401 +-
 .../static/css/portfolio-carousel.css              |     2 +-
 .../portfolio-list/static/css/portfolio-list.css   |   124 +-
 .../service-block/static/css/service-block.css     |   112 +-
 .../shortcodes/about-me/static/css/about-me.css    |   486 +-
 .../statics/css/content-carousel.css               |   216 +-
 .../count-down/static/css/count-down.css           |     4 +-
 .../shortcodes/counterv2/static/css/counterv2.css  |   628 +-
 .../features-block/static/css/features-block.css   |   585 +-
 .../shortcodes/item-list/static/css/item-list.css  |     4 +-
 .../shortcodes/shortcodes/map/static/css/map.css   |     4 +-
 .../static/css/material-download.css               |    16 +-
 .../newsletter/static/css/newsletter.css           |   461 +-
 .../shortcodes/partner/static/css/partner.css      |   293 +-
 .../shortcodes/shortcodes/posts-block/config.php   |     7 +-
 .../shortcodes/posts-block/options/layout-3.php    |    19 +-
 .../posts-block/static/css/_posts-block.scss       |  3865 +++----
 .../shortcodes/posts-block/views/layout-3.php      |     5 +
 .../posts-carousel/static/css/posts-carousel.css   |   888 +-
 .../posts-grid/static/css/posts-grid.css           |   590 +-
 .../posts-mansory/static/css/posts-masonry.css     |    44 +-
 .../pricing-box/static/css/pricing-box.css         |  1293 ++-
 .../shortcodes/process/static/css/process.css      |   705 +-
 .../progress-bar/static/css/progress-bar.css       |   160 +-
 .../shortcodes/social/static/css/social.css        |   122 +-
 .../shortcodes/timeline/static/css/timeline.css    |    12 +-
 .../video-carousel/static/css/video-carousel.css   |   421 +-
 .../team-block/static/css/team-block.css           |  1088 +-
 .../team-carousel/static/css/team-carousel.css     |   810 +-
 .../testimonial/static/css/testimonial.css         |  2864 +++--
 .../extensions/widgets/static/css/widgets.css      |  1641 ++-
 code/theme/static/css/custom-editor.css            |   324 +-
 code/theme/static/css/educhain-components.css      | 10577 +++++++++----------
 code/theme/static/css/educhain-forum.css           |  3515 +++---
 code/theme/static/css/lema-custom.css              |   116 +-
 code/theme/static/css/responsive.css               |   316 +-
 47 files changed, 18442 insertions(+), 18793 deletions(-) 47 files changed, 18442 insertions(+), 18793 deletions(-)
Not expected branch : refs/heads/style_tailm
Not expected branch : 
Not expected branch : refs/heads/luctc
Not expected branch : refs/heads/style_vubd
Not expected branch : refs/heads/style_vubd
Not expected branch : 
Not expected branch : 
Fail to update develop of education
Updating 7e24a22..cfa8a29
Fast-forward
 .../shortcodes/shortcodes/timeline/views/layout-2.php  | 18 ++++++++++++------
 1 file changed, 12 insertions(+), 6 deletions(-) 1 file changed, 12 insertions(+), 6 deletions(-)
Not expected branch : refs/heads/style_tailm
Not expected branch : 
Not expected branch : 
Not expected branch : refs/heads/style_tailm
Not expected branch : refs/heads/hotfix/1.1.8
Not expected branch : refs/heads/style_vubd
Not expected branch : refs/heads/luctc
Not expected branch : 
Updating cfa8a29..28d716f
Fast-forward
 .../shortcodes/timeline/static/css/timeline.css    | 22 ++++++++++------------
 .../shortcodes/timeline/static/css/timeline.scss   |  9 ++++-----
 2 files changed, 14 insertions(+), 17 deletions(-) 2 files changed, 14 insertions(+), 17 deletions(-)
Fail to update develop of education
Not expected branch : refs/heads/nhan/timeline
Not expected branch : 
Updating 28d716f..fe46832
Fast-forward
 .../shortcodes/accordion/static/css/accordion.css    | 20 ++++++++++++++++++--
 .../shortcodes/accordion/static/css/accordion.scss   | 14 ++++++++++++--
 2 files changed, 30 insertions(+), 4 deletions(-) 2 files changed, 30 insertions(+), 4 deletions(-)
Fail to update develop of education
Not expected branch : 
Not expected branch : refs/heads/style_vubd
Not expected branch : refs/heads/style_tailm
Not expected branch : 
Not expected branch : 
Not expected branch : refs/heads/hotfix/1.1.8
Not expected branch : refs/heads/style_tailm
Not expected branch : 
Updating fe46832..b6e1009
Fast-forward
 .../extensions/shortcodes/shortcodes/timeline/static/css/timeline.css | 4 ++--
 .../shortcodes/shortcodes/timeline/static/css/timeline.scss           | 4 ++--
 2 files changed, 4 insertions(+), 4 deletions(-) 2 files changed, 4 insertions(+), 4 deletions(-)
Fail to update develop of education
Not expected branch : 
Not expected branch : refs/heads/style_vubd
Not expected branch : refs/heads/style_tailm
Updating b6e1009..2dfac1e
Fast-forward
 .../shortcodes/faq-block/static/css/faq-block.css  |   4 +-
 .../static/css/gallery-carousel.css                |  14 +-
 .../static/css/gallery-carousel.scss               |   2 +-
 .../gallery-masonry/static/css/gallery-masonry.css |   4 +-
 .../shortcodes/isotope/static/css/isotope.css      |   4 +-
 .../shortcodes/instagram/static/css/instagram.css  |   4 +-
 .../static/css/course-collection.css               |   4 +-
 .../instructor/static/css/instructor.css           |   4 +-
 .../shortcodes/new-tweet/static/css/new-tweet.css  |   4 +-
 .../service-block/static/css/service-block.css     |   4 +-
 .../count-down/static/css/count-down.css           |   4 +-
 .../shortcodes/counterv2/static/css/counterv2.css  |   4 +-
 .../features-block/static/css/features-block.css   |  70 +++----
 .../shortcodes/item-list/static/css/item-list.css  |   4 +-
 .../shortcodes/shortcodes/map/static/css/map.css   |   4 +-
 .../static/css/material-download.css               |   4 +-
 .../newsletter/static/css/newsletter.css           |   8 +-
 .../shortcodes/partner/static/css/partner.css      |   8 +-
 .../posts-carousel/static/css/posts-carousel.css   |   4 +-
 .../posts-grid/static/css/posts-grid.css           |  56 +++---
 .../posts-mansory/static/css/posts-masonry.css     |   4 +-
 .../pricing-box/static/css/pricing-box.css         |  28 +--
 .../shortcodes/process/static/css/process.css      |  42 ++---
 .../progress-bar/static/css/progress-bar.css       |   8 +-
 .../video-carousel/static/css/video-carousel.css   |   4 +-
 .../team-block/static/css/team-block.css           |  66 +++----
 .../team-carousel/static/css/team-carousel.css     |  20 +-
 .../testimonial/static/css/testimonial.css         | 110 +++++------
 .../extensions/widgets/static/css/widgets.css      |  72 +++----
 code/theme/static/css/custom-editor.css            |  60 +++---
 code/theme/static/css/educhain-components.css      | 208 ++++++++++-----------
 code/theme/static/css/educhain-forum.css           |  58 +++---
 code/theme/static/css/lema-custom.css              | 116 ++++++------
 33 files changed, 505 insertions(+), 505 deletions(-) 33 files changed, 505 insertions(+), 505 deletions(-)
Fail to update develop of education
Not expected branch : refs/heads/style_vubd
Not expected branch : 
Updating 2dfac1e..1a576e7
Fast-forward
 code/theme/framework-customizations/theme/custom-color.php | 4 ++++
 1 file changed, 4 insertions(+) 1 file changed, 4 insertions(+)
Fail to update develop of education
Not expected branch : refs/heads/style_vubd
Not expected branch : 
Fail to update develop of education
Updating 1a576e7..b4c65af
Fast-forward
 .../extensions/shortcodes/shortcodes/timeline/static/css/timeline.css    | 1 +
 .../extensions/shortcodes/shortcodes/timeline/static/css/timeline.scss   | 1 +
 2 files changed, 2 insertions(+) 2 files changed, 2 insertions(+)
Not expected branch : refs/heads/hotfix/1.0.10
Not expected branch : refs/heads/master
Updating c291ff4..1f660b4
Fast-forward
 .../class-slz-shortcode-video-carousel.php         | 20 ++++++++++++++++
 .../video-list/class-slz-shortcode-video-list.php  | 21 ++++++++++++++++-
 .../shortcodes/video/class-slz-shortcode-video.php |  3 ++-
 .../includes/extra-functions/class-slz-util.php    | 27 +++++++++++++++++++++-
 4 files changed, 68 insertions(+), 3 deletions(-) 4 files changed, 68 insertions(+), 3 deletions(-)
Not expected branch : refs/heads/master
Updating ee211ca..7616868
Fast-forwardFast-forward
Not expected branch : refs/heads/hotfix/1.1.8
Not expected branch : refs/heads/nhan/timeline
Not expected branch : 
Updating b4c65af..2b2c43e
Fast-forward
 .../shortcodes/accordion/static/css/accordion.css  | 30 ++++++++++++++++++++++
 .../shortcodes/accordion/static/css/accordion.scss | 23 +++++++++++++++++
 2 files changed, 53 insertions(+) 2 files changed, 53 insertions(+)
Fail to update develop of education
Not expected branch : refs/heads/duytn/new-master
Not expected branch : refs/heads/master
Updating 2b2c43e..aa595ef
Fast-forward
 .gitignore                                         |    1 +
 code/theme/default-templates/header.php            |    2 +-
 .../events/shortcodes/event-carousel/static.php    |    8 -
 .../footers/footers/footer-03/options.php          |    3 +-
 .../gallery/shortcodes/gallery-grid/config.php     |    4 -
 .../gallery/shortcodes/isotope/static.php          |   18 -
 .../gallery/shortcodes/isotope/vc_options.php      |   11 -
 .../header-09/class-slz-header-header-09.php       |    4 -
 .../headers/header-09/options/login_register.php   |    5 -
 .../slz-shortcode-lema-uni-search-box.php          |    9 -
 .../views/lema_category_list/la-india.php          |    2 +-
 .../extensions/optimization/static.php             |    6 +-
 .../posts/posts/post-01/views/related_item.php     |   14 -
 .../posts/posts/post-02/views/related_item.php     |   14 -
 .../posts/posts/post-03/views/related_item.php     |   14 -
 .../posts/posts/post-04/views/related_item.php     |   14 -
 .../posts/posts/post-05/views/related_item.php     |   14 -
 .../shortcodes/shortcodes/contact-form/static.php  |   15 -
 .../shortcodes/shortcodes/icons-block/static.php   |    6 -
 .../shortcodes/icons-block/views/layout-3.php      |    5 -
 .../shortcodes/icons-block/views/layout-4.php      |   15 +-
 .../shortcodes/image-carousel/static.php           |    5 -
 .../shortcodes/shortcodes/posts-block/static.php   |    6 -
 .../shortcodes/video-carousel/views/view.php       |   14 +-
 .../shortcodes/shortcodes/video/config.php         |   32 +-
 .../shortcodes/video/options/layout-2.php          |   18 +-
 .../shortcodes/video/static/css/_video.scss        |  848 ---------------
 .../shortcodes/shortcodes/video/vc_options.php     |    4 +-
 .../shortcodes/shortcodes/video/views/layout-1.php |  177 +--
 .../shortcodes/shortcodes/video/views/layout-2.php |  179 +--
 .../shortcodes/shortcodes/video/views/view.php     |   60 +-
 .../shortcodes/team-carousel/views/layout-3.php    |    2 +-
 .../shortcodes/team-carousel/views/layout-4.php    |    2 +-
 .../shortcodes/team-carousel/views/layout-5.php    |    2 +-
 .../shortcodes/team-carousel/views/layout-6.php    |    2 +-
 .../extensions/widgets/hooks.php                   |   32 -
 .../widgets/widgets/recent-post/views/front.php    |    6 -
 .../framework-customizations/theme/config.php      |   16 +-
 .../theme/options/general-settings.php             |   35 +-
 code/theme/header-none.php                         |    3 +-
 code/theme/header.php                              |    5 +-
 .../theme/includes/class-tgm-plugin-activation.php |    3 +-
 code/theme/includes/helpers.php                    |   10 +-
 code/theme/includes/hooks.php                      |   24 +-
 code/theme/includes/menus.php                      |    5 -
 code/theme/languages/educhain.pot                  | 1148 ++++++++++++++------
 code/theme/plugins/learnmaster.zip                 |  Bin 6258057 -> 6245129 bytes
 code/theme/plugins/solazu-unyson.zip               |  Bin 8674591 -> 8670808 bytes
 code/theme/setup/class-educhain-setup.php          |   16 +-
 .../setup/data-master/views/import_attachments.php |    2 +-
 .../theme/setup/data-master/views/import_pages.php |    1 -
 code/theme/setup/steps/select-template.php         |    4 -
 code/theme/setup/steps/select-template/item.php    |    4 -
 53 files changed, 1168 insertions(+), 1681 deletions(-)
 delete mode 100644 code/theme/framework-customizations/extensions/shortcodes/shortcodes/video/static/css/_video.scss delete mode 100644 code/theme/framework-customizations/extensions/shortcodes/shortcodes/video/static/css/_video.scss
Not expected branch : refs/heads/thangpd/SCstyle
Not expected branch : refs/heads/thangpd/SCstyle
Not expected branch : refs/heads/thangpd/SCstyle
Not expected branch : refs/heads/thangpd/SCstyle
Not expected branch : refs/heads/thangpd/SCstyle
Not expected branch : refs/heads/thangpd/SCstyle
Not expected branch : 
Not expected branch : refs/heads/style_vubd
Not expected branch : refs/heads/style_tailm
Not expected branch : 
Not expected branch : 
Not expected branch : refs/heads/style_tailm
Not expected branch : refs/heads/style_vubd
Not expected branch : 
Fail to update develop of education
Updating aa595ef..6de6d19
Fast-forward
 .../event-block/static/css/event-block.css         |  1162 +-
 .../event-carousel/static/css/event-carousel.css   |   862 +-
 .../shortcodes/faq-block/static/css/faq-block.css  |   162 +-
 .../static/css/gallery-carousel.css                |  1490 +-
 .../gallery-grid/static/css/gallery-grid.css       |   368 +-
 .../gallery-masonry/static/css/gallery-masonry.css |   160 +-
 .../shortcodes/isotope/static/css/isotope.css      |   488 +-
 .../shortcodes/instagram/static/css/instagram.css  |   246 +-
 .../static/css/course-collection.css               |  1406 +-
 .../featured-course/static/css/featured-course.css |   730 +-
 .../instructor/static/css/instructor.css           |   996 +-
 .../shortcodes/new-tweet/static/css/new-tweet.css  |   636 +-
 .../static/css/portfolio-carousel.css              |     6 +-
 .../portfolio-list/static/css/portfolio-list.css   |   232 +-
 .../service-block/static/css/service-block.css     |   222 +-
 .../shortcodes/about-me/static/css/about-me.css    |   732 +-
 .../shortcodes/accordion/static/css/accordion.css  |  1026 +-
 .../shortcodes/accordion/static/css/accordion.scss |     2 +-
 .../shortcodes/contact/static/css/contact.css      |  1178 +-
 .../statics/css/content-carousel.css               |   310 +-
 .../count-down/static/css/count-down.css           |   662 +-
 .../shortcodes/counterv2/static/css/counterv2.css  |  1268 +-
 .../features-block/static/css/features-block.css   |  1138 +-
 .../shortcodes/item-list/static/css/item-list.css  |   924 +-
 .../main-title/static/css/main-title.css           |   614 +-
 .../main-title/static/css/main-title.scss          |   748 +-
 .../shortcodes/shortcodes/map/static/css/map.css   |   174 +-
 .../static/css/material-download.css               |    38 +-
 .../newsletter/static/css/newsletter.css           |   786 +-
 .../shortcodes/partner/static/css/partner.css      |   438 +-
 .../posts-carousel/static/css/posts-carousel.css   |  1616 +-
 .../posts-grid/static/css/posts-grid.css           |   918 +-
 .../posts-mansory/static/css/posts-masonry.css     |    76 +-
 .../pricing-box/static/css/pricing-box.css         |  2250 +--
 .../shortcodes/process/static/css/process.css      |   938 +-
 .../progress-bar/static/css/progress-bar.css       |   306 +-
 .../shortcodes/social/static/css/social.css        |   310 +-
 .../shortcodes/timeline/static/css/timeline.css    |  1420 +-
 .../video-carousel/static/css/video-carousel.css   |   616 +-
 .../team-block/static/css/team-block.css           |  2052 +-
 .../team-carousel/static/css/team-carousel.css     |  1556 +-
 .../testimonial/static/css/testimonial.css         |  5008 ++---
 .../extensions/widgets/static/css/widgets.css      |  3254 +--
 code/theme/package.json                            |     2 +-
 code/theme/static/css/custom-editor.css            |   616 +-
 code/theme/static/css/educhain-components.css      | 19798 +++++++++----------
 code/theme/static/css/educhain-forum.css           |  6310 +++---
 code/theme/static/css/layout.css                   |  6824 +++----
 code/theme/static/css/layout.scss                  |  5972 +++---
 code/theme/static/css/lema-custom.css              | 13434 ++++++-------
 code/theme/static/css/responsive.css               |   402 +-
 code/theme/static/css/responsive.scss              |   540 +-
 52 files changed, 46711 insertions(+), 46711 deletions(-) 52 files changed, 46711 insertions(+), 46711 deletions(-)
Not expected branch : refs/heads/style_vubd
Updating 6de6d19..8e69521
Fast-forward
 .gitignore | 1 -
 1 file changed, 1 deletion(-) 1 file changed, 1 deletion(-)
Not expected branch : 
Not expected branch : 
Not expected branch : 
Not expected branch : 
Not expected branch : refs/heads/style_tailm
Not expected branch : 
Not expected branch : refs/heads/luctc
Not expected branch : refs/heads/style_tailm
Fail to update develop of education
Updating 8e69521..31d78cd
Fast-forward
 code/theme/default-templates/header.php            |    2 +-
 .../events/shortcodes/event-carousel/static.php    |    8 +
 .../footers/footers/footer-03/options.php          |    3 +-
 .../gallery/shortcodes/gallery-grid/config.php     |    4 +
 .../gallery/shortcodes/isotope/static.php          |   18 +
 .../gallery/shortcodes/isotope/vc_options.php      |   11 +
 .../header-09/class-slz-header-header-09.php       |    4 +
 .../headers/header-09/options/login_register.php   |    5 +
 .../slz-shortcode-lema-uni-search-box.php          |    9 +
 .../views/lema_category_list/la-india.php          |    2 +-
 .../extensions/optimization/static.php             |    6 +-
 .../posts/posts/post-01/views/related_item.php     |   14 +
 .../posts/posts/post-02/views/related_item.php     |   14 +
 .../posts/posts/post-03/views/related_item.php     |   14 +
 .../posts/posts/post-04/views/related_item.php     |   14 +
 .../posts/posts/post-05/views/related_item.php     |   14 +
 .../shortcodes/accordion/static/css/accordion.css  |   30 -
 .../shortcodes/accordion/static/css/accordion.scss |   23 -
 .../shortcodes/shortcodes/contact-form/static.php  |   15 +
 .../shortcodes/shortcodes/icons-block/static.php   |    6 +
 .../shortcodes/icons-block/views/layout-3.php      |    5 +
 .../shortcodes/icons-block/views/layout-4.php      |   15 +-
 .../shortcodes/image-carousel/static.php           |    5 +
 .../shortcodes/shortcodes/posts-block/static.php   |    6 +
 .../shortcodes/timeline/static/css/timeline.css    |    5 +-
 .../shortcodes/timeline/static/css/timeline.scss   |    5 +-
 .../shortcodes/video-carousel/views/view.php       |   14 +-
 .../shortcodes/shortcodes/video/config.php         |   32 +-
 .../shortcodes/video/options/layout-2.php          |   18 +-
 .../shortcodes/video/static/css/_video.scss        |  885 +++++++++++++++
 .../shortcodes/shortcodes/video/vc_options.php     |    4 +-
 .../shortcodes/shortcodes/video/views/layout-1.php |  177 ++-
 .../shortcodes/shortcodes/video/views/layout-2.php |  179 ++-
 .../shortcodes/shortcodes/video/views/view.php     |   60 +-
 .../shortcodes/team-carousel/views/layout-3.php    |    2 +-
 .../shortcodes/team-carousel/views/layout-4.php    |    2 +-
 .../shortcodes/team-carousel/views/layout-5.php    |    2 +-
 .../shortcodes/team-carousel/views/layout-6.php    |    2 +-
 .../extensions/widgets/hooks.php                   |   32 +
 .../widgets/widgets/recent-post/views/front.php    |    6 +
 .../framework-customizations/theme/config.php      |   16 +-
 .../theme/custom-color.php                         |    4 -
 .../theme/options/general-settings.php             |   35 +-
 code/theme/header-none.php                         |    3 +-
 code/theme/header.php                              |    5 +-
 .../theme/includes/class-tgm-plugin-activation.php |    3 +-
 code/theme/includes/helpers.php                    |   10 +-
 code/theme/includes/hooks.php                      |   24 +-
 code/theme/includes/menus.php                      |    5 +
 code/theme/languages/educhain.pot                  | 1148 ++++++--------------
 code/theme/plugins/learnmaster.zip                 |  Bin 6245129 -> 6258057 bytes
 code/theme/plugins/solazu-unyson.zip               |  Bin 8670808 -> 8674591 bytes
 code/theme/setup/class-educhain-setup.php          |   16 +-
 .../setup/data-master/views/import_attachments.php |    2 +-
 .../theme/setup/data-master/views/import_pages.php |    1 +
 code/theme/setup/steps/select-template.php         |    4 +
 code/theme/setup/steps/select-template/item.php    |    4 +
 code/theme/static/css/educhain-components.css      |   36 +
 58 files changed, 1758 insertions(+), 1230 deletions(-)
 create mode 100644 code/theme/framework-customizations/extensions/shortcodes/shortcodes/video/static/css/_video.scss create mode 100644 code/theme/framework-customizations/extensions/shortcodes/shortcodes/video/static/css/_video.scss
Not expected branch : refs/heads/style_vubd
Not expected branch : refs/heads/style_vubd
Not expected branch : 
Fail to update develop of education
Updating 31d78cd..59eb07a
Fast-forward
 .../shortcodes/shortcodes/accordion/static/css/accordion.scss           | 2 +-
 1 file changed, 1 insertion(+), 1 deletion(-) 1 file changed, 1 insertion(+), 1 deletion(-)
