Updating c861429..8eecff9
Fast-forward
 solazu-live-settings/inc/SLZ_Live_Settings.php   | 38 +++++++++++++++++++-----
 solazu-live-settings/solazu-live-settings.php    |  4 +++
 solazu-live-settings/statics/js/live-settings.js | 20 +++++++++++--
 3 files changed, 52 insertions(+), 10 deletions(-) 3 files changed, 52 insertions(+), 10 deletions(-)
Not expected branch : 
Not expected branch : refs/heads/thangextraclass
Not expected branch : refs/heads/thangextraclass
Not expected branch : 
Not expected branch : refs/heads/thangextraclass
Not expected branch : 
Updating c920a5f..ae1726a
Fast-forward
 includes/classes/Hooks.php                         |  34 ++-
 .../admin/controllers/PaymentRequestController.php |  81 ++++++
 includes/classes/components/Helper.php             |  58 +++++
 .../classes/components/PaymentRequestInterface.php |  39 +++
 .../front/controllers/DashboardController.php      | 272 +++++++++++++++++++++
 .../front/controllers/InstructorController.php     |  48 ++++
 .../front/views/dashboard/___course_rating.php     |  24 ++
 .../front/views/dashboard/__course_list.php        |  39 +++
 .../front/views/dashboard/_tab_assignment.php      |   7 +
 .../classes/front/views/dashboard/_tab_courses.php |  56 +++++
 .../classes/front/views/dashboard/_tab_insight.php |   7 +
 includes/classes/front/views/dashboard/_tab_qa.php |   7 +
 .../classes/front/views/dashboard/_tab_reviews.php |   7 +
 includes/classes/front/views/dashboard/index.php   |  33 +++
 includes/classes/models/AccountModel.php           | 226 +++++++++++++++++
 includes/classes/models/InvoiceModel.php           |  16 ++
 includes/classes/models/RequestPaymentModel.php    | 212 ++++++++++++++++
 lema-maketplace-instructor.php                     |   4 +-
 static/scripts/lema-mkins.js                       |  31 +++
 static/styles/lema-mkins.css                       | 170 +++++++++++++
 20 files changed, 1368 insertions(+), 3 deletions(-)
 create mode 100644 includes/classes/admin/controllers/PaymentRequestController.php
 create mode 100644 includes/classes/components/PaymentRequestInterface.php
 create mode 100644 includes/classes/front/controllers/DashboardController.php
 create mode 100644 includes/classes/front/controllers/InstructorController.php
 create mode 100644 includes/classes/front/views/dashboard/___course_rating.php
 create mode 100644 includes/classes/front/views/dashboard/__course_list.php
 create mode 100644 includes/classes/front/views/dashboard/_tab_assignment.php
 create mode 100644 includes/classes/front/views/dashboard/_tab_courses.php
 create mode 100644 includes/classes/front/views/dashboard/_tab_insight.php
 create mode 100644 includes/classes/front/views/dashboard/_tab_qa.php
 create mode 100644 includes/classes/front/views/dashboard/_tab_reviews.php
 create mode 100644 includes/classes/front/views/dashboard/index.php
 create mode 100644 includes/classes/models/AccountModel.php
 create mode 100644 includes/classes/models/InvoiceModel.php
 create mode 100644 includes/classes/models/RequestPaymentModel.php
 create mode 100644 static/scripts/lema-mkins.js
 create mode 100644 static/styles/lema-mkins.css create mode 100644 static/styles/lema-mkins.css
Not expected branch : refs/heads/header
Not expected branch : 
Not expected branch : 
Not expected branch : 
Not expected branch : refs/heads/thanh/contact-form
Not expected branch : 
Not expected branch : refs/heads/luctc
Not expected branch : refs/heads/luctc
Not expected branch : refs/heads/luctc
Not expected branch : refs/heads/luctc
Not expected branch : 
Not expected branch : refs/heads/thanh/contact-form
Not expected branch : 
Fail to update develop of education
Updating b77eeeb..e34db98
Fast-forward
 .../extensions/posts/posts/post-01/views/view.php  |  5 +-
 .../extensions/posts/posts/post-02/views/view.php  |  5 +-
 .../extensions/posts/posts/post-03/views/view.php  |  5 +-
 .../extensions/posts/posts/post-04/views/view.php  |  6 +-
 .../extensions/posts/posts/post-05/views/view.php  |  5 +-
 .../contact-form/static/css/_contact-form.scss     |  9 +++
 .../shortcodes/contact/static/css/contact.css      | 26 +++++---
 .../shortcodes/contact/static/css/contact.scss     | 70 ++++++++++++++--------
 .../pricing-box/static/css/pricing-box.css         |  5 ++
 .../pricing-box/static/css/pricing-box.scss        |  5 ++
 .../theme/options/general-settings.php             | 28 ++++-----
 code/theme/static/css/educhain-components.css      |  8 +++
 12 files changed, 114 insertions(+), 63 deletions(-) 12 files changed, 114 insertions(+), 63 deletions(-)
Updating e34db98..769e392
Fast-forward
 .../extensions/shortcodes/shortcodes/button/static/css/_button.scss    | 3 +++
 code/theme/static/css/educhain-components.css                          | 3 +++
 2 files changed, 6 insertions(+) 2 files changed, 6 insertions(+)
Not expected branch : refs/heads/luctc
Not expected branch : 
Updating 090539b..23f5794
Fast-forward
 models/Instructor.php | 2 +-
 1 file changed, 1 insertion(+), 1 deletion(-) 1 file changed, 1 insertion(+), 1 deletion(-)
Updating ae1726a..3d6da9b
Fast-forward
 includes/classes/Hooks.php                         | 17 +++++-
 .../admin/controllers/PaymentRequestController.php | 71 ++++++++++++++--------
 .../admin/views/paymentrequest/_box_instructor.php | 13 ++++
 includes/classes/models/RequestPaymentModel.php    | 61 +++++++++++++++++++
 4 files changed, 135 insertions(+), 27 deletions(-)
 create mode 100644 includes/classes/admin/views/paymentrequest/_box_instructor.php create mode 100644 includes/classes/admin/views/paymentrequest/_box_instructor.php
Updating 769e392..9e41968
Fast-forward
 .../shortcodes/shortcodes/map/config.php           |  46 ++++++
 .../shortcodes/shortcodes/map/static/css/map.css   |  31 ++--
 .../shortcodes/shortcodes/map/static/css/map.scss  |  10 +-
 .../shortcodes/shortcodes/map/static/js/map.js     |   2 +-
 .../shortcodes/shortcodes/map/vc_options.php       | 126 ++++++++++++++
 .../shortcodes/shortcodes/map/views/view.php       |   9 +-
 .../posts-block/static/css/_posts-block.scss       |   4 +-
 .../framework-customizations/theme/config.php      | 182 ++++++++++++++++++++-
 .../theme/custom-color.php                         |   2 +-
 code/theme/static/css/educhain-components.css      |  12 +-
 code/theme/static/js/educhain-main.js              |   2 +-
 11 files changed, 399 insertions(+), 27 deletions(-)
 create mode 100644 code/theme/framework-customizations/extensions/shortcodes/shortcodes/map/config.php
 create mode 100644 code/theme/framework-customizations/extensions/shortcodes/shortcodes/map/vc_options.php create mode 100644 code/theme/framework-customizations/extensions/shortcodes/shortcodes/map/vc_options.php
Fail to update develop of education
Not expected branch : refs/heads/hieutct/structer
Not expected branch : 
Not expected branch : refs/heads/luctc
Not expected branch : 
Not expected branch : refs/heads/thangextraclass
Fail to update develop of education
Updating 9e41968..4be6e83
Fast-forward
 .../slz-shortcode-lema-category-list.php           | 500 +++++++++++----------
 .../slz-shortcode-lema-course-category.php         |  39 +-
 ...slz-shortcode-lema-course-list-best-selling.php |  17 +-
 .../slz-shortcode-lema-course-list-filtered.php    |  64 ++-
 .../shortcodes/slz-shortcode-lema-course-list.php  |  36 +-
 .../lema/shortcodes/slz-shortcode-lema-course.php  | 262 +++--------
 .../lema/shortcodes/slz-shortcode-lema-price.php   | 177 ++++----
 .../shortcodes/slz-shortcode-lema-search-box.php   |  25 +-
 8 files changed, 538 insertions(+), 582 deletions(-) 8 files changed, 538 insertions(+), 582 deletions(-)
Updating 4be6e83..23e23f3
Fast-forward
 code/theme/style.css | 86 ++++++++++++++++++++++++++++++++++++++++++----------
 1 file changed, 70 insertions(+), 16 deletions(-) 1 file changed, 70 insertions(+), 16 deletions(-)
Fail to update develop of education
Not expected branch : refs/heads/luctc
Not expected branch : 
Fail to update develop of education
Updating 23e23f3..b415c21
Fast-forward
 .../extensions/shortcodes/shortcodes/item-list/views/view.php       | 6 +++---
 1 file changed, 3 insertions(+), 3 deletions(-) 1 file changed, 3 insertions(+), 3 deletions(-)
Not expected branch : refs/heads/luctc
Not expected branch : refs/heads/thanh/contact-form
Not expected branch : 
Fail to update develop of education
Updating b415c21..51a9a1c
Fast-forward
 .../shortcodes/counterv2/static/css/counterv2.css  | 52 ++++++++++++++++++++
 .../shortcodes/counterv2/static/css/counterv2.scss | 55 ++++++++++++++++++++++
 .../icons-block/static/css/_icon-block.scss        | 50 ++++++++++++++++++++
 .../pricing-box/static/css/pricing-box.css         |  4 --
 .../pricing-box/static/css/pricing-box.scss        |  4 +-
 .../theme/custom-color.php                         |  4 ++
 code/theme/static/css/educhain-components.css      | 50 ++++++++++++++++++++
 code/theme/static/css/layout.css                   | 11 +++++
 code/theme/static/css/layout.scss                  | 10 ++++
 9 files changed, 233 insertions(+), 7 deletions(-) 9 files changed, 233 insertions(+), 7 deletions(-)
Updating 51a9a1c..bdf1621
Fast-forward
 code/theme/includes/hooks.php            |  22 +++-
 code/theme/page-templates/login-page.php | 203 +++++++++++++++++++++++++++++++
 code/theme/static/css/default.css        |   3 +-
 code/theme/static/css/layout.scss        |   3 +-
 code/theme/static/css/theme-customs.css  |  14 +++
 5 files changed, 241 insertions(+), 4 deletions(-)
 create mode 100644 code/theme/page-templates/login-page.php create mode 100644 code/theme/page-templates/login-page.php
