Not expected branch : refs/heads/hieutct/fixCourse
Not expected branch : 
Not expected branch : refs/heads/duytn/portfolio-list-india
Not expected branch : 
Not expected branch : refs/heads/duytn/portfolio-list-india
Fail to update develop of education
Updating 8c8eec3..0e12e6e
Fast-forward
 .../shortcodes/portfolio-list/vc_options.php       |  8 ++---
 .../shortcodes/portfolio-list/views/layout-2.php   | 40 ++++++++++++++++------
 2 files changed, 33 insertions(+), 15 deletions(-) 2 files changed, 33 insertions(+), 15 deletions(-)
Updating 8d195ad..dbfa5e5
Fast-forward
 shortcodes/course/CourseShortcode.php | 2 +-
 1 file changed, 1 insertion(+), 1 deletion(-) 1 file changed, 1 insertion(+), 1 deletion(-)
Not expected branch : refs/heads/hieutct/fixCourse
Fail to update develop of learn-master
Not expected branch : 
Not expected branch : refs/heads/duytn/fĩx-woo-carousel
Not expected branch : 
Not expected branch : refs/heads/duytn/fix-typewriter-custom-css
Not expected branch : refs/heads/duytn/fix-typewriter-custom-css
Not expected branch : 
Updating ee707e1..2cdfe89
Fast-forward
 .../shortcodes/shortcodes/typewriter/options/layout-1.php      |  3 ++-
 .../extensions/shortcodes/shortcodes/typewriter/views/view.php | 10 +++++++++-
 2 files changed, 11 insertions(+), 2 deletions(-) 2 files changed, 11 insertions(+), 2 deletions(-)
Fail to update develop of solazu-core
Not expected branch : refs/heads/duytn/fix-typewriter-custom-css
Updating 2cdfe89..f5fce16
Fast-forward
 .../extensions/shortcodes/shortcodes/woo-carousel/config.php          | 4 ++--
 1 file changed, 2 insertions(+), 2 deletions(-) 1 file changed, 2 insertions(+), 2 deletions(-)
Not expected branch : refs/heads/duytn/fĩx-woo-carousel
Already up-to-date.Already up-to-date.
Updating f5fce16..fa1b8d8
Fast-forward
 .../shortcodes/shortcodes/video/class-slz-shortcode-video.php           | 2 +-
 1 file changed, 1 insertion(+), 1 deletion(-) 1 file changed, 1 insertion(+), 1 deletion(-)
Not expected branch : refs/heads/hieutct/Video
Already up-to-date.Already up-to-date.
Not expected branch : refs/heads/style_tailm
Not expected branch : 
Not expected branch : refs/heads/style_tailm
Updating 0e12e6e..c6ba932
Fast-forward
 code/theme/static/css/layout.css  | 9 ++++++---
 code/theme/static/css/layout.scss | 4 +++-
 2 files changed, 9 insertions(+), 4 deletions(-) 2 files changed, 9 insertions(+), 4 deletions(-)
Fail to update develop of education
Not expected branch : refs/heads/hieutct/exportData
Not expected branch : 
Not expected branch : 
Not expected branch : refs/heads/hieutct/exportData
Not expected branch : 
Not expected branch : refs/heads/style_tailm
Not expected branch : 
Updating c6ba932..7de67fe
Fast-forward
 code/theme/style.css | 4 ++++
 1 file changed, 4 insertions(+) 1 file changed, 4 insertions(+)
Fail to update develop of education
Not expected branch : refs/heads/style_tailm
Not expected branch : refs/heads/style_tailm
Not expected branch : 
Fail to update develop of education
Not expected branch : refs/heads/style_tailm
Updating 7de67fe..c71e540
Fast-forward
 code/theme/style.css | 7 +++++++
 1 file changed, 7 insertions(+) 1 file changed, 7 insertions(+)
Not expected branch : refs/heads/duytn/fix-woo-carousel-
Not expected branch : 
Not expected branch : refs/heads/style_tailm
Not expected branch : 
Not expected branch : refs/heads/style_tailm
Fail to update develop of education
Updating c71e540..8a3e250
Fast-forward
 code/theme/static/css/educhain-components.css | 5 +++++
 code/theme/style.css                          | 7 -------
 2 files changed, 5 insertions(+), 7 deletions(-) 2 files changed, 5 insertions(+), 7 deletions(-)
Updating fa1b8d8..bfb901e
Fast-forward
 .../shortcodes/shortcodes/woo-carousel/config.php  | 27 +++++++++++-----------
 .../shortcodes/woo-carousel/vc_options.php         |  8 +++++++
 .../shortcodes/woo-carousel/views/view.php         |  3 +++
 3 files changed, 25 insertions(+), 13 deletions(-) 3 files changed, 25 insertions(+), 13 deletions(-)
Already up-to-date.Already up-to-date.
Not expected branch : refs/heads/duytn/fix-woo-carousel-
Not expected branch : refs/heads/style_tailm
Not expected branch : 
Not expected branch : refs/heads/style_tailm
Updating 8a3e250..031e206
Fast-forward
 code/theme/style.css | 5 +++++
 1 file changed, 5 insertions(+) 1 file changed, 5 insertions(+)
Already up-to-date.Already up-to-date.
Not expected branch : refs/heads/style_tailm
Not expected branch : 
Not expected branch : refs/heads/style_tailm
Updating 031e206..9900519
Fast-forward
 code/theme/style.css | 7 +++++--
 1 file changed, 5 insertions(+), 2 deletions(-) 1 file changed, 5 insertions(+), 2 deletions(-)
Fail to update develop of education
Not expected branch : refs/heads/style_tailm
Not expected branch : 
Not expected branch : refs/heads/style_tailm
Updating 9900519..4356157
Fast-forward
 code/theme/framework-customizations/theme/custom-color.php | 4 ++--
 1 file changed, 2 insertions(+), 2 deletions(-) 1 file changed, 2 insertions(+), 2 deletions(-)
Fail to update develop of education
Not expected branch : refs/heads/duytn/fix-b-typewriter
Not expected branch : 
Updating bfb901e..d210e14
Fast-forward
 .../extensions/shortcodes/shortcodes/typewriter/views/view.php          | 2 +-
 1 file changed, 1 insertion(+), 1 deletion(-) 1 file changed, 1 insertion(+), 1 deletion(-)
Already up-to-date.Already up-to-date.
Not expected branch : refs/heads/duytn/fix-b-typewriter
Not expected branch : refs/heads/duytn/fix-b-typewriter
Not expected branch : 
Updating d210e14..0983578
Fast-forward
 .../extensions/shortcodes/shortcodes/typewriter/views/view.php          | 2 +-
 1 file changed, 1 insertion(+), 1 deletion(-) 1 file changed, 1 insertion(+), 1 deletion(-)
Already up-to-date.Already up-to-date.
Not expected branch : refs/heads/duytn/fix-b-typewriter
Not expected branch : refs/heads/style_tailm
Not expected branch : 
Updating 4356157..380cf9d
Fast-forward
 code/theme/static/css/educhain-woocommerce.css | 12 +++++++++++-
 1 file changed, 11 insertions(+), 1 deletion(-) 1 file changed, 11 insertions(+), 1 deletion(-)
Not expected branch : refs/heads/style_tailm
Fail to update develop of education
Not expected branch : refs/heads/style_tailm
Not expected branch : 
Not expected branch : refs/heads/style_tailm
Updating 380cf9d..f4dbcfc
Fast-forward
 code/theme/static/css/educhain-woocommerce.css | 6 +++++-
 1 file changed, 5 insertions(+), 1 deletion(-) 1 file changed, 5 insertions(+), 1 deletion(-)
Fail to update develop of education
Not expected branch : refs/heads/style_tailm
Not expected branch : 
Fail to update develop of education
Updating f4dbcfc..c4f7155
Fast-forward
 code/theme/static/css/educhain-woocommerce.css |  3 +++
 code/theme/static/css/layout.css               | 27 ++++++++++++++++++++++++++
 code/theme/static/css/layout.scss              | 20 +++++++++++++++++++
 3 files changed, 50 insertions(+) 3 files changed, 50 insertions(+)
Not expected branch : refs/heads/style_tailm
Not expected branch : refs/heads/style_tailm
Not expected branch : 
Not expected branch : refs/heads/style_tailm
Updating c4f7155..130cc65
Fast-forward
 code/theme/framework-customizations/theme/custom-color.php | 3 +++
 code/theme/static/css/layout.css                           | 8 ++++++++
 code/theme/static/css/layout.scss                          | 4 ++++
 3 files changed, 15 insertions(+) 3 files changed, 15 insertions(+)
Fail to update develop of education
Not expected branch : 
Not expected branch : refs/heads/duytn/fix-woo-c
Not expected branch : 
Updating 0983578..c87d80b
Fast-forward
 .../extensions/shortcodes/shortcodes/woo-carousel/views/view.php    | 6 +++---
 1 file changed, 3 insertions(+), 3 deletions(-) 1 file changed, 3 insertions(+), 3 deletions(-)
Not expected branch : refs/heads/duytn/fix-woo-c
Already up-to-date.Already up-to-date.
Not expected branch : refs/heads/duytn/fix-faq-cat-header
Not expected branch : 
Not expected branch : refs/heads/duytn/fix-faq-cat-header
Updating 130cc65..14fad8f
Fast-forward
 code/theme/includes/helpers.php | 1 +
 1 file changed, 1 insertion(+) 1 file changed, 1 insertion(+)
Fail to update develop of education
Not expected branch : refs/heads/style_tailm
Not expected branch : 
Not expected branch : refs/heads/style_tailm
Updating 14fad8f..b44b36d
Fast-forward
 .../portfolio-list/static/css/portfolio-list.css   | 25 +++++++++++++++++++++-
 .../portfolio-list/static/css/portfolio-list.scss  | 23 +++++++++++++++++++-
 .../theme/custom-color.php                         |  4 ++++
 3 files changed, 50 insertions(+), 2 deletions(-) 3 files changed, 50 insertions(+), 2 deletions(-)
Fail to update develop of education
Not expected branch : refs/heads/style_tailm
Not expected branch : 
Not expected branch : refs/heads/style_tailm
Updating b44b36d..6f73f29
Fast-forward
 .../portfolio-list/static/css/portfolio-list.css   | 46 +++++++++++-----------
 .../portfolio-list/static/css/portfolio-list.scss  | 42 ++++++++++----------
 2 files changed, 44 insertions(+), 44 deletions(-) 2 files changed, 44 insertions(+), 44 deletions(-)
Fail to update develop of education
Not expected branch : refs/heads/duytn/fix-faq
Not expected branch : 
Not expected branch : refs/heads/duytn/fix-faq
Updating 6f73f29..b5a0c9a
Fast-forward
 code/theme/includes/implement-options.php | 3 +++
 1 file changed, 3 insertions(+) 1 file changed, 3 insertions(+)
Fail to update develop of education
Not expected branch : refs/heads/style_tailm
Not expected branch : 
Not expected branch : refs/heads/style_tailm
Updating b5a0c9a..1563b0c
Fast-forward
 code/theme/static/css/educhain-woocommerce.css | 11 +++++++----
 1 file changed, 7 insertions(+), 4 deletions(-) 1 file changed, 7 insertions(+), 4 deletions(-)
Fail to update develop of education
Not expected branch : refs/heads/hieutct/exportData
Not expected branch : 
Not expected branch : refs/heads/style_tailm
Not expected branch : 
Not expected branch : refs/heads/style_tailm
Updating 1563b0c..155296a
Fast-forward
 code/theme/static/css/educhain-woocommerce.css | 22 ++++++++++++++++++++++
 1 file changed, 22 insertions(+) 1 file changed, 22 insertions(+)
Already up-to-date.Already up-to-date.
Not expected branch : refs/heads/hieutct/addExtScholarship
Not expected branch : refs/heads/hieutct/fixThemecheck
Not expected branch : 
Not expected branch : 
Not expected branch : refs/heads/style_tailm
Not expected branch : refs/heads/hieutct/addExtScholarship
Not expected branch : 
Updating 155296a..3c89a83
Fast-forward
 .../portfolio-list/static/css/portfolio-list.css   |  5 ++
 .../portfolio-list/static/css/portfolio-list.scss  |  4 +
 code/theme/static/css/layout.css                   | 86 +++++++++++++++-------
 code/theme/static/css/layout.scss                  |  3 +-
 4 files changed, 69 insertions(+), 29 deletions(-) 4 files changed, 69 insertions(+), 29 deletions(-)
Fail to update develop of education
Not expected branch : refs/heads/style_tailm
Not expected branch : 
Not expected branch : 
Not expected branch : refs/heads/style_tailm
Not expected branch : 
Not expected branch : refs/heads/style_tailm
Fail to update develop of education
Updating 3c89a83..8eb171c
Fast-forward
 code/theme/static/css/layout.css  | 104 +++++++++++++++++---------------------
 code/theme/static/css/layout.scss |  26 +++++++++-
 2 files changed, 70 insertions(+), 60 deletions(-) 2 files changed, 70 insertions(+), 60 deletions(-)
Not expected branch : refs/heads/style_tailm
Not expected branch : 
Not expected branch : 
Not expected branch : refs/heads/style_tailm
Not expected branch : 
Not expected branch : refs/heads/style_tailm
Fail to update develop of education
Updating 8eb171c..43aa913
Fast-forward
 code/theme/static/css/educhain-components.css |  5 -----
 code/theme/static/css/layout.css              | 18 ------------------
 code/theme/static/css/layout.scss             | 23 -----------------------
 3 files changed, 46 deletions(-) 3 files changed, 46 deletions(-)
Not expected branch : refs/heads/style_tailm
Not expected branch : 
Not expected branch : refs/heads/style_tailm
Updating 43aa913..732dbdf
Fast-forward
 code/theme/static/css/layout.css  | 56 +++++++++++++++++++--------------------
 code/theme/static/css/layout.scss |  3 ++-
 2 files changed, 30 insertions(+), 29 deletions(-) 2 files changed, 30 insertions(+), 29 deletions(-)
Fail to update develop of education
Not expected branch : refs/heads/style_tailm
Not expected branch : 
Not expected branch : refs/heads/style_tailm
Not expected branch : 
Not expected branch : refs/heads/style_tailm
Updating 732dbdf..43f2278
Fast-forward
 code/theme/framework-customizations/theme/custom-color.php | 7 +++++++
 code/theme/static/css/educhain-components.css              | 5 +++++
 code/theme/static/css/educhain-components.scss             | 8 ++++++++
 3 files changed, 20 insertions(+) 3 files changed, 20 insertions(+)
Fail to update develop of education
Not expected branch : refs/heads/style_tailm
Not expected branch : 
Updating 43f2278..400af64
Fast-forward
 code/theme/static/css/educhain-components.css  | 4 ++--
 code/theme/static/css/educhain-components.scss | 4 ++--
 2 files changed, 4 insertions(+), 4 deletions(-) 2 files changed, 4 insertions(+), 4 deletions(-)
Fail to update develop of education
Not expected branch : refs/heads/style_tailm
Not expected branch : refs/heads/style_tailm
Not expected branch : 
Not expected branch : refs/heads/style_tailm
Fail to update develop of education
Updating 400af64..adb9403
Fast-forward
 code/theme/static/css/educhain-components.css  | 10 +++++-----
 code/theme/static/css/educhain-components.scss | 17 ++++++++---------
 2 files changed, 13 insertions(+), 14 deletions(-) 2 files changed, 13 insertions(+), 14 deletions(-)
Not expected branch : refs/heads/style_tailm
Not expected branch : 
Fail to update develop of education
Not expected branch : refs/heads/style_tailm
Updating adb9403..795f2b8
Fast-forward
 .../testimonials/shortcodes/testimonial/static/css/testimonial.css      | 2 +-
 .../testimonials/shortcodes/testimonial/static/css/testimonial.scss     | 2 +-
 2 files changed, 2 insertions(+), 2 deletions(-) 2 files changed, 2 insertions(+), 2 deletions(-)
Not expected branch : refs/heads/style_tailm
Not expected branch : 
Not expected branch : refs/heads/style_tailm
Fail to update develop of education
Updating 795f2b8..168f021
Fast-forward
 code/theme/static/css/educhain-woocommerce.css | 4 ++++
 1 file changed, 4 insertions(+) 1 file changed, 4 insertions(+)
Not expected branch : refs/heads/style_tailm
Not expected branch : 
Not expected branch : refs/heads/style_tailm
Updating 168f021..240fce6
Fast-forward
 .../theme/custom-color.php                         | 24 +++++++++++++++++++++-
 code/theme/static/css/educhain-woocommerce.css     |  4 +++-
 2 files changed, 26 insertions(+), 2 deletions(-) 2 files changed, 26 insertions(+), 2 deletions(-)
Fail to update develop of education
Not expected branch : refs/heads/style_tailm
Not expected branch : 
Not expected branch : refs/heads/style_tailm
Not expected branch : 
Updating 240fce6..e46cee7
Fast-forward
 code/theme/framework-customizations/theme/custom-color.php | 2 +-
 code/theme/static/css/educhain-woocommerce.css             | 3 +++
 2 files changed, 4 insertions(+), 1 deletion(-) 2 files changed, 4 insertions(+), 1 deletion(-)
Fail to update develop of education
Not expected branch : refs/heads/style_tailm
Not expected branch : refs/heads/style_tailm
Not expected branch : 
Fail to update develop of education
Updating e46cee7..8d6f576
Fast-forward
 code/theme/framework-customizations/theme/custom-color.php | 4 ++--
 1 file changed, 2 insertions(+), 2 deletions(-) 1 file changed, 2 insertions(+), 2 deletions(-)
Not expected branch : refs/heads/style_tailm
Not expected branch : refs/heads/style_tailm
Not expected branch : 
Not expected branch : refs/heads/hieutct/fixThemecheck
Not expected branch : 
Not expected branch : refs/heads/hieutct/fixThemecheck
Fail to update develop of education
Updating 8d6f576..30f2897
Fast-forward
 .../headers/header-09/options/login_register.php   |   2 +-
 .../shortcodes/portfolio-list/views/layout-2.php   |   6 +-
 .../class-slz-extension-scholarship.php            | 179 ---------------------
 .../extensions/scholarship/config.php              |   5 -
 .../extensions/scholarship/helpers.php             |   3 -
 .../extensions/scholarship/hooks.php               |   4 -
 .../scholarship/includes/class-slz-scholarship.php | 132 ---------------
 .../extensions/scholarship/manifest.php            |  12 --
 .../class-slz-shortcode-scholarship-block.php      | 142 ----------------
 .../shortcodes/scholarship-block/config.php        |  32 ----
 .../shortcodes/scholarship-block/static.php        |  21 ---
 .../statics/css/scholarship-block.css              | 174 --------------------
 .../statics/css/scholarship-block.scss             | 146 -----------------
 .../scholarship-block/statics/js/scholarship.js    |  62 -------
 .../shortcodes/scholarship-block/vc_options.php    | 116 -------------
 .../shortcodes/scholarship-block/views/item.php    |  54 -------
 .../shortcodes/scholarship-block/views/view.php    |  53 ------
 .../extensions/scholarship/static.php              |  20 ---
 .../shortcodes/shortcodes/social/vc_options.php    |   3 -
 .../shortcodes/woo-carousel/views/layout-1.php     |   2 +-
 .../theme/options/general-settings.php             |   2 +-
 code/theme/includes/helpers.php                    |   4 +-
 22 files changed, 8 insertions(+), 1166 deletions(-)
 delete mode 100644 code/theme/framework-customizations/extensions/scholarship/class-slz-extension-scholarship.php
 delete mode 100644 code/theme/framework-customizations/extensions/scholarship/config.php
 delete mode 100644 code/theme/framework-customizations/extensions/scholarship/helpers.php
 delete mode 100755 code/theme/framework-customizations/extensions/scholarship/hooks.php
 delete mode 100755 code/theme/framework-customizations/extensions/scholarship/includes/class-slz-scholarship.php
 delete mode 100755 code/theme/framework-customizations/extensions/scholarship/manifest.php
 delete mode 100755 code/theme/framework-customizations/extensions/scholarship/shortcodes/scholarship-block/class-slz-shortcode-scholarship-block.php
 delete mode 100755 code/theme/framework-customizations/extensions/scholarship/shortcodes/scholarship-block/config.php
 delete mode 100755 code/theme/framework-customizations/extensions/scholarship/shortcodes/scholarship-block/static.php
 delete mode 100644 code/theme/framework-customizations/extensions/scholarship/shortcodes/scholarship-block/statics/css/scholarship-block.css
 delete mode 100644 code/theme/framework-customizations/extensions/scholarship/shortcodes/scholarship-block/statics/css/scholarship-block.scss
 delete mode 100644 code/theme/framework-customizations/extensions/scholarship/shortcodes/scholarship-block/statics/js/scholarship.js
 delete mode 100755 code/theme/framework-customizations/extensions/scholarship/shortcodes/scholarship-block/vc_options.php
 delete mode 100644 code/theme/framework-customizations/extensions/scholarship/shortcodes/scholarship-block/views/item.php
 delete mode 100755 code/theme/framework-customizations/extensions/scholarship/shortcodes/scholarship-block/views/view.php
 delete mode 100755 code/theme/framework-customizations/extensions/scholarship/static.php delete mode 100755 code/theme/framework-customizations/extensions/scholarship/static.php
Updating c87d80b..f7592a9
Fast-forward
 .../class-slz-extension-scholarship.php            | 179 +++++++++++++++++++++
 .../framework/extensions/scholarship/config.php    |   5 +
 .../framework/extensions/scholarship/helpers.php   |   3 +
 .../framework/extensions/scholarship/hooks.php     |   4 +
 .../scholarship/includes/class-slz-scholarship.php | 132 +++++++++++++++
 .../framework/extensions/scholarship/manifest.php  |  12 ++
 .../class-slz-shortcode-scholarship-block.php      | 142 ++++++++++++++++
 .../shortcodes/scholarship-block/config.php        |  32 ++++
 .../shortcodes/scholarship-block/static.php        |  21 +++
 .../statics/css/scholarship-block.css              | 174 ++++++++++++++++++++
 .../statics/css/scholarship-block.scss             | 146 +++++++++++++++++
 .../scholarship-block/statics/js/scholarship.js    |  62 +++++++
 .../shortcodes/scholarship-block/vc_options.php    | 116 +++++++++++++
 .../shortcodes/scholarship-block/views/item.php    |  54 +++++++
 .../shortcodes/scholarship-block/views/view.php    |  53 ++++++
 .../framework/extensions/scholarship/static.php    |  20 +++
 16 files changed, 1155 insertions(+)
 create mode 100644 solazu-unyson/framework/extensions/scholarship/class-slz-extension-scholarship.php
 create mode 100644 solazu-unyson/framework/extensions/scholarship/config.php
 create mode 100644 solazu-unyson/framework/extensions/scholarship/helpers.php
 create mode 100755 solazu-unyson/framework/extensions/scholarship/hooks.php
 create mode 100755 solazu-unyson/framework/extensions/scholarship/includes/class-slz-scholarship.php
 create mode 100755 solazu-unyson/framework/extensions/scholarship/manifest.php
 create mode 100755 solazu-unyson/framework/extensions/scholarship/shortcodes/scholarship-block/class-slz-shortcode-scholarship-block.php
 create mode 100755 solazu-unyson/framework/extensions/scholarship/shortcodes/scholarship-block/config.php
 create mode 100755 solazu-unyson/framework/extensions/scholarship/shortcodes/scholarship-block/static.php
 create mode 100644 solazu-unyson/framework/extensions/scholarship/shortcodes/scholarship-block/statics/css/scholarship-block.css
 create mode 100644 solazu-unyson/framework/extensions/scholarship/shortcodes/scholarship-block/statics/css/scholarship-block.scss
 create mode 100644 solazu-unyson/framework/extensions/scholarship/shortcodes/scholarship-block/statics/js/scholarship.js
 create mode 100755 solazu-unyson/framework/extensions/scholarship/shortcodes/scholarship-block/vc_options.php
 create mode 100644 solazu-unyson/framework/extensions/scholarship/shortcodes/scholarship-block/views/item.php
 create mode 100755 solazu-unyson/framework/extensions/scholarship/shortcodes/scholarship-block/views/view.php
 create mode 100755 solazu-unyson/framework/extensions/scholarship/static.php create mode 100755 solazu-unyson/framework/extensions/scholarship/static.php
Already up-to-date.Already up-to-date.
Not expected branch : refs/heads/hieutct/addExtScholarship
Not expected branch : refs/heads/hieutct/exportData
Fail to update develop of education
Updating 30f2897..312715f
Fast-forward
 code/theme/export/class-educhain-export.php |  139 ++
 code/theme/includes/hooks.php               | 2593 +++++++++++++--------------
 2 files changed, 1416 insertions(+), 1316 deletions(-)
 create mode 100644 code/theme/export/class-educhain-export.php create mode 100644 code/theme/export/class-educhain-export.php
Not expected branch : refs/heads/hieutct/updateData
Not expected branch : 
Not expected branch : refs/heads/style_tailm
Not expected branch : 
Not expected branch : refs/heads/style_tailm
Not expected branch : 
Not expected branch : refs/heads/style_tailm
Updating 312715f..1dcd09f
Fast-forward
 code/theme/static/css/educhain-components.css  | 4 ++++
 code/theme/static/css/educhain-components.scss | 4 ++++
 code/theme/static/css/educhain-woocommerce.css | 4 +++-
 3 files changed, 11 insertions(+), 1 deletion(-) 3 files changed, 11 insertions(+), 1 deletion(-)
Fail to update develop of education
Updating 1dcd09f..13a9baa
Fast-forward
 code/theme/setup/data-master/attachments/educhain_onecourse              | 1 +
 code/theme/setup/data-master/attachments/educhain_oneinstructor          | 1 +
 code/theme/setup/data-master/menus/educhain_onecourse                    | 1 +
 code/theme/setup/data-master/menus/educhain_oneinstructor                | 1 +
 code/theme/setup/data-master/pages/educhain_onecourse                    | 1 +
 code/theme/setup/data-master/pages/educhain_oneinstructor                | 1 +
 code/theme/setup/data-master/theme_settings/educhain_onecourse.setting   | 1 +
 .../setup/data-master/theme_settings/educhain_oneinstructor.setting      | 1 +
 8 files changed, 8 insertions(+)
 create mode 100644 code/theme/setup/data-master/attachments/educhain_onecourse
 create mode 100644 code/theme/setup/data-master/attachments/educhain_oneinstructor
 create mode 100644 code/theme/setup/data-master/menus/educhain_onecourse
 create mode 100644 code/theme/setup/data-master/menus/educhain_oneinstructor
 create mode 100644 code/theme/setup/data-master/pages/educhain_onecourse
 create mode 100644 code/theme/setup/data-master/pages/educhain_oneinstructor
 create mode 100644 code/theme/setup/data-master/theme_settings/educhain_onecourse.setting
 create mode 100644 code/theme/setup/data-master/theme_settings/educhain_oneinstructor.setting create mode 100644 code/theme/setup/data-master/theme_settings/educhain_oneinstructor.setting
Fail to update develop of education
Not expected branch : refs/heads/hieutct/updateData
Not expected branch : refs/heads/thangpd/onecourse
Not expected branch : 
Updating dbfa5e5..d5a0306
Fast-forward
 learnmaster.php | 6 +++---
 1 file changed, 3 insertions(+), 3 deletions(-) 1 file changed, 3 insertions(+), 3 deletions(-)
Not expected branch : refs/heads/master
Not expected branch : 
Updating f7592a9..fb25c79
Fast-forward
 solazu-unyson/solazu-unyson.php | 2 +-
 1 file changed, 1 insertion(+), 1 deletion(-) 1 file changed, 1 insertion(+), 1 deletion(-)
Not expected branch : refs/heads/master
Not expected branch : refs/heads/thangpd/onecourse
Fail to update develop of education
Updating 13a9baa..43c57a5
Fast-forward
 .../framework-customizations/theme/manifest.php    |  27 +++++++++++++++++++++
 .../static/img/demo-images/educhain_one_course.png | Bin 0 -> 84256 bytes
 .../demo-images/preview_educhain_one_course.png    | Bin 0 -> 629674 bytes
 3 files changed, 27 insertions(+)
 create mode 100644 code/theme/static/img/demo-images/educhain_one_course.png
 create mode 100644 code/theme/static/img/demo-images/preview_educhain_one_course.png create mode 100644 code/theme/static/img/demo-images/preview_educhain_one_course.png
Updating 43c57a5..4e39775
Fast-forward
 code/theme/plugins/learnmaster.zip   | Bin 6258768 -> 6258977 bytes
 code/theme/plugins/solazu-unyson.zip | Bin 8675200 -> 8711248 bytes
 2 files changed, 0 insertions(+), 0 deletions(-) 2 files changed, 0 insertions(+), 0 deletions(-)
Updating 4e39775..5764514
Fast-forward
 code/theme/style.css | 2 +-
 1 file changed, 1 insertion(+), 1 deletion(-) 1 file changed, 1 insertion(+), 1 deletion(-)
Not expected branch : refs/heads/master
Not expected branch : refs/heads/duytn/hardcode
Not expected branch : refs/heads/duytn/hardcode
