Fail to update develop of learn-master
Not expected branch : refs/heads/thangpd/login
Updating 1097ee6..34d7bd3
Fast-forward
 front/assets/js/login.js    |  1 +
 front/views/login/login.php | 25 +++++++++++++------------
 2 files changed, 14 insertions(+), 12 deletions(-) 2 files changed, 14 insertions(+), 12 deletions(-)
Updating 34d7bd3..2e55fad
Fast-forward
 admin/controllers/SettingController.php               | 11 ++++++++++-
 shortcodes/course/shortcodes/CoursePriceShortcode.php | 10 ++++++++--
 2 files changed, 18 insertions(+), 3 deletions(-) 2 files changed, 18 insertions(+), 3 deletions(-)
Not expected branch : refs/heads/thangpd/coursePrice
Fail to update develop of learn-master
Not expected branch : refs/heads/style_tailm
Not expected branch : 
Updating 95ab6ec..98a9c99
Fast-forward
 .../theme/custom-color.php                         |  3 ++-
 code/theme/static/css/lema-custom.css              |  2 +-
 code/theme/static/css/lema-custom.scss             |  2 +-
 code/theme/style.css                               | 27 ++++++++++++++++++++++
 4 files changed, 31 insertions(+), 3 deletions(-) 4 files changed, 31 insertions(+), 3 deletions(-)
Not expected branch : refs/heads/style_tailm
Fail to update develop of education
Not expected branch : refs/heads/style_tailm
Not expected branch : refs/heads/duytn/woocommerce
Not expected branch : refs/heads/style_tailm
Not expected branch : 
Fail to update develop of education
Not expected branch : refs/heads/style_tailm
Updating 98a9c99..d1279c0
Fast-forward
 code/theme/static/js/lema-custom.js | 6 +++---
 1 file changed, 3 insertions(+), 3 deletions(-) 1 file changed, 3 insertions(+), 3 deletions(-)
Not expected branch : refs/heads/duytn/woocommerce
Not expected branch : 
Not expected branch : refs/heads/duytn/woocommerce
Fail to update develop of education
Updating d1279c0..6761eef
Fast-forward
 code/theme/woocommerce/content-product.php        | 86 ++++++++++++++++++++
 code/theme/woocommerce/content-single-product.php | 99 +++++++++++++++++++++++
 code/theme/woocommerce/loop/price.php             | 57 +++++++++++++
 code/theme/woocommerce/loop/rating.php            | 39 +++++++++
 code/theme/woocommerce/single-product/price.php   | 26 ++++++
 code/theme/woocommerce/single-product/rating.php  | 45 +++++++++++
 6 files changed, 352 insertions(+)
 create mode 100644 code/theme/woocommerce/content-product.php
 create mode 100644 code/theme/woocommerce/content-single-product.php
 create mode 100644 code/theme/woocommerce/loop/price.php
 create mode 100644 code/theme/woocommerce/loop/rating.php
 create mode 100644 code/theme/woocommerce/single-product/price.php
 create mode 100644 code/theme/woocommerce/single-product/rating.php create mode 100644 code/theme/woocommerce/single-product/rating.php
Not expected branch : refs/heads/thangpd/courseSetting
Not expected branch : 
Not expected branch : 
Not expected branch : refs/heads/thangpd/typography
Not expected branch : 
Not expected branch : refs/heads/style_tailm
Not expected branch : 
Not expected branch : refs/heads/style_tailm
Fail to update develop of education
Updating 6761eef..4555220
Fast-forward
 .../shortcodes/shortcodes/posts-carousel/static/css/posts-carousel.css  | 2 +-
 .../shortcodes/shortcodes/posts-carousel/static/css/posts-carousel.scss | 2 +-
 2 files changed, 2 insertions(+), 2 deletions(-) 2 files changed, 2 insertions(+), 2 deletions(-)
Not expected branch : refs/heads/style_tailm
Not expected branch : 
Not expected branch : refs/heads/style_tailm
Updating 4555220..0a5bde8
Fast-forward
 .../shortcodes/shortcodes/counterv2/static/css/counterv2.css           | 3 +++
 .../shortcodes/shortcodes/counterv2/static/css/counterv2.scss          | 3 +++
 2 files changed, 6 insertions(+) 2 files changed, 6 insertions(+)
Fail to update develop of education
Not expected branch : refs/heads/style_tailm
Not expected branch : 
Not expected branch : refs/heads/style_tailm
Updating 0a5bde8..b7c3a94
Fast-forward
 .../shortcodes/counterv2/static/css/counterv2.css          |  4 +++-
 .../shortcodes/counterv2/static/css/counterv2.scss         | 14 ++++++++++++--
 2 files changed, 15 insertions(+), 3 deletions(-) 2 files changed, 15 insertions(+), 3 deletions(-)
Fail to update develop of education
Not expected branch : refs/heads/style_tailm
Not expected branch : 
Updating b7c3a94..3b0ef51
Fast-forward
 .../shortcodes/shortcodes/posts-carousel/static/css/posts-carousel.css | 3 +++
 .../shortcodes/posts-carousel/static/css/posts-carousel.scss           | 1 +
 2 files changed, 4 insertions(+) 2 files changed, 4 insertions(+)
Not expected branch : refs/heads/style_tailm
Fail to update develop of education
Not expected branch : refs/heads/style_tailm
Not expected branch : 
Updating 3b0ef51..e9c8e59
Fast-forward
 .../shortcodes/posts-carousel/static/css/posts-carousel.css      | 9 +++------
 .../shortcodes/posts-carousel/static/css/posts-carousel.scss     | 3 +--
 2 files changed, 4 insertions(+), 8 deletions(-) 2 files changed, 4 insertions(+), 8 deletions(-)
Not expected branch : refs/heads/style_tailm
Fail to update develop of education
Not expected branch : refs/heads/style_tailm
Not expected branch : 
Not expected branch : refs/heads/style_tailm
Not expected branch : 
Not expected branch : refs/heads/style_tailm
Fail to update develop of education
Updating e9c8e59..fe1e8e7
Fast-forward
 code/theme/static/css/educhain-woocommerce.css | 42 ++++++++++++++++++++++++++
 1 file changed, 42 insertions(+) 1 file changed, 42 insertions(+)
Not expected branch : refs/heads/style_tailm
Not expected branch : 
Updating fe1e8e7..367ff6d
Fast-forward
 code/theme/static/css/educhain-woocommerce.css | 26 +++++++++++++++++++++-----
 1 file changed, 21 insertions(+), 5 deletions(-) 1 file changed, 21 insertions(+), 5 deletions(-)
Not expected branch : refs/heads/style_tailm
Fail to update develop of education
Not expected branch : refs/heads/hieutct/filter
Not expected branch : refs/heads/hieutct/filter_course
Not expected branch : 
Not expected branch : 
Not expected branch : refs/heads/style_tailm
Not expected branch : 
Not expected branch : 
Not expected branch : refs/heads/style_tailm
Not expected branch : 
Fail to update develop of education
Updating 367ff6d..4b899fc
Fast-forward
 code/theme/static/css/educhain-woocommerce.css | 9 ++-------
 1 file changed, 2 insertions(+), 7 deletions(-) 1 file changed, 2 insertions(+), 7 deletions(-)
Not expected branch : refs/heads/style_tailm
Not expected branch : 
Not expected branch : refs/heads/style_tailm
Updating 4b899fc..c09759e
Fast-forward
 code/theme/static/css/educhain-woocommerce.css | 5 +++++
 1 file changed, 5 insertions(+) 1 file changed, 5 insertions(+)
Fail to update develop of education
Not expected branch : refs/heads/style_tailm
Not expected branch : 
Updating c09759e..31eed6d
Fast-forward
 code/theme/static/css/educhain-woocommerce.css | 10 ++++++++++
 1 file changed, 10 insertions(+) 1 file changed, 10 insertions(+)
Fail to update develop of education
Not expected branch : refs/heads/style_tailm
Not expected branch : refs/heads/style_tailm
Not expected branch : refs/heads/style_tailm
Not expected branch : refs/heads/style_tailm
Not expected branch : 
Not expected branch : refs/heads/style_tailm
Fail to update develop of education
Updating 31eed6d..7841947
Fast-forward
 code/theme/static/css/educhain-woocommerce.css | 24 ++++++++++++++----------
 code/theme/woocommerce/content-product.php     | 20 +++++++++++---------
 2 files changed, 25 insertions(+), 19 deletions(-) 2 files changed, 25 insertions(+), 19 deletions(-)
Not expected branch : refs/heads/style_tailm
Not expected branch : 
Not expected branch : refs/heads/style_tailm
Updating 7841947..8c9794e
Fast-forward
 code/theme/static/css/educhain-woocommerce.css | 3 +++
 1 file changed, 3 insertions(+) 1 file changed, 3 insertions(+)
Fail to update develop of education
Not expected branch : refs/heads/hieutct/filter_course
Not expected branch : 
Not expected branch : refs/heads/style_tailm
Not expected branch : 
Updating 8c9794e..c916803
Fast-forward
 code/theme/static/css/educhain-woocommerce.css | 15 +++++++++++++--
 1 file changed, 13 insertions(+), 2 deletions(-) 1 file changed, 13 insertions(+), 2 deletions(-)
Not expected branch : refs/heads/style_tailm
Fail to update develop of education
Not expected branch : refs/heads/style_tailm
Not expected branch : 
Not expected branch : refs/heads/style_tailm
Updating c916803..6706459
Fast-forward
 code/theme/static/css/educhain-woocommerce.css | 2 +-
 1 file changed, 1 insertion(+), 1 deletion(-) 1 file changed, 1 insertion(+), 1 deletion(-)
Fail to update develop of education
Not expected branch : refs/heads/style_tailm
Not expected branch : 
Not expected branch : refs/heads/duytn/header-one-course
Updating 6706459..8c91a3d
Fast-forward
 code/theme/static/css/educhain-woocommerce.css | 10 +++++++---
 1 file changed, 7 insertions(+), 3 deletions(-) 1 file changed, 7 insertions(+), 3 deletions(-)
Fail to update develop of education
Not expected branch : refs/heads/style_tailm
Not expected branch : 
Not expected branch : refs/heads/style_tailm
Not expected branch : 
Fail to update develop of education
Not expected branch : refs/heads/style_tailm
Updating 8c91a3d..3da4de6
Fast-forward
 code/theme/static/css/educhain-woocommerce.css | 55 +++++++++++++++++---------
 1 file changed, 37 insertions(+), 18 deletions(-) 1 file changed, 37 insertions(+), 18 deletions(-)
Not expected branch : refs/heads/duytn/header-one-course
Not expected branch : 
Not expected branch : refs/heads/duytn/header-one-course
Not expected branch : 
Not expected branch : 
Not expected branch : 
Updating 3da4de6..29c646c
Fast-forward
 .../extensions/headers/headers/header-09/config.php                      | 1 +
 code/theme/framework-customizations/theme/options/page-options.php       | 1 +
 2 files changed, 2 insertions(+) 2 files changed, 2 insertions(+)
Not expected branch : refs/heads/duytn/header-one-course
Fail to update develop of education
Not expected branch : refs/heads/style_tailm
Not expected branch : refs/heads/thangpd/courseSetting
Not expected branch : refs/heads/style_tailm
Not expected branch : 
Not expected branch : refs/heads/style_tailm
Fail to update develop of education
Updating 29c646c..eb45cbc
Fast-forward
 code/theme/framework-customizations/theme/custom-color.php | 3 ++-
 code/theme/static/css/educhain-woocommerce.css             | 5 +++--
 2 files changed, 5 insertions(+), 3 deletions(-) 2 files changed, 5 insertions(+), 3 deletions(-)
Not expected branch : refs/heads/style_tailm
Not expected branch : 
Not expected branch : refs/heads/style_tailm
Fail to update develop of education
Updating eb45cbc..a013370
Fast-forward
 code/theme/static/css/educhain-woocommerce.css | 12 ++++++++++++
 1 file changed, 12 insertions(+) 1 file changed, 12 insertions(+)
Not expected branch : refs/heads/style_tailm
Not expected branch : 
Not expected branch : refs/heads/style_tailm
Updating a013370..cd1d796
Fast-forward
 code/theme/static/css/educhain-woocommerce.css | 2 +-
 1 file changed, 1 insertion(+), 1 deletion(-) 1 file changed, 1 insertion(+), 1 deletion(-)
Fail to update develop of education
Not expected branch : refs/heads/style_tailm
Not expected branch : 
Not expected branch : refs/heads/style_tailm
Updating cd1d796..6cdea7c
Fast-forward
 code/theme/static/css/educhain-woocommerce.css | 6 ++++++
 1 file changed, 6 insertions(+) 1 file changed, 6 insertions(+)
Fail to update develop of education
Not expected branch : refs/heads/style_tailm
Not expected branch : refs/heads/style_tailm
Not expected branch : 
Updating 6cdea7c..451c2fc
Fast-forward
 code/theme/static/css/educhain-woocommerce.css | 7 +------
 1 file changed, 1 insertion(+), 6 deletions(-) 1 file changed, 1 insertion(+), 6 deletions(-)
Not expected branch : refs/heads/style_tailm
Fail to update develop of education
Not expected branch : refs/heads/style_tailm
Not expected branch : 
Not expected branch : refs/heads/style_tailm
Fail to update develop of education
Updating 451c2fc..eeb98de
Fast-forward
 code/theme/static/css/educhain-woocommerce.css | 4 ----
 1 file changed, 4 deletions(-) 1 file changed, 4 deletions(-)
Not expected branch : refs/heads/style_tailm
Not expected branch : 
Not expected branch : refs/heads/style_tailm
Fail to update develop of education
Updating eeb98de..de9872c
Fast-forward
 code/theme/static/css/educhain-woocommerce.css | 4 ++--
 1 file changed, 2 insertions(+), 2 deletions(-) 1 file changed, 2 insertions(+), 2 deletions(-)
Not expected branch : refs/heads/style_tailm
Not expected branch : refs/heads/style_tailm
Not expected branch : 
Not expected branch : refs/heads/style_tailm
Updating de9872c..9287b7c
Fast-forward
 code/theme/static/css/educhain-woocommerce.css | 5 +----
 1 file changed, 1 insertion(+), 4 deletions(-) 1 file changed, 1 insertion(+), 4 deletions(-)
Fail to update develop of education
Not expected branch : refs/heads/style_tailm
Not expected branch : 
Not expected branch : refs/heads/style_tailm
Fail to update develop of education
Updating 9287b7c..424d1ed
Fast-forward
 code/theme/static/css/educhain-woocommerce.css | 5 +++--
 1 file changed, 3 insertions(+), 2 deletions(-) 1 file changed, 3 insertions(+), 2 deletions(-)
Not expected branch : refs/heads/style_tailm
Not expected branch : 
Not expected branch : refs/heads/style_tailm
Not expected branch : 
Fail to update develop of education
Updating 424d1ed..5d00c59
Fast-forward
 code/theme/static/css/educhain-woocommerce.css | 3 ++-
 1 file changed, 2 insertions(+), 1 deletion(-) 1 file changed, 2 insertions(+), 1 deletion(-)
Not expected branch : refs/heads/style_tailm
Not expected branch : refs/heads/style_tailm
Not expected branch : 
Not expected branch : refs/heads/style_tailm
Updating 5d00c59..f2f8208
Fast-forward
 code/theme/static/css/educhain-woocommerce.css | 7 ++++++-
 1 file changed, 6 insertions(+), 1 deletion(-) 1 file changed, 6 insertions(+), 1 deletion(-)
Fail to update develop of education
Not expected branch : refs/heads/style_tailm
Not expected branch : 
Not expected branch : refs/heads/style_tailm
Updating f2f8208..45c5680
Fast-forward
 code/theme/static/css/educhain-woocommerce.css | 5 +----
 1 file changed, 1 insertion(+), 4 deletions(-) 1 file changed, 1 insertion(+), 4 deletions(-)
Fail to update develop of education
Not expected branch : refs/heads/style_tailm
Not expected branch : refs/heads/style_tailm
Not expected branch : 
Not expected branch : refs/heads/style_tailm
Updating 45c5680..1895c674
Fast-forward
 code/theme/woocommerce/content-product.php | 4 +++-
 1 file changed, 3 insertions(+), 1 deletion(-) 1 file changed, 3 insertions(+), 1 deletion(-)
Fail to update develop of education
Not expected branch : refs/heads/style_tailm
Not expected branch : 
Updating 1895c674..e01cdfc
Fast-forward
 code/theme/static/css/educhain-woocommerce.css | 15 ++++++++++-----
 1 file changed, 10 insertions(+), 5 deletions(-) 1 file changed, 10 insertions(+), 5 deletions(-)
Not expected branch : refs/heads/style_tailm
Fail to update develop of education
