Updating d006a3d..c887e61
Fast-forward
 solazu-live-settings/inc/SLZ_Live_Settings.php | 11 +++++++++++
 solazu-live-settings/views/layouts.php         |  2 +-
 2 files changed, 12 insertions(+), 1 deletion(-) 2 files changed, 12 insertions(+), 1 deletion(-)
Not expected branch : refs/heads/hieutct/structer
Not expected branch : 
Not expected branch : refs/heads/luctc
Not expected branch : 
Not expected branch : refs/heads/luctc
Not expected branch : 
Not expected branch : 
Not expected branch : refs/heads/longphb/style-header
Not expected branch : refs/heads/hieutct/bug
Not expected branch : 
Updating 32c6a57..c51137e
Fast-forward
 assets/libs/font-awesome/css/font-awesome.css      |  4 +-
 front/assets/fonts/ionicons-2.0.1/css/ionicons.css |  2 +-
 .../fonts/ionicons-2.0.1/css/ionicons.min.css      |  2 +-
 models/CourseModel.php                             | 53 +++++++++++-----------
 4 files changed, 31 insertions(+), 30 deletions(-) 4 files changed, 31 insertions(+), 30 deletions(-)
Updating c51137e..7a966c0
Fast-forward
 models/CourseModel.php | 61 ++++++++++++++++++++++++++------------------------
 1 file changed, 32 insertions(+), 29 deletions(-) 1 file changed, 32 insertions(+), 29 deletions(-)
Not expected branch : refs/heads/duytn/fix-multisite
Not expected branch : refs/heads/thanh/contact-form
Not expected branch : 
Not expected branch : 
Updating 7a966c0..a31a2be
Fast-forward
 models/CourseModel.php | 2 --
 1 file changed, 2 deletions(-) 1 file changed, 2 deletions(-)
Not expected branch : refs/heads/thangextraclass
Not expected branch : 
Not expected branch : refs/heads/duytn/fix-soft-reject
Not expected branch : 
Not expected branch : 
Updating bd2a9ce..27e774e
Fast-forward
 .../contact-form/static/css/_contact-form.scss     | 1587 ++--
 .../main-title/static/css/main-title.css           |  176 +-
 code/theme/includes/helpers.php                    |    5 +-
 code/theme/static/css/custom-editor.css            |  256 +-
 code/theme/static/css/default.css                  | 2399 +++---
 code/theme/static/css/educhain-components.css      | 7807 +++++++++---------
 code/theme/static/css/educhain-forum.css           | 3543 ++++-----
 code/theme/static/css/educhain-woocommerce.css     | 8314 +++++++++++---------
 code/theme/static/css/layout.css                   | 3184 ++++----
 code/theme/static/css/layout.scss                  |   10 +-
 code/theme/static/css/lema-custom.css              | 6532 +++++++--------
 code/theme/static/css/lema-custom.scss             |   35 +-
 code/theme/static/css/responsive.css               |  341 +-
 code/theme/static/css/theme-admin.css              |  229 +-
 code/theme/style.css                               |    2 +-
 15 files changed, 17684 insertions(+), 16736 deletions(-) 15 files changed, 17684 insertions(+), 16736 deletions(-)
Not expected branch : refs/heads/hieutct/bug
Updating 27e774e..496bd82
Fast-forward
 .../extensions/events/hooks.php                    | 16 ++++----
 .../lema/shortcodes/slz-shortcode-lema-course.php  |  8 ++--
 .../lema/shortcodes/slz-shortcode-lema-price.php   |  2 +-
 .../framework-customizations/theme/config.php      |  6 +--
 code/theme/includes/helpers.php                    | 48 +++++++++++-----------
 code/theme/includes/hooks.php                      | 48 +++++++++++-----------
 code/theme/static/js/shortcode-pagination.js       |  4 +-
 7 files changed, 67 insertions(+), 65 deletions(-) 7 files changed, 67 insertions(+), 65 deletions(-)
Fail to update develop of education
Not expected branch : refs/heads/hieutct/update
Not expected branch : 
Not expected branch : 
Not expected branch : refs/heads/thanh/contact-form
Not expected branch : 
Not expected branch : refs/heads/thanh/contact-form
Updating 496bd82..ed1fbd5
Fast-forward
 .../contact-form/static/css/_contact-form.scss     | 1609 ++++++++++----------
 .../pricing-box/static/css/pricing-box.css         |  122 ++
 .../pricing-box/static/css/pricing-box.scss        |  126 ++
 code/theme/static/css/educhain-components.css      |   23 +
 4 files changed, 1081 insertions(+), 799 deletions(-) 4 files changed, 1081 insertions(+), 799 deletions(-)
Fail to update develop of education
Fail to update develop of lema-subscription
Not expected branch : refs/heads/hieutct/update
Your branch is behind 'origin/develop' by 2 commits, and can be fast-forwarded.
  (use "git pull" to update your local branch)
Updating 8ef2205..a8a8bea
Fast-forward
 composer.lock                                      | 30 ++++++-------
 .../shortcodes/PriceShortcode/PriceShortcode.php   |  3 +-
 .../shortcodes/PriceShortcode/views/labelItem.php  |  1 +
 .../shortcodes/PriceShortcode/views/price.php      | 49 +++++++++++-----------
 .../shortcodes/PriceShortcode/views/template.php   | 16 +++++++
 lema-subscription.php                              |  4 +-
 static/styles/lema-subscription.css                | 22 ++++++++++
 7 files changed, 83 insertions(+), 42 deletions(-)
 create mode 100644 includes/classes/shortcodes/PriceShortcode/views/labelItem.php
 create mode 100644 includes/classes/shortcodes/PriceShortcode/views/template.php create mode 100644 includes/classes/shortcodes/PriceShortcode/views/template.php
Not expected branch : refs/heads/duytn/fix-soft-reject
Not expected branch : 
Not expected branch : refs/heads/hieutct/bug
Not expected branch : refs/heads/hieutct/bug
Not expected branch : refs/heads/hieutct/custom
Not expected branch : 
Not expected branch : refs/heads/hieutct/mapping
Not expected branch : 
Updating a31a2be..4ecc316
Fast-forward
 core/components/ResourceManager.php | 2 ++
 libs/CssMinifier.php                | 9 +++++++++
 2 files changed, 11 insertions(+) 2 files changed, 11 insertions(+)
Updating ed1fbd5..860814b
Fast-forward
 .../extensions/lema/shortcodes/slz-shortcode-lema-price.php        | 7 +++++++
 1 file changed, 7 insertions(+) 1 file changed, 7 insertions(+)
Not expected branch : refs/heads/hieutct/mapping
Fail to update develop of education
Not expected branch : refs/heads/hieutct/custom
Updating 860814b..232136f
Fast-forward
 .../extensions/shortcodes/shortcodes/accordion/options/layout-1.php      | 1 +
 .../extensions/shortcodes/shortcodes/accordion/views/layout-1.php        | 1 +
 .../extensions/shortcodes/shortcodes/counterv2/vc_options.php            | 1 +
 3 files changed, 3 insertions(+) 3 files changed, 3 insertions(+)
Fail to update develop of education
Updating 232136f..878efd6
Fast-forward
 code/theme/404.php                                 |  19 +-
 .../class-slz-shortcode-featured-course.php        |  23 +-
 .../shortcodes/featured-course/views/layout-1.php  |  27 +-
 code/theme/header-none.php                         |  45 +-
 code/theme/header.php                              |  41 +-
 code/theme/includes/helpers.php                    |  80 +-
 code/theme/includes/hooks.php                      | 984 +++++++++++----------
 code/theme/includes/static.php                     |  20 +-
 8 files changed, 646 insertions(+), 593 deletions(-) 8 files changed, 646 insertions(+), 593 deletions(-)
Fail to update develop of education
Not expected branch : refs/heads/duytn/fix-soft-reject
Not expected branch : refs/heads/revert-878efd6a
Not expected branch : 
Not expected branch : refs/heads/revert-878efd6a
Updating 878efd6..df8b372
Fast-forward
 code/theme/404.php                                 |  19 +-
 .../class-slz-shortcode-featured-course.php        |  23 +-
 .../shortcodes/featured-course/views/layout-1.php  |  27 +-
 code/theme/header-none.php                         |  45 +-
 code/theme/header.php                              |  41 +-
 code/theme/includes/helpers.php                    |  80 +-
 code/theme/includes/hooks.php                      | 984 ++++++++++-----------
 code/theme/includes/static.php                     |  20 +-
 8 files changed, 593 insertions(+), 646 deletions(-) 8 files changed, 593 insertions(+), 646 deletions(-)
Fail to update develop of education
Updating df8b372..a257938
Fast-forward
 code/theme/framework-customizations/extensions/optimization/static.php | 2 +-
 code/theme/static/css/educhain-woocommerce.css                         | 2 +-
 2 files changed, 2 insertions(+), 2 deletions(-) 2 files changed, 2 insertions(+), 2 deletions(-)
Not expected branch : refs/heads/duytn/fix-soft-reject
Not expected branch : refs/heads/duytn/fix-soft-reject
Not expected branch : refs/heads/duytn/fix-soft-reject
Not expected branch : 
Not expected branch : 
Not expected branch : refs/heads/duytn/fix-soft-reject
Not expected branch : refs/heads/duytn/fix-multisite
Not expected branch : refs/heads/duytn/fix-soft-reject
Not expected branch : 
Not expected branch : refs/heads/duytn/fix-soft-reject
Updating a257938..fe1c207
Fast-forward
 code/theme/404.php                                 |   19 +-
 .../class-slz-shortcode-featured-course.php        |   24 +-
 .../shortcodes/featured-course/views/layout-1.php  |   30 +-
 code/theme/header-none.php                         |   53 +-
 code/theme/header.php                              |  125 +-
 code/theme/includes/helpers.php                    | 2386 ++++++++++----------
 code/theme/includes/hooks.php                      | 1487 ++++++------
 code/theme/includes/static.php                     |   19 +-
 8 files changed, 2104 insertions(+), 2039 deletions(-) 8 files changed, 2104 insertions(+), 2039 deletions(-)
Fail to update develop of education
Not expected branch : refs/heads/duytn/hotfix
Not expected branch : 
Not expected branch : refs/heads/duytn/hotfix
Fail to update develop of education
Updating fe1c207..a06e2d7
Fast-forward
 code/theme/includes/hooks.php | 2 +-
 1 file changed, 1 insertion(+), 1 deletion(-) 1 file changed, 1 insertion(+), 1 deletion(-)
Updating a06e2d7..281aba5
Fast-forward
 .../extensions/optimization/static.php                     |  2 +-
 code/theme/includes/static.php                             | 14 ++++++++------
 2 files changed, 9 insertions(+), 7 deletions(-) 2 files changed, 9 insertions(+), 7 deletions(-)
Not expected branch : refs/heads/hieutct/data
Not expected branch : 
Not expected branch : refs/heads/thanh/contact-form
Not expected branch : refs/heads/thanh/contact-form
Not expected branch : 
Not expected branch : refs/heads/hieutct/data
Fail to update develop of education
Updating 281aba5..a849544
Fast-forward
 code/theme/setup/data-master/attachments/educhain_affiliate             | 2 +-
 code/theme/setup/data-master/attachments/educhain_default               | 2 +-
 code/theme/setup/data-master/attachments/educhain_marketplace           | 2 +-
 code/theme/setup/data-master/menus/educhain_affiliate                   | 2 +-
 code/theme/setup/data-master/menus/educhain_default                     | 2 +-
 code/theme/setup/data-master/menus/educhain_lesscourses                 | 2 +-
 code/theme/setup/data-master/menus/educhain_marketplace                 | 2 +-
 code/theme/setup/data-master/pages/educhain_affiliate                   | 2 +-
 code/theme/setup/data-master/pages/educhain_default                     | 2 +-
 code/theme/setup/data-master/pages/educhain_lesscourses                 | 2 +-
 code/theme/setup/data-master/pages/educhain_marketplace                 | 2 +-
 code/theme/setup/data-master/theme_settings/educhain_affiliate.setting  | 2 +-
 code/theme/setup/data-master/theme_settings/educhain_default.setting    | 2 +-
 .../theme/setup/data-master/theme_settings/educhain_lesscourses.setting | 2 +-
 .../theme/setup/data-master/theme_settings/educhain_marketplace.setting | 2 +-
 15 files changed, 15 insertions(+), 15 deletions(-) 15 files changed, 15 insertions(+), 15 deletions(-)
Updating a849544..94f119d
Fast-forward
 .../headers/headers/header-09/views/login_register_modal.php         | 5 ++++-
 .../framework-customizations/extensions/optimization/static.php      | 2 +-
 code/theme/includes/static.php                                       | 4 +---
 code/theme/static/js/theme-course-setting.js                         | 4 ++--
 4 files changed, 8 insertions(+), 7 deletions(-) 4 files changed, 8 insertions(+), 7 deletions(-)
Not expected branch : refs/heads/hieutct/setup
Not expected branch : refs/heads/hieutct/setup
Not expected branch : 
Not expected branch : refs/heads/hieutct/setup
Updating 94f119d..7bfebdb
Fast-forward
 code/theme/functions.php                  |  6 ++---
 code/theme/setup/class-educhain-setup.php | 39 +++++++++++++++++++++++++++++++
 code/theme/setup/layout.php               | 17 ++------------
 3 files changed, 44 insertions(+), 18 deletions(-) 3 files changed, 44 insertions(+), 18 deletions(-)
Fail to update develop of education
Updating 7bfebdb..1c6a2d4
Fast-forward
 code/theme/header.php                     | 82 +++++++++++++++----------------
 code/theme/includes/static.php            |  8 +--
 code/theme/setup/class-educhain-setup.php |  2 +-
 code/theme/setup/layout.php               |  5 +-
 4 files changed, 49 insertions(+), 48 deletions(-) 4 files changed, 49 insertions(+), 48 deletions(-)
Updating 5728ad4..527880c
Fast-forward
 solazu-unyson/framework/static/libs/font-onicons/css/ionicons.css     | 2 +-
 solazu-unyson/framework/static/libs/font-onicons/css/ionicons.min.css | 2 +-
 2 files changed, 2 insertions(+), 2 deletions(-) 2 files changed, 2 insertions(+), 2 deletions(-)
Not expected branch : refs/heads/hieutct/review_comment
Not expected branch : refs/heads/hieuctc/replacefunction
Not expected branch : 
Updating 527880c..e0d6072
Fast-forward
 solazu-unyson/solazu-unyson.php | 4 ++--
 1 file changed, 2 insertions(+), 2 deletions(-) 1 file changed, 2 insertions(+), 2 deletions(-)
Not expected branch : refs/heads/master
Updating a8a8bea..ed85219
Fast-forward
 lema-subscription.php | 4 ++--
 1 file changed, 2 insertions(+), 2 deletions(-) 1 file changed, 2 insertions(+), 2 deletions(-)
Not expected branch : refs/heads/master
Already up-to-date.Already up-to-date.
Not expected branch : refs/heads/hieutct/prepare_query
Not expected branch : 
Updating 4ecc316..090539b
Fast-forward
 README.md       | 2 +-
 config.php      | 2 +-
 learnmaster.php | 4 ++--
 3 files changed, 4 insertions(+), 4 deletions(-) 3 files changed, 4 insertions(+), 4 deletions(-)
Not expected branch : refs/heads/master
Not expected branch : refs/heads/hieuctc/replacefunction
Fail to update develop of education
Updating 1c6a2d4..dfbbde0
Fast-forward
 .../extensions/events/hooks.php                    | 120 ++++++++++-----------
 .../extensions/lema/hooks.php                      |  32 +++---
 .../extensions/portfolio/hooks.php                 |  24 ++---
 .../extensions/portfolio/views/single.php          |   4 +-
 code/theme/includes/hooks.php                      |   6 +-
 5 files changed, 93 insertions(+), 93 deletions(-) 5 files changed, 93 insertions(+), 93 deletions(-)
Not expected branch : refs/heads/hieutct/prepare_query
Fail to update develop of education
Updating dfbbde0..94b8a29
Fast-forward
 code/theme/includes/hooks.php | 4 ++--
 1 file changed, 2 insertions(+), 2 deletions(-) 1 file changed, 2 insertions(+), 2 deletions(-)
Not expected branch : refs/heads/longphb/style-header
Not expected branch : 
Updating 94b8a29..a70a071
Fast-forward
 code/theme/static/css/layout.css      | 12 ++++++++++++
 code/theme/static/css/layout.scss     |  6 ++++++
 code/theme/static/js/educhain-main.js |  8 ++++----
 3 files changed, 22 insertions(+), 4 deletions(-) 3 files changed, 22 insertions(+), 4 deletions(-)
Already up-to-date.Already up-to-date.
Updating a70a071..5ad866e
Fast-forward
 .../main-title/static/css/main-title.css           |  168 +-
 code/theme/static/css/educhain-components.css      | 7780 ++++++++++----------
 code/theme/static/css/educhain-forum.css           | 3543 +++++----
 code/theme/static/css/layout.css                   | 3098 ++++----
 code/theme/static/css/lema-custom.css              | 6411 ++++++++--------
 code/theme/static/css/responsive.css               |  299 +-
 code/theme/static/js/educhain-main.js              |    2 +-
 7 files changed, 10448 insertions(+), 10853 deletions(-) 7 files changed, 10448 insertions(+), 10853 deletions(-)
Updating 5ad866e..b77eeeb
Fast-forward
 code/theme/plugins/js_composer.zip          | Bin 5293114 -> 0 bytes
 code/theme/plugins/learnmaster.zip          | Bin 6244933 -> 6238983 bytes
 code/theme/plugins/lema-affiliate.zip       | Bin 85813 -> 0 bytes
 code/theme/plugins/lema-subscription.zip    | Bin 33085 -> 34129 bytes
 code/theme/plugins/revslider.zip            | Bin 7661911 -> 0 bytes
 code/theme/plugins/solazu-live-settings.zip | Bin 12397 -> 0 bytes
 code/theme/plugins/solazu-unyson.zip        | Bin 8674809 -> 8670196 bytes
 code/theme/style.css                        |   2 +-
 8 files changed, 1 insertion(+), 1 deletion(-) 8 files changed, 1 insertion(+), 1 deletion(-)
Not expected branch : refs/heads/master
Updating c887e61..213b47a
Fast-forward
 solazu-live-settings/solazu-live-settings.php | 4 ++--
 1 file changed, 2 insertions(+), 2 deletions(-) 1 file changed, 2 insertions(+), 2 deletions(-)
Not expected branch : refs/heads/master
Updating 213b47a..8cf65e5
Fast-forward
 solazu-live-settings/views/view.php | 2 +-
 1 file changed, 1 insertion(+), 1 deletion(-) 1 file changed, 1 insertion(+), 1 deletion(-)
Updating 8cf65e5..c861429
Fast-forward
 solazu-live-settings/solazu-live-settings.php | 4 ++--
 1 file changed, 2 insertions(+), 2 deletions(-) 1 file changed, 2 insertions(+), 2 deletions(-)
Not expected branch : refs/heads/master
