Not expected branch : refs/heads/educhain_vubd
Not expected branch : refs/heads/thangpd/searchboxx
Not expected branch : refs/heads/nhan/timeline
Not expected branch : refs/heads/thangpd/searchbox
Not expected branch : refs/heads/thangpd/searchbox
Not expected branch : refs/heads/thangpd/searchboxx
Not expected branch : refs/heads/thanh/styleBolu
Not expected branch : 
Fail to update develop of education
Updating 929d9fe..e64e2e3
Fast-forward
 .../shortcodes/testimonial/static/css/testimonial.css   | 17 ++++++++++++++++-
 .../shortcodes/testimonial/static/css/testimonial.scss  | 17 ++++++++++++++++-
 2 files changed, 32 insertions(+), 2 deletions(-) 2 files changed, 32 insertions(+), 2 deletions(-)
Not expected branch : refs/heads/thangpd/searchboxx
Not expected branch : refs/heads/hieutct/fixFooter
Not expected branch : 
Not expected branch : refs/heads/thangpd/searchboxx
Not expected branch : refs/heads/thangpd/searchboxx
Not expected branch : refs/heads/thangpd/searchboxx
Not expected branch : refs/heads/thangpd/searchbox
Not expected branch : 
Not expected branch : 
Not expected branch : refs/heads/hieutct/update
Not expected branch : 
Not expected branch : refs/heads/hieutct/update
Not expected branch : 
Not expected branch : refs/heads/sonpq
Not expected branch : refs/heads/thangpd/searchboxx
Not expected branch : refs/heads/educhain_vubd
Not expected branch : refs/heads/educhain_vubd
Not expected branch : 
Fail to update develop of education
Updating e64e2e3..743726c
Fast-forward
 .../theme/custom-color.php                         |   4 +-
 code/theme/static/css/educhain-components.css      | 208 +++++------
 code/theme/static/css/lema-custom.css              | 380 +++++++++++++++++----
 code/theme/static/css/lema-custom.scss             | 230 +++++++++++++
 4 files changed, 659 insertions(+), 163 deletions(-) 4 files changed, 659 insertions(+), 163 deletions(-)
Not expected branch : refs/heads/thangpd/searchboxx
Not expected branch : refs/heads/thangpd/searchboxx
Not expected branch : refs/heads/thangpd/searchboxx
Not expected branch : refs/heads/sonpq
Not expected branch : refs/heads/hieutct/update
Not expected branch : 
Not expected branch : refs/heads/hieutct/update
Not expected branch : 
Not expected branch : refs/heads/thangpd/searchboxx
Not expected branch : 
Not expected branch : 
Not expected branch : refs/heads/thangpd/searchbox
Not expected branch : refs/heads/thangpd/searchbox
Not expected branch : 
Not expected branch : refs/heads/hieutct/update
Not expected branch : 
Not expected branch : refs/heads/thangpd/searchboxx
Not expected branch : 
Not expected branch : 
Not expected branch : 
Not expected branch : refs/heads/sonpq
Not expected branch : refs/heads/luctc
Not expected branch : refs/heads/luctc
Not expected branch : refs/heads/sonpq
Not expected branch : 
Fail to update develop of education
Updating 743726c..686b749
Fast-forward
 code/theme/static/css/layout.css  | 11 +++++++++++
 code/theme/static/css/layout.scss | 11 +++++++++++
 2 files changed, 22 insertions(+) 2 files changed, 22 insertions(+)
Not expected branch : refs/heads/thangpd/searchboxx
Fail to update develop of lema-university
Updating a48a6f7..1d6396f
Fast-forward
 .../front/assets/css/uni-search-page-style.css     |  80 +++++++
 includes/classes/front/assets/js/search-uni-js.js  |   5 +
 .../classes/front/controllers/SearchController.php |  92 ++++---
 includes/classes/front/views/search/view.php       |  71 ++++--
 .../classes/shortcodes/searchbox/Searchbox.php     |  29 ++-
 .../assets/styles/sc-searchbox-uni-style.css       | 263 +++++++++++++++++++++
 .../classes/shortcodes/searchbox/views/view.php    | 119 ++++++----
 7 files changed, 545 insertions(+), 114 deletions(-)
 create mode 100644 includes/classes/front/assets/css/uni-search-page-style.css
 create mode 100644 includes/classes/front/assets/js/search-uni-js.js
 create mode 100644 includes/classes/shortcodes/searchbox/assets/styles/sc-searchbox-uni-style.css create mode 100644 includes/classes/shortcodes/searchbox/assets/styles/sc-searchbox-uni-style.css
Not expected branch : refs/heads/hieutct/fixVideo
Fail to update develop of education
Updating 686b749..3da0422
Fast-forward
 .../extensions/shortcodes/shortcodes/video/config.php             | 2 +-
 .../extensions/shortcodes/shortcodes/video/views/layout-2.php     | 8 +++++---
 2 files changed, 6 insertions(+), 4 deletions(-) 2 files changed, 6 insertions(+), 4 deletions(-)
Not expected branch : refs/heads/hieutct/fixFooter
Fail to update develop of education
Updating 3da0422..c6022e2
Fast-forward
 .../footers/footers/footer-01/options.php          | 868 +++++++++++++++++++++
 .../footers/footers/footer-02/options.php          | 858 ++++++++++++++++++++
 .../footers/footers/footer-03/options.php          | 848 ++++++++++++++++++++
 .../footers/footers/footer-04/options.php          | 851 ++++++++++++++++++++
 code/theme/includes/implement-options.php          |  32 +-
 5 files changed, 3456 insertions(+), 1 deletion(-)
 create mode 100755 code/theme/framework-customizations/extensions/footers/footers/footer-01/options.php
 create mode 100755 code/theme/framework-customizations/extensions/footers/footers/footer-02/options.php
 create mode 100755 code/theme/framework-customizations/extensions/footers/footers/footer-03/options.php
 create mode 100755 code/theme/framework-customizations/extensions/footers/footers/footer-04/options.php create mode 100755 code/theme/framework-customizations/extensions/footers/footers/footer-04/options.php
Not expected branch : refs/heads/educhain_vubd
Not expected branch : refs/heads/thangpd/searchboxx
Not expected branch : refs/heads/thangpd/searchboxx
Fail to update develop of education
Updating c6022e2..9e0eada
Fast-forward
 .../lema/includes/SLZ_Lema_Shortcode.php           |   3 +-
 .../slz-shortcode-lema-uni-search-box.php          | 143 +++++++++++++++++++++
 2 files changed, 145 insertions(+), 1 deletion(-)
 create mode 100644 code/theme/framework-customizations/extensions/lema/shortcodes/slz-shortcode-lema-uni-search-box.php create mode 100644 code/theme/framework-customizations/extensions/lema/shortcodes/slz-shortcode-lema-uni-search-box.php
Not expected branch : refs/heads/thangpd/searchbox
Not expected branch : 
Updating 9e0eada..88b76b4
Fast-forward
 code/theme/style.css | 5 +++++
 1 file changed, 5 insertions(+) 1 file changed, 5 insertions(+)
Fail to update develop of education
Not expected branch : 
Not expected branch : refs/heads/sonpq
Not expected branch : refs/heads/nhan/timeline
Not expected branch : refs/heads/thangpd/searchboxx
Not expected branch : 
Not expected branch : refs/heads/thangpd/searchboxx
Not expected branch : 
Not expected branch : refs/heads/sonpq
Not expected branch : refs/heads/sonpq
Updating 1d6396f..51640f3
Fast-forward
 includes/classes/shortcodes/searchbox/Searchbox.php | 2 +-
 1 file changed, 1 insertion(+), 1 deletion(-) 1 file changed, 1 insertion(+), 1 deletion(-)
Fail to update develop of lema-university
Not expected branch : refs/heads/thangpd/searchboxx
Not expected branch : 
Fail to update develop of education
Updating 88b76b4..e43f77a
Fast-forward
 code/theme/static/css/layout.css  | 11 +++++++++++
 code/theme/static/css/layout.scss |  9 ++++++++-
 2 files changed, 19 insertions(+), 1 deletion(-) 2 files changed, 19 insertions(+), 1 deletion(-)
Not expected branch : 
Not expected branch : refs/heads/nhan/timeline
Not expected branch : 
Updating e43f77a..ed6e24a
Fast-forward
 .../theme/custom-color.php                         |  10 +
 code/theme/static/css/custom-editor.css            |  97 +++++++-
 code/theme/static/css/custom-editor.scss           | 244 +++++++++++++--------
 3 files changed, 247 insertions(+), 104 deletions(-) 3 files changed, 247 insertions(+), 104 deletions(-)
Fail to update develop of education
Not expected branch : refs/heads/sonpq
Not expected branch : refs/heads/sonpq
Not expected branch : 
Fail to update develop of education
Updating ed6e24a..320fb92
Fast-forward
 code/theme/static/css/layout.css  | 3 +++
 code/theme/static/css/layout.scss | 5 ++++-
 2 files changed, 7 insertions(+), 1 deletion(-) 2 files changed, 7 insertions(+), 1 deletion(-)
Updating 51640f3..632ba12
Fast-forward
 .../searchbox/assets => assets}/styles/sc-searchbox-uni-style.css       | 0
 includes/classes/shortcodes/searchbox/Searchbox.php                     | 2 +-
 2 files changed, 1 insertion(+), 1 deletion(-)
 rename {includes/classes/shortcodes/searchbox/assets => assets}/styles/sc-searchbox-uni-style.css (100%) rename {includes/classes/shortcodes/searchbox/assets => assets}/styles/sc-searchbox-uni-style.css (100%)
Updating 38e6e5f..7fd08e3
Fast-forward
 core/Shortcode.php           | 5 ++++-
 core/components/Resource.php | 5 +++--
 models/UserModel.php         | 5 +++--
 3 files changed, 10 insertions(+), 5 deletions(-) 3 files changed, 10 insertions(+), 5 deletions(-)
Not expected branch : refs/heads/fix_uni_search-box
Not expected branch : refs/heads/fix_uni_search-box
Not expected branch : refs/heads/fix_uni_search-box
Not expected branch : 
Not expected branch : refs/heads/nhan/timeline
Not expected branch : 
Updating 320fb92..fc63187
Fast-forward
 code/theme/static/css/custom-editor.css       |   4 +-
 code/theme/static/css/custom-editor.scss      |   4 +-
 code/theme/static/css/educhain-components.css | 208 +++++++++++++-------------
 code/theme/static/css/lema-custom.css         | 116 +++++++-------
 4 files changed, 166 insertions(+), 166 deletions(-) 4 files changed, 166 insertions(+), 166 deletions(-)
Fail to update develop of education
Updating 632ba12..84ce97f
Fast-forward
 assets/styles/sc-searchbox-uni-style.css | 6 +++---
 1 file changed, 3 insertions(+), 3 deletions(-) 1 file changed, 3 insertions(+), 3 deletions(-)
Not expected branch : refs/heads/fix_uni_search-box
Already up-to-date.Already up-to-date.
Not expected branch : refs/heads/hieutct/fixBug
Not expected branch : refs/heads/hieutct/fixBug
Not expected branch : refs/heads/educhain_vubd
Not expected branch : 
Not expected branch : refs/heads/educhain_vubd
Not expected branch : 
Fail to update develop of education
Updating fc63187..afe16d6
Fast-forward
 .../shortcodes/faq-block/static/css/faq-block.css  |   4 +-
 .../static/css/gallery-carousel.css                |  12 +-
 .../gallery-masonry/static/css/gallery-masonry.css |   4 +-
 .../shortcodes/isotope/static/css/isotope.css      |   4 +-
 .../shortcodes/instagram/static/css/instagram.css  |   4 +-
 .../static/css/course-collection.css               |   4 +-
 .../instructor/static/css/instructor.css           |   4 +-
 .../shortcodes/new-tweet/static/css/new-tweet.css  |   4 +-
 .../service-block/static/css/service-block.css     |   4 +-
 .../count-down/static/css/count-down.css           |   4 +-
 .../shortcodes/counterv2/static/css/counterv2.css  |   4 +-
 .../features-block/static/css/features-block.css   |  70 ++--
 .../shortcodes/item-list/static/css/item-list.css  |   4 +-
 .../shortcodes/shortcodes/map/static/css/map.css   |   4 +-
 .../static/css/material-download.css               |   4 +-
 .../newsletter/static/css/newsletter.css           |   8 +-
 .../shortcodes/partner/static/css/partner.css      |   4 +-
 .../posts-carousel/static/css/posts-carousel.css   |   4 +-
 .../posts-grid/static/css/posts-grid.css           |  56 +--
 .../posts-mansory/static/css/posts-masonry.css     |   4 +-
 .../pricing-box/static/css/pricing-box.css         |  28 +-
 .../shortcodes/process/static/css/process.css      |  42 +--
 .../progress-bar/static/css/progress-bar.css       |   8 +-
 .../shortcodes/timeline/static/css/timeline.css    |  12 +-
 .../video-carousel/static/css/video-carousel.css   |   4 +-
 .../team-block/static/css/team-block.css           |  66 ++--
 .../team-carousel/static/css/team-carousel.css     |  20 +-
 .../testimonial/static/css/testimonial.css         | 110 +++---
 .../extensions/widgets/static/css/widgets.css      |  72 ++--
 .../theme/custom-color.php                         |   6 +
 code/theme/static/css/custom-editor.css            |  60 ++--
 code/theme/static/css/educhain-components.css      | 208 +++++------
 code/theme/static/css/educhain-forum.css           |  58 ++--
 code/theme/static/css/lema-custom.css              | 380 ++++-----------------
 code/theme/static/css/lema-custom.scss             | 231 +------------
 35 files changed, 514 insertions(+), 1001 deletions(-) 35 files changed, 514 insertions(+), 1001 deletions(-)
Not expected branch : refs/heads/duytn/fix-page-header-area
Not expected branch : refs/heads/nhan/timeline
Not expected branch : 
Not expected branch : refs/heads/hieutct/fixSlider
Fail to update develop of education
Updating afe16d6..c89e305
Fast-forward
 .../shortcodes/video/static/css/_video.scss        | 24 +++++++++++-------
 .../theme/custom-color.php                         | 15 +++++++++++
 code/theme/static/css/educhain-components.css      | 29 ++++++++++++++++------
 3 files changed, 52 insertions(+), 16 deletions(-) 3 files changed, 52 insertions(+), 16 deletions(-)
Not expected branch : 
Not expected branch : refs/heads/luctc
Not expected branch : 
Not expected branch : 
Not expected branch : refs/heads/luctc
Not expected branch : 
Fail to update develop of education
Updating c89e305..d61ff76
Fast-forward
 .../static/css/gallery-carousel.css                |  426 +-
 .../static/css/gallery-carousel.scss               |  395 +-
 .../gallery-carousel/static/js/gallery-carousel.js |  119 +-
 .../shortcodes/gallery-carousel/views/layout-5.php |   15 +-
 .../shortcodes/gallery-carousel/views/layout-6.php |    4 +-
 .../image-carousel/static/css/_image-carousel.scss |    4 +
 code/theme/static/css/educhain-components.css      |  213 +-
 code/theme/static/css/lema-custom.css              | 6701 --------------------
 8 files changed, 869 insertions(+), 7008 deletions(-)
 delete mode 100644 code/theme/static/css/lema-custom.css delete mode 100644 code/theme/static/css/lema-custom.css
Not expected branch : refs/heads/luctc
Not expected branch : 
Fail to update develop of education
Updating d61ff76..ddb96da
Fast-forward
 .../shortcodes/faq-block/static/css/faq-block.css  |    4 +-
 .../static/css/gallery-carousel.css                |   12 +-
 .../gallery-masonry/static/css/gallery-masonry.css |    4 +-
 .../shortcodes/isotope/static/css/isotope.css      |    4 +-
 .../shortcodes/instagram/static/css/instagram.css  |    4 +-
 .../static/css/course-collection.css               |    4 +-
 .../instructor/static/css/instructor.css           |    4 +-
 .../shortcodes/new-tweet/static/css/new-tweet.css  |    4 +-
 .../service-block/static/css/service-block.css     |    4 +-
 .../count-down/static/css/count-down.css           |    4 +-
 .../shortcodes/counterv2/static/css/counterv2.css  |    4 +-
 .../features-block/static/css/features-block.css   |   70 +-
 .../shortcodes/item-list/static/css/item-list.css  |    4 +-
 .../shortcodes/shortcodes/map/static/css/map.css   |    4 +-
 .../static/css/material-download.css               |    4 +-
 .../newsletter/static/css/newsletter.css           |    8 +-
 .../shortcodes/partner/static/css/partner.css      |    4 +-
 .../posts-carousel/static/css/posts-carousel.css   |    4 +-
 .../posts-grid/static/css/posts-grid.css           |   56 +-
 .../posts-mansory/static/css/posts-masonry.css     |    4 +-
 .../pricing-box/static/css/pricing-box.css         |   28 +-
 .../shortcodes/process/static/css/process.css      |   42 +-
 .../progress-bar/static/css/progress-bar.css       |    8 +-
 .../shortcodes/timeline/static/css/timeline.css    |   12 +-
 .../video-carousel/static/css/video-carousel.css   |    4 +-
 .../team-block/static/css/team-block.css           |   66 +-
 .../team-carousel/static/css/team-carousel.css     |   20 +-
 .../testimonial/static/css/testimonial.css         |  110 +-
 .../extensions/widgets/static/css/widgets.css      |   72 +-
 code/theme/static/css/custom-editor.css            |   60 +-
 code/theme/static/css/educhain-forum.css           |   58 +-
 code/theme/static/css/lema-custom.css              | 6701 ++++++++++++++++++++
 32 files changed, 7046 insertions(+), 345 deletions(-)
 create mode 100644 code/theme/static/css/lema-custom.css create mode 100644 code/theme/static/css/lema-custom.css
Fail to update develop of lema-marketplace-instructor
Not expected branch : refs/heads/hieutct/update
Updating dff6cb4..5f8886b
Fast-forward
 composer.lock                                      |   81 +-
 includes/Bootstrap.php                             |    7 -
 includes/classes/Constants.php                     |   12 +
 includes/classes/Hooks.php                         |   10 +-
 .../admin/views/paymentrequest/_box_action.php     |    4 +-
 .../admin/views/paymentrequest/_box_info.php       |    8 +-
 .../admin/views/paymentrequest/_box_instructor.php |    6 +-
 includes/classes/components/Helper.php             |  193 +++-
 .../classes/front/controllers/CourseController.php |  262 ++---
 .../front/controllers/DashboardController.php      |  606 +++++++-----
 includes/classes/front/views/course/sidebar.php    |   60 +-
 .../classes/front/views/course/sidebar/form.php    |    2 +-
 .../classes/front/views/course/templates/image.php |    6 +-
 .../classes/front/views/dashboard/_tab_courses.php |    2 +-
 .../classes/front/views/dashboard/_tab_reviews.php |   33 +-
 .../front/views/dashboard/review/filterBlock.php   |   65 ++
 .../views/dashboard/review/filterbycourse.php      |   41 +
 .../views/dashboard/review/filterbyreview.php      |   46 +
 .../front/views/dashboard/review/itemCourse.php    |   60 ++
 .../front/views/dashboard/review/itemReview.php    |   54 +
 .../front/views/dashboard/review/itemsCourse.php   |   17 +
 .../front/views/dashboard/review/itemsReview.php   |   13 +
 .../front/views/dashboard/review/ratingBlock.php   |   52 +
 .../classes/front/views/payment/createView.php     |   14 +-
 .../classes/front/views/payment/managerView.php    |   17 +-
 includes/classes/models/RequestPaymentModel.php    |    3 +-
 static/scripts/lema-marketplace.js                 |   80 +-
 static/scripts/lema-mkins.js                       |   61 ++
 static/styles/lema-marketplace.css                 | 1029 +++++++++++++++++++-
 static/styles/lema-mkins.css                       |    8 +
 30 files changed, 2316 insertions(+), 536 deletions(-)
 create mode 100644 includes/classes/Constants.php
 create mode 100644 includes/classes/front/views/dashboard/review/filterBlock.php
 create mode 100644 includes/classes/front/views/dashboard/review/filterbycourse.php
 create mode 100644 includes/classes/front/views/dashboard/review/filterbyreview.php
 create mode 100644 includes/classes/front/views/dashboard/review/itemCourse.php
 create mode 100644 includes/classes/front/views/dashboard/review/itemReview.php
 create mode 100644 includes/classes/front/views/dashboard/review/itemsCourse.php
 create mode 100644 includes/classes/front/views/dashboard/review/itemsReview.php
 create mode 100644 includes/classes/front/views/dashboard/review/ratingBlock.php create mode 100644 includes/classes/front/views/dashboard/review/ratingBlock.php
Not expected branch : refs/heads/thangpd/social
Not expected branch : 
Not expected branch : refs/heads/thangpd/social
Not expected branch : 
Not expected branch : refs/heads/thangpd/SCsocial
Not expected branch : refs/heads/hieutct/fixSlider
Fail to update develop of education
Updating ddb96da..1cb7e87
Fast-forward
 code/theme/includes/helpers.php | 9 ++++++++-
 1 file changed, 8 insertions(+), 1 deletion(-) 1 file changed, 8 insertions(+), 1 deletion(-)
Not expected branch : refs/heads/educhain_vubd
Not expected branch : refs/heads/nhan/timeline
Not expected branch : refs/heads/thangpd/social
Not expected branch : 
Not expected branch : 
Not expected branch : 
Not expected branch : refs/heads/duytn/header-area
Not expected branch : 
Not expected branch : 
Not expected branch : refs/heads/sonpq
Fail to update develop of education
Not expected branch : refs/heads/duytn/header-area
Your branch is behind 'origin/develop' by 3 commits, and can be fast-forwarded.
  (use "git pull" to update your local branch)
Updating 1cb7e87..932e777
Fast-forward
 code/theme/includes/helpers.php | 46 +++++++++++++++++++++++++++++------------
 1 file changed, 33 insertions(+), 13 deletions(-) 1 file changed, 33 insertions(+), 13 deletions(-)
Updating 932e777..853085a
Fast-forward
 code/theme/includes/helpers.php | 29 +++++++++++++++++++++++++++--
 1 file changed, 27 insertions(+), 2 deletions(-) 1 file changed, 27 insertions(+), 2 deletions(-)
Already up-to-date.Already up-to-date.
Not expected branch : refs/heads/duytn/fix-page-header-area
Updating 853085a..b7d43d0
Fast-forward
 .../extensions/shortcodes/shortcodes/video/static/css/_video.scss       | 2 +-
 1 file changed, 1 insertion(+), 1 deletion(-) 1 file changed, 1 insertion(+), 1 deletion(-)
Fail to update develop of education
Not expected branch : refs/heads/luctc
Not expected branch : refs/heads/luctc
Not expected branch : refs/heads/luctc
Fail to update develop of solazu-core
Not expected branch : refs/heads/thangpd/social
Updating b06863e..85d0127
Fast-forward
 .../social/class-slz-shortcode-social.php          | 16 +++++
 .../shortcodes/shortcodes/social/config.php        | 34 ++++++++++
 .../shortcodes/shortcodes/social/static.php        |  2 +
 .../shortcodes/shortcodes/social/vc_options.php    | 74 ++++++++++++++++++++++
 .../shortcodes/shortcodes/social/views/view.php    | 71 +++++++++++++++++++++
 5 files changed, 197 insertions(+)
 create mode 100644 solazu-unyson/framework/extensions/shortcodes/shortcodes/social/class-slz-shortcode-social.php
 create mode 100644 solazu-unyson/framework/extensions/shortcodes/shortcodes/social/config.php
 create mode 100644 solazu-unyson/framework/extensions/shortcodes/shortcodes/social/static.php
 create mode 100644 solazu-unyson/framework/extensions/shortcodes/shortcodes/social/vc_options.php
 create mode 100644 solazu-unyson/framework/extensions/shortcodes/shortcodes/social/views/view.php create mode 100644 solazu-unyson/framework/extensions/shortcodes/shortcodes/social/views/view.php
Not expected branch : refs/heads/duytn/utils
Fail to update develop of solazu-core
Updating 85d0127..53b646d
Fast-forward
 .../includes/extra-functions/class-slz-util.php    | 25 +++++++++++++---------
 1 file changed, 15 insertions(+), 10 deletions(-) 1 file changed, 15 insertions(+), 10 deletions(-)
Updating b7d43d0..eba8db3
Fast-forward
 code/theme/framework-customizations/extensions/shortcodes/hooks.php | 1 +
 1 file changed, 1 insertion(+) 1 file changed, 1 insertion(+)
Not expected branch : refs/heads/thangpd/SCsocial
Already up-to-date.Already up-to-date.
Not expected branch : refs/heads/fix_uni_search-box
Not expected branch : refs/heads/fix_uni_search-box
Not expected branch : 
Not expected branch : refs/heads/fix_uni_search-box
Fail to update develop of lema-university
Updating 84ce97f..86a4ec9
Fast-forward
 includes/classes/front/assets/css/uni-search-page-style.css | 8 ++++----
 1 file changed, 4 insertions(+), 4 deletions(-) 1 file changed, 4 insertions(+), 4 deletions(-)
Not expected branch : refs/heads/fix_uni_search-box
Not expected branch : refs/heads/fix_uni_search-box
Not expected branch : 
Fail to update develop of lema-university
Updating 86a4ec9..76d48e1
Fast-forward
 includes/classes/front/assets/css/uni-search-page-style.css | 9 ++++++---
 1 file changed, 6 insertions(+), 3 deletions(-) 1 file changed, 6 insertions(+), 3 deletions(-)
Not expected branch : refs/heads/fix_uni_search-box
Not expected branch : refs/heads/educhain_vubd
Not expected branch : 
Fail to update develop of education
Updating eba8db3..afb7bfb
Fast-forward
 code/theme/static/css/lema-custom.css  | 13287 ++++++++++++++++---------------
 code/theme/static/css/lema-custom.scss |     1 +
 code/theme/style.css                   |     2 +-
 3 files changed, 6646 insertions(+), 6644 deletions(-) 3 files changed, 6646 insertions(+), 6644 deletions(-)
