Updating 6e6fa99..cb8e68b
Fast-forward
 .../shortcodes/partner/static/css/partner.css      |  2 +-
 .../testimonial/static/css/testimonial.css         | 12 +++----
 .../extensions/widgets/static/css/widgets.css      |  6 ++--
 code/static/css/cryptoio-components.css            | 39 +++++++++++++++++-----
 4 files changed, 40 insertions(+), 19 deletions(-) 4 files changed, 40 insertions(+), 19 deletions(-)
Updating cb8e68b..846fc9e
Fast-forward
 .../shortcodes/posts-grid/views/layout-2.php       |  2 +-
 code/includes/hooks.php                            | 29 +++++++++++
 .../shortcodes/cryptoio_category/config.php        |  4 +-
 .../shortcodes/cryptoio_category/vc_options.php    |  7 +++
 .../shortcodes/cryptoio_category/views/view.php    |  7 +--
 .../headers/headers/header-01/options.php          | 60 +++++++++++++++++++++-
 .../headers/headers/header-01/views/view.php       |  3 ++
 .../shortcodes/timeline-carousel/vc_options.php    | 54 +++++++++----------
 8 files changed, 132 insertions(+), 34 deletions(-) 8 files changed, 132 insertions(+), 34 deletions(-)
Updating 846fc9e..a7b105e
Fast-forward
 .../shortcodes/posts-grid/views/layout-2.php       | 95 +++++++++++-----------
 1 file changed, 46 insertions(+), 49 deletions(-) 1 file changed, 46 insertions(+), 49 deletions(-)
Updating a7b105e..62cac58
Fast-forward
 .../extensions/faq/config.php                      |   3 -
 .../extensions/faq/shortcodes/faq-block/config.php |  45 --
 .../extensions/faq/shortcodes/faq-block/static.php |   8 -
 .../shortcodes/faq-block/static/css/faq-block.css  |  83 ---
 .../shortcodes/faq-block/static/css/faq-block.scss |  74 ---
 .../faq/shortcodes/faq-block/vc_options.php        | 138 ----
 .../faq/shortcodes/faq-block/views/view.php        |  82 ---
 .../extensions/faq/static.php                      |  14 -
 .../extensions/faq/static/css/_faq.scss            | 253 -------
 .../extensions/faq/static/js/faq.js                |  32 -
 .../extensions/faq/views/archive.php               |  69 --
 .../extensions/faq/views/single.php                |  83 ---
 .../extensions/faq/widgets/faq-category/config.php |  17 -
 .../extensions/faq/widgets/faq-category/static.php |   3 -
 .../faq/widgets/faq-category/views/admin.php       |  50 --
 .../faq/widgets/faq-category/views/front.php       |  57 --
 .../static/css/gallery-carousel.css                | 728 ---------------------
 .../static/css/gallery-carousel.scss               | 716 --------------------
 .../gallery-grid/static/css/gallery-grid.css       | 184 ------
 .../gallery-masonry/static/css/gallery-masonry.css |  82 ---
 .../shortcodes/isotope/static/css/isotope.css      | 246 -------
 .../services/shortcodes/service-block/static.php   |   9 -
 .../service-block/static/css/service-block.css     |  90 ---
 .../service-block/static/css/service-block.scss    |  84 ---
 .../extensions/services/static.php                 |  10 -
 .../extensions/services/static/css/_services.scss  |   0
 .../services/static/js/slz-services-js.js          |  31 -
 .../extensions/services/views/gallery-item.php     |  60 --
 .../extensions/services/views/single.php           |  82 ---
 code/includes/hooks.php                            |   6 +-
 30 files changed, 3 insertions(+), 3336 deletions(-)
 delete mode 100644 code/framework-customizations/extensions/faq/config.php
 delete mode 100644 code/framework-customizations/extensions/faq/shortcodes/faq-block/config.php
 delete mode 100644 code/framework-customizations/extensions/faq/shortcodes/faq-block/static.php
 delete mode 100644 code/framework-customizations/extensions/faq/shortcodes/faq-block/static/css/faq-block.css
 delete mode 100644 code/framework-customizations/extensions/faq/shortcodes/faq-block/static/css/faq-block.scss
 delete mode 100644 code/framework-customizations/extensions/faq/shortcodes/faq-block/vc_options.php
 delete mode 100644 code/framework-customizations/extensions/faq/shortcodes/faq-block/views/view.php
 delete mode 100644 code/framework-customizations/extensions/faq/static.php
 delete mode 100644 code/framework-customizations/extensions/faq/static/css/_faq.scss
 delete mode 100644 code/framework-customizations/extensions/faq/static/js/faq.js
 delete mode 100644 code/framework-customizations/extensions/faq/views/archive.php
 delete mode 100644 code/framework-customizations/extensions/faq/views/single.php
 delete mode 100644 code/framework-customizations/extensions/faq/widgets/faq-category/config.php
 delete mode 100644 code/framework-customizations/extensions/faq/widgets/faq-category/static.php
 delete mode 100644 code/framework-customizations/extensions/faq/widgets/faq-category/views/admin.php
 delete mode 100644 code/framework-customizations/extensions/faq/widgets/faq-category/views/front.php
 delete mode 100644 code/framework-customizations/extensions/gallery/shortcodes/gallery-carousel/static/css/gallery-carousel.css
 delete mode 100644 code/framework-customizations/extensions/gallery/shortcodes/gallery-carousel/static/css/gallery-carousel.scss
 delete mode 100644 code/framework-customizations/extensions/gallery/shortcodes/gallery-grid/static/css/gallery-grid.css
 delete mode 100644 code/framework-customizations/extensions/gallery/shortcodes/gallery-masonry/static/css/gallery-masonry.css
 delete mode 100644 code/framework-customizations/extensions/gallery/shortcodes/isotope/static/css/isotope.css
 delete mode 100644 code/framework-customizations/extensions/services/shortcodes/service-block/static.php
 delete mode 100644 code/framework-customizations/extensions/services/shortcodes/service-block/static/css/service-block.css
 delete mode 100644 code/framework-customizations/extensions/services/shortcodes/service-block/static/css/service-block.scss
 delete mode 100644 code/framework-customizations/extensions/services/static.php
 delete mode 100644 code/framework-customizations/extensions/services/static/css/_services.scss
 delete mode 100644 code/framework-customizations/extensions/services/static/js/slz-services-js.js
 delete mode 100644 code/framework-customizations/extensions/services/views/gallery-item.php
 delete mode 100644 code/framework-customizations/extensions/services/views/single.php delete mode 100644 code/framework-customizations/extensions/services/views/single.php
Updating 62cac58..6243c6a
Fast-forward
 code/includes/hooks.php | 2 +-
 1 file changed, 1 insertion(+), 1 deletion(-) 1 file changed, 1 insertion(+), 1 deletion(-)
Updating 6243c6a..f861037
Fast-forward
 .../extensions/cryptoio/shortcodes/cryptoio_category/views/view.php     | 2 +-
 1 file changed, 1 insertion(+), 1 deletion(-) 1 file changed, 1 insertion(+), 1 deletion(-)
Updating f861037..c4ea7b4
Fast-forward
 .../shortcodes/cryptoio_category/views/view.php    | 22 ++++++++++++++--------
 1 file changed, 14 insertions(+), 8 deletions(-) 1 file changed, 14 insertions(+), 8 deletions(-)
Updating c4ea7b4..f0bbcc4
Fast-forward
 code/static/css/layout.css | 237 +++++++++++++++++++++++++++++++++++++++++++++
 1 file changed, 237 insertions(+) 1 file changed, 237 insertions(+)
Updating f0bbcc4..2db8a3f
Fast-forward
 code/static/css/layout.css | 4 ++++
 1 file changed, 4 insertions(+) 1 file changed, 4 insertions(+)
Updating 2db8a3f..eec5e29
Fast-forward
 .../shortcodes/partner/static/css/partner.css      |   2 +-
 .../testimonial/static/css/testimonial.css         |  12 +-
 .../extensions/widgets/static/css/widgets.css      |   6 +-
 code/static/css/cryptoio-components.css            | 279 +--------------------
 code/static/css/cryptoio-components.scss           |  11 +-
 5 files changed, 33 insertions(+), 277 deletions(-) 5 files changed, 33 insertions(+), 277 deletions(-)
Updating eec5e29..2ebd9b1
Fast-forward
 code/static/css/cryptoio-components.css  | 2 +-
 code/static/css/cryptoio-components.scss | 2 +-
 2 files changed, 2 insertions(+), 2 deletions(-) 2 files changed, 2 insertions(+), 2 deletions(-)
Updating 2ebd9b1..39a3254
Fast-forward
 code/static/css/cryptoio-components.css  | 4 +++-
 code/static/css/cryptoio-components.scss | 4 +++-
 2 files changed, 6 insertions(+), 2 deletions(-) 2 files changed, 6 insertions(+), 2 deletions(-)
Updating 39a3254..f29216b
Fast-forward
 .../shortcodes/cryptoio_category/views/view.php    | 88 ++++++++++++----------
 1 file changed, 49 insertions(+), 39 deletions(-) 1 file changed, 49 insertions(+), 39 deletions(-)
Not expected branch : refs/heads/thuong/fix-bug-team-blog
Not expected branch : 
Updating f29216b..2354ee9
Fast-forward
 code/static/css/cryptoio-components.scss | 2 +-
 1 file changed, 1 insertion(+), 1 deletion(-) 1 file changed, 1 insertion(+), 1 deletion(-)
Not expected branch : 
Updating 2354ee9..04fcc0f
Fast-forward
 code/static/css/cryptoio-components.css | 2 +-
 1 file changed, 1 insertion(+), 1 deletion(-) 1 file changed, 1 insertion(+), 1 deletion(-)
Updating 04fcc0f..37bc775
Fast-forward
 code/static/css/cryptoio-components.css  | 2 +-
 code/static/css/cryptoio-components.scss | 2 +-
 2 files changed, 2 insertions(+), 2 deletions(-) 2 files changed, 2 insertions(+), 2 deletions(-)
Not expected branch : refs/heads/thuong/fix-bug-team-blog
Not expected branch : 
Updating 37bc775..8166c4e
Fast-forward
 code/static/css/cryptoio-components.css  |  8 ++++++--
 code/static/css/cryptoio-components.scss | 11 +++++++++--
 2 files changed, 15 insertions(+), 4 deletions(-) 2 files changed, 15 insertions(+), 4 deletions(-)
Not expected branch : refs/heads/thuong/fix-bug-team-blog
Updating 8166c4e..1a990c8
Fast-forward
 .../cryptoio/shortcodes/charts/static.php          |  4 +
 .../shortcodes/charts/static/css/slz-charts.css    | 95 ++++++++++++++++++++++
 .../shortcodes/charts/static/js/slz-charts.js      |  5 +-
 .../cryptoio/shortcodes/charts/views/view.php      |  2 +-
 4 files changed, 103 insertions(+), 3 deletions(-)
 create mode 100644 plugin/solazu-unyson/framework/extensions/cryptoio/shortcodes/charts/static/css/slz-charts.css create mode 100644 plugin/solazu-unyson/framework/extensions/cryptoio/shortcodes/charts/static/css/slz-charts.css
Fail to update develop of cryptoio
Updating 1a990c8..e9853f3
Fast-forward
 code/static/css/cryptoio-components.css  | 2 +-
 code/static/css/cryptoio-components.scss | 2 +-
 2 files changed, 2 insertions(+), 2 deletions(-) 2 files changed, 2 insertions(+), 2 deletions(-)
Updating e9853f3..4e3c347
Fast-forward
 code/static/css/cryptoio-components.css  | 8 ++++++++
 code/static/css/cryptoio-components.scss | 4 ++++
 2 files changed, 12 insertions(+) 2 files changed, 12 insertions(+)
Updating 4e3c347..5755114
Fast-forward
 code/static/css/cryptoio-components.css  | 4 ++--
 code/static/css/cryptoio-components.scss | 4 ++--
 2 files changed, 4 insertions(+), 4 deletions(-) 2 files changed, 4 insertions(+), 4 deletions(-)
Updating 5755114..5d9347f
Fast-forward
 code/static/css/cryptoio-components.css  | 5 +----
 code/static/css/cryptoio-components.scss | 7 ++++---
 2 files changed, 5 insertions(+), 7 deletions(-) 2 files changed, 5 insertions(+), 7 deletions(-)
Updating 5d9347f..3b2571b
Fast-forward
 code/static/css/cryptoio-components.css  | 2 +-
 code/static/css/cryptoio-components.scss | 2 +-
 2 files changed, 2 insertions(+), 2 deletions(-) 2 files changed, 2 insertions(+), 2 deletions(-)
Updating 3b2571b..4823bb6
Fast-forward
 code/static/css/cryptoio-components.css  | 2 +-
 code/static/css/cryptoio-components.scss | 2 +-
 2 files changed, 2 insertions(+), 2 deletions(-) 2 files changed, 2 insertions(+), 2 deletions(-)
Updating 4823bb6..6912cb1
Fast-forward
 .../shortcodes/shortcodes/icons-block/static/css/_icon-block.scss       | 2 +-
 1 file changed, 1 insertion(+), 1 deletion(-) 1 file changed, 1 insertion(+), 1 deletion(-)
Updating 6912cb1..495f402
Fast-forward
 code/static/css/cryptoio-components.css | 2 +-
 1 file changed, 1 insertion(+), 1 deletion(-) 1 file changed, 1 insertion(+), 1 deletion(-)
Updating 495f402..227aacf
Fast-forward
 .../shortcodes/shortcodes/icons-block/static/css/_icon-block.scss     | 3 +++
 code/static/css/cryptoio-components.css                               | 4 ++++
 2 files changed, 7 insertions(+) 2 files changed, 7 insertions(+)
Updating 227aacf..9227ebf
Fast-forward
 code/includes/hooks.php                            |  8 +++++
 .../cryptoio/shortcodes/charts/views/view.php      | 26 +++++++++++----
 .../headers/headers/header-01/views/view.php       | 14 ++++++--
 .../framework/extensions/headers/helpers.php       | 38 ++++++++++++++++++++++
 4 files changed, 76 insertions(+), 10 deletions(-) 4 files changed, 76 insertions(+), 10 deletions(-)
Updating 9227ebf..a447d32
Fast-forward
 .../shortcodes/shortcodes/icons-block/static/css/_icon-block.scss     | 4 ++++
 code/static/css/cryptoio-components.css                               | 4 ++++
 2 files changed, 8 insertions(+) 2 files changed, 8 insertions(+)
Updating a447d32..02d2419
Fast-forward
 .../shortcodes/shortcodes/icons-block/static/css/_icon-block.scss      | 3 ++-
 code/static/css/cryptoio-components.css                                | 3 ++-
 2 files changed, 4 insertions(+), 2 deletions(-) 2 files changed, 4 insertions(+), 2 deletions(-)
Updating 02d2419..1120c6c
Fast-forward
 .../extensions/shortcodes/shortcodes/posts-grid/views/layout-2.php  | 6 +++---
 1 file changed, 3 insertions(+), 3 deletions(-) 1 file changed, 3 insertions(+), 3 deletions(-)
Updating 1120c6c..473f3dd
Fast-forward
 .../shortcodes/shortcodes/icons-block/static/css/_icon-block.scss      | 3 +--
 code/static/css/cryptoio-components.css                                | 3 +--
 2 files changed, 2 insertions(+), 4 deletions(-) 2 files changed, 2 insertions(+), 4 deletions(-)
Updating 473f3dd..fb86806
Fast-forward
 .../shortcodes/icons-block/static/css/_icon-block.scss           | 8 ++++++++
 code/static/css/cryptoio-components.css                          | 9 +++++++++
 2 files changed, 17 insertions(+) 2 files changed, 17 insertions(+)
Updating fb86806..47fb7a2
Fast-forward
 .../shortcodes/shortcodes/icons-block/static/css/_icon-block.scss        | 1 +
 code/static/css/cryptoio-components.css                                  | 1 +
 2 files changed, 2 insertions(+) 2 files changed, 2 insertions(+)
Updating 47fb7a2..d910194
Fast-forward
 .../icons-block/static/css/_icon-block.scss        | 70 +++++++++++-----------
 code/static/css/cryptoio-components.css            | 20 +++----
 2 files changed, 46 insertions(+), 44 deletions(-) 2 files changed, 46 insertions(+), 44 deletions(-)
Updating d910194..708eb78
Fast-forward
 .../icons-block/static/css/_icon-block.scss          |  2 +-
 code/static/css/cryptoio-components.css              | 20 ++++++++++----------
 2 files changed, 11 insertions(+), 11 deletions(-) 2 files changed, 11 insertions(+), 11 deletions(-)
Updating 708eb78..31ef30c
Fast-forward
 .../shortcodes/shortcodes/icons-block/static/css/_icon-block.scss     | 4 ++++
 code/static/css/cryptoio-components.css                               | 4 ++++
 2 files changed, 8 insertions(+) 2 files changed, 8 insertions(+)
Updating 31ef30c..40847e8
Fast-forward
 .../shortcodes/shortcodes/posts-grid/static/css/posts-grid.css           | 1 -
 .../shortcodes/shortcodes/posts-grid/static/css/posts-grid.scss          | 1 -
 2 files changed, 2 deletions(-) 2 files changed, 2 deletions(-)
Updating 40847e8..65a058d
Fast-forward
 .../posts-grid/static/css/posts-grid.css           | 211 +---------
 .../posts-grid/static/css/posts-grid.scss          | 431 +++++++++++----------
 2 files changed, 223 insertions(+), 419 deletions(-) 2 files changed, 223 insertions(+), 419 deletions(-)
Updating 65a058d..dbb261b
Fast-forward
 .../shortcodes/shortcodes/icons-block/static/css/_icon-block.scss    | 4 ++++
 code/static/css/cryptoio-components.css                              | 5 +++++
 2 files changed, 9 insertions(+) 2 files changed, 9 insertions(+)
Updating dbb261b..bfb2c5c
Fast-forward
 .../shortcodes/shortcodes/icons-block/static/css/_icon-block.scss    | 4 ++++
 code/static/css/cryptoio-components.css                              | 5 +++++
 2 files changed, 9 insertions(+) 2 files changed, 9 insertions(+)
Updating bfb2c5c..c913c26
Fast-forward
 .../shortcodes/shortcodes/icons-block/static/css/_icon-block.scss | 8 ++++++++
 code/static/css/cryptoio-components.css                           | 7 +++++++
 2 files changed, 15 insertions(+) 2 files changed, 15 insertions(+)
Updating c913c26..b1548dc
Fast-forward
 .../icons-block/static/css/_icon-block.scss        | 26 ++++++++++++++++++++++
 code/static/css/cryptoio-components.css            | 21 +++++++++++++++++
 2 files changed, 47 insertions(+) 2 files changed, 47 insertions(+)
Updating b1548dc..fa3aaa2
Fast-forward
 .../icons-block/static/css/_icon-block.scss        | 27 +---------------------
 code/static/css/cryptoio-components.css            | 22 +-----------------
 2 files changed, 2 insertions(+), 47 deletions(-) 2 files changed, 2 insertions(+), 47 deletions(-)
Updating fa3aaa2..2dc70cc
Fast-forward
 .../shortcodes/shortcodes/icons-block/static/css/_icon-block.scss   | 6 ++++++
 code/static/css/cryptoio-components.css                             | 5 +++++
 2 files changed, 11 insertions(+) 2 files changed, 11 insertions(+)
Updating 2dc70cc..bdb5c96
Fast-forward
 .../testimonial/static/css/testimonial.css         | 14 ++++++---
 .../testimonial/static/css/testimonial.scss        | 36 +++++++++++++---------
 2 files changed, 30 insertions(+), 20 deletions(-) 2 files changed, 30 insertions(+), 20 deletions(-)
Updating bdb5c96..1a5bd17
Fast-forward
 .../testimonials/shortcodes/testimonial/static/css/testimonial.css    | 4 ----
 .../testimonials/shortcodes/testimonial/static/css/testimonial.scss   | 1 -
 2 files changed, 5 deletions(-) 2 files changed, 5 deletions(-)
Updating 1a5bd17..1fc8ed4
Fast-forward
 .../testimonials/shortcodes/testimonial/static/css/testimonial.css       | 1 +
 .../testimonials/shortcodes/testimonial/static/css/testimonial.scss      | 1 +
 2 files changed, 2 insertions(+) 2 files changed, 2 insertions(+)
Updating 1fc8ed4..017b8d9
Fast-forward
 .../testimonials/shortcodes/testimonial/static/css/testimonial.css      | 2 +-
 .../testimonials/shortcodes/testimonial/static/css/testimonial.scss     | 2 +-
 2 files changed, 2 insertions(+), 2 deletions(-) 2 files changed, 2 insertions(+), 2 deletions(-)
Not expected branch : refs/heads/sonpq
Updating 017b8d9..00378f7
Fast-forward
 .../icons-block/static/css/_icon-block.scss        | 18 ++++++++++++++++
 code/static/css/cryptoio-components.css            | 24 ++++++++++++++++++++++
 2 files changed, 42 insertions(+) 2 files changed, 42 insertions(+)
Not expected branch : refs/heads/sonpq
Updating 00378f7..2034285
Fast-forward
 code/static/css/cryptoio-components.css  | 4 ++++
 code/static/css/cryptoio-components.scss | 7 +++++++
 2 files changed, 11 insertions(+) 2 files changed, 11 insertions(+)
Updating 2034285..6abcfdd
Fast-forward
 .../shortcodes/shortcodes/icons-block/static/css/_icon-block.scss     | 2 ++
 code/static/css/cryptoio-components.css                               | 4 ++++
 2 files changed, 6 insertions(+) 2 files changed, 6 insertions(+)
Updating 6abcfdd..8f9266f
Fast-forward
 .../shortcodes/shortcodes/icons-block/static/css/_icon-block.scss | 4 ++++
 code/static/css/cryptoio-components.css                           | 8 ++++++++
 2 files changed, 12 insertions(+) 2 files changed, 12 insertions(+)
Not expected branch : refs/heads/phatnm
Not expected branch : refs/heads/sonpq
Updating 8f9266f..69801f1
Fast-forward
 .../shortcodes/partner/static/css/partner.css      |  2 +-
 .../testimonial/static/css/testimonial.css         | 12 ++++----
 .../extensions/widgets/static/css/widgets.css      |  6 ++--
 code/static/css/cryptoio-components.css            | 34 ++++++++++++++--------
 code/static/css/cryptoio-components.scss           |  6 ++++
 5 files changed, 38 insertions(+), 22 deletions(-) 5 files changed, 38 insertions(+), 22 deletions(-)
Not expected branch : refs/heads/thuong/style-modal-team-block
Not expected branch : refs/heads/thuong/style-modal-team-block
Not expected branch : refs/heads/phatnm
Not expected branch : 
Not expected branch : refs/heads/thuong/style-modal-team-block
Fail to update develop of cryptoio
Updating 69801f1..8b6fe2a
Fast-forward
 .../team-block/static/css/team-block.css           | 214 +++++++++++++++++++++
 .../team-block/static/css/team-block.scss          | 187 +++++++++++++++++-
 .../shortcodes/team-block/static/js/team-block.js  |   6 +-
 .../teams/shortcodes/team-block/views/layout-1.php |   2 +-
 4 files changed, 404 insertions(+), 5 deletions(-) 4 files changed, 404 insertions(+), 5 deletions(-)
Updating 8b6fe2a..eb4ec28
Fast-forward
 .../icons-block/static/css/_icon-block.scss        |  98 +------
 .../posts-grid/static/css/posts-grid.css           | 117 +++++++-
 .../posts-grid/static/css/posts-grid.scss          | 316 +++++++--------------
 code/static/css/cryptoio-components.css            | 104 -------
 4 files changed, 200 insertions(+), 435 deletions(-) 4 files changed, 200 insertions(+), 435 deletions(-)
Updating eb4ec28..c177ee4
Fast-forward
 .../shortcodes/partner/static/css/partner.css      |  2 +-
 .../posts-grid/static/css/posts-grid.css           |  8 ++++++++
 .../posts-grid/static/css/posts-grid.scss          | 10 +++++++++
 .../testimonial/static/css/testimonial.css         | 12 +++++------
 .../extensions/widgets/static/css/widgets.css      |  6 +++---
 code/static/css/cryptoio-components.css            | 24 +++++++++++-----------
 6 files changed, 40 insertions(+), 22 deletions(-) 6 files changed, 40 insertions(+), 22 deletions(-)
Updating c177ee4..cfb0401
Fast-forward
 .../shortcodes/shortcodes/posts-grid/static/css/posts-grid.css        | 4 ++--
 .../shortcodes/shortcodes/posts-grid/static/css/posts-grid.scss       | 4 ++--
 2 files changed, 4 insertions(+), 4 deletions(-) 2 files changed, 4 insertions(+), 4 deletions(-)
Updating cfb0401..70a56dc
Fast-forward
 .../shortcodes/shortcodes/posts-grid/static/css/posts-grid.css    | 8 ++++++--
 .../shortcodes/shortcodes/posts-grid/static/css/posts-grid.scss   | 7 +++++--
 2 files changed, 11 insertions(+), 4 deletions(-) 2 files changed, 11 insertions(+), 4 deletions(-)
Not expected branch : refs/heads/thuong/style-modal-team-block
Updating 70a56dc..c29bd04
Fast-forward
 .../shortcodes/shortcodes/posts-grid/static/css/posts-grid.css        | 4 ++--
 .../shortcodes/shortcodes/posts-grid/static/css/posts-grid.scss       | 4 ++--
 2 files changed, 4 insertions(+), 4 deletions(-) 2 files changed, 4 insertions(+), 4 deletions(-)
Not expected branch : 
Updating c29bd04..17c1cc6
Fast-forward
 .../shortcodes/shortcodes/posts-grid/static/css/posts-grid.css     | 4 ++++
 .../shortcodes/shortcodes/posts-grid/static/css/posts-grid.scss    | 7 +++++++
 2 files changed, 11 insertions(+) 2 files changed, 11 insertions(+)
Updating 17c1cc6..7336aa7
Fast-forward
 .../shortcodes/shortcodes/icons-block/static/css/_icon-block.scss     | 4 ++--
 code/static/css/cryptoio-components.css                               | 4 ++--
 2 files changed, 4 insertions(+), 4 deletions(-) 2 files changed, 4 insertions(+), 4 deletions(-)
Updating 7336aa7..2cf12f3
Fast-forward
 .../shortcodes/shortcodes/posts-grid/static/css/posts-grid.css          | 2 ++
 .../shortcodes/shortcodes/posts-grid/static/css/posts-grid.scss         | 2 ++
 2 files changed, 4 insertions(+) 2 files changed, 4 insertions(+)
Updating 2cf12f3..5c07517
Fast-forward
 .../icons-block/static/css/_icon-block.scss        |  2 ++
 .../posts-grid/static/css/posts-grid.css           | 30 +++++++++++++++++++++
 .../posts-grid/static/css/posts-grid.scss          | 31 ++++++++++++++++++++++
 code/static/css/cryptoio-components.css            |  8 ++----
 code/static/css/cryptoio-components.scss           |  2 +-
 5 files changed, 66 insertions(+), 7 deletions(-) 5 files changed, 66 insertions(+), 7 deletions(-)
Updating 5c07517..0197acc
Fast-forward
 .../shortcodes/shortcodes/icons-block/static/css/_icon-block.scss        | 1 -
 code/static/css/cryptoio-components.css                                  | 1 -
 2 files changed, 2 deletions(-) 2 files changed, 2 deletions(-)
Not expected branch : refs/heads/sonpq
Not expected branch : refs/heads/sonpq
Updating 0197acc..8bfbc0c
Fast-forward
 code/static/css/layout.css | 4 ++++
 1 file changed, 4 insertions(+) 1 file changed, 4 insertions(+)
Updating 8bfbc0c..e7e9070
Fast-forward
 .../shortcodes/shortcodes/posts-grid/static/css/posts-grid.css        | 4 ++--
 .../shortcodes/shortcodes/posts-grid/static/css/posts-grid.scss       | 2 +-
 2 files changed, 3 insertions(+), 3 deletions(-) 2 files changed, 3 insertions(+), 3 deletions(-)
Not expected branch : refs/heads/thuong/style-modal-team-block
Not expected branch : 
Updating e7e9070..adb5f47
Fast-forward
 .../shortcodes/posts-grid/static/css/posts-grid.css          | 12 ++++++------
 .../shortcodes/posts-grid/static/css/posts-grid.scss         |  2 +-
 2 files changed, 7 insertions(+), 7 deletions(-) 2 files changed, 7 insertions(+), 7 deletions(-)
Not expected branch : refs/heads/thuong/style-modal-team-block
Updating adb5f47..2f3f16f
Fast-forward
 .../teams/shortcodes/team-block/static/css/team-block.css  | 13 +++++--------
 .../teams/shortcodes/team-block/static/css/team-block.scss | 14 +++++++++-----
 2 files changed, 14 insertions(+), 13 deletions(-) 2 files changed, 14 insertions(+), 13 deletions(-)
Fail to update develop of cryptoio
Updating 2f3f16f..58d2622
Fast-forward
 .../shortcodes/shortcodes/posts-grid/static/css/posts-grid.css      | 6 ++++++
 .../shortcodes/shortcodes/posts-grid/static/css/posts-grid.scss     | 6 ++++++
 2 files changed, 12 insertions(+) 2 files changed, 12 insertions(+)
Not expected branch : refs/heads/sonpq
Updating 58d2622..51ccc61
Fast-forward
 code/static/css/layout.css | 11 +++++++----
 1 file changed, 7 insertions(+), 4 deletions(-) 1 file changed, 7 insertions(+), 4 deletions(-)
Updating 51ccc61..a413863
Fast-forward
 .../shortcodes/shortcodes/posts-grid/static/css/posts-grid.css           | 1 -
 .../shortcodes/shortcodes/posts-grid/static/css/posts-grid.scss          | 1 -
 2 files changed, 2 deletions(-) 2 files changed, 2 deletions(-)
Not expected branch : refs/heads/sonpq
Not expected branch : refs/heads/sonpq
Updating a413863..35975c4
Fast-forward
 code/static/css/layout.css | 11 +++++++----
 1 file changed, 7 insertions(+), 4 deletions(-) 1 file changed, 7 insertions(+), 4 deletions(-)
Not expected branch : refs/heads/phatnm
Updating 35975c4..e16dbce
Fast-forward
 .../shortcodes/posts-grid/static/css/posts-grid.css  | 19 +++++++++++++++++--
 .../shortcodes/posts-grid/static/css/posts-grid.scss | 20 ++++++++++++++++++--
 2 files changed, 35 insertions(+), 4 deletions(-) 2 files changed, 35 insertions(+), 4 deletions(-)
Not expected branch : refs/heads/sonpq
Updating e16dbce..be22f5a
Fast-forward
 code/static/css/layout.css | 4 ++--
 1 file changed, 2 insertions(+), 2 deletions(-) 1 file changed, 2 insertions(+), 2 deletions(-)
Updating be22f5a..6a07cd0
Fast-forward
 .../shortcodes/shortcodes/icons-block/config.php   |   5 +-
 .../shortcodes/icons-block/vc_options.php          | 608 ++++++++++-----------
 .../shortcodes/icons-block/views/layout-1.php      |  28 +-
 .../shortcodes/icons-block/views/layout-2.php      |  27 +-
 .../shortcodes/icons-block/views/layout-3.php      | 300 +++++-----
 .../shortcodes/icons-block/views/layout-4.php      | 317 ++++++-----
 .../shortcodes/icons-block/views/layout-5.php      |  46 +-
 .../theme/options/posts/page.php                   |  14 +
 .../headers/headers/header-01/views/view.php       |   5 -
 .../framework/extensions/headers/helpers.php       |  14 +-
 10 files changed, 736 insertions(+), 628 deletions(-) 10 files changed, 736 insertions(+), 628 deletions(-)
Updating 6a07cd0..a69a337
Fast-forward
 .../shortcodes/shortcodes/posts-grid/static/css/posts-grid.css       | 5 +++++
 .../shortcodes/shortcodes/posts-grid/static/css/posts-grid.scss      | 5 +++++
 2 files changed, 10 insertions(+) 2 files changed, 10 insertions(+)
Not expected branch : 
Not expected branch : refs/heads/sonpq
Updating a69a337..c1d9e13
Fast-forward
 .../shortcodes/partner/static/css/partner.css      |  2 +-
 .../testimonial/static/css/testimonial.css         | 12 +++++------
 .../extensions/widgets/static/css/widgets.css      |  6 +++---
 code/static/css/cryptoio-components.css            | 24 +++++++++++-----------
 4 files changed, 22 insertions(+), 22 deletions(-) 4 files changed, 22 insertions(+), 22 deletions(-)
Updating c1d9e13..852f8a8
Fast-forward
 .../shortcodes/shortcodes/posts-grid/static/css/posts-grid.css        | 4 ++--
 .../shortcodes/shortcodes/posts-grid/static/css/posts-grid.scss       | 4 ++--
 2 files changed, 4 insertions(+), 4 deletions(-) 2 files changed, 4 insertions(+), 4 deletions(-)
Updating 852f8a8..766a8fd
Fast-forward
 .../shortcodes/partner/static/css/partner.css      |  2 +-
 .../posts-grid/static/css/posts-grid.css           |  3 +++
 .../posts-grid/static/css/posts-grid.scss          |  1 +
 .../testimonial/static/css/testimonial.css         | 12 +++++------
 .../extensions/widgets/static/css/widgets.css      |  6 +++---
 code/static/css/cryptoio-components.css            | 24 +++++++++++-----------
 6 files changed, 26 insertions(+), 22 deletions(-) 6 files changed, 26 insertions(+), 22 deletions(-)
Not expected branch : refs/heads/phatnm
Not expected branch : 
Updating 766a8fd..4a16156
Fast-forward
 .../shortcodes/shortcodes/posts-grid/static/css/posts-grid.css        | 4 ++--
 .../shortcodes/shortcodes/posts-grid/static/css/posts-grid.scss       | 4 ++--
 2 files changed, 4 insertions(+), 4 deletions(-) 2 files changed, 4 insertions(+), 4 deletions(-)
Not expected branch : refs/heads/sonpq
Not expected branch : refs/heads/sonpq
Updating 4a16156..618e27a
Fast-forward
 code/static/css/layout.css | 4 +++-
 1 file changed, 3 insertions(+), 1 deletion(-) 1 file changed, 3 insertions(+), 1 deletion(-)
Not expected branch : refs/heads/sonpq
Not expected branch : refs/heads/sonpq
Updating 618e27a..4573d32
Fast-forward
 .../shortcodes/shortcodes/posts-grid/static/css/posts-grid.css          | 2 +-
 .../shortcodes/shortcodes/posts-grid/static/css/posts-grid.scss         | 2 +-
 2 files changed, 2 insertions(+), 2 deletions(-) 2 files changed, 2 insertions(+), 2 deletions(-)
Updating 4573d32..c90e1da
Fast-forward
 code/static/css/layout.css | 4 ++--
 1 file changed, 2 insertions(+), 2 deletions(-) 1 file changed, 2 insertions(+), 2 deletions(-)
Fail to update develop of cryptoio
Updating c90e1da..a4538e0
Fast-forward
 .../icons-block/static/css/_icon-block.scss        | 119 ++++++++++++++-
 .../image-carousel/static/css/_image-carousel.scss |  13 +-
 .../posts-block/static/css/_posts-block.scss       |  56 ++++---
 .../static/js/timeline_carousel.js                 |  32 ++++
 code/static/css/cryptoio-components.css            | 166 +++++++++++++++++++--
 5 files changed, 341 insertions(+), 45 deletions(-) 5 files changed, 341 insertions(+), 45 deletions(-)
Not expected branch : refs/heads/thuong/style-button
Updating a4538e0..5486e7d
Fast-forward
 .../posts-grid/static/css/posts-grid.css           | 31 ++++++++++++++++++++++
 .../posts-grid/static/css/posts-grid.scss          | 19 +++++++++++++
 2 files changed, 50 insertions(+) 2 files changed, 50 insertions(+)
Updating 5486e7d..bc000d3
Fast-forward
 .../shortcodes/shortcodes/posts-grid/static/css/posts-grid.css      | 6 ++++++
 .../shortcodes/shortcodes/posts-grid/static/css/posts-grid.scss     | 3 +++
 2 files changed, 9 insertions(+) 2 files changed, 9 insertions(+)
Already up-to-date.Already up-to-date.
Not expected branch : refs/heads/thuong/style-button
Updating bc000d3..c505a0a
Fast-forward
 .../shortcodes/shortcodes/posts-grid/static/css/posts-grid.css   | 6 ++++++
 .../shortcodes/shortcodes/posts-grid/static/css/posts-grid.scss  | 9 +++++++++
 2 files changed, 15 insertions(+) 2 files changed, 15 insertions(+)
Not expected branch : 
Not expected branch : refs/heads/thuong/style-button
Updating c505a0a..ad330a9
Fast-forward
 .../shortcodes/partner/static/css/partner.css      |   2 +-
 .../testimonial/static/css/testimonial.css         |  12 +-
 .../extensions/widgets/static/css/widgets.css      |   6 +-
 code/static/css/cryptoio-components.css            |  24 ++--
 code/static/css/layout.css                         | 151 ++++++++++++++++-----
 5 files changed, 138 insertions(+), 57 deletions(-) 5 files changed, 138 insertions(+), 57 deletions(-)
Fail to update develop of cryptoio
Updating ad330a9..51ddcc5
Fast-forward
 .../shortcodes/shortcodes/posts-grid/static/css/posts-grid.css          | 2 +-
 .../shortcodes/shortcodes/posts-grid/static/css/posts-grid.scss         | 2 +-
 2 files changed, 2 insertions(+), 2 deletions(-) 2 files changed, 2 insertions(+), 2 deletions(-)
Updating 51ddcc5..d32a04d
Fast-forward
 .../shortcodes/icons-block/vc_options.php          | 26 ++++++++----
 .../shortcodes/shortcodes/posts-block/config.php   |  7 ++++
 .../shortcodes/posts-block/vc_options.php          | 33 +++++++++++++++
 .../shortcodes/posts-block/views/layout-3.php      | 22 +++++++++-
 .../shortcodes/posts-block/views/view.php          | 48 +++++++++++-----------
 .../theme/options/posts/page.php                   |  2 +-
 6 files changed, 105 insertions(+), 33 deletions(-) 6 files changed, 105 insertions(+), 33 deletions(-)
Updating d32a04d..7a60a1e
Fast-forward
 .../icons-block/static/css/_icon-block.scss        |  2 +-
 .../shortcodes/partner/static/css/partner.css      |  2 +-
 .../testimonial/static/css/testimonial.css         | 12 +++++-----
 .../extensions/widgets/static/css/widgets.css      |  6 ++---
 code/static/css/cryptoio-components.css            | 27 ++++++++++------------
 5 files changed, 23 insertions(+), 26 deletions(-) 5 files changed, 23 insertions(+), 26 deletions(-)
Not expected branch : refs/heads/phatnm
Updating 7a60a1e..8635317
Fast-forward
 .../shortcodes/partner/static/css/partner.css      |  2 +-
 .../testimonial/static/css/testimonial.css         | 12 +++++------
 .../extensions/widgets/static/css/widgets.css      |  6 +++---
 code/static/css/cryptoio-components.css            | 24 +++++++++++-----------
 4 files changed, 22 insertions(+), 22 deletions(-) 4 files changed, 22 insertions(+), 22 deletions(-)
Not expected branch : refs/heads/thuong/style-button
Not expected branch : refs/heads/thuong/style-button
Not expected branch : 
Not expected branch : refs/heads/thuong/style-button
Updating 8635317..d91193c
Fast-forward
 code/static/css/layout.css | 20 ++++++++------------
 1 file changed, 8 insertions(+), 12 deletions(-) 1 file changed, 8 insertions(+), 12 deletions(-)
Fail to update develop of cryptoio
Not expected branch : refs/heads/thuong/style-button
Not expected branch : 
Updating d91193c..6920045
Fast-forward
 .../icons-block/static/css/_icon-block.scss        | 39 ++++++++++++++++++++++
 code/static/css/cryptoio-components.css            | 30 +++++++++++++++++
 2 files changed, 69 insertions(+) 2 files changed, 69 insertions(+)
Not expected branch : refs/heads/thuong/style-button
Fail to update develop of cryptoio
Updating 6920045..5881ae9
Fast-forward
 code/static/css/layout.css | 3 ++-
 1 file changed, 2 insertions(+), 1 deletion(-) 1 file changed, 2 insertions(+), 1 deletion(-)
Not expected branch : refs/heads/sonpq
Not expected branch : refs/heads/sonpq
Updating 5881ae9..cf1a5fa
Fast-forward
 .../testimonials/shortcodes/testimonial/static/css/testimonial.css  | 6 ++++++
 .../testimonials/shortcodes/testimonial/static/css/testimonial.scss | 5 +++++
 .../testimonials/shortcodes/testimonial/static/js/testimonial.js    | 2 +-
 3 files changed, 12 insertions(+), 1 deletion(-) 3 files changed, 12 insertions(+), 1 deletion(-)
Updating cf1a5fa..2183337
Fast-forward
 .../icons-block/static/css/_icon-block.scss        |  6 +++++
 .../shortcodes/partner/static/css/partner.css      |  2 +-
 .../testimonial/static/css/testimonial.css         | 12 ++++-----
 .../extensions/widgets/static/css/widgets.css      |  6 ++---
 code/static/css/cryptoio-components.css            | 30 +++++++++++++---------
 5 files changed, 34 insertions(+), 22 deletions(-) 5 files changed, 34 insertions(+), 22 deletions(-)
Not expected branch : refs/heads/sonpq
Not expected branch : refs/heads/sonpq
Updating 2183337..fab630c
Fast-forward
 .../testimonials/shortcodes/testimonial/static/js/testimonial.js  | 8 ++++----
 1 file changed, 4 insertions(+), 4 deletions(-) 1 file changed, 4 insertions(+), 4 deletions(-)
Not expected branch : refs/heads/thuong/style-button
Not expected branch : refs/heads/sonpq
Not expected branch : 
Updating fab630c..81be80c
Fast-forward
 .../shortcodes/partner/static/css/partner.css      |  2 +-
 .../testimonial/static/css/testimonial.css         | 18 ++++++++++------
 .../testimonial/static/css/testimonial.scss        |  3 +++
 .../extensions/widgets/static/css/widgets.css      |  6 +++---
 code/static/css/cryptoio-components.css            | 24 +++++++++++-----------
 5 files changed, 31 insertions(+), 22 deletions(-) 5 files changed, 31 insertions(+), 22 deletions(-)
Not expected branch : refs/heads/thuong/style-button
Fail to update develop of cryptoio
Updating 81be80c..5dbbd2b
Fast-forward
 code/static/css/layout.css | 31 +++++++++++++++++++++++++------
 1 file changed, 25 insertions(+), 6 deletions(-) 1 file changed, 25 insertions(+), 6 deletions(-)
Updating 5dbbd2b..926607f
Fast-forward
 code/static/css/cryptoio-components.css  |  6 ++++++
 code/static/css/cryptoio-components.scss | 10 +++++++---
 2 files changed, 13 insertions(+), 3 deletions(-) 2 files changed, 13 insertions(+), 3 deletions(-)
Not expected branch : refs/heads/thuong/style-button
Not expected branch : 
Not expected branch : refs/heads/thuong/style-button
Fail to update develop of cryptoio
Updating 926607f..25990a3
Fast-forward
 code/static/css/layout.css | 10 +++++++++-
 1 file changed, 9 insertions(+), 1 deletion(-) 1 file changed, 9 insertions(+), 1 deletion(-)
Updating 25990a3..cd27d00
Fast-forward
 .../shortcodes/partner/static/css/partner.css      |  2 +-
 .../testimonial/static/css/testimonial.css         | 12 ++++-----
 .../extensions/widgets/static/css/widgets.css      |  6 ++---
 code/static/css/cryptoio-components.css            | 31 +++++++++++++---------
 code/static/css/cryptoio-components.scss           |  6 +++++
 5 files changed, 35 insertions(+), 22 deletions(-) 5 files changed, 35 insertions(+), 22 deletions(-)
Updating cd27d00..eb852f4
Fast-forward
 code/static/css/cryptoio-components.css  | 3 +++
 code/static/css/cryptoio-components.scss | 4 +++-
 2 files changed, 6 insertions(+), 1 deletion(-) 2 files changed, 6 insertions(+), 1 deletion(-)
Updating eb852f4..f7a6e2e
Fast-forward
 code/static/css/cryptoio-components.css  | 4 ++++
 code/static/css/cryptoio-components.scss | 1 +
 2 files changed, 5 insertions(+) 2 files changed, 5 insertions(+)
Updating f7a6e2e..db30a8b
Fast-forward
 code/static/css/cryptoio-components.css  | 1 +
 code/static/css/cryptoio-components.scss | 1 +
 2 files changed, 2 insertions(+) 2 files changed, 2 insertions(+)
Updating db30a8b..9b33563
Fast-forward
 code/static/css/cryptoio-components.css  | 9 +++++++++
 code/static/css/cryptoio-components.scss | 3 +++
 2 files changed, 12 insertions(+) 2 files changed, 12 insertions(+)
Not expected branch : refs/heads/thuong/style-button
Updating 9b33563..1bab3c3
Fast-forward
 code/static/css/cryptoio-components.css  | 14 +++++++-------
 code/static/css/cryptoio-components.scss | 26 +++++++++++++-------------
 2 files changed, 20 insertions(+), 20 deletions(-) 2 files changed, 20 insertions(+), 20 deletions(-)
Not expected branch : 
Updating 1bab3c3..94cb6bd
Fast-forward
 code/static/css/cryptoio-components.css  | 12 +++++++-----
 code/static/css/cryptoio-components.scss |  6 ++++--
 2 files changed, 11 insertions(+), 7 deletions(-) 2 files changed, 11 insertions(+), 7 deletions(-)
Not expected branch : refs/heads/thuong/style-button
Updating 94cb6bd..ac3d63c
Fast-forward
 code/static/css/layout.css | 16 ++++++++--------
 1 file changed, 8 insertions(+), 8 deletions(-) 1 file changed, 8 insertions(+), 8 deletions(-)
Fail to update develop of cryptoio
Not expected branch : refs/heads/sonpq
Not expected branch : refs/heads/sonpq
Updating ac3d63c..16460a7
Fast-forward
 code/static/css/layout.css | 15 +++++++++++++++
 1 file changed, 15 insertions(+) 1 file changed, 15 insertions(+)
Not expected branch : refs/heads/sonpq
Updating 16460a7..8c6fb8a
Fast-forward
 code/static/css/layout.css | 1 +
 1 file changed, 1 insertion(+) 1 file changed, 1 insertion(+)
Not expected branch : refs/heads/sonpq
Updating 8c6fb8a..084c131
Fast-forward
 code/comming-soon.php                              | 30 +++++++
 .../shortcodes/newsletter/views/view.php           |  8 +-
 code/includes/hooks.php                            | 94 +++++++++++-----------
 3 files changed, 82 insertions(+), 50 deletions(-)
 create mode 100644 code/comming-soon.php create mode 100644 code/comming-soon.php
Not expected branch : refs/heads/sonpq
Updating 084c131..5e14e38
Fast-forward
 code/static/css/layout.css | 2 ++
 1 file changed, 2 insertions(+) 1 file changed, 2 insertions(+)
Not expected branch : refs/heads/sonpq
Updating 5e14e38..89014bf
Fast-forward
 code/static/css/layout.css | 4 ++--
 1 file changed, 2 insertions(+), 2 deletions(-) 1 file changed, 2 insertions(+), 2 deletions(-)
Not expected branch : refs/heads/sonpq
Updating 89014bf..95919f0
Fast-forward
 code/static/css/layout.css | 4 +++-
 1 file changed, 3 insertions(+), 1 deletion(-) 1 file changed, 3 insertions(+), 1 deletion(-)
Updating 95919f0..0b898b9
Fast-forward
 .../shortcodes/posts-grid/static/css/posts-grid.css          | 11 ++++++++++-
 .../shortcodes/posts-grid/static/css/posts-grid.scss         | 12 +++++++++++-
 2 files changed, 21 insertions(+), 2 deletions(-) 2 files changed, 21 insertions(+), 2 deletions(-)
Not expected branch : refs/heads/sonpq
Not expected branch : refs/heads/sonpq
Not expected branch : refs/heads/sonpq
Updating 0b898b9..8268be4
Fast-forward
 code/static/css/layout.css | 6 +++++-
 1 file changed, 5 insertions(+), 1 deletion(-) 1 file changed, 5 insertions(+), 1 deletion(-)
Updating 8268be4..620f549
Fast-forward
 .../shortcodes/shortcodes/posts-grid/static/css/posts-grid.css      | 6 ++++++
 .../shortcodes/shortcodes/posts-grid/static/css/posts-grid.scss     | 3 +++
 2 files changed, 9 insertions(+) 2 files changed, 9 insertions(+)
Updating 620f549..8ee7629
Fast-forward
 .../shortcodes/shortcodes/posts-grid/static/css/posts-grid.css         | 3 +--
 .../shortcodes/shortcodes/posts-grid/static/css/posts-grid.scss        | 3 +--
 2 files changed, 2 insertions(+), 4 deletions(-) 2 files changed, 2 insertions(+), 4 deletions(-)
Updating 8ee7629..645bfdc
Fast-forward
 .../shortcodes/posts-grid/static/css/posts-grid.css           |  8 ++++++++
 .../shortcodes/posts-grid/static/css/posts-grid.scss          | 11 +++++++++++
 2 files changed, 19 insertions(+) 2 files changed, 19 insertions(+)
Updating 645bfdc..653274f
Fast-forward
 .../shortcodes/shortcodes/posts-grid/static/css/posts-grid.css    | 8 +++++++-
 .../shortcodes/shortcodes/posts-grid/static/css/posts-grid.scss   | 5 ++++-
 2 files changed, 11 insertions(+), 2 deletions(-) 2 files changed, 11 insertions(+), 2 deletions(-)
Updating 653274f..8e6c7a0
Fast-forward
 .../shortcodes/posts-grid/static/css/posts-grid.css           | 11 +++++++++++
 .../shortcodes/posts-grid/static/css/posts-grid.scss          |  6 ++++++
 2 files changed, 17 insertions(+) 2 files changed, 17 insertions(+)
Updating 8e6c7a0..54c6fa6
Fast-forward
 .../shortcodes/posts-grid/static/css/posts-grid.css          | 12 ++++++++++++
 .../shortcodes/posts-grid/static/css/posts-grid.scss         |  6 ++++++
 2 files changed, 18 insertions(+) 2 files changed, 18 insertions(+)
Updating 54c6fa6..747fd9e
Fast-forward
 .../shortcodes/shortcodes/posts-grid/static/css/posts-grid.css      | 6 ------
 .../shortcodes/shortcodes/posts-grid/static/css/posts-grid.scss     | 6 +++---
 2 files changed, 3 insertions(+), 9 deletions(-) 2 files changed, 3 insertions(+), 9 deletions(-)
Updating 747fd9e..5bcf15d
Fast-forward
 .../shortcodes/shortcodes/posts-grid/static/css/posts-grid.css      | 6 ++++++
 .../shortcodes/shortcodes/posts-grid/static/css/posts-grid.scss     | 6 +++---
 2 files changed, 9 insertions(+), 3 deletions(-) 2 files changed, 9 insertions(+), 3 deletions(-)
Updating 5bcf15d..767e8a3
Fast-forward
 code/static/css/cryptoio-components.css  | 6 ++++++
 code/static/css/cryptoio-components.scss | 3 +++
 2 files changed, 9 insertions(+) 2 files changed, 9 insertions(+)
Updating 767e8a3..e29e489
Fast-forward
 .../extensions/shortcodes/shortcodes/icons-block/vc_options.php     | 6 +++---
 1 file changed, 3 insertions(+), 3 deletions(-) 1 file changed, 3 insertions(+), 3 deletions(-)
Updating e29e489..d288101
Fast-forward
 .../static/js/timeline_carousel.js                 | 32 ----------------------
 1 file changed, 32 deletions(-) 1 file changed, 32 deletions(-)
Already up-to-date.Already up-to-date.
Updating d288101..22fa581
Fast-forward
 .../shortcodes/icons-block/static/css/_icon-block.scss  |  7 +++++++
 code/static/css/cryptoio-components.css                 | 17 +++++++++++++++++
 2 files changed, 24 insertions(+) 2 files changed, 24 insertions(+)
Not expected branch : refs/heads/thuong/fix-modal-team-block
Not expected branch : 
Not expected branch : refs/heads/thuong/fix-modal-team-block
Fail to update develop of cryptoio
Updating 22fa581..eb2fce1
Fast-forward
 .../shortcodes/partner/static/css/partner.css      |  2 +-
 .../team-block/static/css/team-block.css           | 95 ++++++----------------
 .../team-block/static/css/team-block.scss          | 82 ++++++-------------
 .../shortcodes/team-block/static/js/team-block.js  |  2 +-
 .../teams/shortcodes/team-block/views/layout-1.php | 18 ++--
 .../teams/shortcodes/team-block/views/layout-3.php |  5 +-
 .../testimonial/static/css/testimonial.css         | 12 +--
 .../extensions/widgets/static/css/widgets.css      |  6 +-
 code/static/css/cryptoio-components.css            | 24 +++---
 .../cryptoio/shortcodes/charts/views/view.php      |  2 +-
 10 files changed, 81 insertions(+), 167 deletions(-) 10 files changed, 81 insertions(+), 167 deletions(-)
Updating eb2fce1..5cd7226
Fast-forward
 .../shortcodes/cryptoio_category/static/css/crypto_category.css   | 8 ++++++++
 1 file changed, 8 insertions(+) 1 file changed, 8 insertions(+)
Not expected branch : refs/heads/thuong/fix-modal-team-block
Updating 5cd7226..e0e5f6b
Fast-forward
 .../shortcodes/partner/static/css/partner.css      |  2 +-
 .../testimonial/static/css/testimonial.css         | 12 +++++------
 .../extensions/widgets/static/css/widgets.css      |  6 +++---
 code/static/css/cryptoio-components.css            | 24 +++++++++++-----------
 .../static/css/crypto_category.css                 |  2 +-
 5 files changed, 23 insertions(+), 23 deletions(-) 5 files changed, 23 insertions(+), 23 deletions(-)
Not expected branch : refs/heads/thuong/fix-modal-team-block
Not expected branch : 
Updating e0e5f6b..3a23fa0
Fast-forward
 .../cryptoio/shortcodes/charts/views/view.php      | 39 ++++++++++++++--------
 1 file changed, 26 insertions(+), 13 deletions(-) 1 file changed, 26 insertions(+), 13 deletions(-)
Not expected branch : refs/heads/thuong/fix-modal-team-block
Fail to update develop of cryptoio
Updating 3a23fa0..983709a
Fast-forward
 .../extensions/teams/shortcodes/team-block/views/layout-3.php      | 7 ++++---
 1 file changed, 4 insertions(+), 3 deletions(-) 1 file changed, 4 insertions(+), 3 deletions(-)
Not expected branch : refs/heads/phatnm
Updating 983709a..40c2307
Fast-forward
 .../shortcodes/partner/static/css/partner.css      |  2 +-
 .../testimonial/static/css/testimonial.css         | 12 +++++------
 .../extensions/widgets/static/css/widgets.css      |  6 +++---
 code/static/css/cryptoio-components.css            | 24 +++++++++++-----------
 4 files changed, 22 insertions(+), 22 deletions(-) 4 files changed, 22 insertions(+), 22 deletions(-)
Updating 40c2307..aedee28
Fast-forward
 code/static/css/layout.css | 9 +++++++++
 1 file changed, 9 insertions(+) 1 file changed, 9 insertions(+)
Not expected branch : refs/heads/phatnm
Updating aedee28..aa5db48
Fast-forward
 code/static/css/layout.css | 15 ++++++++++++++-
 1 file changed, 14 insertions(+), 1 deletion(-) 1 file changed, 14 insertions(+), 1 deletion(-)
Updating aa5db48..060458d
Fast-forward
 code/static/css/layout.css | 1 +
 1 file changed, 1 insertion(+) 1 file changed, 1 insertion(+)
Updating 060458d..9722db2
Fast-forward
 code/static/css/layout.css | 2 +-
 1 file changed, 1 insertion(+), 1 deletion(-) 1 file changed, 1 insertion(+), 1 deletion(-)
Updating 9722db2..e30bc7c
Fast-forward
 code/static/css/layout.css | 4 ++++
 1 file changed, 4 insertions(+) 1 file changed, 4 insertions(+)
Updating e30bc7c..c96ca9d
Fast-forward
 code/static/css/layout.css | 1 +
 1 file changed, 1 insertion(+) 1 file changed, 1 insertion(+)
Updating c96ca9d..43bf0ce
Fast-forward
 .../shortcodes/partner/static/css/partner.css      |  2 +-
 .../testimonial/static/css/testimonial.css         | 12 +++++------
 .../extensions/widgets/static/css/widgets.css      |  6 +++---
 code/static/css/cryptoio-components.css            | 25 +++++++++++-----------
 code/static/css/cryptoio-components.scss           |  1 +
 5 files changed, 24 insertions(+), 22 deletions(-) 5 files changed, 24 insertions(+), 22 deletions(-)
Updating 43bf0ce..4924bd6
Fast-forward
 .../shortcodes/cryptoio/static/js/cryptoio-chart.js   | 19 +++++++++++--------
 .../cryptoio/shortcodes/cryptoio/vc_options.php       |  3 +--
 .../cryptoio/shortcodes/cryptoio/views/view.php       |  6 ++----
 3 files changed, 14 insertions(+), 14 deletions(-) 3 files changed, 14 insertions(+), 14 deletions(-)
Not expected branch : refs/heads/thuong/sc-block-grid
Not expected branch : 
Not expected branch : refs/heads/thuong/sc-block-grid
Fail to update develop of cryptoio
Updating 4924bd6..b7f640f
Fast-forward
 .../shortcodes/partner/static/css/partner.css      |   2 +-
 .../posts-grid/static/css/posts-grid.css           | 215 +++++++++++++++++----
 .../posts-grid/static/css/posts-grid.scss          | 183 +++++++++++++++---
 .../testimonial/static/css/testimonial.css         |  12 +-
 .../extensions/widgets/static/css/widgets.css      |   6 +-
 code/static/css/cryptoio-components.css            |  24 +--
 6 files changed, 355 insertions(+), 87 deletions(-) 6 files changed, 355 insertions(+), 87 deletions(-)
Updating b7f640f..64e52c1
Fast-forward
 code/static/css/cryptoio-woocommerce.css | 14 ++++++++++----
 1 file changed, 10 insertions(+), 4 deletions(-) 1 file changed, 10 insertions(+), 4 deletions(-)
Updating 64e52c1..1e0a59b
Fast-forward
 code/static/css/cryptoio-woocommerce.css | 3 +--
 1 file changed, 1 insertion(+), 2 deletions(-) 1 file changed, 1 insertion(+), 2 deletions(-)
Updating 1e0a59b..a89a591
Fast-forward
 code/static/css/cryptoio-woocommerce.css | 20 +++++++++++---------
 1 file changed, 11 insertions(+), 9 deletions(-) 1 file changed, 11 insertions(+), 9 deletions(-)
Updating a89a591..c794eed
Fast-forward
 code/static/css/cryptoio-woocommerce.css | 1 +
 1 file changed, 1 insertion(+) 1 file changed, 1 insertion(+)
Updating c794eed..19e9a61
Fast-forward
 code/static/css/cryptoio-woocommerce.css | 3 +++
 1 file changed, 3 insertions(+) 1 file changed, 3 insertions(+)
Updating 19e9a61..70dc2d9
Fast-forward
 code/static/css/cryptoio-woocommerce.css | 4 ++++
 1 file changed, 4 insertions(+) 1 file changed, 4 insertions(+)
Updating 70dc2d9..f75aa10
Fast-forward
 code/static/css/cryptoio-woocommerce.css | 11 +++++++++++
 1 file changed, 11 insertions(+) 1 file changed, 11 insertions(+)
Updating f75aa10..570071f
Fast-forward
 code/static/css/cryptoio-woocommerce.css | 9 +++++++++
 1 file changed, 9 insertions(+) 1 file changed, 9 insertions(+)
Updating 570071f..d213968
Fast-forward
 code/static/css/cryptoio-woocommerce.css | 3 ++-
 1 file changed, 2 insertions(+), 1 deletion(-) 1 file changed, 2 insertions(+), 1 deletion(-)
Updating d213968..7301a03
Fast-forward
 code/static/css/cryptoio-woocommerce.css | 4 ++++
 1 file changed, 4 insertions(+) 1 file changed, 4 insertions(+)
Updating 7301a03..ea7b182
Fast-forward
 code/static/css/cryptoio-woocommerce.css | 4 ++--
 1 file changed, 2 insertions(+), 2 deletions(-) 1 file changed, 2 insertions(+), 2 deletions(-)
Updating ea7b182..60bcb34
Fast-forward
 .../contact-form/static/css/_contact-form.scss     |  5 +++-
 .../shortcodes/partner/static/css/partner.css      |  2 +-
 .../testimonial/static/css/testimonial.css         | 12 ++++-----
 .../extensions/widgets/static/css/widgets.css      |  6 ++---
 code/static/css/cryptoio-components.css            | 30 +++++++++++++---------
 code/static/css/cryptoio-woocommerce.css           |  2 +-
 6 files changed, 33 insertions(+), 24 deletions(-) 6 files changed, 33 insertions(+), 24 deletions(-)
Updating 60bcb34..9748888
Fast-forward
 code/static/css/cryptoio-woocommerce.css | 3 +++
 1 file changed, 3 insertions(+) 1 file changed, 3 insertions(+)
Updating 9748888..ec4c7fe
Fast-forward
 code/static/css/cryptoio-woocommerce.css | 8 ++++----
 1 file changed, 4 insertions(+), 4 deletions(-) 1 file changed, 4 insertions(+), 4 deletions(-)
Updating ec4c7fe..95f7f22
Fast-forward
 code/static/css/cryptoio-woocommerce.css | 4 ++++
 1 file changed, 4 insertions(+) 1 file changed, 4 insertions(+)
Updating 95f7f22..b25ac3e
Fast-forward
 code/static/css/cryptoio-woocommerce.css | 4 ++--
 1 file changed, 2 insertions(+), 2 deletions(-) 1 file changed, 2 insertions(+), 2 deletions(-)
Updating b25ac3e..0dc9a39
Fast-forward
 code/static/css/cryptoio-woocommerce.css | 8 ++++----
 1 file changed, 4 insertions(+), 4 deletions(-) 1 file changed, 4 insertions(+), 4 deletions(-)
Updating 0dc9a39..7fc76f9
Fast-forward
 code/static/css/cryptoio-woocommerce.css | 4 ++--
 1 file changed, 2 insertions(+), 2 deletions(-) 1 file changed, 2 insertions(+), 2 deletions(-)
Updating 7fc76f9..067478a
Fast-forward
 code/static/css/cryptoio-woocommerce.css | 3 +++
 1 file changed, 3 insertions(+) 1 file changed, 3 insertions(+)
Updating 067478a..1d460f6
Fast-forward
 code/static/css/cryptoio-woocommerce.css | 4 ++++
 1 file changed, 4 insertions(+) 1 file changed, 4 insertions(+)
Updating 1d460f6..d5788d7
Fast-forward
 code/static/css/cryptoio-woocommerce.css | 6 +++---
 1 file changed, 3 insertions(+), 3 deletions(-) 1 file changed, 3 insertions(+), 3 deletions(-)
Updating d5788d7..92834c8
Fast-forward
 code/static/css/cryptoio-woocommerce.css | 4 ++--
 1 file changed, 2 insertions(+), 2 deletions(-) 1 file changed, 2 insertions(+), 2 deletions(-)
Updating 92834c8..8ffd1a3
Fast-forward
 code/static/css/cryptoio-woocommerce.css | 10 +++++-----
 1 file changed, 5 insertions(+), 5 deletions(-) 1 file changed, 5 insertions(+), 5 deletions(-)
Updating 8ffd1a3..9022225
Fast-forward
 code/static/css/cryptoio-woocommerce.css | 2 +-
 1 file changed, 1 insertion(+), 1 deletion(-) 1 file changed, 1 insertion(+), 1 deletion(-)
Updating 9022225..b6b7f5e
Fast-forward
 code/static/css/cryptoio-woocommerce.css | 2 +-
 1 file changed, 1 insertion(+), 1 deletion(-) 1 file changed, 1 insertion(+), 1 deletion(-)
