Not expected branch : refs/heads/sonpq
Updating 04bc280..73f1969
Fast-forward
 .../icons-block/static/css/_icon-block.scss        |  5 +--
 code/static/css/cryptoio-components.css            | 41 ++++++++++++++--------
 2 files changed, 30 insertions(+), 16 deletions(-) 2 files changed, 30 insertions(+), 16 deletions(-)
Already up-to-date.Already up-to-date.
Updating 73f1969..467ea21
Fast-forward
 .../shortcodes/shortcodes/icons-block/static/css/_icon-block.scss    | 5 +++++
 code/static/css/cryptoio-components.css                              | 4 ++++
 2 files changed, 9 insertions(+) 2 files changed, 9 insertions(+)
Updating 467ea21..9511261
Fast-forward
 .../shortcodes/shortcodes/icons-block/static/css/_icon-block.scss      | 3 ++-
 code/static/css/cryptoio-components.css                                | 3 ++-
 2 files changed, 4 insertions(+), 2 deletions(-) 2 files changed, 4 insertions(+), 2 deletions(-)
Updating 9511261..e0694bc
Fast-forward
 .../shortcodes/shortcodes/accordion/config.php     |   4 +-
 .../shortcodes/shortcodes/accordion/vc_options.php |  72 ++++++++-
 .../shortcodes/accordion/views/layout-3.php        | 166 +++++++++++++++++++++
 .../shortcodes/shortcodes/accordion/views/view.php |   6 +-
 4 files changed, 244 insertions(+), 4 deletions(-)
 create mode 100644 code/framework-customizations/extensions/shortcodes/shortcodes/accordion/views/layout-3.php create mode 100644 code/framework-customizations/extensions/shortcodes/shortcodes/accordion/views/layout-3.php
Updating e0694bc..7f97545
Fast-forward
 .../shortcodes/shortcodes/icons-block/static/css/_icon-block.scss     | 4 ++--
 code/static/css/cryptoio-components.css                               | 4 ++--
 2 files changed, 4 insertions(+), 4 deletions(-) 2 files changed, 4 insertions(+), 4 deletions(-)
Not expected branch : refs/heads/sonpq
Updating 7f97545..5f9e711
Fast-forward
 code/static/css/cryptoio-components.css | 5 +++++
 1 file changed, 5 insertions(+) 1 file changed, 5 insertions(+)
Updating 5f9e711..28d202c
Fast-forward
 .../icons-block/static/css/_icon-block.scss        | 45 +++++++++++++++++
 code/static/css/cryptoio-components.css            | 57 ++++++++++++++++++++--
 2 files changed, 97 insertions(+), 5 deletions(-) 2 files changed, 97 insertions(+), 5 deletions(-)
Updating 28d202c..e6da1f2
Fast-forward
 .../shortcodes/shortcodes/icons-block/static/css/_icon-block.scss   | 6 ++++++
 code/static/css/cryptoio-components.css                             | 4 ++++
 2 files changed, 10 insertions(+) 2 files changed, 10 insertions(+)
Updating e6da1f2..8fe114b
Fast-forward
 .../shortcodes/shortcodes/posts-block/config.php   |  7 ---
 .../shortcodes/posts-block/options/layout-1.php    | 53 +---------------------
 .../shortcodes/posts-block/options/layout-2.php    |  9 ----
 .../shortcodes/posts-block/options/layout-3.php    | 30 ------------
 .../shortcodes/posts-block/views/main-layout-1.php | 48 ++++++++++++--------
 5 files changed, 30 insertions(+), 117 deletions(-) 5 files changed, 30 insertions(+), 117 deletions(-)
Updating 8fe114b..c3b3f00
Fast-forward
 .../shortcodes/shortcodes/icons-block/static/css/_icon-block.scss     | 1 +
 code/static/css/cryptoio-components.css                               | 4 ++++
 2 files changed, 5 insertions(+) 2 files changed, 5 insertions(+)
Updating c3b3f00..ebb64d9
Fast-forward
 .../shortcodes/accordion/views/layout-3.php        |  11 +-
 .../shortcodes/team-carousel/views/layout-3.php    | 235 ---------------------
 .../shortcodes/team-carousel/views/layout-6.php    | 235 ---------------------
 3 files changed, 6 insertions(+), 475 deletions(-)
 delete mode 100644 code/framework-customizations/extensions/teams/shortcodes/team-carousel/views/layout-3.php
 delete mode 100644 code/framework-customizations/extensions/teams/shortcodes/team-carousel/views/layout-6.php delete mode 100644 code/framework-customizations/extensions/teams/shortcodes/team-carousel/views/layout-6.php
Not expected branch : refs/heads/sonpq
Updating ebb64d9..52282ba
Fast-forward
 .../shortcodes/shortcodes/counterv2/static/css/counterv2.css     | 9 ++++++++-
 .../shortcodes/shortcodes/counterv2/static/css/counterv2.scss    | 9 ++++++++-
 2 files changed, 16 insertions(+), 2 deletions(-) 2 files changed, 16 insertions(+), 2 deletions(-)
Updating 52282ba..bfbddc2
Fast-forward
 .../shortcodes/shortcodes/counterv2/static/css/counterv2.css      | 8 ++++----
 .../shortcodes/shortcodes/counterv2/static/css/counterv2.scss     | 8 ++++----
 2 files changed, 8 insertions(+), 8 deletions(-) 2 files changed, 8 insertions(+), 8 deletions(-)
Updating bfbddc2..bcc4e9f
Fast-forward
 .../extensions/shortcodes/shortcodes/counterv2/static/css/counterv2.css | 2 +-
 .../shortcodes/shortcodes/counterv2/static/css/counterv2.scss           | 2 +-
 2 files changed, 2 insertions(+), 2 deletions(-) 2 files changed, 2 insertions(+), 2 deletions(-)
Updating bcc4e9f..50ea50a
Fast-forward
 .../extensions/shortcodes/shortcodes/counterv2/static/css/counterv2.css | 2 +-
 .../shortcodes/shortcodes/counterv2/static/css/counterv2.scss           | 2 +-
 2 files changed, 2 insertions(+), 2 deletions(-) 2 files changed, 2 insertions(+), 2 deletions(-)
Updating 50ea50a..3735f17
Fast-forward
 .../shortcodes/shortcodes/counterv2/static/css/counterv2.css        | 6 +++++-
 .../shortcodes/shortcodes/counterv2/static/css/counterv2.scss       | 3 ++-
 2 files changed, 7 insertions(+), 2 deletions(-) 2 files changed, 7 insertions(+), 2 deletions(-)
Updating 3735f17..22092e2
Fast-forward
 .../shortcodes/shortcodes/counterv2/static/css/counterv2.css       | 4 ++--
 .../shortcodes/shortcodes/counterv2/static/css/counterv2.scss      | 7 +++++--
 2 files changed, 7 insertions(+), 4 deletions(-) 2 files changed, 7 insertions(+), 4 deletions(-)
Updating 22092e2..cab0da2
Fast-forward
 .../extensions/shortcodes/shortcodes/counterv2/static/css/counterv2.css | 2 +-
 .../shortcodes/shortcodes/counterv2/static/css/counterv2.scss           | 2 +-
 2 files changed, 2 insertions(+), 2 deletions(-) 2 files changed, 2 insertions(+), 2 deletions(-)
Updating cab0da2..96d2014
Fast-forward
 .../shortcodes/shortcodes/icons-block/static/css/_icon-block.scss      | 3 ++-
 code/static/css/cryptoio-components.css                                | 3 ++-
 2 files changed, 4 insertions(+), 2 deletions(-) 2 files changed, 4 insertions(+), 2 deletions(-)
Updating 96d2014..644733d
Fast-forward
 .../extensions/optimization/static.php             |   2 +-
 .../teams/shortcodes/team-carousel/config.php      |   3 +-
 .../teams/shortcodes/team-carousel/vc_options.php  | 516 ++++++++++-----------
 .../shortcodes/team-carousel/views/layout-5.php    | 168 +++----
 .../teams/shortcodes/team-carousel/views/view.php  |   1 +
 5 files changed, 348 insertions(+), 342 deletions(-) 5 files changed, 348 insertions(+), 342 deletions(-)
Updating 644733d..0290855
Fast-forward
 .../shortcodes/shortcodes/icons-block/static/css/_icon-block.scss     | 2 ++
 code/static/css/cryptoio-components.css                               | 4 ++++
 2 files changed, 6 insertions(+) 2 files changed, 6 insertions(+)
Updating 0290855..980ea67
Fast-forward
 .../shortcodes/shortcodes/icons-block/static/css/_icon-block.scss        | 1 +
 code/static/css/cryptoio-components.css                                  | 1 +
 2 files changed, 2 insertions(+) 2 files changed, 2 insertions(+)
Not expected branch : refs/heads/thuong/sc-teams-block
Not expected branch : 
Not expected branch : refs/heads/thuong/sc-teams-block
Fail to update develop of cryptoio
Updating 980ea67..b38a303
Fast-forward
 .../shortcodes/partner/static/css/partner.css      |   2 +-
 .../shortcodes/video/static/css/_video.scss        | 114 +++++----
 .../team-block/static/css/team-block.css           | 241 +++++++++--------
 .../team-block/static/css/team-block.scss          | 284 +++++++++++----------
 .../testimonial/static/css/testimonial.css         |  12 +-
 .../extensions/widgets/static/css/widgets.css      |   6 +-
 code/static/css/cryptoio-components.css            |  87 ++++---
 7 files changed, 388 insertions(+), 358 deletions(-) 7 files changed, 388 insertions(+), 358 deletions(-)
Updating b38a303..7834d34
Fast-forward
 .../extensions/shortcodes/shortcodes/counterv2/static/css/counterv2.css | 2 +-
 .../shortcodes/shortcodes/counterv2/static/css/counterv2.scss           | 2 +-
 2 files changed, 2 insertions(+), 2 deletions(-) 2 files changed, 2 insertions(+), 2 deletions(-)
Not expected branch : refs/heads/sonpq
Not expected branch : 
Not expected branch : refs/heads/phatnm
Updating 7834d34..ef8f6e6
Fast-forward
 .../shortcodes/counterv2/static/css/counterv2.css  |  2 +-
 .../shortcodes/counterv2/static/css/counterv2.scss |  2 +-
 .../shortcodes/partner/static/css/partner.css      |  2 +-
 .../testimonial/static/css/testimonial.css         | 12 ++++-----
 .../extensions/widgets/static/css/widgets.css      |  6 ++---
 code/static/css/cryptoio-components.css            | 30 +++++++++++-----------
 6 files changed, 27 insertions(+), 27 deletions(-) 6 files changed, 27 insertions(+), 27 deletions(-)
Updating ef8f6e6..fe08006
Fast-forward
 .../shortcodes/shortcodes/counterv2/static/css/counterv2.css          | 4 ++--
 .../shortcodes/shortcodes/counterv2/static/css/counterv2.scss         | 4 ++--
 2 files changed, 4 insertions(+), 4 deletions(-) 2 files changed, 4 insertions(+), 4 deletions(-)
Updating fe08006..e1aecbd
Fast-forward
 .../extensions/shortcodes/shortcodes/counterv2/static/css/counterv2.css | 2 +-
 .../shortcodes/shortcodes/counterv2/static/css/counterv2.scss           | 2 +-
 2 files changed, 2 insertions(+), 2 deletions(-) 2 files changed, 2 insertions(+), 2 deletions(-)
Updating e1aecbd..adceeee
Fast-forward
 .../extensions/shortcodes/shortcodes/counterv2/static/css/counterv2.css | 2 +-
 .../shortcodes/shortcodes/counterv2/static/css/counterv2.scss           | 2 +-
 2 files changed, 2 insertions(+), 2 deletions(-) 2 files changed, 2 insertions(+), 2 deletions(-)
Updating adceeee..ca60b64
Fast-forward
 .../shortcodes/shortcodes/counterv2/static/css/counterv2.css        | 6 +++---
 .../shortcodes/shortcodes/counterv2/static/css/counterv2.scss       | 6 +++---
 2 files changed, 6 insertions(+), 6 deletions(-) 2 files changed, 6 insertions(+), 6 deletions(-)
Updating ca60b64..3a1b892
Fast-forward
 .../shortcodes/shortcodes/counterv2/static/css/counterv2.css       | 4 ++++
 .../shortcodes/shortcodes/counterv2/static/css/counterv2.scss      | 7 +++++++
 2 files changed, 11 insertions(+) 2 files changed, 11 insertions(+)
Updating 3a1b892..55160ae
Fast-forward
 .../extensions/shortcodes/shortcodes/counterv2/static/css/counterv2.css | 2 +-
 .../shortcodes/shortcodes/counterv2/static/css/counterv2.scss           | 2 +-
 2 files changed, 2 insertions(+), 2 deletions(-) 2 files changed, 2 insertions(+), 2 deletions(-)
Updating 55160ae..6501183
Fast-forward
 .../shortcodes/shortcodes/counterv2/static/css/counterv2.css      | 8 ++++++++
 .../shortcodes/shortcodes/counterv2/static/css/counterv2.scss     | 7 ++++++-
 2 files changed, 14 insertions(+), 1 deletion(-) 2 files changed, 14 insertions(+), 1 deletion(-)
Updating 6501183..21d2913
Fast-forward
 .../shortcodes/material-download/static.php        |  9 ++++++++
 .../static/css/material-download.css               | 21 ++++++++++++++++++
 .../static/css/material-download.scss              | 25 ++++++++++++++++++++++
 3 files changed, 55 insertions(+)
 create mode 100644 code/framework-customizations/extensions/shortcodes/shortcodes/material-download/static.php
 create mode 100644 code/framework-customizations/extensions/shortcodes/shortcodes/material-download/static/css/material-download.css
 create mode 100644 code/framework-customizations/extensions/shortcodes/shortcodes/material-download/static/css/material-download.scss create mode 100644 code/framework-customizations/extensions/shortcodes/shortcodes/material-download/static/css/material-download.scss
Updating 21d2913..1bf796d
Fast-forward
 .../shortcodes/material-download/static/css/material-download.css        | 1 +
 .../shortcodes/material-download/static/css/material-download.scss       | 1 +
 2 files changed, 2 insertions(+) 2 files changed, 2 insertions(+)
Updating 1bf796d..a2c40c8
Fast-forward
 .../shortcodes/material-download/static/css/material-download.css     | 4 ++++
 .../shortcodes/material-download/static/css/material-download.scss    | 4 ++++
 2 files changed, 8 insertions(+) 2 files changed, 8 insertions(+)
Updating a2c40c8..a70b866
Fast-forward
 .../shortcodes/count-down/vc_options.php           |  4 +--
 .../testimonial/static/css/testimonial.css         | 37 +++++---------------
 .../testimonial/static/css/testimonial.scss        | 40 +++++++++++-----------
 3 files changed, 31 insertions(+), 50 deletions(-) 3 files changed, 31 insertions(+), 50 deletions(-)
Updating a70b866..cd53307
Fast-forward
 .../testimonials/shortcodes/testimonial/static/css/testimonial.css       | 1 -
 .../testimonials/shortcodes/testimonial/static/css/testimonial.scss      | 1 -
 2 files changed, 2 deletions(-) 2 files changed, 2 deletions(-)
Updating cd53307..e5f505f
Fast-forward
 .../shortcodes/testimonial/static/css/testimonial.css            | 9 ++++-----
 .../shortcodes/testimonial/static/css/testimonial.scss           | 9 ++++-----
 2 files changed, 8 insertions(+), 10 deletions(-) 2 files changed, 8 insertions(+), 10 deletions(-)
Updating e5f505f..b19f59e
Fast-forward
 .../testimonial/static/css/testimonial.css         | 33 ----------------------
 .../testimonial/static/css/testimonial.scss        | 33 ----------------------
 2 files changed, 66 deletions(-) 2 files changed, 66 deletions(-)
Updating b19f59e..a25d730
Fast-forward
 .../testimonial/static/css/testimonial.css          | 21 ---------------------
 .../testimonial/static/css/testimonial.scss         | 18 ------------------
 2 files changed, 39 deletions(-) 2 files changed, 39 deletions(-)
Updating a25d730..dfeb2aa
Fast-forward
 .../testimonials/shortcodes/testimonial/static/css/testimonial.css    | 4 ++--
 .../testimonials/shortcodes/testimonial/static/css/testimonial.scss   | 4 ++--
 2 files changed, 4 insertions(+), 4 deletions(-) 2 files changed, 4 insertions(+), 4 deletions(-)
Updating dfeb2aa..5261504
Fast-forward
 .../testimonials/shortcodes/testimonial/static/css/testimonial.css   | 5 -----
 .../testimonials/shortcodes/testimonial/static/css/testimonial.scss  | 4 ----
 2 files changed, 9 deletions(-) 2 files changed, 9 deletions(-)
Updating 5261504..8f932d1
Fast-forward
 .../shortcodes/testimonial/static/css/testimonial.css            | 2 --
 .../shortcodes/testimonial/static/css/testimonial.scss           | 9 ---------
 2 files changed, 11 deletions(-) 2 files changed, 11 deletions(-)
Updating 8f932d1..cd030c1
Fast-forward
 .../shortcodes/accordion/static/css/accordion.css  |  90 +++++++++-
 .../shortcodes/accordion/static/css/accordion.scss |  75 +++++++-
 .../shortcodes/accordion/views/layout-3.php        | 189 +++++++++++----------
 3 files changed, 266 insertions(+), 88 deletions(-) 3 files changed, 266 insertions(+), 88 deletions(-)
Fail to update develop of cryptoio
