Updating cd030c1..31ef7cc
Fast-forward
 .../extensions/cryptoio/shortcodes/cryptoio_category/static.php  | 9 +++------
 1 file changed, 3 insertions(+), 6 deletions(-) 1 file changed, 3 insertions(+), 6 deletions(-)
Updating 31ef7cc..ac28a35
Fast-forward
 code/static/css/cryptoio-components.scss                                | 2 ++
 .../extensions/cryptoio/shortcodes/cryptoio_category/static.php         | 2 +-
 2 files changed, 3 insertions(+), 1 deletion(-) 2 files changed, 3 insertions(+), 1 deletion(-)
Updating ac28a35..b7e22e3
Fast-forward
 .../shortcodes/cryptoio_category/static/css/crypto_category.css       | 4 ++++
 1 file changed, 4 insertions(+) 1 file changed, 4 insertions(+)
Updating b7e22e3..5f0d4a3
Fast-forward
 .../shortcodes/cryptoio_category/static/css/crypto_category.css         | 2 +-
 1 file changed, 1 insertion(+), 1 deletion(-) 1 file changed, 1 insertion(+), 1 deletion(-)
Updating 5f0d4a3..3b3b127
Fast-forward
 .../cryptoio_category/static/css/crypto_category.css      | 15 ++++++++++++++-
 1 file changed, 14 insertions(+), 1 deletion(-) 1 file changed, 14 insertions(+), 1 deletion(-)
Updating 3b3b127..6a43232
Fast-forward
 .../shortcodes/cryptoio_category/static/css/crypto_category.css     | 6 ++++++
 1 file changed, 6 insertions(+) 1 file changed, 6 insertions(+)
Updating 6a43232..14fbfdd
Fast-forward
 .../shortcodes/cryptoio_category/static/css/crypto_category.css      | 5 ++++-
 1 file changed, 4 insertions(+), 1 deletion(-) 1 file changed, 4 insertions(+), 1 deletion(-)
Updating 14fbfdd..e37b9ff
Fast-forward
 .../shortcodes/cryptoio_category/static/css/crypto_category.css    | 7 +++++++
 1 file changed, 7 insertions(+) 1 file changed, 7 insertions(+)
Updating e37b9ff..1352329
Fast-forward
 .../shortcodes/cryptoio_category/static/css/crypto_category.css        | 3 +--
 1 file changed, 1 insertion(+), 2 deletions(-) 1 file changed, 1 insertion(+), 2 deletions(-)
Updating 1352329..910ffd1
Fast-forward
 .../cryptoio_category/static/css/crypto_category.css           | 10 +++++++++-
 1 file changed, 9 insertions(+), 1 deletion(-) 1 file changed, 9 insertions(+), 1 deletion(-)
Updating 910ffd1..04b0426
Fast-forward
 .../shortcodes/cryptoio_category/static/css/crypto_category.css   | 8 ++++++++
 1 file changed, 8 insertions(+) 1 file changed, 8 insertions(+)
Updating 04b0426..f245996
Fast-forward
 .../cryptoio_category/static/css/crypto_category.css           | 10 ++++++----
 1 file changed, 6 insertions(+), 4 deletions(-) 1 file changed, 6 insertions(+), 4 deletions(-)
Updating f245996..feb0814
Fast-forward
 .../shortcodes/cryptoio_category/static/css/crypto_category.css     | 6 ++++--
 1 file changed, 4 insertions(+), 2 deletions(-) 1 file changed, 4 insertions(+), 2 deletions(-)
Updating feb0814..96c6d47
Fast-forward
 .../shortcodes/cryptoio_category/static/css/crypto_category.css         | 2 +-
 1 file changed, 1 insertion(+), 1 deletion(-) 1 file changed, 1 insertion(+), 1 deletion(-)
Updating 96c6d47..20da9ce
Fast-forward
 .../shortcodes/cryptoio_category/static/css/crypto_category.css       | 4 ++++
 1 file changed, 4 insertions(+) 1 file changed, 4 insertions(+)
Updating 20da9ce..1f509a9
Fast-forward
 .../cryptoio/shortcodes/cryptoio_category/static/css/crypto_category.css | 1 +
 1 file changed, 1 insertion(+) 1 file changed, 1 insertion(+)
Updating 1f509a9..2a7e8c8
Fast-forward
 .../shortcodes/cryptoio_category/static/css/crypto_category.css       | 4 ++++
 1 file changed, 4 insertions(+) 1 file changed, 4 insertions(+)
Updating 2a7e8c8..f70bcb5
Fast-forward
 .../shortcodes/cryptoio_category/static/css/crypto_category.css         | 2 +-
 1 file changed, 1 insertion(+), 1 deletion(-) 1 file changed, 1 insertion(+), 1 deletion(-)
Updating f70bcb5..bca6045
Fast-forward
 .../cryptoio/shortcodes/cryptoio_category/static/css/crypto_category.css | 1 +
 1 file changed, 1 insertion(+) 1 file changed, 1 insertion(+)
Updating bca6045..ca44cef
Fast-forward
 .../shortcodes/cryptoio_category/static/css/crypto_category.css       | 4 ++--
 1 file changed, 2 insertions(+), 2 deletions(-) 1 file changed, 2 insertions(+), 2 deletions(-)
Updating ca44cef..4afdee0
Fast-forward
 .../cryptoio_category/static/css/crypto_category.css      | 15 ++++++++++++++-
 1 file changed, 14 insertions(+), 1 deletion(-) 1 file changed, 14 insertions(+), 1 deletion(-)
Updating 4afdee0..fc6929d
Fast-forward
 .../cryptoio/shortcodes/cryptoio_category/static/css/crypto_category.css | 1 +
 1 file changed, 1 insertion(+) 1 file changed, 1 insertion(+)
Updating fc6929d..73ab461
Fast-forward
 .../shortcodes/cryptoio_category/static/css/crypto_category.css     | 6 ++++++
 1 file changed, 6 insertions(+) 1 file changed, 6 insertions(+)
Updating 73ab461..7af47c8
Fast-forward
 .../shortcodes/cryptoio_category/static/css/crypto_category.css  | 9 ++++-----
 1 file changed, 4 insertions(+), 5 deletions(-) 1 file changed, 4 insertions(+), 5 deletions(-)
Updating 7af47c8..97ddb02
Fast-forward
 .../shortcodes/cryptoio_category/static/css/crypto_category.css       | 4 ++++
 1 file changed, 4 insertions(+) 1 file changed, 4 insertions(+)
Updating 97ddb02..3e8a349
Fast-forward
 .../static/css/crypto_category.css                 | 110 +++++++++++----------
 1 file changed, 56 insertions(+), 54 deletions(-) 1 file changed, 56 insertions(+), 54 deletions(-)
Updating 3e8a349..f9dc2f4
Fast-forward
 .../shortcodes/cryptoio_category/static/css/crypto_category.css       | 4 ++++
 1 file changed, 4 insertions(+) 1 file changed, 4 insertions(+)
Updating f9dc2f4..6f1f61e
Fast-forward
 .../shortcodes/cryptoio_category/static/css/crypto_category.css         | 2 +-
 1 file changed, 1 insertion(+), 1 deletion(-) 1 file changed, 1 insertion(+), 1 deletion(-)
Updating 6f1f61e..3d1c1ce
Fast-forward
 .../shortcodes/cryptoio_category/static/css/crypto_category.css         | 2 +-
 1 file changed, 1 insertion(+), 1 deletion(-) 1 file changed, 1 insertion(+), 1 deletion(-)
Updating 3d1c1ce..ffae36d
Fast-forward
 .../shortcodes/cryptoio_category/static/css/crypto_category.css         | 2 +-
 1 file changed, 1 insertion(+), 1 deletion(-) 1 file changed, 1 insertion(+), 1 deletion(-)
Updating ffae36d..79b9d49
Fast-forward
 .../shortcodes/cryptoio_category/static/css/crypto_category.css         | 2 +-
 1 file changed, 1 insertion(+), 1 deletion(-) 1 file changed, 1 insertion(+), 1 deletion(-)
Updating 79b9d49..c7fc5f2
Fast-forward
 .../shortcodes/cryptoio_category/static/css/crypto_category.css       | 4 ++--
 1 file changed, 2 insertions(+), 2 deletions(-) 1 file changed, 2 insertions(+), 2 deletions(-)
Updating c7fc5f2..e14b0ae
Fast-forward
 .../extensions/widgets/static/css/widgets.css                     | 8 ++++++++
 .../extensions/widgets/static/css/widgets.scss                    | 8 ++++++++
 2 files changed, 16 insertions(+) 2 files changed, 16 insertions(+)
Updating e14b0ae..32b1e54
Fast-forward
 .../extensions/widgets/static/css/widgets.css                         | 4 ++--
 .../extensions/widgets/static/css/widgets.scss                        | 2 +-
 2 files changed, 3 insertions(+), 3 deletions(-) 2 files changed, 3 insertions(+), 3 deletions(-)
Updating 32b1e54..86133c7
Fast-forward
 .../extensions/widgets/static/css/widgets.css                     | 8 ++++++--
 .../extensions/widgets/static/css/widgets.scss                    | 5 ++++-
 2 files changed, 10 insertions(+), 3 deletions(-) 2 files changed, 10 insertions(+), 3 deletions(-)
Updating 86133c7..4e84db9
Fast-forward
 .../extensions/widgets/static/css/widgets.css                         | 2 +-
 .../extensions/widgets/static/css/widgets.scss                        | 4 +++-
 2 files changed, 4 insertions(+), 2 deletions(-) 2 files changed, 4 insertions(+), 2 deletions(-)
Updating 4e84db9..e143dd7
Fast-forward
 .../extensions/widgets/static/css/widgets.css                         | 4 ++++
 .../extensions/widgets/static/css/widgets.scss                        | 3 +++
 2 files changed, 7 insertions(+) 2 files changed, 7 insertions(+)
Not expected branch : refs/heads/sonpq
Not expected branch : 
Fail to update develop of cryptoio
Updating e143dd7..ca6ce56
Fast-forward
 .../shortcodes/accordion/static/css/accordion.css  | 269 +++++++++++++++------
 .../shortcodes/accordion/static/css/accordion.scss | 226 ++++++++++++-----
 .../shortcodes/accordion/views/layout-3.php        |   6 +-
 3 files changed, 357 insertions(+), 144 deletions(-) 3 files changed, 357 insertions(+), 144 deletions(-)
Not expected branch : refs/heads/sonpq
Updating ca6ce56..9a1023a
Fast-forward
 code/framework-customizations/extensions/widgets/static/css/widgets.css  | 1 +
 code/framework-customizations/extensions/widgets/static/css/widgets.scss | 1 +
 2 files changed, 2 insertions(+) 2 files changed, 2 insertions(+)
Updating 9a1023a..a67c5f8
Fast-forward
 .../shortcodes/shortcodes/posts-block/static/css/_posts-block.scss   | 5 +++++
 code/static/css/cryptoio-components.css                              | 4 ++++
 2 files changed, 9 insertions(+) 2 files changed, 9 insertions(+)
Updating a67c5f8..0757eea
Fast-forward
 .../shortcodes/shortcodes/accordion/vc_options.php | 16 +++-
 .../shortcodes/posts-block/options/layout-1.php    | 14 +++-
 .../shortcodes/posts-block/views/list-layout-1.php | 86 ++++++++++++----------
 3 files changed, 71 insertions(+), 45 deletions(-) 3 files changed, 71 insertions(+), 45 deletions(-)
Updating 0757eea..2331f32
Fast-forward
 .../shortcodes/contact-form/static/css/_contact-form.scss           | 6 ++++++
 1 file changed, 6 insertions(+) 1 file changed, 6 insertions(+)
Updating 2331f32..b822ea5
Fast-forward
 .../shortcodes/contact-form/static/css/_contact-form.scss  | 14 ++++++++------
 code/static/css/cryptoio-components.css                    |  5 +++++
 2 files changed, 13 insertions(+), 6 deletions(-) 2 files changed, 13 insertions(+), 6 deletions(-)
Updating b822ea5..e634df1
Fast-forward
 .../framework/extensions/cryptoio/shortcodes/charts/config.php          | 2 +-
 1 file changed, 1 insertion(+), 1 deletion(-) 1 file changed, 1 insertion(+), 1 deletion(-)
Updating e634df1..1263950
Fast-forward
 .../framework/extensions/cryptoio/shortcodes/cryptoio/views/view.php    | 2 +-
 1 file changed, 1 insertion(+), 1 deletion(-) 1 file changed, 1 insertion(+), 1 deletion(-)
Not expected branch : refs/heads/sonpq
Not expected branch : refs/heads/sonpq
Not expected branch : 
Updating 1263950..2a6f5c3
Fast-forward
 .../framework/extensions/cryptoio/shortcodes/cryptoio/static.php     | 5 +++++
 .../cryptoio/shortcodes/cryptoio/static/css/crypto_chart.css         | 3 +++
 2 files changed, 8 insertions(+)
 create mode 100644 plugin/solazu-unyson/framework/extensions/cryptoio/shortcodes/cryptoio/static/css/crypto_chart.css create mode 100644 plugin/solazu-unyson/framework/extensions/cryptoio/shortcodes/cryptoio/static/css/crypto_chart.css
Fail to update develop of cryptoio
Updating 2a6f5c3..a706340
Fast-forward
 .../testimonials/shortcodes/testimonial/static/css/testimonial.css  | 6 ++++--
 .../testimonials/shortcodes/testimonial/static/css/testimonial.scss | 6 ++++--
 2 files changed, 8 insertions(+), 4 deletions(-) 2 files changed, 8 insertions(+), 4 deletions(-)
Updating a706340..789bbdb
Fast-forward
 .../framework/extensions/cryptoio/shortcodes/cryptoio/static.php        | 2 +-
 1 file changed, 1 insertion(+), 1 deletion(-) 1 file changed, 1 insertion(+), 1 deletion(-)
Updating 789bbdb..564d87e
Fast-forward
 .../framework/extensions/cryptoio/shortcodes/cryptoio/static.php   | 2 +-
 .../cryptoio/shortcodes/cryptoio/static/css/crypto_chart.css       | 3 ---
 .../cryptoio/shortcodes/cryptoio/static/css/cryptoio-chart.css     | 7 +++++++
 3 files changed, 8 insertions(+), 4 deletions(-)
 delete mode 100644 plugin/solazu-unyson/framework/extensions/cryptoio/shortcodes/cryptoio/static/css/crypto_chart.css
 create mode 100644 plugin/solazu-unyson/framework/extensions/cryptoio/shortcodes/cryptoio/static/css/cryptoio-chart.css create mode 100644 plugin/solazu-unyson/framework/extensions/cryptoio/shortcodes/cryptoio/static/css/cryptoio-chart.css
Updating 564d87e..7b0d27b
Fast-forward
 .../shortcodes/shortcodes/accordion/views/layout-3.php   | 16 ++++------------
 1 file changed, 4 insertions(+), 12 deletions(-) 1 file changed, 4 insertions(+), 12 deletions(-)
Updating 7b0d27b..99f96b1
Fast-forward
 .../cryptoio/shortcodes/cryptoio/static/css/cryptoio-chart.css        | 4 ++++
 1 file changed, 4 insertions(+) 1 file changed, 4 insertions(+)
Updating 99f96b1..f00c702
Fast-forward
 .../cryptoio/shortcodes/cryptoio/static/css/cryptoio-chart.css          | 2 +-
 1 file changed, 1 insertion(+), 1 deletion(-) 1 file changed, 1 insertion(+), 1 deletion(-)
Updating f00c702..70ef577
Fast-forward
 .../cryptoio/shortcodes/cryptoio/static/css/cryptoio-chart.css          | 2 +-
 1 file changed, 1 insertion(+), 1 deletion(-) 1 file changed, 1 insertion(+), 1 deletion(-)
Updating 70ef577..9c3eafb
Fast-forward
 .../cryptoio/shortcodes/cryptoio/static/css/cryptoio-chart.css          | 2 +-
 1 file changed, 1 insertion(+), 1 deletion(-) 1 file changed, 1 insertion(+), 1 deletion(-)
Updating 9c3eafb..547e620
Fast-forward
 code/static/css/cryptoio-woocommerce.css | 3 +++
 1 file changed, 3 insertions(+) 1 file changed, 3 insertions(+)
Updating 547e620..270471d
Fast-forward
 code/static/css/cryptoio-woocommerce.css | 4 ++++
 1 file changed, 4 insertions(+) 1 file changed, 4 insertions(+)
Already up-to-date.Already up-to-date.
Updating 270471d..ffdb533
Fast-forward
 code/static/css/cryptoio-woocommerce.css | 4 ++++
 1 file changed, 4 insertions(+) 1 file changed, 4 insertions(+)
Updating ffdb533..6eef3b7
Fast-forward
 code/static/css/layout.css | 2 +-
 1 file changed, 1 insertion(+), 1 deletion(-) 1 file changed, 1 insertion(+), 1 deletion(-)
Updating 6eef3b7..cd3673f
Fast-forward
 code/static/css/cryptoio-woocommerce.css |  3 ++-
 code/static/css/layout.css               | 12 ++++++++++++
 2 files changed, 14 insertions(+), 1 deletion(-) 2 files changed, 14 insertions(+), 1 deletion(-)
Updating cd3673f..b8f6f45
Fast-forward
 code/static/css/cryptoio-woocommerce.css | 10 +++++++++-
 1 file changed, 9 insertions(+), 1 deletion(-) 1 file changed, 9 insertions(+), 1 deletion(-)
Updating b8f6f45..acadf3f
Fast-forward
 code/static/css/cryptoio-woocommerce.css | 5 +++--
 1 file changed, 3 insertions(+), 2 deletions(-) 1 file changed, 3 insertions(+), 2 deletions(-)
Updating acadf3f..a118f84
Fast-forward
 code/static/css/cryptoio-woocommerce.css | 5 ++++-
 1 file changed, 4 insertions(+), 1 deletion(-) 1 file changed, 4 insertions(+), 1 deletion(-)
Updating a118f84..bd6cc0e
Fast-forward
 code/static/css/cryptoio-woocommerce.css | 2 +-
 1 file changed, 1 insertion(+), 1 deletion(-) 1 file changed, 1 insertion(+), 1 deletion(-)
Updating bd6cc0e..a98064e
Fast-forward
 code/static/css/cryptoio-woocommerce.css | 3 +++
 1 file changed, 3 insertions(+) 1 file changed, 3 insertions(+)
Updating a98064e..2f44bea
Fast-forward
 code/static/css/cryptoio-woocommerce.css | 18 +++++++++++++++---
 1 file changed, 15 insertions(+), 3 deletions(-) 1 file changed, 15 insertions(+), 3 deletions(-)
Updating 2f44bea..6346505
Fast-forward
 code/static/css/cryptoio-woocommerce.css | 12 ++++++++++--
 1 file changed, 10 insertions(+), 2 deletions(-) 1 file changed, 10 insertions(+), 2 deletions(-)
Updating 6346505..275f914
Fast-forward
 code/static/css/cryptoio-woocommerce.css | 4 ++--
 1 file changed, 2 insertions(+), 2 deletions(-) 1 file changed, 2 insertions(+), 2 deletions(-)
Updating 275f914..8180169
Fast-forward
 .../shortcodes/shortcodes/newsletter/config.php    |  63 ++---
 .../shortcodes/newsletter/vc_options.php           |  21 ++
 .../shortcodes/newsletter/views/view.php           | 254 ++++++++++++---------
 3 files changed, 198 insertions(+), 140 deletions(-) 3 files changed, 198 insertions(+), 140 deletions(-)
Updating 8180169..b39a2d9
Fast-forward
 code/static/css/cryptoio-woocommerce.css | 2 ++
 1 file changed, 2 insertions(+) 1 file changed, 2 insertions(+)
Updating b39a2d9..855190c
Fast-forward
 code/static/css/cryptoio-woocommerce.css | 10 +++++-----
 1 file changed, 5 insertions(+), 5 deletions(-) 1 file changed, 5 insertions(+), 5 deletions(-)
Updating 855190c..b5073aa
Fast-forward
 .../extensions/shortcodes/shortcodes/newsletter/config.php          | 2 +-
 .../extensions/shortcodes/shortcodes/newsletter/vc_options.php      | 2 +-
 .../extensions/shortcodes/shortcodes/newsletter/views/view.php      | 6 ++++++
 3 files changed, 8 insertions(+), 2 deletions(-) 3 files changed, 8 insertions(+), 2 deletions(-)
Updating b5073aa..8325bca
Fast-forward
 code/static/css/cryptoio-woocommerce.css | 4 ++++
 1 file changed, 4 insertions(+) 1 file changed, 4 insertions(+)
Updating 8325bca..3c1a5bb
Fast-forward
 code/static/css/cryptoio-woocommerce.css | 6 ++++++
 1 file changed, 6 insertions(+) 1 file changed, 6 insertions(+)
Updating 3c1a5bb..7b33b4a
Fast-forward
 code/static/css/cryptoio-woocommerce.css | 2 +-
 1 file changed, 1 insertion(+), 1 deletion(-) 1 file changed, 1 insertion(+), 1 deletion(-)
Updating 7b33b4a..660468f
Fast-forward
 code/static/css/cryptoio-woocommerce.css | 2 +-
 1 file changed, 1 insertion(+), 1 deletion(-) 1 file changed, 1 insertion(+), 1 deletion(-)
Updating 660468f..71a3652
Fast-forward
 code/static/css/cryptoio-woocommerce.css | 4 ++--
 1 file changed, 2 insertions(+), 2 deletions(-) 1 file changed, 2 insertions(+), 2 deletions(-)
Updating 71a3652..4f9ae2f
Fast-forward
 code/static/css/cryptoio-woocommerce.css | 1 +
 1 file changed, 1 insertion(+) 1 file changed, 1 insertion(+)
Updating 4f9ae2f..222ab15
Fast-forward
 .../cryptoio/shortcodes/cryptoio/static/css/cryptoio-chart.css         | 3 +--
 1 file changed, 1 insertion(+), 2 deletions(-) 1 file changed, 1 insertion(+), 2 deletions(-)
Updating 222ab15..a91ef3e
Fast-forward
 .../shortcodes/shortcodes/icons-block/static/css/_icon-block.scss     | 4 ++--
 code/static/css/cryptoio-components.css                               | 4 ++--
 2 files changed, 4 insertions(+), 4 deletions(-) 2 files changed, 4 insertions(+), 4 deletions(-)
Updating a91ef3e..48ce444
Fast-forward
 .../shortcodes/shortcodes/icons-block/static/css/_icon-block.scss       | 2 +-
 code/static/css/cryptoio-components.css                                 | 2 +-
 2 files changed, 2 insertions(+), 2 deletions(-) 2 files changed, 2 insertions(+), 2 deletions(-)
Updating 48ce444..d861aa4
Fast-forward
 .../shortcodes/shortcodes/icons-block/static/css/_icon-block.scss     | 4 ++--
 code/static/css/cryptoio-components.css                               | 4 ++--
 2 files changed, 4 insertions(+), 4 deletions(-) 2 files changed, 4 insertions(+), 4 deletions(-)
Updating d861aa4..dd1876e
Fast-forward
 .../shortcodes/icons-block/static/css/_icon-block.scss  | 17 +++++++++++++++++
 code/static/css/cryptoio-components.css                 | 13 +++++++++++++
 2 files changed, 30 insertions(+) 2 files changed, 30 insertions(+)
Updating dd1876e..d56fa6d
Fast-forward
 .../shortcodes/shortcodes/icons-block/static/css/_icon-block.scss | 1 -
 .../shortcodes/image-carousel/static/css/_image-carousel.scss     | 8 ++++++++
 2 files changed, 8 insertions(+), 1 deletion(-) 2 files changed, 8 insertions(+), 1 deletion(-)
Updating d56fa6d..bc59c4a
Fast-forward
 code/static/css/cryptoio-components.css | 4 ++++
 1 file changed, 4 insertions(+) 1 file changed, 4 insertions(+)
Not expected branch : refs/heads/sonpq
Not expected branch : 
Not expected branch : refs/heads/sonpq
Fail to update develop of cryptoio
Updating bc59c4a..659ac8d
Fast-forward
 .../shortcodes/shortcodes/accordion/static/css/accordion.css       | 7 ++++---
 .../shortcodes/shortcodes/accordion/static/css/accordion.scss      | 7 ++++---
 2 files changed, 8 insertions(+), 6 deletions(-) 2 files changed, 8 insertions(+), 6 deletions(-)
Not expected branch : refs/heads/sonpq
Not expected branch : 
Not expected branch : 
Updating 659ac8d..57405a7
Fast-forward
 .../shortcodes/shortcodes/accordion/static/css/accordion.css | 12 +++++++++++-
 .../shortcodes/accordion/static/css/accordion.scss           |  9 +++++++--
 2 files changed, 18 insertions(+), 3 deletions(-) 2 files changed, 18 insertions(+), 3 deletions(-)
Fail to update develop of cryptoio
Not expected branch : refs/heads/sonpq
Not expected branch : 
Not expected branch : refs/heads/sonpq
Not expected branch : 
Updating 57405a7..d67e002
Fast-forward
 .../shortcodes/shortcodes/accordion/static/css/accordion.css | 12 ++++++++++++
 .../shortcodes/accordion/static/css/accordion.scss           |  8 ++++++++
 2 files changed, 20 insertions(+) 2 files changed, 20 insertions(+)
Updating d67e002..76f2282
Fast-forward
 .../shortcodes/shortcodes/icons-block/config.php   |   2 +
 .../shortcodes/icons-block/views/layout-5.php      | 227 +++++++++++++++++++++
 2 files changed, 229 insertions(+)
 create mode 100644 code/framework-customizations/extensions/shortcodes/shortcodes/icons-block/views/layout-5.php create mode 100644 code/framework-customizations/extensions/shortcodes/shortcodes/icons-block/views/layout-5.php
Updating 76f2282..daef5d6
Fast-forward
 .../extensions/shortcodes/shortcodes/icons-block/views/layout-5.php    | 3 ++-
 1 file changed, 2 insertions(+), 1 deletion(-) 1 file changed, 2 insertions(+), 1 deletion(-)
Updating daef5d6..6da7a95
Fast-forward
 .../extensions/shortcodes/shortcodes/icons-block/views/view.php        | 3 +++
 1 file changed, 3 insertions(+) 1 file changed, 3 insertions(+)
Updating 6da7a95..22f75c5
Fast-forward
 .../shortcodes/icons-block/static/css/_icon-block.scss         | 10 ++++++++++
 code/static/css/cryptoio-components.css                        |  7 +++++++
 2 files changed, 17 insertions(+) 2 files changed, 17 insertions(+)
Updating 22f75c5..781fa3f
Fast-forward
 .../shortcodes/icons-block/static/css/_icon-block.scss   | 12 ++++++++++++
 code/static/css/cryptoio-components.css                  | 16 ++++++++++++++++
 2 files changed, 28 insertions(+) 2 files changed, 28 insertions(+)
Updating 781fa3f..33cfe52
Fast-forward
 .../shortcodes/icons-block/static/css/_icon-block.scss    | 15 +++++++++++++++
 code/static/css/cryptoio-components.css                   | 12 ++++++++++++
 2 files changed, 27 insertions(+) 2 files changed, 27 insertions(+)
Updating 33cfe52..2743e65
Fast-forward
 code/static/css/cryptoio-components.css | 6 ++++++
 1 file changed, 6 insertions(+) 1 file changed, 6 insertions(+)
Updating 2743e65..ac55c80
Fast-forward
 .../shortcodes/shortcodes/icons-block/static/css/_icon-block.scss       | 2 +-
 code/static/css/cryptoio-components.css                                 | 2 +-
 2 files changed, 2 insertions(+), 2 deletions(-) 2 files changed, 2 insertions(+), 2 deletions(-)
Updating ac55c80..2d8e87f
Fast-forward
 .../shortcodes/shortcodes/icons-block/static/css/_icon-block.scss | 4 +++-
 code/static/css/cryptoio-components.css                           | 8 +++++---
 2 files changed, 8 insertions(+), 4 deletions(-) 2 files changed, 8 insertions(+), 4 deletions(-)
Updating 2d8e87f..8be7c10
Fast-forward
 .../shortcodes/icons-block/static/css/_icon-block.scss       | 11 +++++++++++
 code/static/css/cryptoio-components.css                      | 12 ++++++++++++
 2 files changed, 23 insertions(+) 2 files changed, 23 insertions(+)
Updating 8be7c10..2e63c16
Fast-forward
 .../shortcodes/shortcodes/icons-block/static/css/_icon-block.scss       | 2 --
 code/static/css/cryptoio-components.css                                 | 2 --
 2 files changed, 4 deletions(-) 2 files changed, 4 deletions(-)
