Not expected branch : refs/heads/sonpq
Updating 3b17e8c..cf3ea7f
Fast-forward
 code/fonts/Dosis-Bold.ttf                          | Bin 0 -> 136412 bytes
 code/fonts/Dosis-ExtraBold.ttf                     | Bin 0 -> 137200 bytes
 code/fonts/Dosis-ExtraLight.ttf                    | Bin 0 -> 135140 bytes
 code/fonts/Dosis-Light.ttf                         | Bin 0 -> 136376 bytes
 code/fonts/Dosis-Medium.ttf                        | Bin 0 -> 136444 bytes
 code/fonts/Dosis-Regular.ttf                       | Bin 0 -> 136940 bytes
 code/fonts/Dosis-SemiBold.ttf                      | Bin 0 -> 135520 bytes
 code/fonts/OFL.txt                                 |  95 +++
 .../extensions/gallery/config.php                  | 181 ----
 .../gallery/shortcodes/gallery-carousel/config.php |  71 --
 .../gallery-carousel/options/layout-1.php          |  31 -
 .../gallery-carousel/options/layout-2.php          |  31 -
 .../gallery-carousel/options/layout-3.php          |   4 -
 .../gallery-carousel/options/layout-4.php          |   4 -
 .../gallery-carousel/options/layout-5.php          |   4 -
 .../gallery-carousel/options/layout-6.php          |  33 -
 .../gallery/shortcodes/gallery-carousel/static.php |  73 --
 .../static/css/gallery-carousel.css                | 751 -----------------
 .../static/css/gallery-carousel.scss               | 716 ----------------
 .../gallery-carousel/static/js/gallery-carousel.js | 928 ---------------------
 .../shortcodes/gallery-carousel/vc_options.php     | 250 ------
 .../shortcodes/gallery-carousel/views/layout-1.php | 101 ---
 .../shortcodes/gallery-carousel/views/layout-2.php | 102 ---
 .../shortcodes/gallery-carousel/views/layout-3.php | 111 ---
 .../shortcodes/gallery-carousel/views/layout-4.php | 113 ---
 .../shortcodes/gallery-carousel/views/layout-5.php |  82 --
 .../shortcodes/gallery-carousel/views/layout-6.php | 146 ----
 .../shortcodes/gallery-carousel/views/view.php     |  53 --
 .../gallery/shortcodes/gallery-grid/config.php     |  75 --
 .../gallery/shortcodes/gallery-grid/static.php     |   9 -
 .../gallery-grid/static/css/gallery-grid.css       | 184 ----
 .../gallery-grid/static/css/gallery-grid.scss      | 182 ----
 .../gallery/shortcodes/gallery-grid/vc_options.php | 465 -----------
 .../shortcodes/gallery-grid/views/ajax_view.php    |  34 -
 .../gallery-grid/views/block-gallery.php           |  30 -
 .../gallery-grid/views/block-portfolio.php         |  28 -
 .../shortcodes/gallery-grid/views/grid-view.php    | 111 ---
 .../shortcodes/gallery-grid/views/tab-view.php     |  52 --
 .../gallery/shortcodes/gallery-grid/views/view.php | 129 ---
 .../gallery/shortcodes/gallery-masonry/config.php  |  62 --
 .../gallery/shortcodes/gallery-masonry/static.php  |   9 -
 .../gallery-masonry/static/css/gallery-masonry.css |  82 --
 .../static/css/gallery-masonry.scss                |  94 ---
 .../shortcodes/gallery-masonry/vc_options.php      | 427 ----------
 .../shortcodes/gallery-masonry/views/ajax_view.php |  34 -
 .../gallery-masonry/views/block-gallery.php        |  34 -
 .../gallery-masonry/views/block-portfolio.php      |  31 -
 .../shortcodes/gallery-masonry/views/grid-view.php |  49 --
 .../shortcodes/gallery-masonry/views/view.php      | 120 ---
 .../gallery/shortcodes/isotope/config.php          |  82 --
 .../gallery/shortcodes/isotope/static.php          |  26 -
 .../shortcodes/isotope/static/css/isotope.css      | 246 ------
 .../shortcodes/isotope/static/css/isotope.scss     | 244 ------
 .../shortcodes/isotope/static/js/isotope.js        | 125 ---
 .../gallery/shortcodes/isotope/vc_options.php      | 525 ------------
 .../gallery/shortcodes/isotope/views/view.php      | 296 -------
 .../extensions/gallery/static.php                  |   3 -
 .../extensions/gallery/static/css/_gallery.scss    |   0
 .../extensions/gallery/views/content.php           |  47 --
 .../instagram/shortcodes/instagram/config.php      |  34 -
 .../instagram/shortcodes/instagram/static.php      |  17 -
 .../shortcodes/instagram/static/css/instagram.css  | 125 ---
 .../shortcodes/instagram/static/css/instagram.scss | 123 ---
 .../shortcodes/instagram/static/js/instagram.js    | 268 ------
 .../instagram/shortcodes/instagram/vc_options.php  | 146 ----
 .../shortcodes/instagram/views/view-grid.php       |  50 --
 .../shortcodes/instagram/views/view-slider.php     |  69 --
 .../service-block/static/css/service-block.css     |   6 +
 .../shortcodes/accordion/static/css/accordion.css  |   6 +
 .../shortcodes/contact/static/css/contact.css      |   6 +
 .../count-down/static/css/count-down.css           |   6 +
 .../shortcodes/counterv2/static/css/counterv2.css  |   6 +
 .../features-block/static/css/features-block.css   |   6 +
 .../shortcodes/item-list/static/css/item-list.css  |   6 +
 .../main-title/static/css/main-title.css           |   6 +
 .../newsletter/static/css/newsletter.css           |   6 +
 .../shortcodes/partner/static/css/partner.css      |   8 +-
 .../shortcodes/posts-block/views/block-item-1.php  |  44 -
 .../shortcodes/posts-block/views/block-item-2.php  |  44 -
 .../shortcodes/posts-block/views/block-item-3.php  |   5 -
 .../shortcodes/posts-block/views/layout-1.php      |  61 --
 .../shortcodes/posts-block/views/layout-2.php      |  51 --
 .../shortcodes/posts-block/views/layout-3.php      |  87 --
 .../shortcodes/posts-block/views/layout-4.php      |  41 -
 .../shortcodes/posts-block/views/list-layout-1.php |  82 --
 .../shortcodes/posts-block/views/list-layout-2.php |  77 --
 .../shortcodes/posts-block/views/list-layout-3.php |  64 --
 .../shortcodes/posts-block/views/list-layout-6.php |  60 --
 .../shortcodes/posts-block/views/list-layout-7.php |  76 --
 .../shortcodes/posts-block/views/list-layout-8.php |  57 --
 .../shortcodes/posts-block/views/list-layout-9.php |  57 --
 .../shortcodes/posts-block/views/main-layout-1.php |  47 --
 .../shortcodes/posts-block/views/main-layout-2.php |  39 -
 .../shortcodes/posts-block/views/main-layout-3.php |  54 --
 .../shortcodes/posts-block/views/view.php          |  45 -
 .../posts-carousel/static/css/posts-carousel.css   |  31 +-
 .../posts-carousel/static/css/posts-carousel.scss  |   1 -
 .../posts-grid/static/css/posts-grid.css           |   6 +
 .../posts-mansory/static/css/posts-masonry.css     |   6 +
 .../progress-bar/static/css/progress-bar.css       |   6 +
 .../shortcodes/social/static/css/social.css        |   6 +
 .../static/css/timeline_carousel.css               |   6 +
 .../video-carousel/static/css/video-carousel.css   |   6 +
 .../video-list/static/css/video-list.css           |   5 +
 .../team-block/static/css/team-block.css           |   6 +
 .../team-carousel/static/css/team-carousel.css     |   6 +
 .../testimonial/static/css/testimonial.css         |  18 +-
 .../extensions/widgets/static/css/widgets.css      |  12 +-
 code/library.scss                                  |   4 +
 code/static/css/cryptoio-components.css            |  32 +-
 110 files changed, 279 insertions(+), 9472 deletions(-)
 create mode 100644 code/fonts/Dosis-Bold.ttf
 create mode 100644 code/fonts/Dosis-ExtraBold.ttf
 create mode 100644 code/fonts/Dosis-ExtraLight.ttf
 create mode 100644 code/fonts/Dosis-Light.ttf
 create mode 100644 code/fonts/Dosis-Medium.ttf
 create mode 100644 code/fonts/Dosis-Regular.ttf
 create mode 100644 code/fonts/Dosis-SemiBold.ttf
 create mode 100644 code/fonts/OFL.txt
 delete mode 100644 code/framework-customizations/extensions/gallery/config.php
 delete mode 100755 code/framework-customizations/extensions/gallery/shortcodes/gallery-carousel/config.php
 delete mode 100755 code/framework-customizations/extensions/gallery/shortcodes/gallery-carousel/options/layout-1.php
 delete mode 100755 code/framework-customizations/extensions/gallery/shortcodes/gallery-carousel/options/layout-2.php
 delete mode 100755 code/framework-customizations/extensions/gallery/shortcodes/gallery-carousel/options/layout-3.php
 delete mode 100755 code/framework-customizations/extensions/gallery/shortcodes/gallery-carousel/options/layout-4.php
 delete mode 100755 code/framework-customizations/extensions/gallery/shortcodes/gallery-carousel/options/layout-5.php
 delete mode 100644 code/framework-customizations/extensions/gallery/shortcodes/gallery-carousel/options/layout-6.php
 delete mode 100644 code/framework-customizations/extensions/gallery/shortcodes/gallery-carousel/static.php
 delete mode 100644 code/framework-customizations/extensions/gallery/shortcodes/gallery-carousel/static/css/gallery-carousel.css
 delete mode 100644 code/framework-customizations/extensions/gallery/shortcodes/gallery-carousel/static/css/gallery-carousel.scss
 delete mode 100644 code/framework-customizations/extensions/gallery/shortcodes/gallery-carousel/static/js/gallery-carousel.js
 delete mode 100755 code/framework-customizations/extensions/gallery/shortcodes/gallery-carousel/vc_options.php
 delete mode 100755 code/framework-customizations/extensions/gallery/shortcodes/gallery-carousel/views/layout-1.php
 delete mode 100755 code/framework-customizations/extensions/gallery/shortcodes/gallery-carousel/views/layout-2.php
 delete mode 100755 code/framework-customizations/extensions/gallery/shortcodes/gallery-carousel/views/layout-3.php
 delete mode 100755 code/framework-customizations/extensions/gallery/shortcodes/gallery-carousel/views/layout-4.php
 delete mode 100755 code/framework-customizations/extensions/gallery/shortcodes/gallery-carousel/views/layout-5.php
 delete mode 100644 code/framework-customizations/extensions/gallery/shortcodes/gallery-carousel/views/layout-6.php
 delete mode 100755 code/framework-customizations/extensions/gallery/shortcodes/gallery-carousel/views/view.php
 delete mode 100644 code/framework-customizations/extensions/gallery/shortcodes/gallery-grid/config.php
 delete mode 100644 code/framework-customizations/extensions/gallery/shortcodes/gallery-grid/static.php
 delete mode 100644 code/framework-customizations/extensions/gallery/shortcodes/gallery-grid/static/css/gallery-grid.css
 delete mode 100644 code/framework-customizations/extensions/gallery/shortcodes/gallery-grid/static/css/gallery-grid.scss
 delete mode 100644 code/framework-customizations/extensions/gallery/shortcodes/gallery-grid/vc_options.php
 delete mode 100644 code/framework-customizations/extensions/gallery/shortcodes/gallery-grid/views/ajax_view.php
 delete mode 100644 code/framework-customizations/extensions/gallery/shortcodes/gallery-grid/views/block-gallery.php
 delete mode 100644 code/framework-customizations/extensions/gallery/shortcodes/gallery-grid/views/block-portfolio.php
 delete mode 100644 code/framework-customizations/extensions/gallery/shortcodes/gallery-grid/views/grid-view.php
 delete mode 100644 code/framework-customizations/extensions/gallery/shortcodes/gallery-grid/views/tab-view.php
 delete mode 100644 code/framework-customizations/extensions/gallery/shortcodes/gallery-grid/views/view.php
 delete mode 100644 code/framework-customizations/extensions/gallery/shortcodes/gallery-masonry/config.php
 delete mode 100644 code/framework-customizations/extensions/gallery/shortcodes/gallery-masonry/static.php
 delete mode 100644 code/framework-customizations/extensions/gallery/shortcodes/gallery-masonry/static/css/gallery-masonry.css
 delete mode 100644 code/framework-customizations/extensions/gallery/shortcodes/gallery-masonry/static/css/gallery-masonry.scss
 delete mode 100644 code/framework-customizations/extensions/gallery/shortcodes/gallery-masonry/vc_options.php
 delete mode 100644 code/framework-customizations/extensions/gallery/shortcodes/gallery-masonry/views/ajax_view.php
 delete mode 100644 code/framework-customizations/extensions/gallery/shortcodes/gallery-masonry/views/block-gallery.php
 delete mode 100644 code/framework-customizations/extensions/gallery/shortcodes/gallery-masonry/views/block-portfolio.php
 delete mode 100644 code/framework-customizations/extensions/gallery/shortcodes/gallery-masonry/views/grid-view.php
 delete mode 100644 code/framework-customizations/extensions/gallery/shortcodes/gallery-masonry/views/view.php
 delete mode 100755 code/framework-customizations/extensions/gallery/shortcodes/isotope/config.php
 delete mode 100644 code/framework-customizations/extensions/gallery/shortcodes/isotope/static.php
 delete mode 100644 code/framework-customizations/extensions/gallery/shortcodes/isotope/static/css/isotope.css
 delete mode 100644 code/framework-customizations/extensions/gallery/shortcodes/isotope/static/css/isotope.scss
 delete mode 100644 code/framework-customizations/extensions/gallery/shortcodes/isotope/static/js/isotope.js
 delete mode 100755 code/framework-customizations/extensions/gallery/shortcodes/isotope/vc_options.php
 delete mode 100755 code/framework-customizations/extensions/gallery/shortcodes/isotope/views/view.php
 delete mode 100755 code/framework-customizations/extensions/gallery/static.php
 delete mode 100644 code/framework-customizations/extensions/gallery/static/css/_gallery.scss
 delete mode 100755 code/framework-customizations/extensions/gallery/views/content.php
 delete mode 100644 code/framework-customizations/extensions/instagram/shortcodes/instagram/config.php
 delete mode 100644 code/framework-customizations/extensions/instagram/shortcodes/instagram/static.php
 delete mode 100644 code/framework-customizations/extensions/instagram/shortcodes/instagram/static/css/instagram.css
 delete mode 100644 code/framework-customizations/extensions/instagram/shortcodes/instagram/static/css/instagram.scss
 delete mode 100644 code/framework-customizations/extensions/instagram/shortcodes/instagram/static/js/instagram.js
 delete mode 100644 code/framework-customizations/extensions/instagram/shortcodes/instagram/vc_options.php
 delete mode 100644 code/framework-customizations/extensions/instagram/shortcodes/instagram/views/view-grid.php
 delete mode 100644 code/framework-customizations/extensions/instagram/shortcodes/instagram/views/view-slider.php
 delete mode 100755 code/framework-customizations/extensions/shortcodes/shortcodes/posts-block/views/block-item-1.php
 delete mode 100755 code/framework-customizations/extensions/shortcodes/shortcodes/posts-block/views/block-item-2.php
 delete mode 100755 code/framework-customizations/extensions/shortcodes/shortcodes/posts-block/views/block-item-3.php
 delete mode 100755 code/framework-customizations/extensions/shortcodes/shortcodes/posts-block/views/layout-1.php
 delete mode 100755 code/framework-customizations/extensions/shortcodes/shortcodes/posts-block/views/layout-2.php
 delete mode 100755 code/framework-customizations/extensions/shortcodes/shortcodes/posts-block/views/layout-3.php
 delete mode 100755 code/framework-customizations/extensions/shortcodes/shortcodes/posts-block/views/layout-4.php
 delete mode 100644 code/framework-customizations/extensions/shortcodes/shortcodes/posts-block/views/list-layout-1.php
 delete mode 100644 code/framework-customizations/extensions/shortcodes/shortcodes/posts-block/views/list-layout-2.php
 delete mode 100644 code/framework-customizations/extensions/shortcodes/shortcodes/posts-block/views/list-layout-3.php
 delete mode 100644 code/framework-customizations/extensions/shortcodes/shortcodes/posts-block/views/list-layout-6.php
 delete mode 100644 code/framework-customizations/extensions/shortcodes/shortcodes/posts-block/views/list-layout-7.php
 delete mode 100644 code/framework-customizations/extensions/shortcodes/shortcodes/posts-block/views/list-layout-8.php
 delete mode 100644 code/framework-customizations/extensions/shortcodes/shortcodes/posts-block/views/list-layout-9.php
 delete mode 100755 code/framework-customizations/extensions/shortcodes/shortcodes/posts-block/views/main-layout-1.php
 delete mode 100644 code/framework-customizations/extensions/shortcodes/shortcodes/posts-block/views/main-layout-2.php
 delete mode 100644 code/framework-customizations/extensions/shortcodes/shortcodes/posts-block/views/main-layout-3.php
 delete mode 100644 code/framework-customizations/extensions/shortcodes/shortcodes/posts-block/views/view.php delete mode 100644 code/framework-customizations/extensions/shortcodes/shortcodes/posts-block/views/view.php
Not expected branch : refs/heads/phatnm
Not expected branch : 
Updating cf3ea7f..5fb759b
Fast-forward
 .../shortcodes/shortcodes/partner/static/css/partner.css     |  2 +-
 .../shortcodes/posts-carousel/static/css/posts-carousel.css  |  6 +++---
 .../shortcodes/testimonial/static/css/testimonial.css        | 12 ++++++------
 .../extensions/widgets/static/css/widgets.css                |  6 +++---
 code/static/css/cryptoio-components.css                      |  6 +++---
 5 files changed, 16 insertions(+), 16 deletions(-) 5 files changed, 16 insertions(+), 16 deletions(-)
Not expected branch : refs/heads/phatnm
Not expected branch : 
Not expected branch : refs/heads/sonpq
Updating 5fb759b..fdda12c
Fast-forward
 .../shortcodes/shortcodes/partner/static/css/partner.css     |  2 +-
 .../shortcodes/posts-carousel/static/css/posts-carousel.css  |  6 +++---
 .../shortcodes/testimonial/static/css/testimonial.css        | 12 ++++++------
 .../extensions/widgets/static/css/widgets.css                |  6 +++---
 code/static/css/cryptoio-components.css                      |  6 +++---
 5 files changed, 16 insertions(+), 16 deletions(-) 5 files changed, 16 insertions(+), 16 deletions(-)
Not expected branch : refs/heads/sonpq
Updating fdda12c..d659a38
Fast-forward
 .../static/css/gallery-carousel.css                | 734 +++++++++++++++++++++
 .../static/css/gallery-carousel.scss               | 711 ++++++++++++++++++++
 .../gallery-grid/static/css/gallery-grid.css       | 184 ++++++
 .../gallery-masonry/static/css/gallery-masonry.css |  82 +++
 .../shortcodes/isotope/static/css/isotope.css      | 246 +++++++
 .../shortcodes/instagram/static/css/instagram.css  | 126 ++++
 .../shortcodes/instagram/static/css/instagram.scss | 122 ++++
 .../shortcodes/contact/static/css/contact.css      | 461 +------------
 .../shortcodes/contact/static/css/contact.scss     | 467 ++-----------
 9 files changed, 2276 insertions(+), 857 deletions(-)
 create mode 100644 code/framework-customizations/extensions/gallery/shortcodes/gallery-carousel/static/css/gallery-carousel.css
 create mode 100644 code/framework-customizations/extensions/gallery/shortcodes/gallery-carousel/static/css/gallery-carousel.scss
 create mode 100644 code/framework-customizations/extensions/gallery/shortcodes/gallery-grid/static/css/gallery-grid.css
 create mode 100644 code/framework-customizations/extensions/gallery/shortcodes/gallery-masonry/static/css/gallery-masonry.css
 create mode 100644 code/framework-customizations/extensions/gallery/shortcodes/isotope/static/css/isotope.css
 create mode 100644 code/framework-customizations/extensions/instagram/shortcodes/instagram/static/css/instagram.css
 create mode 100644 code/framework-customizations/extensions/instagram/shortcodes/instagram/static/css/instagram.scss create mode 100644 code/framework-customizations/extensions/instagram/shortcodes/instagram/static/css/instagram.scss
Fail to update develop of cryptoio
Not expected branch : refs/heads/sonpq
Not expected branch : 
Fail to update develop of cryptoio
Updating d659a38..b835529
Fast-forward
 .../shortcodes/item-list/static/css/item-list.css     | 15 +++++++++++++--
 .../shortcodes/item-list/static/css/item-list.scss    | 19 +++++++++++++------
 .../shortcodes/shortcodes/item-list/views/view.php    |  2 +-
 3 files changed, 27 insertions(+), 9 deletions(-) 3 files changed, 27 insertions(+), 9 deletions(-)
Updating b835529..1688ef7
Fast-forward
 .../service-block/static/css/service-block.css     |   4 +-
 .../shortcodes/accordion/static/css/accordion.css  |   4 +-
 .../shortcodes/contact/static/css/contact.css      |   4 +-
 .../count-down/static/css/count-down.css           |   4 +-
 .../shortcodes/counterv2/static/css/counterv2.css  |   4 +-
 .../features-block/static/css/features-block.css   |   4 +-
 .../shortcodes/image-carousel/static.php           |  72 ++
 .../image-carousel/static/css/_image-carousel.scss | 958 +++++++++++++++++++++
 .../image-carousel/static/js/image-carousel.js     | 323 +++++++
 .../shortcodes/item-list/static/css/item-list.css  |   4 +-
 .../main-title/static/css/main-title.css           |   4 +-
 .../newsletter/static/css/newsletter.css           |   4 +-
 .../shortcodes/partner/static/css/partner.css      |   4 +-
 .../posts-carousel/static/css/posts-carousel.css   |   4 +-
 .../posts-grid/static/css/posts-grid.css           |   4 +-
 .../posts-mansory/static/css/posts-masonry.css     |   4 +-
 .../progress-bar/static/css/progress-bar.css       |   4 +-
 .../shortcodes/social/static/css/social.css        |   4 +-
 .../static/css/timeline_carousel.css               |   4 +-
 .../video-carousel/static/css/video-carousel.css   |   4 +-
 .../video-list/static/css/video-list.css           |   4 +-
 .../team-block/static/css/team-block.css           |   4 +-
 .../team-carousel/static/css/team-carousel.css     |   4 +-
 .../testimonial/static/css/testimonial.css         |   4 +-
 .../extensions/widgets/static/css/widgets.css      |   4 +-
 code/library.scss                                  |   6 +-
 code/static/css/cryptoio-components.css            |  20 +-
 code/static/css/layout.css                         |   2 +-
 28 files changed, 1439 insertions(+), 30 deletions(-)
 create mode 100644 code/framework-customizations/extensions/shortcodes/shortcodes/image-carousel/static.php
 create mode 100644 code/framework-customizations/extensions/shortcodes/shortcodes/image-carousel/static/css/_image-carousel.scss
 create mode 100644 code/framework-customizations/extensions/shortcodes/shortcodes/image-carousel/static/js/image-carousel.js create mode 100644 code/framework-customizations/extensions/shortcodes/shortcodes/image-carousel/static/js/image-carousel.js
Updating 1688ef7..614a2b2
Fast-forward
 .../gallery-carousel/static/css/gallery-carousel.css         |  4 +++-
 .../instagram/shortcodes/instagram/static/css/instagram.css  |  4 +++-
 .../shortcodes/shortcodes/partner/static/css/partner.css     |  2 +-
 .../shortcodes/posts-carousel/static/css/posts-carousel.css  |  6 +++---
 .../shortcodes/testimonial/static/css/testimonial.css        | 12 ++++++------
 .../extensions/widgets/static/css/widgets.css                |  6 +++---
 code/static/css/cryptoio-components.css                      |  6 +++---
 7 files changed, 22 insertions(+), 18 deletions(-) 7 files changed, 22 insertions(+), 18 deletions(-)
Not expected branch : refs/heads/phatnm
Updating 614a2b2..0b8ddd1
Fast-forward
 .../extensions/faq/config.php                      |   3 +
 .../extensions/faq/shortcodes/faq-block/config.php |  45 ++
 .../extensions/faq/shortcodes/faq-block/static.php |   8 +
 .../shortcodes/faq-block/static/css/faq-block.css  |  83 +++
 .../shortcodes/faq-block/static/css/faq-block.scss |  74 ++
 .../faq/shortcodes/faq-block/vc_options.php        | 138 ++++
 .../faq/shortcodes/faq-block/views/view.php        |  82 +++
 .../extensions/faq/static.php                      |  14 +
 .../extensions/faq/static/css/_faq.scss            | 253 +++++++
 .../extensions/faq/static/js/faq.js                |  32 +
 .../extensions/faq/views/archive.php               |  69 ++
 .../extensions/faq/views/single.php                |  83 +++
 .../extensions/faq/widgets/faq-category/config.php |  17 +
 .../extensions/faq/widgets/faq-category/static.php |   3 +
 .../faq/widgets/faq-category/views/admin.php       |  50 ++
 .../faq/widgets/faq-category/views/front.php       |  57 ++
 .../static/css/gallery-carousel.css                | 736 -------------------
 .../static/css/gallery-carousel.scss               | 711 ------------------
 .../gallery-grid/static/css/gallery-grid.css       | 184 -----
 .../gallery-masonry/static/css/gallery-masonry.css |  82 ---
 .../shortcodes/isotope/static/css/isotope.css      | 246 -------
 .../shortcodes/instagram/static/css/instagram.css  | 128 ----
 .../shortcodes/instagram/static/css/instagram.scss | 122 ----
 .../shortcodes/posts-carousel/config.php           |  74 --
 .../shortcodes/posts-carousel/static.php           |  18 -
 .../posts-carousel/static/css/posts-carousel.css   | 801 ---------------------
 .../posts-carousel/static/css/posts-carousel.scss  | 750 -------------------
 .../posts-carousel/static/img/iphone-mockup.png    | Bin 22244 -> 0 bytes
 .../posts-carousel/static/js/posts-carousel.js     | 799 --------------------
 .../shortcodes/posts-carousel/vc_options.php       | 241 -------
 .../posts-carousel/views/large_module.php          |  81 ---
 .../posts-carousel/views/medium_module.php         |  51 --
 .../posts-carousel/views/small_module.php          |  41 --
 .../shortcodes/posts-carousel/views/template_1.php |  25 -
 .../shortcodes/posts-carousel/views/template_5.php |  63 --
 .../shortcodes/posts-carousel/views/template_6.php |  64 --
 .../shortcodes/posts-carousel/views/view.php       |  69 --
 code/static/css/cryptoio-components.css            | 240 ++++++
 code/static/css/cryptoio-components.scss           |   7 +
 39 files changed, 1258 insertions(+), 5286 deletions(-)
 create mode 100644 code/framework-customizations/extensions/faq/config.php
 create mode 100644 code/framework-customizations/extensions/faq/shortcodes/faq-block/config.php
 create mode 100644 code/framework-customizations/extensions/faq/shortcodes/faq-block/static.php
 create mode 100644 code/framework-customizations/extensions/faq/shortcodes/faq-block/static/css/faq-block.css
 create mode 100644 code/framework-customizations/extensions/faq/shortcodes/faq-block/static/css/faq-block.scss
 create mode 100644 code/framework-customizations/extensions/faq/shortcodes/faq-block/vc_options.php
 create mode 100644 code/framework-customizations/extensions/faq/shortcodes/faq-block/views/view.php
 create mode 100644 code/framework-customizations/extensions/faq/static.php
 create mode 100644 code/framework-customizations/extensions/faq/static/css/_faq.scss
 create mode 100644 code/framework-customizations/extensions/faq/static/js/faq.js
 create mode 100644 code/framework-customizations/extensions/faq/views/archive.php
 create mode 100644 code/framework-customizations/extensions/faq/views/single.php
 create mode 100644 code/framework-customizations/extensions/faq/widgets/faq-category/config.php
 create mode 100644 code/framework-customizations/extensions/faq/widgets/faq-category/static.php
 create mode 100644 code/framework-customizations/extensions/faq/widgets/faq-category/views/admin.php
 create mode 100644 code/framework-customizations/extensions/faq/widgets/faq-category/views/front.php
 delete mode 100644 code/framework-customizations/extensions/gallery/shortcodes/gallery-carousel/static/css/gallery-carousel.css
 delete mode 100644 code/framework-customizations/extensions/gallery/shortcodes/gallery-carousel/static/css/gallery-carousel.scss
 delete mode 100644 code/framework-customizations/extensions/gallery/shortcodes/gallery-grid/static/css/gallery-grid.css
 delete mode 100644 code/framework-customizations/extensions/gallery/shortcodes/gallery-masonry/static/css/gallery-masonry.css
 delete mode 100644 code/framework-customizations/extensions/gallery/shortcodes/isotope/static/css/isotope.css
 delete mode 100644 code/framework-customizations/extensions/instagram/shortcodes/instagram/static/css/instagram.css
 delete mode 100644 code/framework-customizations/extensions/instagram/shortcodes/instagram/static/css/instagram.scss
 delete mode 100755 code/framework-customizations/extensions/shortcodes/shortcodes/posts-carousel/config.php
 delete mode 100644 code/framework-customizations/extensions/shortcodes/shortcodes/posts-carousel/static.php
 delete mode 100644 code/framework-customizations/extensions/shortcodes/shortcodes/posts-carousel/static/css/posts-carousel.css
 delete mode 100644 code/framework-customizations/extensions/shortcodes/shortcodes/posts-carousel/static/css/posts-carousel.scss
 delete mode 100755 code/framework-customizations/extensions/shortcodes/shortcodes/posts-carousel/static/img/iphone-mockup.png
 delete mode 100644 code/framework-customizations/extensions/shortcodes/shortcodes/posts-carousel/static/js/posts-carousel.js
 delete mode 100755 code/framework-customizations/extensions/shortcodes/shortcodes/posts-carousel/vc_options.php
 delete mode 100755 code/framework-customizations/extensions/shortcodes/shortcodes/posts-carousel/views/large_module.php
 delete mode 100755 code/framework-customizations/extensions/shortcodes/shortcodes/posts-carousel/views/medium_module.php
 delete mode 100755 code/framework-customizations/extensions/shortcodes/shortcodes/posts-carousel/views/small_module.php
 delete mode 100755 code/framework-customizations/extensions/shortcodes/shortcodes/posts-carousel/views/template_1.php
 delete mode 100755 code/framework-customizations/extensions/shortcodes/shortcodes/posts-carousel/views/template_5.php
 delete mode 100755 code/framework-customizations/extensions/shortcodes/shortcodes/posts-carousel/views/template_6.php
 delete mode 100755 code/framework-customizations/extensions/shortcodes/shortcodes/posts-carousel/views/view.php delete mode 100755 code/framework-customizations/extensions/shortcodes/shortcodes/posts-carousel/views/view.php
Updating 0b8ddd1..2320a32
Fast-forward
 .../extensions/faq/shortcodes/faq-block/config.php |   4 +-
 .../faq/shortcodes/faq-block/vc_options.php        |  80 +++++------
 .../faq/shortcodes/faq-block/views/view.php        |   4 +-
 .../extensions/faq/views/single.php                |   8 +-
 .../extensions/faq/widgets/faq-category/config.php |   8 +-
 .../faq/widgets/faq-category/views/admin.php       |  10 +-
 .../extensions/services/views/gallery-item.php     |   2 +-
 .../extensions/services/views/single.php           |   4 +-
 .../shortcodes/shortcodes/accordion/config.php     |   8 +-
 .../shortcodes/accordion/options/layout-1.php      |  16 +--
 .../shortcodes/shortcodes/accordion/vc_options.php | 108 +++++++--------
 .../shortcodes/shortcodes/accordion/views/view.php |   2 +-
 .../shortcodes/shortcodes/counterv2/config.php     |   8 +-
 .../shortcodes/shortcodes/counterv2/vc_options.php | 152 ++++++++++-----------
 .../shortcodes/counterv2/views/layout-1.php        |   2 +-
 .../shortcodes/counterv2/views/layout-2.php        |   2 +-
 .../shortcodes/shortcodes/counterv2/views/view.php |   2 +-
 .../shortcodes/shortcodes/item-list/config.php     |   4 +-
 .../shortcodes/shortcodes/item-list/vc_options.php |  86 ++++++------
 .../shortcodes/shortcodes/item-list/views/view.php |   2 +-
 .../shortcodes/shortcodes/newsletter/config.php    |  14 +-
 .../shortcodes/newsletter/vc_options.php           |  92 ++++++-------
 .../shortcodes/shortcodes/posts-block/config.php   |  66 ++++-----
 .../shortcodes/posts-block/options/layout-1.php    |  78 +++++------
 .../shortcodes/posts-block/options/layout-2.php    |  30 ++--
 .../shortcodes/posts-block/options/layout-3.php    |  42 +++---
 .../shortcodes/posts-block/options/layout-4.php    |  12 +-
 .../shortcodes/posts-block/vc_options.php          |  46 +++----
 .../shortcodes/posts-block/views/block-item-1.php  |  39 ++++++
 .../shortcodes/posts-block/views/block-item-2.php  |  44 ++++++
 .../shortcodes/posts-block/views/block-item-3.php  |  10 ++
 .../shortcodes/posts-block/views/layout-1.php      |  61 +++++++++
 .../shortcodes/posts-block/views/layout-2.php      |  51 +++++++
 .../shortcodes/posts-block/views/layout-3.php      |  52 +++++++
 .../shortcodes/posts-block/views/layout-4.php      |  42 ++++++
 .../shortcodes/posts-block/views/list-layout-1.php |  69 ++++++++++
 .../shortcodes/posts-block/views/list-layout-2.php |  60 ++++++++
 .../shortcodes/posts-block/views/list-layout-3.php |  30 ++++
 .../shortcodes/posts-block/views/main-layout-1.php |  29 ++++
 .../shortcodes/posts-block/views/main-layout-2.php |  29 ++++
 .../shortcodes/posts-block/views/main-layout-3.php |  44 ++++++
 .../shortcodes/posts-block/views/view.php          |  32 +++++
 .../shortcodes/posts-mansory/views/layout-1.php    |   2 +-
 .../shortcodes/video-carousel/config.php           |  14 +-
 .../shortcodes/video-carousel/vc_options.php       |  50 +++----
 .../shortcodes/video-carousel/views/view.php       |   6 +-
 .../shortcodes/video-list/views/block-item.php     |   2 +-
 .../shortcodes/video-list/views/view.php           |   2 +-
 .../shortcodes/shortcodes/video/config.php         |   8 +-
 .../shortcodes/video/options/layout-2.php          |  12 +-
 .../shortcodes/shortcodes/video/vc_options.php     |  64 ++++-----
 .../shortcodes/shortcodes/video/views/layout-1.php |   2 +-
 .../shortcodes/shortcodes/video/views/layout-2.php |   2 +-
 .../shortcodes/shortcodes/video/views/layout-3.php |   2 +-
 54 files changed, 1121 insertions(+), 529 deletions(-)
 create mode 100755 code/framework-customizations/extensions/shortcodes/shortcodes/posts-block/views/block-item-1.php
 create mode 100755 code/framework-customizations/extensions/shortcodes/shortcodes/posts-block/views/block-item-2.php
 create mode 100755 code/framework-customizations/extensions/shortcodes/shortcodes/posts-block/views/block-item-3.php
 create mode 100755 code/framework-customizations/extensions/shortcodes/shortcodes/posts-block/views/layout-1.php
 create mode 100755 code/framework-customizations/extensions/shortcodes/shortcodes/posts-block/views/layout-2.php
 create mode 100755 code/framework-customizations/extensions/shortcodes/shortcodes/posts-block/views/layout-3.php
 create mode 100755 code/framework-customizations/extensions/shortcodes/shortcodes/posts-block/views/layout-4.php
 create mode 100644 code/framework-customizations/extensions/shortcodes/shortcodes/posts-block/views/list-layout-1.php
 create mode 100755 code/framework-customizations/extensions/shortcodes/shortcodes/posts-block/views/list-layout-2.php
 create mode 100755 code/framework-customizations/extensions/shortcodes/shortcodes/posts-block/views/list-layout-3.php
 create mode 100755 code/framework-customizations/extensions/shortcodes/shortcodes/posts-block/views/main-layout-1.php
 create mode 100755 code/framework-customizations/extensions/shortcodes/shortcodes/posts-block/views/main-layout-2.php
 create mode 100755 code/framework-customizations/extensions/shortcodes/shortcodes/posts-block/views/main-layout-3.php
 create mode 100755 code/framework-customizations/extensions/shortcodes/shortcodes/posts-block/views/view.php create mode 100755 code/framework-customizations/extensions/shortcodes/shortcodes/posts-block/views/view.php
Already up-to-date.Already up-to-date.
Not expected branch : refs/heads/sonpq
Not expected branch : refs/heads/sonpq
Not expected branch : 
Not expected branch : refs/heads/sonpq
Not expected branch : 
Not expected branch : refs/heads/phatnm
Updating 2320a32..99c287a
Fast-forward
 .../extensions/faq/shortcodes/faq-block/static/css/faq-block.css  | 8 ++++++++
 code/static/css/cryptoio-components.css                           | 7 +++++++
 2 files changed, 15 insertions(+) 2 files changed, 15 insertions(+)
Not expected branch : refs/heads/phatnm
Not expected branch : refs/heads/sonpq
Not expected branch : 
Not expected branch : refs/heads/sonpq
Not expected branch : 
Not expected branch : refs/heads/sonpq
Not expected branch : 
Not expected branch : refs/heads/sonpq
Not expected branch : 
Not expected branch : refs/heads/sonpq
Not expected branch : 
Not expected branch : refs/heads/sonpq
Not expected branch : refs/heads/sonpq
Not expected branch : 
Updating 99c287a..cb67d99
Fast-forward
 .../extensions/shortcodes/shortcodes/counterv2/config.php     |  4 +++-
 .../extensions/shortcodes/shortcodes/counterv2/vc_options.php |  9 +++++++++
 .../shortcodes/shortcodes/counterv2/views/layout-1.php        | 11 +++++++++--
 3 files changed, 21 insertions(+), 3 deletions(-) 3 files changed, 21 insertions(+), 3 deletions(-)
Fail to update develop of cryptoio
Not expected branch : refs/heads/sonpq
Updating cb67d99..f3b1230
Fast-forward
 .../shortcodes/shortcodes/posts-block/config.php   | 102 +++++++++++----------
 .../shortcodes/posts-block/options/layout-3.php    |  94 ++++++++++++++-----
 .../shortcodes/posts-block/views/layout-3.php      |  43 +++++----
 .../shortcodes/posts-block/views/list-layout-1.php |   6 +-
 .../shortcodes/posts-block/views/list-layout-2.php |   1 +
 .../shortcodes/posts-block/views/list-layout-5.php |  76 +++++++++++++++
 .../shortcodes/posts-block/views/view.php          |   1 -
 7 files changed, 227 insertions(+), 96 deletions(-)
 create mode 100644 code/framework-customizations/extensions/shortcodes/shortcodes/posts-block/views/list-layout-5.php create mode 100644 code/framework-customizations/extensions/shortcodes/shortcodes/posts-block/views/list-layout-5.php
Not expected branch : refs/heads/sonpq
Updating f3b1230..2437bb0
Fast-forward
 .../shortcodes/faq-block/static/css/faq-block.css  |  8 ----
 .../service-block/static/css/service-block.css     |  8 ----
 .../shortcodes/accordion/static/css/accordion.css  |  8 ----
 .../shortcodes/contact/static/css/contact.css      |  8 ----
 .../count-down/static/css/count-down.css           |  8 ----
 .../shortcodes/counterv2/static/css/counterv2.css  |  8 ----
 .../features-block/static/css/features-block.css   |  8 ----
 .../shortcodes/item-list/static/css/item-list.css  |  8 ----
 .../main-title/static/css/main-title.css           |  8 ----
 .../newsletter/static/css/newsletter.css           |  8 ----
 .../shortcodes/partner/static/css/partner.css      | 10 +----
 .../posts-grid/static/css/posts-grid.css           |  8 ----
 .../posts-mansory/static/css/posts-masonry.css     |  8 ----
 .../progress-bar/static/css/progress-bar.css       |  8 ----
 .../shortcodes/social/static/css/social.css        |  8 ----
 .../static/css/timeline_carousel.css               |  8 ----
 .../video-carousel/static/css/video-carousel.css   |  8 ----
 .../video-list/static/css/video-list.css           |  7 ---
 .../team-block/static/css/team-block.css           |  8 ----
 .../team-carousel/static/css/team-carousel.css     |  8 ----
 .../testimonial/static/css/testimonial.css         | 20 +++------
 .../extensions/widgets/static/css/widgets.css      | 14 ++----
 code/library.scss                                  | 11 ++---
 code/static/css/cryptoio-components.css            | 49 ++------------------
 code/static/css/layout.css                         | 52 ++++++++++++++++++++--
 25 files changed, 64 insertions(+), 243 deletions(-) 25 files changed, 64 insertions(+), 243 deletions(-)
Updating 2437bb0..a5fd599
Fast-forward
 code/static/css/layout.css | 11 +++++++++++
 1 file changed, 11 insertions(+) 1 file changed, 11 insertions(+)
Updating a5fd599..b65ede7
Fast-forward
 code/static/css/layout.css | 6 ++++++
 1 file changed, 6 insertions(+) 1 file changed, 6 insertions(+)
Not expected branch : refs/heads/sonpq
Not expected branch : refs/heads/sonpq
Not expected branch : 
Fail to update develop of cryptoio
Updating b65ede7..7d57b94
Fast-forward
 .../posts-block/static/css/_posts-block.scss       |   45 +-
 code/static/css/cryptoio-components.css            | 2326 ++++++++++++++++++++
 code/static/css/cryptoio-components.scss           |    8 +
 3 files changed, 2368 insertions(+), 11 deletions(-) 3 files changed, 2368 insertions(+), 11 deletions(-)
Updating 7d57b94..e132120
Fast-forward
 code/static/css/layout.css | 1 -
 1 file changed, 1 deletion(-) 1 file changed, 1 deletion(-)
Not expected branch : refs/heads/sonpq
Not expected branch : refs/heads/sonpq
Not expected branch : 
Fail to update develop of cryptoio
Updating e132120..8c7e195
Fast-forward
 .../posts-block/static/css/_posts-block.scss          | 12 +++++++++---
 code/static/css/cryptoio-components.css               | 19 +++++++++----------
 2 files changed, 18 insertions(+), 13 deletions(-) 2 files changed, 18 insertions(+), 13 deletions(-)
Updating 8c7e195..1626f07
Fast-forward
 code/static/css/layout.css | 24 ++++++++++++++++++++++++
 1 file changed, 24 insertions(+) 1 file changed, 24 insertions(+)
Updating 1626f07..387e1b5
Fast-forward
 code/static/css/layout.css | 4 ++--
 1 file changed, 2 insertions(+), 2 deletions(-) 1 file changed, 2 insertions(+), 2 deletions(-)
Updating 387e1b5..d941642
Fast-forward
 code/static/css/layout.css | 2 +-
 1 file changed, 1 insertion(+), 1 deletion(-) 1 file changed, 1 insertion(+), 1 deletion(-)
Not expected branch : refs/heads/phatnm
Updating d941642..d73a7a3
Fast-forward
 .../shortcodes/partner/static/css/partner.css      |  2 +-
 .../testimonial/static/css/testimonial.css         | 12 ++++-----
 .../extensions/widgets/static/css/widgets.css      |  6 ++---
 code/static/css/cryptoio-components.css            | 30 +++++++++++-----------
 4 files changed, 25 insertions(+), 25 deletions(-) 4 files changed, 25 insertions(+), 25 deletions(-)
Not expected branch : 
Fail to update develop of cryptoio
Updating d73a7a3..9d0a419
Fast-forward
 .../shortcodes/image-carousel/static.php           |   16 +-
 .../image-carousel/static/css/_image-carousel.scss | 1157 +++++++++-----------
 .../image-carousel/static/js/image-carousel.js     |    6 +-
 code/static/css/cryptoio-components.css            |  828 +++++++++++++-
 code/static/css/cryptoio-components.scss           |   11 +-
 5 files changed, 1373 insertions(+), 645 deletions(-) 5 files changed, 1373 insertions(+), 645 deletions(-)
Not expected branch : refs/heads/thuong/sc-teams-block
Not expected branch : refs/heads/thuong/sc-teams-block
Not expected branch : 
