Not expected branch : refs/heads/style_tailm
Not expected branch : 
Not expected branch : refs/heads/style_tailm
Fail to update develop of education
Updating b42b407..d52c086
Fast-forward
 code/theme/style.css | 35 +++++++++++++++++++++++++++++++++++
 1 file changed, 35 insertions(+) 1 file changed, 35 insertions(+)
Not expected branch : refs/heads/style_tailm
Not expected branch : 
Fail to update develop of education
Not expected branch : refs/heads/style_tailm
Updating d52c086..80470fe
Fast-forward
 code/theme/style.css | 3 +--
 1 file changed, 1 insertion(+), 2 deletions(-) 1 file changed, 1 insertion(+), 2 deletions(-)
Not expected branch : refs/heads/style_tailm
Updating 80470fe..7dab3c0
Fast-forward
 code/theme/includes/helpers.php | 5 +++--
 1 file changed, 3 insertions(+), 2 deletions(-) 1 file changed, 3 insertions(+), 2 deletions(-)
Updating 7dab3c0..c6ce950
Fast-forward
 code/theme/style.css | 10 +++++++++-
 1 file changed, 9 insertions(+), 1 deletion(-) 1 file changed, 9 insertions(+), 1 deletion(-)
Updating c6ce950..d329b36
Fast-forward
 code/theme/style.css | 2 +-
 1 file changed, 1 insertion(+), 1 deletion(-) 1 file changed, 1 insertion(+), 1 deletion(-)
Updating d329b36..6ddac38
Fast-forward
 code/theme/style.css | 1 +
 1 file changed, 1 insertion(+) 1 file changed, 1 insertion(+)
Updating 6ddac38..6c82876
Fast-forward
 code/theme/style.css | 4 ++++
 1 file changed, 4 insertions(+) 1 file changed, 4 insertions(+)
Updating 6c82876..040c3d3
Fast-forward
 code/theme/style.css | 2 +-
 1 file changed, 1 insertion(+), 1 deletion(-) 1 file changed, 1 insertion(+), 1 deletion(-)
Updating 040c3d3..aee4e20
Fast-forward
 code/theme/style.css | 13 +++++++++++++
 1 file changed, 13 insertions(+) 1 file changed, 13 insertions(+)
Updating aee4e20..9a7ee78
Fast-forward
 code/theme/style.css | 18 ++++++++++++++++--
 1 file changed, 16 insertions(+), 2 deletions(-) 1 file changed, 16 insertions(+), 2 deletions(-)
Updating 9a7ee78..24eb4c4
Fast-forward
 code/theme/style.css | 6 +++++-
 1 file changed, 5 insertions(+), 1 deletion(-) 1 file changed, 5 insertions(+), 1 deletion(-)
Updating 24eb4c4..0f580a9
Fast-forward
 code/theme/includes/helpers.php | 74 +++++++++++++++++++++++++----------------
 1 file changed, 46 insertions(+), 28 deletions(-) 1 file changed, 46 insertions(+), 28 deletions(-)
Updating 0f580a9..41ff8c1
Fast-forward
 code/theme/static/css/layout.css  | 32 ++++++++++++++++++++++++++++++++
 code/theme/static/css/layout.scss | 36 ++++++++++++++++++++++++++++++++++++
 2 files changed, 68 insertions(+) 2 files changed, 68 insertions(+)
Updating 41ff8c1..e3c98eb
Fast-forward
 code/theme/framework-customizations/theme/custom-color.php |  3 ++-
 code/theme/static/css/layout.css                           | 10 +++++++---
 code/theme/static/css/layout.scss                          |  9 ++++++---
 3 files changed, 15 insertions(+), 7 deletions(-) 3 files changed, 15 insertions(+), 7 deletions(-)
Updating e3c98eb..2308f48
Fast-forward
 code/theme/static/css/layout.css  |  9 +++++++++
 code/theme/static/css/layout.scss | 11 ++++++++++-
 2 files changed, 19 insertions(+), 1 deletion(-) 2 files changed, 19 insertions(+), 1 deletion(-)
Updating 03fd7e2..ebe539b
Fast-forward
 front/controllers/SearchController.php | 3 ++-
 1 file changed, 2 insertions(+), 1 deletion(-) 1 file changed, 2 insertions(+), 1 deletion(-)
