Fail to update develop of learn-master
Not expected branch : refs/heads/thangpd/addCartSC
Updating 873c6c3..fb4cfad
Fast-forward
 shortcodes/cart/AddCartShortcode.php |  3 ++-
 shortcodes/cart/views/add-cart.php   | 19 ++++++++++++++++---
 2 files changed, 18 insertions(+), 4 deletions(-) 2 files changed, 18 insertions(+), 4 deletions(-)
Not expected branch : refs/heads/style_tailm
Not expected branch : 
Fail to update develop of education
Not expected branch : refs/heads/style_tailm
Updating a394db7..25d0190
Fast-forward
 .../shortcodes/shortcodes/main-title/static/css/main-title.css        | 4 +++-
 .../shortcodes/shortcodes/main-title/static/css/main-title.scss       | 4 +++-
 2 files changed, 6 insertions(+), 2 deletions(-) 2 files changed, 6 insertions(+), 2 deletions(-)
Not expected branch : refs/heads/duytn/header-search-illinois
Not expected branch : refs/heads/style_tailm
Not expected branch : 
Not expected branch : 
Not expected branch : refs/heads/style_tailm
Updating 25d0190..2cf2d91
Fast-forward
 .../shortcodes/testimonial/static/css/testimonial.css   | 12 ++++++++++++
 .../shortcodes/testimonial/static/css/testimonial.scss  | 17 +++++++++++++++++
 2 files changed, 29 insertions(+) 2 files changed, 29 insertions(+)
Fail to update develop of education
Not expected branch : refs/heads/duytn/header-search-illinois
Updating 2cf2d91..57b11c7
Fast-forward
 .../headers/headers/header-09/views/search_box.php       | 16 ++++++++++++++++
 1 file changed, 16 insertions(+) 1 file changed, 16 insertions(+)
Already up-to-date.Already up-to-date.
Not expected branch : refs/heads/style_tailm
Updating 3be468a..174c3d4
Fast-forward
 static/scripts/lema-subcription.js  | 6 +++---
 static/styles/lema-subscription.css | 5 ++++-
 2 files changed, 7 insertions(+), 4 deletions(-) 2 files changed, 7 insertions(+), 4 deletions(-)
Updating 174c3d4..fce720b
Fast-forward
 includes/classes/Hooks.php | 2 +-
 1 file changed, 1 insertion(+), 1 deletion(-) 1 file changed, 1 insertion(+), 1 deletion(-)
Not expected branch : refs/heads/thangpd/coursefix
Not expected branch : 
Not expected branch : refs/heads/style_tailm
Not expected branch : 
Fail to update develop of education
Updating 57b11c7..d8eea2b
Fast-forward
 .../headers/headers/header-09/views/search_box.php |  15 ++-
 code/theme/static/css/lema-custom.css              | 110 +++++++++++++++++++++
 code/theme/static/css/lema-custom.scss             | 102 ++++++++++++++++++-
 code/theme/static/js/main.js                       |  33 ++-----
 4 files changed, 229 insertions(+), 31 deletions(-) 4 files changed, 229 insertions(+), 31 deletions(-)
Not expected branch : refs/heads/style_tailm
Not expected branch : refs/heads/style_tailm
Not expected branch : 
Fail to update develop of education
Updating d8eea2b..ebf4445
Fast-forward
 code/theme/static/js/main.js | 11 ++++++++---
 1 file changed, 8 insertions(+), 3 deletions(-) 1 file changed, 8 insertions(+), 3 deletions(-)
Not expected branch : refs/heads/style_tailm
Not expected branch : refs/heads/style_tailm
Not expected branch : 
Updating ebf4445..b15ffef
Fast-forward
 code/theme/static/css/lema-custom.css  | 11 +----------
 code/theme/static/css/lema-custom.scss | 10 +---------
 2 files changed, 2 insertions(+), 19 deletions(-) 2 files changed, 2 insertions(+), 19 deletions(-)
Not expected branch : refs/heads/style_tailm
Fail to update develop of education
Not expected branch : refs/heads/style_tailm
Not expected branch : 
Not expected branch : refs/heads/style_tailm
Fail to update develop of education
Updating b15ffef..1fcca56
Fast-forward
 code/theme/static/css/lema-custom.css  | 2 +-
 code/theme/static/css/lema-custom.scss | 2 +-
 2 files changed, 2 insertions(+), 2 deletions(-) 2 files changed, 2 insertions(+), 2 deletions(-)
Not expected branch : refs/heads/style_tailm
Not expected branch : 
Not expected branch : refs/heads/style_tailm
Updating 1fcca56..89fc044
Fast-forward
 code/theme/framework-customizations/theme/custom-color.php | 4 +++-
 code/theme/static/css/lema-custom.css                      | 4 ++++
 code/theme/static/css/lema-custom.scss                     | 3 +++
 3 files changed, 10 insertions(+), 1 deletion(-) 3 files changed, 10 insertions(+), 1 deletion(-)
Fail to update develop of education
Not expected branch : refs/heads/style_tailm
Not expected branch : 
Not expected branch : refs/heads/style_tailm
Not expected branch : 
Not expected branch : refs/heads/style_tailm
Not expected branch : 
Not expected branch : refs/heads/style_tailm
Not expected branch : 
Not expected branch : refs/heads/style_tailm
Updating 89fc044..c076e16
Fast-forward
 code/theme/static/css/layout.css       | 3 ++-
 code/theme/static/css/layout.scss      | 3 ++-
 code/theme/static/css/lema-custom.css  | 2 +-
 code/theme/static/css/lema-custom.scss | 2 +-
 4 files changed, 6 insertions(+), 4 deletions(-) 4 files changed, 6 insertions(+), 4 deletions(-)
Fail to update develop of education
Not expected branch : refs/heads/duytn/testimonial
Not expected branch : refs/heads/duytn/testimonial
Not expected branch : 
Not expected branch : 
Not expected branch : refs/heads/style_tailm
Not expected branch : 
Not expected branch : refs/heads/style_tailm
Updating c076e16..300754f
Fast-forward
 .../framework-customizations/theme/custom-color.php    |  3 +++
 code/theme/static/css/layout.css                       | 16 ++++++++++++++++
 code/theme/static/css/layout.scss                      | 18 ++++++++++++++++++
 3 files changed, 37 insertions(+) 3 files changed, 37 insertions(+)
Fail to update develop of education
Not expected branch : refs/heads/style_tailm
Not expected branch : 
Not expected branch : refs/heads/style_tailm
Updating 300754f..fb2fac2
Fast-forward
 code/theme/static/css/layout.css  | 13 +++++++++++++
 code/theme/static/css/layout.scss | 12 ++++++++++++
 2 files changed, 25 insertions(+) 2 files changed, 25 insertions(+)
Fail to update develop of education
Not expected branch : refs/heads/style_tailm
Not expected branch : 
Fail to update develop of education
Updating fb2fac2..43c97cc
Fast-forward
 code/theme/static/css/layout.css  | 5 +++++
 code/theme/static/css/layout.scss | 8 ++++++++
 2 files changed, 13 insertions(+) 2 files changed, 13 insertions(+)
Not expected branch : refs/heads/style_tailm
Not expected branch : refs/heads/style_tailm
Not expected branch : 
Not expected branch : refs/heads/style_tailm
Updating 43c97cc..2d87219
Fast-forward
 code/theme/static/css/layout.css  | 2 ++
 code/theme/static/css/layout.scss | 2 ++
 2 files changed, 4 insertions(+) 2 files changed, 4 insertions(+)
Fail to update develop of education
Not expected branch : refs/heads/style_tailm
Not expected branch : 
Updating 2d87219..ae255de
Fast-forward
 .../extensions/teams/shortcodes/team-block/static/css/team-block.css    | 2 ++
 .../extensions/teams/shortcodes/team-block/static/css/team-block.scss   | 2 ++
 2 files changed, 4 insertions(+) 2 files changed, 4 insertions(+)
Fail to update develop of education
Not expected branch : refs/heads/style_tailm
Not expected branch : refs/heads/style_tailm
Not expected branch : refs/heads/master
