Not expected branch : refs/heads/tai_abc
Updating 84aee94..8bf5536
Fast-forward
 .../shortcodes/shortcodes/button/options/layout-1.php    | 16 ++++++++++++++++
 .../shortcodes/shortcodes/button/views/layout-1.php      | 12 +++++++++---
 2 files changed, 25 insertions(+), 3 deletions(-)
 create mode 100755 code/theme/framework-customizations/extensions/shortcodes/shortcodes/button/options/layout-1.php
 mode change 100644 => 100755 code/theme/framework-customizations/extensions/shortcodes/shortcodes/button/views/layout-1.php mode change 100644 => 100755 code/theme/framework-customizations/extensions/shortcodes/shortcodes/button/views/layout-1.php
Not expected branch : refs/heads/style_tailm
Updating 8bf5536..9a70cc5
Fast-forward
 code/theme/includes/implement-options.php | 8 ++++++++
 1 file changed, 8 insertions(+) 1 file changed, 8 insertions(+)
Updating 9a70cc5..5a7f24c
Fast-forward
 .../extensions/widgets/widgets/category-course/views/front.php           | 1 -
 1 file changed, 1 deletion(-) 1 file changed, 1 deletion(-)
Not expected branch : refs/heads/style_tailm
Not expected branch : refs/heads/tai_abc
Not expected branch : refs/heads/tai_abc
Not expected branch : refs/heads/style_tailm
Not expected branch : 
Updating 5a7f24c..f8539e9
Fast-forward
 .../shortcodes/shortcodes/button/static/css/_button.scss | 14 ++++++++++++++
 .../framework-customizations/theme/custom-color.php      |  4 ++++
 code/theme/static/css/educhain-components.css            | 16 ++++++++++++++++
 3 files changed, 34 insertions(+) 3 files changed, 34 insertions(+)
Not expected branch : refs/heads/style_tailm
Fail to update develop of education
Not expected branch : refs/heads/style_tailm
Not expected branch : refs/heads/style_tailm
Not expected branch : 
Not expected branch : refs/heads/style_tailm
Fail to update develop of education
Updating f8539e9..d85fd5d
Fast-forward
 .../extensions/shortcodes/shortcodes/button/static/css/_button.scss     | 2 +-
 code/theme/static/css/educhain-components.css                           | 2 +-
 2 files changed, 2 insertions(+), 2 deletions(-) 2 files changed, 2 insertions(+), 2 deletions(-)
Not expected branch : refs/heads/style_tailm
Not expected branch : 
Not expected branch : refs/heads/style_tailm
Fail to update develop of education
Updating d85fd5d..3de510a
Fast-forward
 .../shortcodes/shortcodes/contact-form/static/css/_contact-form.scss | 5 -----
 code/theme/framework-customizations/theme/custom-color.php           | 5 ++++-
 code/theme/static/css/educhain-components.css                        | 5 -----
 3 files changed, 4 insertions(+), 11 deletions(-) 3 files changed, 4 insertions(+), 11 deletions(-)
