Updating 6a77de6..d4d11e7
Fast-forward
 .../extensions/shortcodes/shortcodes/button/config.php                  | 2 --
 1 file changed, 2 deletions(-) 1 file changed, 2 deletions(-)
Updating d4d11e7..cace62c
Fast-forward
 .../shortcodes/shortcodes/count-down/views/view.php           | 11 ++++++++---
 1 file changed, 8 insertions(+), 3 deletions(-) 1 file changed, 8 insertions(+), 3 deletions(-)
Updating cace62c..ac06a69
Fast-forward
 .../teams/shortcodes/team-block/config.php         |   96 ++
 .../shortcodes/team-block/options/layout-1.php     |   38 +
 .../shortcodes/team-block/options/layout-2.php     |   16 +
 .../shortcodes/team-block/options/layout-3.php     |   33 +
 .../shortcodes/team-block/options/layout-4.php     |   15 +
 .../teams/shortcodes/team-block/static.php         |   16 +
 .../team-block/static/css/team-block.css           | 1334 ++++++++++++++++++++
 .../team-block/static/css/team-block.scss          | 1277 +++++++++++++++++++
 .../shortcodes/team-block/static/js/team-block.js  |  410 ++++++
 .../teams/shortcodes/team-block/vc_options.php     |  469 +++++++
 .../teams/shortcodes/team-block/views/layout-1.php |  138 ++
 .../teams/shortcodes/team-block/views/layout-2.php |   98 ++
 .../teams/shortcodes/team-block/views/layout-3.php |  125 ++
 .../teams/shortcodes/team-block/views/layout-4.php |  115 ++
 .../teams/shortcodes/team-block/views/view.php     |   67 +
 .../teams/shortcodes/team-carousel/config.php      |  100 ++
 .../shortcodes/team-carousel/options/layout-3.php  |    1 +
 .../teams/shortcodes/team-carousel/static.php      |   32 +
 .../team-carousel/static/css/team-carousel.css     |  788 ++++++++++++
 .../team-carousel/static/css/team-carousel.scss    |  570 +++++++++
 .../team-carousel/static/js/team-carousel.js       |  581 +++++++++
 .../teams/shortcodes/team-carousel/vc_options.php  |  380 ++++++
 .../shortcodes/team-carousel/views/layout-3.php    |  235 ++++
 .../shortcodes/team-carousel/views/layout-4.php    |  232 ++++
 .../shortcodes/team-carousel/views/layout-5.php    |  230 ++++
 .../shortcodes/team-carousel/views/layout-6.php    |  235 ++++
 .../teams/shortcodes/team-carousel/views/view.php  |   38 +
 .../extensions/teams/static/css/_teams.scss        |  131 ++
 .../extensions/teams/views/single.php              |  110 ++
 code/framework-customizations/theme/manifest.php   |    2 +-
 30 files changed, 7911 insertions(+), 1 deletion(-)
 create mode 100644 code/framework-customizations/extensions/teams/shortcodes/team-block/config.php
 create mode 100644 code/framework-customizations/extensions/teams/shortcodes/team-block/options/layout-1.php
 create mode 100644 code/framework-customizations/extensions/teams/shortcodes/team-block/options/layout-2.php
 create mode 100644 code/framework-customizations/extensions/teams/shortcodes/team-block/options/layout-3.php
 create mode 100644 code/framework-customizations/extensions/teams/shortcodes/team-block/options/layout-4.php
 create mode 100644 code/framework-customizations/extensions/teams/shortcodes/team-block/static.php
 create mode 100644 code/framework-customizations/extensions/teams/shortcodes/team-block/static/css/team-block.css
 create mode 100644 code/framework-customizations/extensions/teams/shortcodes/team-block/static/css/team-block.scss
 create mode 100644 code/framework-customizations/extensions/teams/shortcodes/team-block/static/js/team-block.js
 create mode 100644 code/framework-customizations/extensions/teams/shortcodes/team-block/vc_options.php
 create mode 100644 code/framework-customizations/extensions/teams/shortcodes/team-block/views/layout-1.php
 create mode 100644 code/framework-customizations/extensions/teams/shortcodes/team-block/views/layout-2.php
 create mode 100644 code/framework-customizations/extensions/teams/shortcodes/team-block/views/layout-3.php
 create mode 100644 code/framework-customizations/extensions/teams/shortcodes/team-block/views/layout-4.php
 create mode 100644 code/framework-customizations/extensions/teams/shortcodes/team-block/views/view.php
 create mode 100644 code/framework-customizations/extensions/teams/shortcodes/team-carousel/config.php
 create mode 100644 code/framework-customizations/extensions/teams/shortcodes/team-carousel/options/layout-3.php
 create mode 100644 code/framework-customizations/extensions/teams/shortcodes/team-carousel/static.php
 create mode 100644 code/framework-customizations/extensions/teams/shortcodes/team-carousel/static/css/team-carousel.css
 create mode 100644 code/framework-customizations/extensions/teams/shortcodes/team-carousel/static/css/team-carousel.scss
 create mode 100644 code/framework-customizations/extensions/teams/shortcodes/team-carousel/static/js/team-carousel.js
 create mode 100644 code/framework-customizations/extensions/teams/shortcodes/team-carousel/vc_options.php
 create mode 100644 code/framework-customizations/extensions/teams/shortcodes/team-carousel/views/layout-3.php
 create mode 100644 code/framework-customizations/extensions/teams/shortcodes/team-carousel/views/layout-4.php
 create mode 100644 code/framework-customizations/extensions/teams/shortcodes/team-carousel/views/layout-5.php
 create mode 100644 code/framework-customizations/extensions/teams/shortcodes/team-carousel/views/layout-6.php
 create mode 100644 code/framework-customizations/extensions/teams/shortcodes/team-carousel/views/view.php
 create mode 100644 code/framework-customizations/extensions/teams/static/css/_teams.scss
 create mode 100755 code/framework-customizations/extensions/teams/views/single.php create mode 100755 code/framework-customizations/extensions/teams/views/single.php
Updating ac06a69..d1a6981
Fast-forward
 .../extensions/teams/shortcodes/team-carousel/config.php              | 2 +-
 .../extensions/teams/shortcodes/team-carousel/vc_options.php          | 4 ++--
 2 files changed, 3 insertions(+), 3 deletions(-) 2 files changed, 3 insertions(+), 3 deletions(-)
