Not expected branch : 
Not expected branch : refs/heads/taibt
Not expected branch : 
Not expected branch : refs/heads/taibt
Fail to update develop of education
Updating 3de510a..793820a
Fast-forward
 .../theme/custom-color.php                         |  4 ++
 code/theme/static/css/lema-custom.css              | 48 +++++++++++++++++++
 code/theme/static/css/lema-custom.scss             | 55 +++++++++++++++++++++-
 3 files changed, 106 insertions(+), 1 deletion(-) 3 files changed, 106 insertions(+), 1 deletion(-)
Not expected branch : refs/heads/style_tailm
Not expected branch : 
Not expected branch : refs/heads/style_tailm
Updating 793820a..329f3a1
Fast-forward
 code/theme/static/css/lema-custom.css  | 6 ++++++
 code/theme/static/css/lema-custom.scss | 3 +++
 2 files changed, 9 insertions(+) 2 files changed, 9 insertions(+)
Fail to update develop of education
Not expected branch : refs/heads/style_tailm
Not expected branch : 
Not expected branch : refs/heads/style_tailm
Fail to update develop of education
Updating 329f3a1..7dff540
Fast-forward
 code/theme/static/css/lema-custom.css  | 2 +-
 code/theme/static/css/lema-custom.scss | 2 +-
 2 files changed, 2 insertions(+), 2 deletions(-) 2 files changed, 2 insertions(+), 2 deletions(-)
Not expected branch : refs/heads/taibt
Not expected branch : 
Not expected branch : refs/heads/taibt
Updating 7dff540..b88d37c
Fast-forward
 code/theme/static/css/lema-custom.css  | 1 +
 code/theme/static/css/lema-custom.scss | 1 +
 2 files changed, 2 insertions(+) 2 files changed, 2 insertions(+)
Fail to update develop of education
Updating b88d37c..18629d6
Fast-forward
 .../lema/shortcodes/views/categorylist.php         |    0
 .../theme/options/page-header-settings.php         |   70 +
 code/theme/includes/helpers.php                    | 1537 ++++++++++----------
 3 files changed, 865 insertions(+), 742 deletions(-)
 delete mode 100644 code/theme/framework-customizations/extensions/lema/shortcodes/views/categorylist.php delete mode 100644 code/theme/framework-customizations/extensions/lema/shortcodes/views/categorylist.php
Not expected branch : refs/heads/taibt
Not expected branch : refs/heads/taibt
Updating 18629d6..e7ab7d3
Fast-forward
 .../theme/options/page-header-settings.php         | 75 ++++++++++++++--------
 code/theme/includes/helpers.php                    | 71 ++++++++++++++++++--
 2 files changed, 112 insertions(+), 34 deletions(-) 2 files changed, 112 insertions(+), 34 deletions(-)
Not expected branch : 
Not expected branch : refs/heads/taibt
Fail to update develop of education
Updating e7ab7d3..b42b407
Fast-forward
 code/theme/static/css/lema-custom.css  | 10 +++++-----
 code/theme/static/css/lema-custom.scss | 10 +++++-----
 2 files changed, 10 insertions(+), 10 deletions(-) 2 files changed, 10 insertions(+), 10 deletions(-)
