Updating d1a6981..e5a0049
Fast-forward
 .../class-slz-shortcode-timeline-carousel.php      |  21 +++
 .../shortcodes/timeline-carousel/config.php        |  29 +++
 .../shortcodes/timeline-carousel/static.php        |  22 +++
 .../static/css/timeline_carousel.css               | 203 +++++++++++++++++++++
 .../static/js/timeline_carousel.js                 |  47 +++++
 .../shortcodes/timeline-carousel/vc_options.php    | 161 ++++++++++++++++
 .../timeline-carousel/views/layout-1.php           | 116 ++++++++++++
 .../shortcodes/timeline-carousel/views/view.php    |  18 ++
 .../teams/shortcodes/team-carousel/vc_options.php  |   4 +-
 9 files changed, 619 insertions(+), 2 deletions(-)
 create mode 100755 code/framework-customizations/extensions/shortcodes/shortcodes/timeline-carousel/class-slz-shortcode-timeline-carousel.php
 create mode 100755 code/framework-customizations/extensions/shortcodes/shortcodes/timeline-carousel/config.php
 create mode 100755 code/framework-customizations/extensions/shortcodes/shortcodes/timeline-carousel/static.php
 create mode 100644 code/framework-customizations/extensions/shortcodes/shortcodes/timeline-carousel/static/css/timeline_carousel.css
 create mode 100755 code/framework-customizations/extensions/shortcodes/shortcodes/timeline-carousel/static/js/timeline_carousel.js
 create mode 100755 code/framework-customizations/extensions/shortcodes/shortcodes/timeline-carousel/vc_options.php
 create mode 100644 code/framework-customizations/extensions/shortcodes/shortcodes/timeline-carousel/views/layout-1.php
 create mode 100755 code/framework-customizations/extensions/shortcodes/shortcodes/timeline-carousel/views/view.php create mode 100755 code/framework-customizations/extensions/shortcodes/shortcodes/timeline-carousel/views/view.php
