Not expected branch : refs/heads/style_tailm
Updating c63bfb5..46a9ab4
Fast-forward
 code/theme/static/css/lema-custom.css  | 4 ++++
 code/theme/static/css/lema-custom.scss | 7 ++++++-
 2 files changed, 10 insertions(+), 1 deletion(-) 2 files changed, 10 insertions(+), 1 deletion(-)
Not expected branch : refs/heads/style_tailm
Not expected branch : refs/heads/style_tailm
Updating 46a9ab4..95d5207
Fast-forward
 code/theme/static/css/lema-custom.css  | 4 ++--
 code/theme/static/css/lema-custom.scss | 4 ++--
 2 files changed, 4 insertions(+), 4 deletions(-) 2 files changed, 4 insertions(+), 4 deletions(-)
Not expected branch : refs/heads/style_tailm
Updating 95d5207..ab8c353
Fast-forward
 code/theme/static/css/lema-custom.css  | 12 ++++++------
 code/theme/static/css/lema-custom.scss | 14 +++++++++-----
 2 files changed, 15 insertions(+), 11 deletions(-) 2 files changed, 15 insertions(+), 11 deletions(-)
Not expected branch : refs/heads/style_tailm
Not expected branch : refs/heads/style_tailm
Updating ab8c353..b3af02a
Fast-forward
 code/theme/static/css/lema-custom.css  | 6 +++++-
 code/theme/static/css/lema-custom.scss | 3 ++-
 2 files changed, 7 insertions(+), 2 deletions(-) 2 files changed, 7 insertions(+), 2 deletions(-)
Not expected branch : refs/heads/style_tailm
Updating b3af02a..fa246d1
Fast-forward
 code/theme/static/css/lema-custom.css  | 8 ++++----
 code/theme/static/css/lema-custom.scss | 8 ++++----
 2 files changed, 8 insertions(+), 8 deletions(-) 2 files changed, 8 insertions(+), 8 deletions(-)
Not expected branch : refs/heads/style_tailm
Updating fa246d1..0988ed9
Fast-forward
 .../framework-customizations/theme/custom-color.php   | 19 +++++++++++++++++++
 1 file changed, 19 insertions(+) 1 file changed, 19 insertions(+)
Not expected branch : refs/heads/style_tailm
Updating 0988ed9..3ebcce8
Fast-forward
 code/theme/framework-customizations/theme/custom-color.php | 1 +
 1 file changed, 1 insertion(+) 1 file changed, 1 insertion(+)
