Not expected branch : refs/heads/style_tailm
Not expected branch : 
Not expected branch : refs/heads/style_tailm
Not expected branch : 
Fail to update develop of education
Not expected branch : refs/heads/style_tailm
Updating b375962..92f2a73
Fast-forward
 code/theme/framework-customizations/theme/custom-color.php |  3 +++
 code/theme/static/css/layout.css                           |  4 ++++
 code/theme/static/css/layout.scss                          | 11 +++++++++++
 3 files changed, 18 insertions(+) 3 files changed, 18 insertions(+)
Not expected branch : refs/heads/style_tailm
Not expected branch : 
Not expected branch : refs/heads/style_tailm
Updating 92f2a73..fe863e2
Fast-forward
 code/theme/framework-customizations/theme/custom-color.php | 2 +-
 code/theme/static/css/layout.css                           | 2 +-
 code/theme/static/css/layout.scss                          | 2 +-
 3 files changed, 3 insertions(+), 3 deletions(-) 3 files changed, 3 insertions(+), 3 deletions(-)
Fail to update develop of education
Not expected branch : refs/heads/style_tailm
Not expected branch : 
Not expected branch : refs/heads/style_tailm
Updating fe863e2..036cd5c
Fast-forward
 code/theme/static/css/layout.css  | 5 +++++
 code/theme/static/css/layout.scss | 2 ++
 2 files changed, 7 insertions(+) 2 files changed, 7 insertions(+)
Fail to update develop of education
Not expected branch : refs/heads/style_tailm
Not expected branch : 
Not expected branch : refs/heads/style_tailm
Fail to update develop of education
Updating 036cd5c..67bc7aa
Fast-forward
 code/theme/static/css/layout.css  | 4 ++++
 code/theme/static/css/layout.scss | 5 +++++
 2 files changed, 9 insertions(+) 2 files changed, 9 insertions(+)
Not expected branch : refs/heads/style_tailm
Not expected branch : 
Not expected branch : refs/heads/style_tailm
Updating 67bc7aa..de9b9cf
Fast-forward
 code/theme/static/css/layout.css  | 2 +-
 code/theme/static/css/layout.scss | 5 ++++-
 2 files changed, 5 insertions(+), 2 deletions(-) 2 files changed, 5 insertions(+), 2 deletions(-)
Fail to update develop of education
Not expected branch : refs/heads/style_tailm
Not expected branch : 
Fail to update develop of education
Updating de9b9cf..f77298c
Fast-forward
 code/theme/static/css/layout.css  | 4 ++++
 code/theme/static/css/layout.scss | 8 +++++++-
 2 files changed, 11 insertions(+), 1 deletion(-) 2 files changed, 11 insertions(+), 1 deletion(-)
Not expected branch : refs/heads/style_tailm
Not expected branch : refs/heads/style_tailm
Not expected branch : 
Not expected branch : refs/heads/style_tailm
Updating f77298c..8501763
Fast-forward
 code/theme/static/css/layout.css  | 4 ++++
 code/theme/static/css/layout.scss | 9 +++++++++
 2 files changed, 13 insertions(+) 2 files changed, 13 insertions(+)
Fail to update develop of education
Not expected branch : refs/heads/style_tailm
Not expected branch : 
Updating 8501763..d2c344f
Fast-forward
 code/theme/static/css/layout.css  |  2 +-
 code/theme/static/css/layout.scss | 10 ++++------
 2 files changed, 5 insertions(+), 7 deletions(-) 2 files changed, 5 insertions(+), 7 deletions(-)
Not expected branch : refs/heads/style_tailm
Fail to update develop of education
Not expected branch : refs/heads/style_tailm
Not expected branch : 
Not expected branch : refs/heads/style_tailm
Not expected branch : 
Not expected branch : refs/heads/style_tailm
Not expected branch : 
Not expected branch : refs/heads/style_tailm
Not expected branch : 
Not expected branch : refs/heads/style_tailm
Fail to update develop of education
Updating d2c344f..4228a81
Fast-forward
 .../theme/custom-color.php                         | 10 +++++++-
 code/theme/static/css/layout.css                   | 27 ++++++++++++++++++++++
 code/theme/static/css/layout.scss                  | 27 ++++++++++++++++++++++
 3 files changed, 63 insertions(+), 1 deletion(-) 3 files changed, 63 insertions(+), 1 deletion(-)
Not expected branch : refs/heads/style_tailm
Not expected branch : 
Updating 4228a81..0571194
Fast-forward
 code/theme/framework-customizations/theme/custom-color.php | 3 +++
 code/theme/static/css/layout.css                           | 2 +-
 code/theme/static/css/layout.scss                          | 2 +-
 3 files changed, 5 insertions(+), 2 deletions(-) 3 files changed, 5 insertions(+), 2 deletions(-)
Fail to update develop of education
Not expected branch : refs/heads/style_tailm
Not expected branch : refs/heads/style_tailm
Not expected branch : 
Not expected branch : refs/heads/style_tailm
Fail to update develop of education
Updating 0571194..9388ac3
Fast-forward
 code/theme/framework-customizations/theme/custom-color.php | 4 ++++
 code/theme/static/css/layout.css                           | 3 ++-
 code/theme/static/css/layout.scss                          | 5 ++++-
 3 files changed, 10 insertions(+), 2 deletions(-) 3 files changed, 10 insertions(+), 2 deletions(-)
Not expected branch : refs/heads/style_tailm
Not expected branch : 
Not expected branch : 
Not expected branch : 
Not expected branch : 
Not expected branch : 
Updating 9388ac3..33031e7
Fast-forward
 code/theme/framework-customizations/theme/custom-color.php | 2 +-
 code/theme/static/css/layout.css                           | 1 +
 code/theme/static/css/layout.scss                          | 1 +
 3 files changed, 3 insertions(+), 1 deletion(-) 3 files changed, 3 insertions(+), 1 deletion(-)
Fail to update develop of education
Not expected branch : refs/heads/style_tailm
Not expected branch : refs/heads/style_tailm
Not expected branch : 
Not expected branch : refs/heads/style_tailm
Fail to update develop of education
Updating 33031e7..fd939c8
Fast-forward
 code/theme/framework-customizations/theme/custom-color.php | 1 +
 code/theme/static/css/layout.css                           | 1 +
 code/theme/static/css/layout.scss                          | 1 +
 3 files changed, 3 insertions(+) 3 files changed, 3 insertions(+)
Not expected branch : refs/heads/style_tailm
Not expected branch : 
Not expected branch : refs/heads/style_tailm
Updating fd939c8..dae5bba
Fast-forward
 code/theme/framework-customizations/theme/custom-color.php | 3 +++
 1 file changed, 3 insertions(+) 1 file changed, 3 insertions(+)
Fail to update develop of education
Not expected branch : refs/heads/thangpd/footer
Not expected branch : refs/heads/thangpd/footer
Not expected branch : 
Not expected branch : 
Not expected branch : refs/heads/thangpd/footer
Fail to update develop of education
Updating dae5bba..7585075
Fast-forward
 .../extensions/footers/footers/footer-01/views/view.php               | 4 ++--
 .../extensions/footers/footers/footer-02/views/view.php               | 4 ++--
 .../extensions/footers/footers/footer-03/views/view.php               | 4 ++--
 .../extensions/footers/footers/footer-04/views/view.php               | 4 ++--
 4 files changed, 8 insertions(+), 8 deletions(-) 4 files changed, 8 insertions(+), 8 deletions(-)
Not expected branch : refs/heads/style_tailm
Not expected branch : 
Not expected branch : refs/heads/style_tailm
Fail to update develop of education
Updating 7585075..f876f19
Fast-forward
 code/theme/static/css/layout.css  | 5 +++++
 code/theme/static/css/layout.scss | 8 ++++++++
 2 files changed, 13 insertions(+) 2 files changed, 13 insertions(+)
Not expected branch : refs/heads/style_tailm
Not expected branch : 
Not expected branch : refs/heads/style_tailm
Updating f876f19..a23124e
Fast-forward
 code/theme/static/css/layout.css  | 2 +-
 code/theme/static/css/layout.scss | 2 +-
 2 files changed, 2 insertions(+), 2 deletions(-) 2 files changed, 2 insertions(+), 2 deletions(-)
Fail to update develop of education
Not expected branch : refs/heads/style_tailm
Not expected branch : 
Not expected branch : refs/heads/style_tailm
Updating a23124e..631fbc3
Fast-forward
 code/theme/static/css/layout.css  | 24 ++++++++++++++++++++++++
 code/theme/static/css/layout.scss | 26 ++++++++++++++++++++++++++
 2 files changed, 50 insertions(+) 2 files changed, 50 insertions(+)
Already up-to-date.Already up-to-date.
Not expected branch : refs/heads/style_tailm
Not expected branch : 
Fail to update develop of education
Not expected branch : refs/heads/style_tailm
Updating 631fbc3..5e04041
Fast-forward
 code/theme/static/css/layout.css  | 2 +-
 code/theme/static/css/layout.scss | 2 +-
 2 files changed, 2 insertions(+), 2 deletions(-) 2 files changed, 2 insertions(+), 2 deletions(-)
Not expected branch : refs/heads/style_tailm
Not expected branch : 
Fail to update develop of education
Fail to update develop of education
Not expected branch : refs/heads/style_tailm
Not expected branch : refs/heads/style_tailm
Not expected branch : refs/heads/thangpd/header
Not expected branch : refs/heads/thangpd/header
Not expected branch : 
Not expected branch : refs/heads/thangpd/header
Fail to update develop of education
Your branch is behind 'origin/develop' by 2 commits, and can be fast-forwarded.
  (use "git pull" to update your local branch)
Updating 5e04041..bab7655
Fast-forward
 .../extensions/headers/headers/header-09/options/search_box.php         | 1 +
 code/theme/static/css/layout.css                                        | 2 ++
 code/theme/static/css/layout.scss                                       | 2 ++
 3 files changed, 5 insertions(+) 3 files changed, 5 insertions(+)
