Not expected branch : refs/heads/master
Updating ba3d546..eb04468
Fast-forward
 learnmaster.php | 6 +++---
 1 file changed, 3 insertions(+), 3 deletions(-) 1 file changed, 3 insertions(+), 3 deletions(-)
Not expected branch : refs/heads/master
Updating 21fc8fe..6b693b2
Fast-forward
 solazu-unyson/solazu-unyson.php | 4 ++--
 1 file changed, 2 insertions(+), 2 deletions(-) 1 file changed, 2 insertions(+), 2 deletions(-)
Updating 3259109..d4c50b0
Fast-forward
 code/theme/change_log.txt                          |   3 ++
 .../theme/views/change-log.php                     |  56 +++++++++++++--------
 code/theme/plugins/learnmaster.zip                 | Bin 6200550 -> 6254380 bytes
 code/theme/plugins/solazu-unyson.zip               | Bin 8249147 -> 8711319 bytes
 code/theme/style.css                               |   2 +-
 5 files changed, 38 insertions(+), 23 deletions(-) 5 files changed, 38 insertions(+), 23 deletions(-)
Not expected branch : refs/heads/master
Updating d4c50b0..b99c3ea
Fast-forward
 code/theme/plugins/revslider.zip | Bin 7592878 -> 7614142 bytes
 1 file changed, 0 insertions(+), 0 deletions(-)
 mode change 100755 => 100644 code/theme/plugins/revslider.zip mode change 100755 => 100644 code/theme/plugins/revslider.zip
Not expected branch : refs/heads/master
Updating b99c3ea..a45ab4c
Fast-forwardFast-forward
Not expected branch : refs/heads/master
Updating a45ab4c..238da1d
Fast-forward
 code/theme/change_log.txt                                      | 2 ++
 code/theme/framework-customizations/theme/views/change-log.php | 2 ++
 2 files changed, 4 insertions(+) 2 files changed, 4 insertions(+)
