Not expected branch : refs/heads/thangpd/sctimeline
Updating bba79d1..90411be
Fast-forward
 .../shortcodes/features-block/config.php           | 10 +--
 .../shortcodes/features-block/options/layout-1.php | 26 ++++----
 .../shortcodes/features-block/options/layout-2.php | 60 ++++++++---------
 .../shortcodes/features-block/options/layout-3.php | 36 +++++-----
 .../shortcodes/features-block/vc_options.php       | 78 +++++++++++-----------
 .../shortcodes/features-block/views/view.php       |  2 +-
 .../widgets/widgets/category-course/config.php     |  4 +-
 code/framework-customizations/theme/manifest.php   | 14 ++--
 code/includes/static.php                           |  5 ++
 code/static/js/hide-extension-page.js              |  5 ++
 10 files changed, 125 insertions(+), 115 deletions(-)
 create mode 100644 code/static/js/hide-extension-page.js create mode 100644 code/static/js/hide-extension-page.js
Not expected branch : refs/heads/thangpd/teamcarousel
Not expected branch : refs/heads/thangpd/scchart
Updating 90411be..948828e
Fast-forward
 code/static/css/default.css | 58 ++++++++++++++++++++++++++++++++++++---------
 code/static/css/layout.css  | 49 ++++++++++++++++++++++++++++++++++++--
 code/style.css              |  2 +-
 3 files changed, 95 insertions(+), 14 deletions(-) 3 files changed, 95 insertions(+), 14 deletions(-)
Updating 948828e..5e497e7
Fast-forward
 code/static/css/default.css | 17 +++++++++++++++++
 1 file changed, 17 insertions(+) 1 file changed, 17 insertions(+)
Updating 5e497e7..4824983
Fast-forward
 code/static/css/default.css | 4 ++++
 1 file changed, 4 insertions(+) 1 file changed, 4 insertions(+)
Updating 4824983..ab8bf3d
Fast-forward
 code/static/css/cryptoio-components.css            |  0
 ...to-components.scss => cryptoio-components.scss} |  0
 code/static/css/default.css                        |  4 ----
 code/style.css                                     | 28 ++++++----------------
 4 files changed, 7 insertions(+), 25 deletions(-)
 delete mode 100644 code/static/css/cryptoio-components.css
 rename code/static/css/{crypto-components.scss => cryptoio-components.scss} (100%) rename code/static/css/{crypto-components.scss => cryptoio-components.scss} (100%)
Updating ab8bf3d..39e3221
Fast-forward
 code/static/css/{crypto-components.css => cryptoio-components.css} | 0
 1 file changed, 0 insertions(+), 0 deletions(-)
 rename code/static/css/{crypto-components.css => cryptoio-components.css} (100%) rename code/static/css/{crypto-components.css => cryptoio-components.css} (100%)
