Updating f60cd49..9fcab15
Fast-forward
 .../shortcodes/timeline-carousel/static/css/timeline_carousel.css     | 4 ++--
 .../shortcodes/timeline-carousel/static/css/timeline_carousel.scss    | 4 ++--
 .../shortcodes/timeline-carousel/static/js/timeline_carousel.js       | 1 -
 .../shortcodes/shortcodes/timeline-carousel/views/layout-1.php        | 4 ++--
 4 files changed, 6 insertions(+), 7 deletions(-) 4 files changed, 6 insertions(+), 7 deletions(-)
Updating 9fcab15..4ddd322
Fast-forward
 .../shortcodes/shortcodes/timeline-carousel/views/layout-1.php          | 2 +-
 1 file changed, 1 insertion(+), 1 deletion(-) 1 file changed, 1 insertion(+), 1 deletion(-)
Updating 4ddd322..f88b853
Fast-forward
 .../shortcodes/shortcodes/timeline-carousel/views/layout-1.php          | 2 +-
 1 file changed, 1 insertion(+), 1 deletion(-) 1 file changed, 1 insertion(+), 1 deletion(-)
Updating f88b853..be65d23
Fast-forward
 .../shortcodes/timeline-carousel/static/css/timeline_carousel.css    | 5 +++--
 .../shortcodes/timeline-carousel/static/css/timeline_carousel.scss   | 5 +++--
 2 files changed, 6 insertions(+), 4 deletions(-) 2 files changed, 6 insertions(+), 4 deletions(-)
Updating be65d23..7f46c4c
Fast-forward
 .../shortcodes/timeline-carousel/static/css/timeline_carousel.css       | 2 +-
 .../shortcodes/timeline-carousel/static/css/timeline_carousel.scss      | 2 +-
 2 files changed, 2 insertions(+), 2 deletions(-) 2 files changed, 2 insertions(+), 2 deletions(-)
Updating 7f46c4c..56b7f42
Fast-forward
 .../timeline-carousel/static/css/timeline_carousel.css     | 14 +++++---------
 .../timeline-carousel/static/css/timeline_carousel.scss    | 11 +++++------
 2 files changed, 10 insertions(+), 15 deletions(-) 2 files changed, 10 insertions(+), 15 deletions(-)
Updating 56b7f42..8ff3635
Fast-forward
 .../shortcodes/timeline-carousel/static/css/timeline_carousel.css        | 1 +
 .../shortcodes/timeline-carousel/static/css/timeline_carousel.scss       | 1 +
 2 files changed, 2 insertions(+) 2 files changed, 2 insertions(+)
Updating 8ff3635..fb096c2
Fast-forward
 .../timeline-carousel/static/css/timeline_carousel.css         | 10 ++++++++++
 .../timeline-carousel/static/css/timeline_carousel.scss        |  9 +++++++++
 2 files changed, 19 insertions(+) 2 files changed, 19 insertions(+)
Updating fb096c2..0261af4
Fast-forward
 .../shortcodes/timeline-carousel/static/css/timeline_carousel.css       | 2 +-
 .../shortcodes/timeline-carousel/static/css/timeline_carousel.scss      | 2 +-
 2 files changed, 2 insertions(+), 2 deletions(-) 2 files changed, 2 insertions(+), 2 deletions(-)
Updating 0261af4..fb63997
Fast-forward
 .../shortcodes/timeline-carousel/static/css/timeline_carousel.css   | 6 +++---
 .../shortcodes/timeline-carousel/static/css/timeline_carousel.scss  | 2 +-
 .../shortcodes/shortcodes/timeline-carousel/views/layout-1.php      | 2 +-
 3 files changed, 5 insertions(+), 5 deletions(-) 3 files changed, 5 insertions(+), 5 deletions(-)
Updating fb63997..4abf9a9
Fast-forward
 .../shortcodes/shortcodes/timeline-carousel/views/layout-1.php        | 4 ++--
 1 file changed, 2 insertions(+), 2 deletions(-) 1 file changed, 2 insertions(+), 2 deletions(-)
Updating 4abf9a9..fa8e101
Fast-forward
 .../shortcodes/timeline-carousel/static/css/timeline_carousel.css       | 2 +-
 .../shortcodes/timeline-carousel/static/css/timeline_carousel.scss      | 2 +-
 2 files changed, 2 insertions(+), 2 deletions(-) 2 files changed, 2 insertions(+), 2 deletions(-)
Updating fa8e101..b6ed9f7
Fast-forward
 .../timeline-carousel/static/css/timeline_carousel.css     | 14 +++++++++-----
 .../timeline-carousel/static/css/timeline_carousel.scss    | 13 ++++++++-----
 2 files changed, 17 insertions(+), 10 deletions(-) 2 files changed, 17 insertions(+), 10 deletions(-)
Updating b6ed9f7..1894e5e
Fast-forward
 .../timeline-carousel/static/css/timeline_carousel.css        | 11 ++++++++---
 .../timeline-carousel/static/css/timeline_carousel.scss       |  9 ++++++---
 2 files changed, 14 insertions(+), 6 deletions(-) 2 files changed, 14 insertions(+), 6 deletions(-)
Updating 1894e5e..fca9209
Fast-forward
 .../static/css/timeline_carousel.css                 | 20 ++++++++++----------
 .../static/css/timeline_carousel.scss                | 18 +++++++++---------
 2 files changed, 19 insertions(+), 19 deletions(-) 2 files changed, 19 insertions(+), 19 deletions(-)
Updating fca9209..fc18eb3
Fast-forward
 .../shortcodes/timeline-carousel/static/css/timeline_carousel.css       | 2 +-
 .../shortcodes/timeline-carousel/static/css/timeline_carousel.scss      | 2 +-
 2 files changed, 2 insertions(+), 2 deletions(-) 2 files changed, 2 insertions(+), 2 deletions(-)
Updating fc18eb3..2926c11
Fast-forward
 .../shortcodes/timeline-carousel/static/css/timeline_carousel.css     | 4 ++--
 .../shortcodes/timeline-carousel/static/css/timeline_carousel.scss    | 4 ++--
 2 files changed, 4 insertions(+), 4 deletions(-) 2 files changed, 4 insertions(+), 4 deletions(-)
Updating 2926c11..1a9101c
Fast-forward
 .../shortcodes/timeline-carousel/static/css/timeline_carousel.css       | 2 +-
 .../shortcodes/timeline-carousel/static/css/timeline_carousel.scss      | 2 +-
 2 files changed, 2 insertions(+), 2 deletions(-) 2 files changed, 2 insertions(+), 2 deletions(-)
Updating 1a9101c..64821b5
Fast-forward
 .../shortcodes/shortcodes/timeline-carousel/views/layout-1.php          | 2 ++
 1 file changed, 2 insertions(+) 1 file changed, 2 insertions(+)
Updating 64821b5..31a139c
Fast-forward
 .../shortcodes/shortcodes/timeline-carousel/views/layout-1.php        | 4 ++--
 1 file changed, 2 insertions(+), 2 deletions(-) 1 file changed, 2 insertions(+), 2 deletions(-)
Updating 31a139c..b321b45
Fast-forward
 .../shortcodes/timeline-carousel/static/css/timeline_carousel.css       | 2 +-
 .../shortcodes/timeline-carousel/static/css/timeline_carousel.scss      | 2 +-
 2 files changed, 2 insertions(+), 2 deletions(-) 2 files changed, 2 insertions(+), 2 deletions(-)
Updating b321b45..b3722df
Fast-forward
 .../timeline-carousel/static/js/timeline_carousel.js   | 18 ++++++++++++++++++
 1 file changed, 18 insertions(+) 1 file changed, 18 insertions(+)
Updating b3722df..23b1f08
Fast-forward
 .../shortcodes/timeline-carousel/static/css/timeline_carousel.css   | 6 ++++++
 .../shortcodes/timeline-carousel/static/css/timeline_carousel.scss  | 3 +++
 2 files changed, 9 insertions(+) 2 files changed, 9 insertions(+)
Updating 23b1f08..35abff7
Fast-forward
 .../shortcodes/timeline-carousel/static/css/timeline_carousel.css        | 1 +
 .../shortcodes/timeline-carousel/static/css/timeline_carousel.scss       | 1 +
 2 files changed, 2 insertions(+) 2 files changed, 2 insertions(+)
Updating 35abff7..ade43b3
Fast-forward
 .../shortcodes/timeline-carousel/static/css/timeline_carousel.css  | 4 ++++
 .../shortcodes/timeline-carousel/static/css/timeline_carousel.scss | 7 +++++++
 2 files changed, 11 insertions(+) 2 files changed, 11 insertions(+)
Updating ade43b3..24ab30c
Fast-forward
 .../shortcodes/timeline-carousel/static/css/timeline_carousel.css | 2 +-
 .../timeline-carousel/static/css/timeline_carousel.scss           | 8 +++-----
 2 files changed, 4 insertions(+), 6 deletions(-) 2 files changed, 4 insertions(+), 6 deletions(-)
Updating 24ab30c..0c55ec4
Fast-forward
 .../shortcodes/timeline-carousel/static/css/timeline_carousel.css       | 2 +-
 .../shortcodes/timeline-carousel/static/css/timeline_carousel.scss      | 2 +-
 2 files changed, 2 insertions(+), 2 deletions(-) 2 files changed, 2 insertions(+), 2 deletions(-)
Updating 0c55ec4..854849c
Fast-forward
 .../contact-form/static/css/_contact-form.scss     | 871 ---------------------
 code/static/css/cryptoio-components.css            |  28 +
 code/static/css/cryptoio-components.scss           |  11 +-
 3 files changed, 38 insertions(+), 872 deletions(-) 3 files changed, 38 insertions(+), 872 deletions(-)
Updating 854849c..dbda298
Fast-forward
 .../shortcodes/contact-form/static/css/_contact-form.scss   | 13 +++++++++++++
 code/static/css/cryptoio-components.css                     |  7 +++++++
 2 files changed, 20 insertions(+) 2 files changed, 20 insertions(+)
Updating dbda298..bc99910
Fast-forward
 .../contact-form/static/css/_contact-form.scss     | 16 +++++++++++
 code/static/css/cryptoio-components.css            | 32 ++++++++++++++++++++++
 2 files changed, 48 insertions(+) 2 files changed, 48 insertions(+)
Updating bc99910..755949c
Fast-forward
 .../shortcodes/contact-form/static/css/_contact-form.scss    |  4 ++--
 code/static/css/cryptoio-components.css                      | 12 ++++++------
 2 files changed, 8 insertions(+), 8 deletions(-) 2 files changed, 8 insertions(+), 8 deletions(-)
Updating 755949c..65c3135
Fast-forward
 .../shortcodes/shortcodes/contact-form/static/css/_contact-form.scss  | 4 ++++
 code/static/css/cryptoio-components.css                               | 4 ++++
 2 files changed, 8 insertions(+) 2 files changed, 8 insertions(+)
Updating 65c3135..2268c10
Fast-forward
 .../contact-form/static/css/_contact-form.scss     |  8 ++++----
 code/static/css/cryptoio-components.css            | 24 +++++++++++-----------
 2 files changed, 16 insertions(+), 16 deletions(-) 2 files changed, 16 insertions(+), 16 deletions(-)
Updating 2268c10..96fda0d
Fast-forward
 .../shortcodes/shortcodes/contact-form/static/css/_contact-form.scss | 5 +----
 code/static/css/cryptoio-components.css                              | 5 +----
 2 files changed, 2 insertions(+), 8 deletions(-) 2 files changed, 2 insertions(+), 8 deletions(-)
Updating 96fda0d..0bee3d9
Fast-forward
 .../shortcodes/shortcodes/contact-form/static/css/_contact-form.scss  | 3 +++
 code/static/css/cryptoio-components.css                               | 4 ++++
 2 files changed, 7 insertions(+) 2 files changed, 7 insertions(+)
Updating 0bee3d9..2335acb
Fast-forward
 .../shortcodes/shortcodes/contact-form/static/css/_contact-form.scss    | 2 +-
 code/static/css/cryptoio-components.css                                 | 2 +-
 2 files changed, 2 insertions(+), 2 deletions(-) 2 files changed, 2 insertions(+), 2 deletions(-)
Updating 2335acb..a9c6d1d
Fast-forward
 .../shortcodes/shortcodes/contact-form/static/css/_contact-form.scss    | 2 +-
 code/static/css/cryptoio-components.css                                 | 2 +-
 2 files changed, 2 insertions(+), 2 deletions(-) 2 files changed, 2 insertions(+), 2 deletions(-)
Updating a9c6d1d..06edf58
Fast-forward
 .../shortcodes/contact-form/static/css/_contact-form.scss | 14 ++++++++++++++
 code/static/css/cryptoio-components.css                   | 15 +++++++++++++++
 2 files changed, 29 insertions(+) 2 files changed, 29 insertions(+)
Updating 06edf58..89e0bf2
Fast-forward
 .../shortcodes/shortcodes/contact-form/static/css/_contact-form.scss     | 1 +
 code/static/css/cryptoio-components.css                                  | 1 +
 2 files changed, 2 insertions(+) 2 files changed, 2 insertions(+)
Updating 89e0bf2..2982956
Fast-forward
 .../contact-form/static/css/_contact-form.scss     | 22 ++++++++++++++--------
 code/static/css/cryptoio-components.css            |  5 ++++-
 2 files changed, 18 insertions(+), 9 deletions(-) 2 files changed, 18 insertions(+), 9 deletions(-)
Updating 2982956..dae5f77
Fast-forward
 .../contact-form/static/css/_contact-form.scss     | 26 +++++++++++++---------
 code/static/css/cryptoio-components.css            |  2 +-
 2 files changed, 17 insertions(+), 11 deletions(-) 2 files changed, 17 insertions(+), 11 deletions(-)
Updating dae5f77..03e1b44
Fast-forward
 .../shortcodes/contact-form/static/css/_contact-form.scss          | 7 ++-----
 code/static/css/cryptoio-components.css                            | 2 +-
 2 files changed, 3 insertions(+), 6 deletions(-) 2 files changed, 3 insertions(+), 6 deletions(-)
Updating 03e1b44..cc5eb83
Fast-forward
 .../contact-form/static/css/_contact-form.scss          | 17 ++++++++++++++---
 code/static/css/cryptoio-components.css                 | 12 +++++++++---
 2 files changed, 23 insertions(+), 6 deletions(-) 2 files changed, 23 insertions(+), 6 deletions(-)
Updating cc5eb83..90040a1
Fast-forward
 .../shortcodes/shortcodes/contact-form/static/css/_contact-form.scss     | 1 +
 code/static/css/cryptoio-components.css                                  | 1 +
 2 files changed, 2 insertions(+) 2 files changed, 2 insertions(+)
Updating 90040a1..95a2282
Fast-forward
 .../contact-form/static/css/_contact-form.scss           | 12 +++++++-----
 code/static/css/cryptoio-components.css                  | 16 ++++++++++++----
 2 files changed, 19 insertions(+), 9 deletions(-) 2 files changed, 19 insertions(+), 9 deletions(-)
Updating 95a2282..941d8cf
Fast-forward
 .../shortcodes/shortcodes/contact-form/static/css/_contact-form.scss  | 2 ++
 code/static/css/cryptoio-components.css                               | 4 ++++
 2 files changed, 6 insertions(+) 2 files changed, 6 insertions(+)
Updating 941d8cf..1e8f9d3
Fast-forward
 .../shortcodes/shortcodes/contact-form/static/css/_contact-form.scss     | 1 -
 code/static/css/cryptoio-components.css                                  | 1 -
 2 files changed, 2 deletions(-) 2 files changed, 2 deletions(-)
Updating 1e8f9d3..689cef9
Fast-forward
 .../contact-form/static/css/_contact-form.scss     | 15 ++++++++++++++
 code/static/css/cryptoio-components.css            | 23 ++++++++++++++++++++++
 2 files changed, 38 insertions(+) 2 files changed, 38 insertions(+)
Updating 689cef9..a2cbd51
Fast-forward
 .../shortcodes/shortcodes/contact-form/static/css/_contact-form.scss  | 2 ++
 code/static/css/cryptoio-components.css                               | 4 ++++
 2 files changed, 6 insertions(+) 2 files changed, 6 insertions(+)
Updating a2cbd51..0259fad
Fast-forward
 .../shortcodes/contact-form/static/css/_contact-form.scss         | 2 +-
 code/static/css/cryptoio-components.css                           | 8 ++++----
 2 files changed, 5 insertions(+), 5 deletions(-) 2 files changed, 5 insertions(+), 5 deletions(-)
Updating 0259fad..a715ec8
Fast-forward
 .../shortcodes/shortcodes/contact-form/static/css/_contact-form.scss     | 1 +
 code/static/css/cryptoio-components.css                                  | 1 +
 2 files changed, 2 insertions(+) 2 files changed, 2 insertions(+)
Updating a715ec8..38f1390
Fast-forward
 .../shortcodes/shortcodes/contact-form/static/css/_contact-form.scss  | 4 +++-
 code/static/css/cryptoio-components.css                               | 4 +++-
 2 files changed, 6 insertions(+), 2 deletions(-) 2 files changed, 6 insertions(+), 2 deletions(-)
Updating 38f1390..f358f57
Fast-forward
 .../shortcodes/shortcodes/contact-form/static/css/_contact-form.scss   | 3 ++-
 code/static/css/cryptoio-components.css                                | 1 +
 2 files changed, 3 insertions(+), 1 deletion(-) 2 files changed, 3 insertions(+), 1 deletion(-)
Updating f358f57..1acda15
Fast-forward
 .../shortcodes/contact-form/static/css/_contact-form.scss     | 11 ++++++++---
 code/static/css/cryptoio-components.css                       |  4 ++++
 2 files changed, 12 insertions(+), 3 deletions(-) 2 files changed, 12 insertions(+), 3 deletions(-)
Updating 1acda15..c02853e
Fast-forward
 .../contact-form/static/css/_contact-form.scss     | 26 +++++++++++++++++++
 code/static/css/cryptoio-components.css            | 29 ++++++++++++++++++++++
 2 files changed, 55 insertions(+) 2 files changed, 55 insertions(+)
Already up-to-date.Already up-to-date.
Updating c02853e..1846fef
Fast-forward
 .../shortcodes/contact-form/static/css/_contact-form.scss         | 2 +-
 code/static/css/cryptoio-components.css                           | 8 +++++++-
 2 files changed, 8 insertions(+), 2 deletions(-) 2 files changed, 8 insertions(+), 2 deletions(-)
Updating 1846fef..18f1e87
Fast-forward
 .../shortcodes/shortcodes/contact-form/static/css/_contact-form.scss    | 2 +-
 code/static/css/cryptoio-components.css                                 | 2 +-
 2 files changed, 2 insertions(+), 2 deletions(-) 2 files changed, 2 insertions(+), 2 deletions(-)
Updating 18f1e87..b9fd0c8
Fast-forward
 .../contact-form/static/css/_contact-form.scss          | 17 +++++++++++++++++
 code/static/css/cryptoio-components.css                 | 16 ++++++++++++++++
 2 files changed, 33 insertions(+) 2 files changed, 33 insertions(+)
Updating b9fd0c8..a04580d
Fast-forward
 .../contact-form/static/css/_contact-form.scss          |   4 ++--
 code/static/css/cryptoio-components.css                 |   2 +-
 code/static/img/theme-option/spin.gif                   | Bin 0 -> 78962 bytes
 3 files changed, 3 insertions(+), 3 deletions(-)
 create mode 100644 code/static/img/theme-option/spin.gif create mode 100644 code/static/img/theme-option/spin.gif
Updating a04580d..6269898
Fast-forward
 code/static/css/cryptoio-components.css | 2 +-
 1 file changed, 1 insertion(+), 1 deletion(-) 1 file changed, 1 insertion(+), 1 deletion(-)
Updating 6269898..2612bc6
Fast-forward
 .../shortcodes/shortcodes/contact-form/static/css/_contact-form.scss     | 1 +
 code/static/css/cryptoio-components.css                                  | 1 +
 2 files changed, 2 insertions(+) 2 files changed, 2 insertions(+)
Updating 2612bc6..e5ceb3a
Fast-forward
 .../shortcodes/contact-form/static/css/_contact-form.scss          | 6 ++++++
 code/static/css/cryptoio-components.css                            | 7 +++++++
 2 files changed, 13 insertions(+) 2 files changed, 13 insertions(+)
Updating e5ceb3a..f17da6e
Fast-forward
 .../shortcodes/shortcodes/contact-form/static/css/_contact-form.scss     | 1 +
 code/static/css/cryptoio-components.css                                  | 1 +
 2 files changed, 2 insertions(+) 2 files changed, 2 insertions(+)
Updating f17da6e..463a6d6
Fast-forward
 .../shortcodes/shortcodes/contact-form/static/css/_contact-form.scss     | 1 +
 code/static/css/cryptoio-components.css                                  | 1 +
 2 files changed, 2 insertions(+) 2 files changed, 2 insertions(+)
Updating 463a6d6..c1651d5
Fast-forward
 .../shortcodes/shortcodes/contact-form/static/css/_contact-form.scss  | 3 +++
 code/static/css/cryptoio-components.css                               | 4 ++++
 2 files changed, 7 insertions(+) 2 files changed, 7 insertions(+)
Updating c1651d5..0ce8159
Fast-forward
 .../shortcodes/shortcodes/contact-form/static/css/_contact-form.scss     | 1 +
 code/static/css/cryptoio-components.css                                  | 1 +
 2 files changed, 2 insertions(+) 2 files changed, 2 insertions(+)
