Updating 7c66fc0..3db8d0c
Fast-forward
 .../testimonials/shortcodes/testimonial/config.php   | 20 ++++++++++----------
 .../shortcodes/testimonial/views/layout-5.php        |  2 +-
 2 files changed, 11 insertions(+), 11 deletions(-) 2 files changed, 11 insertions(+), 11 deletions(-)
Updating 3db8d0c..23ebc73
Fast-forward
 code/theme/woocommerce/loop/price.php | 35 +++++++++++++++++++----------------
 1 file changed, 19 insertions(+), 16 deletions(-) 1 file changed, 19 insertions(+), 16 deletions(-)
Not expected branch : refs/heads/style_vubd
Not expected branch : refs/heads/style_vubd
Not expected branch : refs/heads/style_tailm
Not expected branch : refs/heads/style_tailm
Not expected branch : refs/heads/style_tailm
Updating 23ebc73..54a5be1
Fast-forward
 code/theme/static/css/educhain-woocommerce.css | 16 ++++++++--------
 1 file changed, 8 insertions(+), 8 deletions(-) 1 file changed, 8 insertions(+), 8 deletions(-)
Not expected branch : refs/heads/style_tailm
Updating 54a5be1..4e353fc
Fast-forward
 code/theme/static/css/educhain-woocommerce.css | 4 ++--
 1 file changed, 2 insertions(+), 2 deletions(-) 1 file changed, 2 insertions(+), 2 deletions(-)
Not expected branch : refs/heads/style_tailm
Not expected branch : 
Fail to update develop of education
Updating 4e353fc..6e8765f
Fast-forward
 .../extensions/events/static/css/_events.scss      | 23 ++++++++++++++++++++++
 code/theme/static/css/educhain-components.css      | 13 ++++++++++++
 2 files changed, 36 insertions(+) 2 files changed, 36 insertions(+)
Not expected branch : refs/heads/style_vubd
Not expected branch : refs/heads/style_tailm
Updating 6e8765f..90ae44c
Fast-forward
 code/theme/static/css/educhain-woocommerce.css | 14 ++++++++++++++
 1 file changed, 14 insertions(+) 1 file changed, 14 insertions(+)
Not expected branch : 
Fail to update develop of education
Updating 90ae44c..bffc706
Fast-forward
 .../extensions/events/static/css/_events.scss                        | 5 ++---
 code/theme/static/css/educhain-components.css                        | 2 +-
 2 files changed, 3 insertions(+), 4 deletions(-) 2 files changed, 3 insertions(+), 4 deletions(-)
Updating bffc706..2f39164
Fast-forward
 code/theme/static/css/educhain-woocommerce.css | 4 ++--
 1 file changed, 2 insertions(+), 2 deletions(-) 1 file changed, 2 insertions(+), 2 deletions(-)
Already up-to-date.Already up-to-date.
Not expected branch : refs/heads/style_tailm
Updating 07326e4..4a3be0d
Fast-forward
 includes/classes/Hooks.php | 6 +++++-
 1 file changed, 5 insertions(+), 1 deletion(-) 1 file changed, 5 insertions(+), 1 deletion(-)
Not expected branch : refs/heads/style_vubd
Not expected branch : refs/heads/style_vubd
Not expected branch : refs/heads/style_tailm
Updating 2f39164..421d564
Fast-forward
 code/theme/static/css/educhain-woocommerce.css | 4 ++--
 1 file changed, 2 insertions(+), 2 deletions(-) 1 file changed, 2 insertions(+), 2 deletions(-)
Not expected branch : 
Updating 421d564..535d72d
Fast-forward
 code/theme/static/css/layout.css  | 5 +++++
 code/theme/static/css/layout.scss | 4 ++++
 2 files changed, 9 insertions(+) 2 files changed, 9 insertions(+)
Fail to update develop of education
Updating 4a3be0d..4ca063e
Fast-forward
 includes/classes/Hooks.php | 2 +-
 1 file changed, 1 insertion(+), 1 deletion(-) 1 file changed, 1 insertion(+), 1 deletion(-)
Not expected branch : refs/heads/style_vubd
Not expected branch : refs/heads/style_vubd
Not expected branch : 
Updating 535d72d..64e8369
Fast-forward
 code/theme/static/css/layout.css  | 2 +-
 code/theme/static/css/layout.scss | 2 +-
 2 files changed, 2 insertions(+), 2 deletions(-) 2 files changed, 2 insertions(+), 2 deletions(-)
Fail to update develop of education
Not expected branch : refs/heads/style_tailm
Updating 64e8369..82e7078
Fast-forward
 code/theme/static/css/educhain-woocommerce.css | 5 +++++
 1 file changed, 5 insertions(+) 1 file changed, 5 insertions(+)
Not expected branch : refs/heads/style_tailm
Updating 82e7078..8b17ba3
Fast-forward
 code/theme/static/css/educhain-woocommerce.css | 24 ++++++++++++++++++++++++
 1 file changed, 24 insertions(+) 1 file changed, 24 insertions(+)
Not expected branch : refs/heads/style_tailm
Updating 8b17ba3..699946c
Fast-forward
 code/theme/static/css/educhain-woocommerce.css | 2 +-
 1 file changed, 1 insertion(+), 1 deletion(-) 1 file changed, 1 insertion(+), 1 deletion(-)
Not expected branch : refs/heads/style_tailm
Updating 699946c..ef2ae27
Fast-forward
 code/theme/static/css/educhain-woocommerce.css | 2 +-
 1 file changed, 1 insertion(+), 1 deletion(-) 1 file changed, 1 insertion(+), 1 deletion(-)
Updating ef2ae27..18c2613
Fast-forward
 code/theme/static/css/educhain-woocommerce.css | 4 +++-
 1 file changed, 3 insertions(+), 1 deletion(-) 1 file changed, 3 insertions(+), 1 deletion(-)
Updating 18c2613..b93ad8d
Fast-forward
 code/theme/static/css/educhain-woocommerce.css | 3 +++
 1 file changed, 3 insertions(+) 1 file changed, 3 insertions(+)
Not expected branch : refs/heads/style_tailm
Updating b93ad8d..35c068b
Fast-forward
 code/theme/static/css/educhain-woocommerce.css | 26 ++++++++++++++++++++++++++
 1 file changed, 26 insertions(+) 1 file changed, 26 insertions(+)
Not expected branch : refs/heads/style_tailm
Updating 35c068b..a1694d3
Fast-forward
 code/theme/static/css/educhain-woocommerce.css | 1 +
 1 file changed, 1 insertion(+) 1 file changed, 1 insertion(+)
Not expected branch : refs/heads/style_tailm
Not expected branch : refs/heads/style_tailm
Updating a1694d3..66d29f3
Fast-forward
 code/theme/static/css/educhain-woocommerce.css | 43 +++++++++++++++++++++++---
 1 file changed, 38 insertions(+), 5 deletions(-) 1 file changed, 38 insertions(+), 5 deletions(-)
Not expected branch : refs/heads/style_tailm
Updating 66d29f3..355467a
Fast-forward
 code/theme/static/css/educhain-woocommerce.css | 12 ++++++++++++
 1 file changed, 12 insertions(+) 1 file changed, 12 insertions(+)
Updating 355467a..fb0b3b2
Fast-forwardFast-forward
Updating fb0b3b2..1591b3e
Fast-forward
 code/theme/static/css/educhain-woocommerce.css | 3 ++-
 1 file changed, 2 insertions(+), 1 deletion(-) 1 file changed, 2 insertions(+), 1 deletion(-)
Not expected branch : refs/heads/style_tailm
Not expected branch : refs/heads/style_tailm
Updating 1591b3e..a2e0eb6
Fast-forward
 code/theme/static/css/educhain-woocommerce.css | 7 ++++++-
 1 file changed, 6 insertions(+), 1 deletion(-) 1 file changed, 6 insertions(+), 1 deletion(-)
Not expected branch : refs/heads/style_tailm
Updating a2e0eb6..6113e69
Fast-forward
 code/theme/static/css/educhain-woocommerce.css | 2 +-
 1 file changed, 1 insertion(+), 1 deletion(-) 1 file changed, 1 insertion(+), 1 deletion(-)
Not expected branch : refs/heads/style_tailm
Updating 6113e69..8230cc7
Fast-forward
 code/theme/static/css/layout.css  | 4 ++++
 code/theme/static/css/layout.scss | 3 +++
 2 files changed, 7 insertions(+) 2 files changed, 7 insertions(+)
Not expected branch : refs/heads/style_tailm
Updating 8230cc7..28743a0
Fast-forward
 code/theme/static/css/layout.css  | 2 +-
 code/theme/static/css/layout.scss | 2 +-
 2 files changed, 2 insertions(+), 2 deletions(-) 2 files changed, 2 insertions(+), 2 deletions(-)
Fail to update develop of solazu-live-settings
