Not expected branch : refs/heads/tai_abc
Not expected branch : refs/heads/thangpd/courseDashboard
Not expected branch : refs/heads/thangpd/courseDashboard
Not expected branch : 
Fail to update develop of learn-master
Not expected branch : refs/heads/thangpd/courseDashboard
Updating 24e9eac..58dac17
Fast-forward
 front/assets/js/course-dashboard.js | 36 ++++++++++++++++++++++++------------
 1 file changed, 24 insertions(+), 12 deletions(-) 1 file changed, 24 insertions(+), 12 deletions(-)
Not expected branch : refs/heads/style_vubd
Not expected branch : refs/heads/style_tailm
Not expected branch : 
Updating e367b66..8bec810
Fast-forward
 code/theme/static/css/educhain-woocommerce.css | 5 ++---
 1 file changed, 2 insertions(+), 3 deletions(-) 1 file changed, 2 insertions(+), 3 deletions(-)
Not expected branch : refs/heads/style_tailm
Fail to update develop of education
Not expected branch : refs/heads/style_tailm
Not expected branch : 
Updating 8bec810..b182ac3
Fast-forward
 code/theme/static/css/educhain-woocommerce.css | 19 ++++++++++++++++---
 1 file changed, 16 insertions(+), 3 deletions(-) 1 file changed, 16 insertions(+), 3 deletions(-)
Fail to update develop of education
Not expected branch : refs/heads/style_tailm
Not expected branch : refs/heads/style_tailm
Not expected branch : 
Updating b182ac3..b96716f
Fast-forward
 code/theme/static/css/educhain-woocommerce.css | 10 +++++-----
 1 file changed, 5 insertions(+), 5 deletions(-) 1 file changed, 5 insertions(+), 5 deletions(-)
Fail to update develop of education
Not expected branch : refs/heads/style_tailm
Not expected branch : refs/heads/style_tailm
Not expected branch : 
Updating b96716f..c4c0b82
Fast-forward
 code/theme/static/css/layout.css  |  8 ++++++++
 code/theme/static/css/layout.scss | 13 +++++++++++++
 2 files changed, 21 insertions(+) 2 files changed, 21 insertions(+)
Fail to update develop of education
Not expected branch : refs/heads/style_tailm
Not expected branch : refs/heads/tai_abc
Not expected branch : refs/heads/style_tailm
Not expected branch : refs/heads/style_tailm
Not expected branch : refs/heads/thangpd/testimonial
Not expected branch : 
Not expected branch : refs/heads/thangpd/testimonial
Updating c4c0b82..b2383ea
Fast-forward
 .../testimonials/shortcodes/testimonial/config.php | 152 +++++++++++----------
 .../shortcodes/testimonial/options/layout-5.php    | 121 ++++++++++------
 .../shortcodes/testimonial/vc_options.php          |   2 +-
 .../shortcodes/testimonial/views/layout-5.php      |  88 +++++++-----
 4 files changed, 212 insertions(+), 151 deletions(-) 4 files changed, 212 insertions(+), 151 deletions(-)
Fail to update develop of education
Not expected branch : refs/heads/style_vubd
Not expected branch : 
Fail to update develop of education
Updating b2383ea..bb1f0a8
Fast-forward
 .../theme/custom-color.php                         | 38 ++++++++++++-
 code/theme/static/css/lema-custom.css              | 62 ++++++++++++++++++----
 code/theme/static/css/lema-custom.scss             | 52 +++++++++++++++---
 3 files changed, 134 insertions(+), 18 deletions(-) 3 files changed, 134 insertions(+), 18 deletions(-)
Not expected branch : refs/heads/style_tailm
Not expected branch : 
Not expected branch : refs/heads/style_tailm
Updating bb1f0a8..e3d0dec
Fast-forward
 code/theme/static/css/layout.css  | 35 +++++++++++++++++++++++++++++++++++
 code/theme/static/css/layout.scss | 33 +++++++++++++++++++++++++++++++++
 2 files changed, 68 insertions(+) 2 files changed, 68 insertions(+)
Fail to update develop of education
