Not expected branch : refs/heads/thangpd/comment
Not expected branch : refs/heads/thangpd/comment
Not expected branch : 
Fail to update develop of lema-subscription
Not expected branch : refs/heads/thangpd/comment
Updating b7ea341..e8ca402
Fast-forward
 composer.lock              | 526 +++++++++++++++++----------------------------
 includes/classes/Hooks.php | 364 ++++++++++++++++++-------------
 2 files changed, 412 insertions(+), 478 deletions(-) 2 files changed, 412 insertions(+), 478 deletions(-)
Not expected branch : refs/heads/thangpd/comment
Not expected branch : 
Not expected branch : refs/heads/thangpd/comment
Updating e8ca402..2184aa1
Fast-forward
 includes/classes/Hooks.php | 4 ++--
 1 file changed, 2 insertions(+), 2 deletions(-) 1 file changed, 2 insertions(+), 2 deletions(-)
Fail to update develop of lema-subscription
Updating 2184aa1..07326e4
Fast-forward
 includes/classes/Hooks.php | 2 +-
 1 file changed, 1 insertion(+), 1 deletion(-) 1 file changed, 1 insertion(+), 1 deletion(-)
Updating e3d0dec..f739b42
Fast-forward
 code/theme/includes/helpers.php | 2 +-
 1 file changed, 1 insertion(+), 1 deletion(-) 1 file changed, 1 insertion(+), 1 deletion(-)
Not expected branch : refs/heads/style_tailm
Not expected branch : 
Not expected branch : refs/heads/style_tailm
Updating f739b42..e688292
Fast-forward
 code/theme/style.css | 5 +++++
 1 file changed, 5 insertions(+) 1 file changed, 5 insertions(+)
Fail to update develop of education
Not expected branch : refs/heads/style_tailm
Not expected branch : 
Updating e688292..6dfc389
Fast-forward
 code/theme/static/css/layout.css  | 19 +++++++++++++++++++
 code/theme/static/css/layout.scss | 16 ++++++++++++++++
 2 files changed, 35 insertions(+) 2 files changed, 35 insertions(+)
Fail to update develop of education
Not expected branch : refs/heads/style_tailm
Not expected branch : refs/heads/style_tailm
Not expected branch : 
Updating 6dfc389..018ac39
Fast-forward
 code/theme/static/css/layout.css  | 2 +-
 code/theme/static/css/layout.scss | 2 +-
 2 files changed, 2 insertions(+), 2 deletions(-) 2 files changed, 2 insertions(+), 2 deletions(-)
Not expected branch : refs/heads/style_tailm
Fail to update develop of education
Not expected branch : refs/heads/style_tailm
Not expected branch : 
Updating 018ac39..98c9b2d
Fast-forward
 code/theme/static/css/layout.css  | 18 ++++++++++++++++++
 code/theme/static/css/layout.scss | 15 +++++++++++++++
 2 files changed, 33 insertions(+) 2 files changed, 33 insertions(+)
Fail to update develop of education
Not expected branch : refs/heads/style_tailm
Not expected branch : refs/heads/style_tailm
Not expected branch : 
Not expected branch : refs/heads/style_tailm
Not expected branch : 
Not expected branch : refs/heads/style_tailm
Updating 98c9b2d..d63d519
Fast-forward
 code/theme/static/css/layout.css  | 22 ++++++++++++++++++++++
 code/theme/static/css/layout.scss | 19 +++++++++++++++++++
 2 files changed, 41 insertions(+) 2 files changed, 41 insertions(+)
Fail to update develop of education
Not expected branch : refs/heads/style_tailm
Not expected branch : 
Updating d63d519..8f68d19
Fast-forward
 code/theme/static/css/layout.scss | 3 +++
 1 file changed, 3 insertions(+) 1 file changed, 3 insertions(+)
Fail to update develop of education
Not expected branch : refs/heads/style_tailm
Not expected branch : refs/heads/style_tailm
Not expected branch : 
Updating 8f68d19..a935535
Fast-forward
 code/theme/static/css/layout.css | 6 ++++++
 1 file changed, 6 insertions(+) 1 file changed, 6 insertions(+)
Fail to update develop of education
Not expected branch : refs/heads/style_tailm
Not expected branch : refs/heads/thangpd/bodyclass
Not expected branch : 
Not expected branch : refs/heads/thangpd/bodyclass
Fail to update develop of learn-master
Updating 58dac17..994ed18
Fast-forward
 front/views/instructor/profile.php | 263 +++++++++++++++++++------------------
 templates/single.php               |   2 +-
 2 files changed, 138 insertions(+), 127 deletions(-) 2 files changed, 138 insertions(+), 127 deletions(-)
Not expected branch : refs/heads/style_tailm
Not expected branch : 
Updating a935535..d7405f9
Fast-forward
 code/theme/framework-customizations/theme/custom-color.php | 3 +++
 1 file changed, 3 insertions(+) 1 file changed, 3 insertions(+)
Fail to update develop of education
Not expected branch : refs/heads/style_tailm
Not expected branch : refs/heads/style_tailm
Not expected branch : 
Updating d7405f9..cf3d920
Fast-forward
 code/theme/style.css | 1 +
 1 file changed, 1 insertion(+) 1 file changed, 1 insertion(+)
Fail to update develop of education
Not expected branch : refs/heads/style_tailm
