Updating 0b5a6a7..48b944e
Fast-forward
 .../classes/front/views/coursecategory/view1.php   | 113 ++++++++++-----------
 .../classes/front/views/coursecategory/view2.php   |   2 +-
 2 files changed, 57 insertions(+), 58 deletions(-) 2 files changed, 57 insertions(+), 58 deletions(-)
Updating 48b944e..54dd964
Fast-forward
 includes/classes/front/views/coursedetail/view.php | 18 +++++++++++-------
 1 file changed, 11 insertions(+), 7 deletions(-) 1 file changed, 11 insertions(+), 7 deletions(-)
Not expected branch : refs/heads/thangpd/coursedt
Updating 54dd964..c0e9bbe
Fast-forward
 includes/classes/front/views/coursedetail/view.php | 4 ++--
 1 file changed, 2 insertions(+), 2 deletions(-) 1 file changed, 2 insertions(+), 2 deletions(-)
Updating c0e9bbe..5bf1079
Fast-forward
 assets/scripts/bundle_coursedetail.js | 42 +++++++++++++++++++++++++++++++++++
 1 file changed, 42 insertions(+) 1 file changed, 42 insertions(+)
Updating 5bf1079..9934f7f
Fast-forward
 .../classes/front/views/coursecategory/view2.php   | 77 ++++++++++------------
 1 file changed, 34 insertions(+), 43 deletions(-) 1 file changed, 34 insertions(+), 43 deletions(-)
Not expected branch : refs/heads/style_tailm
Not expected branch : refs/heads/style_tailm
Updating 9934f7f..f9325b6
Fast-forward
 includes/classes/Hooks.php                         |  34 ++++--
 .../shortcodes/courseinstructor/view/view.php      | 136 ---------------------
 includes/classes/templates/instructor.php          |   3 +
 3 files changed, 25 insertions(+), 148 deletions(-)
 delete mode 100644 includes/classes/shortcodes/courseinstructor/view/view.php
 create mode 100644 includes/classes/templates/instructor.php create mode 100644 includes/classes/templates/instructor.php
Updating 6be2f78..a1f4c81
Fast-forward
 shortcodes/course/shortcodes/views/instructor.php | 3 +++
 1 file changed, 3 insertions(+) 1 file changed, 3 insertions(+)
Updating f9325b6..3d0e4a5
Fast-forward
 .../FeatureBlock/FeatureBlockShortcode.php         | 36 ++++++++++++++++++----
 .../shortcodes/FeatureBlock/views/blocklayout1.php | 13 +++++++-
 .../shortcodes/FeatureBlock/views/blocklayout2.php | 12 ++++++++
 .../classes/shortcodes/FeatureBlock/views/main.php |  1 +
 4 files changed, 55 insertions(+), 7 deletions(-) 4 files changed, 55 insertions(+), 7 deletions(-)
Updating 3d0e4a5..9125d1a
Fast-forward
 includes/classes/shortcodes/FeatureBlock/views/blocklayout2.php | 2 +-
 1 file changed, 1 insertion(+), 1 deletion(-) 1 file changed, 1 insertion(+), 1 deletion(-)
Not expected branch : refs/heads/style_tailm
Not expected branch : 
Not expected branch : refs/heads/style_tailm
Updating 9125d1a..1c467cd
Fast-forward
 assets/styles/lema-cat-course-sw.css               | 93 ++++++++++++++++++++--
 assets/styles/lema-sof.css                         |  6 +-
 .../classes/front/views/coursecategory/view2.php   | 29 ++++---
 3 files changed, 110 insertions(+), 18 deletions(-) 3 files changed, 110 insertions(+), 18 deletions(-)
Fail to update develop of lema-software
Not expected branch : refs/heads/style_tailm
Not expected branch : 
Not expected branch : refs/heads/style_tailm
Fail to update develop of education
Updating 088f3fe..516c62f
Fast-forward
 code/theme/static/css/layout.css  | 6 ++++++
 code/theme/static/css/layout.scss | 5 ++++-
 2 files changed, 10 insertions(+), 1 deletion(-) 2 files changed, 10 insertions(+), 1 deletion(-)
Updating 516c62f..7386153
Fast-forward
 .../extensions/lema/shortcodes/slz-shortcode-lema-course-list.php   | 6 +++---
 1 file changed, 3 insertions(+), 3 deletions(-) 1 file changed, 3 insertions(+), 3 deletions(-)
Updating 1c467cd..70e643b
Fast-forward
 includes/classes/Hooks.php | 46 ++++++++++++++++++++++++++++++++++++----------
 1 file changed, 36 insertions(+), 10 deletions(-) 1 file changed, 36 insertions(+), 10 deletions(-)
Not expected branch : refs/heads/style_tailm
Not expected branch : 
Not expected branch : refs/heads/style_tailm
Updating 70e643b..5f6fcbc
Fast-forward
 assets/styles/lema-cat-course-sw.css | 15 +++++++++++++++
 assets/styles/lema-feature.css       | 20 ++++++++++++++++++++
 2 files changed, 35 insertions(+) 2 files changed, 35 insertions(+)
Fail to update develop of lema-software
Not expected branch : refs/heads/style_tailm
Not expected branch : 
Not expected branch : refs/heads/style_tailm
Updating 5f6fcbc..4a7d461
Fast-forward
 assets/styles/lema-feature.css | 2 +-
 1 file changed, 1 insertion(+), 1 deletion(-) 1 file changed, 1 insertion(+), 1 deletion(-)
Fail to update develop of lema-software
Not expected branch : refs/heads/style_tailm
Not expected branch : refs/heads/style_tailm
Not expected branch : 
Updating 4a7d461..b7e196d
Fast-forward
 assets/styles/lema-feature.css | 18 +++++++-----------
 1 file changed, 7 insertions(+), 11 deletions(-) 1 file changed, 7 insertions(+), 11 deletions(-)
Fail to update develop of lema-software
Not expected branch : refs/heads/style_tailm
Not expected branch : refs/heads/style_tailm
Not expected branch : 
Not expected branch : refs/heads/style_tailm
Updating b7e196d..23cb5cc
Fast-forward
 assets/styles/lema-feature.css | 2 +-
 1 file changed, 1 insertion(+), 1 deletion(-) 1 file changed, 1 insertion(+), 1 deletion(-)
Fail to update develop of lema-software
Not expected branch : refs/heads/style_tailm
Not expected branch : 
Not expected branch : refs/heads/style_tailm
Fail to update develop of lema-software
Updating 23cb5cc..d1215dc
Fast-forward
 assets/styles/lema-feature.css | 4 ++--
 1 file changed, 2 insertions(+), 2 deletions(-) 1 file changed, 2 insertions(+), 2 deletions(-)
Not expected branch : refs/heads/style_tailm
Not expected branch : 
Not expected branch : refs/heads/style_tailm
Fail to update develop of lema-software
Updating d1215dc..6181822
Fast-forward
 assets/styles/lema-feature.css | 5 +++++
 1 file changed, 5 insertions(+) 1 file changed, 5 insertions(+)
Not expected branch : refs/heads/style_tailm
Not expected branch : 
Not expected branch : refs/heads/style_tailm
Updating 6181822..11ade61
Fast-forward
 assets/styles/lema-feature.css | 6 ++++--
 1 file changed, 4 insertions(+), 2 deletions(-) 1 file changed, 4 insertions(+), 2 deletions(-)
Fail to update develop of lema-software
Not expected branch : refs/heads/style_tailm
Not expected branch : 
Not expected branch : refs/heads/style_tailm
Updating 11ade61..e7c0843
Fast-forward
 assets/styles/lema-feature.css | 5 +++++
 1 file changed, 5 insertions(+) 1 file changed, 5 insertions(+)
Fail to update develop of lema-software
Not expected branch : refs/heads/style_tailm
Not expected branch : 
Not expected branch : refs/heads/style_tailm
Updating 7386153..280aaec
Fast-forward
 .../testimonials/shortcodes/testimonial/static/css/testimonial.css  | 6 ++++++
 .../testimonials/shortcodes/testimonial/static/css/testimonial.scss | 3 +++
 2 files changed, 9 insertions(+) 2 files changed, 9 insertions(+)
Fail to update develop of education
Not expected branch : refs/heads/style_tailm
Not expected branch : 
Not expected branch : refs/heads/style_tailm
Updating e7c0843..587a0ba
Fast-forward
 assets/styles/lema-feature.css | 2 +-
 1 file changed, 1 insertion(+), 1 deletion(-) 1 file changed, 1 insertion(+), 1 deletion(-)
Fail to update develop of lema-software
Not expected branch : refs/heads/style_tailm
Not expected branch : 
Not expected branch : refs/heads/style_tailm
Updating 587a0ba..9d0aa6c
Fast-forward
 includes/classes/front/views/coursecategory/view1.php | 2 +-
 includes/classes/front/views/coursecategory/view2.php | 2 +-
 2 files changed, 2 insertions(+), 2 deletions(-) 2 files changed, 2 insertions(+), 2 deletions(-)
Fail to update develop of lema-software
Not expected branch : refs/heads/style_tailm
Not expected branch : 
Not expected branch : refs/heads/style_tailm
Updating 280aaec..ce18906
Fast-forward
 code/theme/static/css/layout.css  |  4 ++++
 code/theme/static/css/layout.scss | 11 +++++++++++
 2 files changed, 15 insertions(+) 2 files changed, 15 insertions(+)
Fail to update develop of education
Not expected branch : refs/heads/style_tailm
Not expected branch : 
Updating ce18906..e2f8fbe
Fast-forward
 code/theme/static/css/layout.css  | 4 ++++
 code/theme/static/css/layout.scss | 5 +++++
 2 files changed, 9 insertions(+) 2 files changed, 9 insertions(+)
Fail to update develop of education
Not expected branch : refs/heads/style_tailm
Not expected branch : refs/heads/style_tailm
Updating 9d0aa6c..4c0882d
Fast-forward
 .../shortcodes/FeatureBlock/FeatureBlockShortcode.php       | 13 ++++++++++---
 .../classes/shortcodes/FeatureBlock/views/blocklayout1.php  |  3 +++
 .../classes/shortcodes/FeatureBlock/views/blocklayout2.php  |  5 +++++
 3 files changed, 18 insertions(+), 3 deletions(-) 3 files changed, 18 insertions(+), 3 deletions(-)
Not expected branch : 
Updating e2f8fbe..4ae4631
Fast-forward
 code/theme/static/css/layout.css  | 2 +-
 code/theme/static/css/layout.scss | 4 +++-
 2 files changed, 4 insertions(+), 2 deletions(-) 2 files changed, 4 insertions(+), 2 deletions(-)
Fail to update develop of education
Not expected branch : refs/heads/style_tailm
Not expected branch : refs/heads/style_tailm
Not expected branch : 
Updating 4ae4631..c5c6a2b
Fast-forward
 .../teams/shortcodes/team-block/static/css/team-block.css          | 7 ++++---
 .../teams/shortcodes/team-block/static/css/team-block.scss         | 7 ++++---
 2 files changed, 8 insertions(+), 6 deletions(-) 2 files changed, 8 insertions(+), 6 deletions(-)
Not expected branch : refs/heads/style_tailm
Fail to update develop of education
Not expected branch : refs/heads/style_tailm
Not expected branch : refs/heads/style_tailm
Not expected branch : 
Not expected branch : refs/heads/style_tailm
Updating c5c6a2b..62807a6
Fast-forward
 code/theme/static/css/lema-custom.css  | 1 +
 code/theme/static/css/lema-custom.scss | 1 +
 2 files changed, 2 insertions(+) 2 files changed, 2 insertions(+)
Fail to update develop of education
Updating 4c0882d..991cfdd
Fast-forward
 includes/classes/front/views/coursedetail/view.php | 4 +---
 1 file changed, 1 insertion(+), 3 deletions(-) 1 file changed, 1 insertion(+), 3 deletions(-)
Updating 991cfdd..7ab59db
Fast-forward
 includes/classes/Hooks.php                         | 18 +++++++++++++++---
 includes/classes/front/views/coursedetail/view.php |  5 ++++-
 2 files changed, 19 insertions(+), 4 deletions(-) 2 files changed, 19 insertions(+), 4 deletions(-)
Updating 7ab59db..3ee01fd
Fast-forward
 includes/classes/front/views/coursecategory/view1.php | 14 +++++++-------
 includes/classes/front/views/coursecategory/view2.php |  2 +-
 2 files changed, 8 insertions(+), 8 deletions(-) 2 files changed, 8 insertions(+), 8 deletions(-)
Not expected branch : refs/heads/style_tailm
Not expected branch : 
Not expected branch : refs/heads/style_tailm
Updating 62807a6..a0a735f
Fast-forward
 code/theme/static/css/layout.css  | 1 +
 code/theme/static/css/layout.scss | 1 +
 2 files changed, 2 insertions(+) 2 files changed, 2 insertions(+)
Fail to update develop of education
Not expected branch : refs/heads/style_tailm
Not expected branch : 
Fail to update develop of education
Not expected branch : refs/heads/style_tailm
Updating a0a735f..4606653
Fast-forward
 code/theme/framework-customizations/theme/custom-color.php | 3 ++-
 code/theme/static/css/layout.css                           | 1 +
 code/theme/static/css/layout.scss                          | 1 +
 3 files changed, 4 insertions(+), 1 deletion(-) 3 files changed, 4 insertions(+), 1 deletion(-)
Updating a1f4c81..6b11d02
Fast-forward
 shortcodes/course/shortcodes/CourseInstructorShortcode.php | 5 ++++-
 1 file changed, 4 insertions(+), 1 deletion(-) 1 file changed, 4 insertions(+), 1 deletion(-)
Updating 4606653..3890fa6
Fast-forward
 .../extensions/lema/shortcodes/slz-shortcode-lema-course.php     | 9 ++++++++-
 1 file changed, 8 insertions(+), 1 deletion(-) 1 file changed, 8 insertions(+), 1 deletion(-)
Updating 3ee01fd..aa4d516
Fast-forward
 includes/classes/Hooks.php | 9 +++++++--
 1 file changed, 7 insertions(+), 2 deletions(-) 1 file changed, 7 insertions(+), 2 deletions(-)
Not expected branch : refs/heads/style_tailm
Not expected branch : 
Not expected branch : refs/heads/style_tailm
Updating 3890fa6..44a4ed0
Fast-forward
 code/theme/framework-customizations/theme/custom-color.php | 3 ---
 1 file changed, 3 deletions(-) 1 file changed, 3 deletions(-)
Fail to update develop of education
Not expected branch : refs/heads/style_tailm
Not expected branch : 
Not expected branch : refs/heads/style_tailm
Fail to update develop of lema-software
Updating aa4d516..c53cf5d
Fast-forward
 assets/styles/lema-feature.css | 3 +++
 1 file changed, 3 insertions(+) 1 file changed, 3 insertions(+)
Not expected branch : refs/heads/style_tailm
Not expected branch : 
Not expected branch : refs/heads/style_tailm
Updating c53cf5d..0655b46
Fast-forward
 assets/styles/lema-feature.css | 2 +-
 1 file changed, 1 insertion(+), 1 deletion(-) 1 file changed, 1 insertion(+), 1 deletion(-)
Fail to update develop of lema-software
Not expected branch : refs/heads/style_tailm
Not expected branch : refs/heads/style_tailm
Not expected branch : 
Fail to update develop of lema-software
Updating 0655b46..d56c056
Fast-forward
 assets/styles/lema-sof.css | 3 +++
 1 file changed, 3 insertions(+) 1 file changed, 3 insertions(+)
Not expected branch : refs/heads/style_tailm
Updating d56c056..e4c28e2
Fast-forward
 assets/styles/lema-cat-course-sw.css                         | 12 ++++++++++++
 .../classes/front/views/coursecategory/coursewrapper.php     |  8 +++++++-
 2 files changed, 19 insertions(+), 1 deletion(-) 2 files changed, 19 insertions(+), 1 deletion(-)
Not expected branch : refs/heads/style_tailm
Not expected branch : 
Not expected branch : refs/heads/style_tailm
Updating e4c28e2..04e38a3
Fast-forward
 assets/styles/lema-sof.css | 11 +++++++++++
 1 file changed, 11 insertions(+) 1 file changed, 11 insertions(+)
Fail to update develop of lema-software
Not expected branch : refs/heads/style_tailm
Not expected branch : 
Not expected branch : refs/heads/style_tailm
Updating 04e38a3..fe6fe23
Fast-forward
 assets/styles/lema-sof.css | 8 ++++++++
 1 file changed, 8 insertions(+) 1 file changed, 8 insertions(+)
Fail to update develop of lema-software
Not expected branch : refs/heads/style_tailm
Not expected branch : 
Fail to update develop of education
Not expected branch : refs/heads/style_tailm
Updating 44a4ed0..0ec85c2
Fast-forward
 code/theme/static/css/layout.css  | 22 ++++++++++++++++++++++
 code/theme/static/css/layout.scss | 19 +++++++++++++++++++
 2 files changed, 41 insertions(+) 2 files changed, 41 insertions(+)
Not expected branch : refs/heads/style_tailm
Not expected branch : 
Updating 0ec85c2..c1c3e29
Fast-forward
 code/theme/static/css/layout.css  | 8 ++++++--
 code/theme/static/css/layout.scss | 7 +++++--
 2 files changed, 11 insertions(+), 4 deletions(-) 2 files changed, 11 insertions(+), 4 deletions(-)
Fail to update develop of education
Not expected branch : refs/heads/style_tailm
Not expected branch : refs/heads/style_tailm
Not expected branch : 
Not expected branch : refs/heads/style_tailm
Updating fe6fe23..12d487f
Fast-forward
 assets/styles/lema-sof.css | 34 +++++++++++++---------------------
 1 file changed, 13 insertions(+), 21 deletions(-) 1 file changed, 13 insertions(+), 21 deletions(-)
Fail to update develop of lema-software
Not expected branch : refs/heads/style_tailm
Not expected branch : 
Updating 12d487f..860da21
Fast-forward
 assets/styles/lema-sof.css | 2 +-
 1 file changed, 1 insertion(+), 1 deletion(-) 1 file changed, 1 insertion(+), 1 deletion(-)
Fail to update develop of lema-software
Not expected branch : refs/heads/style_tailm
Updating 860da21..65d8057
Fast-forward
 includes/classes/front/views/coursecategory/coursewrapper.php | 3 ---
 includes/classes/front/views/coursedetail/view.php            | 2 +-
 2 files changed, 1 insertion(+), 4 deletions(-) 2 files changed, 1 insertion(+), 4 deletions(-)
Not expected branch : refs/heads/style_tailm
Not expected branch : 
Fail to update develop of lema-software
Updating 65d8057..8a76b04
Fast-forward
 assets/styles/lema-sof.css | 28 ++++++++++++++++++++++++++++
 1 file changed, 28 insertions(+) 1 file changed, 28 insertions(+)
Not expected branch : refs/heads/style_tailm
Not expected branch : refs/heads/style_tailm
Not expected branch : 
Not expected branch : refs/heads/style_tailm
Fail to update develop of lema-software
Updating 8a76b04..a903d7a
Fast-forward
 assets/styles/lema-sof.css | 10 +++++++++-
 1 file changed, 9 insertions(+), 1 deletion(-) 1 file changed, 9 insertions(+), 1 deletion(-)
Not expected branch : refs/heads/master
Updating fce720b..b7ea341
Fast-forward
 README.md             | 3 +++
 lema-subscription.php | 4 ++--
 2 files changed, 5 insertions(+), 2 deletions(-) 2 files changed, 5 insertions(+), 2 deletions(-)
Not expected branch : refs/heads/style_tailm
Not expected branch : 
Not expected branch : refs/heads/style_tailm
Fail to update develop of lema-software
Updating a903d7a..0347af9
Fast-forward
 assets/styles/lema-sof.css | 2 +-
 1 file changed, 1 insertion(+), 1 deletion(-) 1 file changed, 1 insertion(+), 1 deletion(-)
Updating 0347af9..3fab632
Fast-forward
 assets/scripts/bundle_coursedetail.js              | 35 ++++++++++++++++++++++
 includes/classes/front/views/coursedetail/view.php |  4 +--
 2 files changed, 37 insertions(+), 2 deletions(-) 2 files changed, 37 insertions(+), 2 deletions(-)
Not expected branch : refs/heads/style_tailm
Not expected branch : 
Not expected branch : refs/heads/style_tailm
Updating 3fab632..6ff2ef5
Fast-forward
 assets/styles/lema-sof.css | 8 +++-----
 1 file changed, 3 insertions(+), 5 deletions(-) 1 file changed, 3 insertions(+), 5 deletions(-)
Fail to update develop of lema-software
Not expected branch : refs/heads/style_tailm
Not expected branch : 
Not expected branch : refs/heads/style_tailm
Updating 6ff2ef5..6a63f0d
Fast-forward
 assets/styles/lema-sof.css | 1 +
 1 file changed, 1 insertion(+) 1 file changed, 1 insertion(+)
Fail to update develop of lema-software
Updating 6a63f0d..7889572
Fast-forward
 includes/classes/Hooks.php                         | 26 +++++++++++++++++++++-
 includes/classes/front/views/coursedetail/view.php |  6 +++--
 2 files changed, 29 insertions(+), 3 deletions(-) 2 files changed, 29 insertions(+), 3 deletions(-)
Not expected branch : refs/heads/style_tailm
Not expected branch : 
Not expected branch : refs/heads/style_tailm
Updating c1c3e29..96c3709
Fast-forward
 code/theme/static/css/layout.css  |  6 ++++++
 code/theme/static/css/layout.scss | 10 ++++++++++
 2 files changed, 16 insertions(+) 2 files changed, 16 insertions(+)
Already up-to-date.Already up-to-date.
Updating 7889572..b9765b0
Fast-forward
 includes/classes/Hooks.php                         | 24 ----------------------
 includes/classes/front/views/coursedetail/view.php |  7 +++----
 2 files changed, 3 insertions(+), 28 deletions(-) 2 files changed, 3 insertions(+), 28 deletions(-)
Updating 96c3709..cda22ba
Fast-forward
 code/theme/plugins/lema-subscription.zip | Bin 34129 -> 30384 bytes
 1 file changed, 0 insertions(+), 0 deletions(-) 1 file changed, 0 insertions(+), 0 deletions(-)
Updating b9765b0..66a8a32
Fast-forward
 includes/classes/front/views/coursedetail/view.php | 2 +-
 1 file changed, 1 insertion(+), 1 deletion(-) 1 file changed, 1 insertion(+), 1 deletion(-)
Not expected branch : refs/heads/style_tailm
Not expected branch : 
Not expected branch : refs/heads/style_tailm
Fail to update develop of education
Updating cda22ba..2287352
Fast-forward
 code/theme/static/css/layout.css  | 4 ++++
 code/theme/static/css/layout.scss | 3 +++
 2 files changed, 7 insertions(+) 2 files changed, 7 insertions(+)
Not expected branch : refs/heads/style_tailm
Not expected branch : 
Not expected branch : refs/heads/style_tailm
Updating 2287352..b20d3f2
Fast-forward
 .../extensions/teams/shortcodes/team-block/static/css/team-block.css     | 1 +
 .../extensions/teams/shortcodes/team-block/static/css/team-block.scss    | 1 +
 2 files changed, 2 insertions(+) 2 files changed, 2 insertions(+)
Fail to update develop of education
Not expected branch : refs/heads/style_tailm
Not expected branch : 
Fail to update develop of education
Not expected branch : refs/heads/style_tailm
Updating b20d3f2..8de0eec
Fast-forward
 .../extensions/teams/shortcodes/team-block/static/css/team-block.css    | 2 +-
 .../extensions/teams/shortcodes/team-block/static/css/team-block.scss   | 2 +-
 2 files changed, 2 insertions(+), 2 deletions(-) 2 files changed, 2 insertions(+), 2 deletions(-)
Not expected branch : refs/heads/style_tailm
Not expected branch : 
Updating 8de0eec..e0c5350
Fast-forward
 .../extensions/teams/shortcodes/team-block/static/css/team-block.css   | 3 ++-
 .../extensions/teams/shortcodes/team-block/static/css/team-block.scss  | 3 ++-
 2 files changed, 4 insertions(+), 2 deletions(-) 2 files changed, 4 insertions(+), 2 deletions(-)
Fail to update develop of education
Not expected branch : refs/heads/style_tailm
Updating 66a8a32..db926b1
Fast-forward
 includes/classes/front/views/coursedetail/view.php | 2 +-
 1 file changed, 1 insertion(+), 1 deletion(-) 1 file changed, 1 insertion(+), 1 deletion(-)
Not expected branch : refs/heads/style_tailm
Not expected branch : 
Updating e0c5350..dcdb1ca
Fast-forward
 code/theme/framework-customizations/theme/custom-color.php | 1 -
 1 file changed, 1 deletion(-) 1 file changed, 1 deletion(-)
Fail to update develop of education
Not expected branch : refs/heads/style_tailm
Not expected branch : refs/heads/style_tailm
Not expected branch : 
Not expected branch : refs/heads/style_tailm
Fail to update develop of lema-software
Updating db926b1..919dbb7
Fast-forward
 assets/styles/lema-cat-course-sw.css | 19 +++++++++++++++++++
 assets/styles/lema-sof.css           |  3 +++
 2 files changed, 22 insertions(+) 2 files changed, 22 insertions(+)
Not expected branch : refs/heads/style_tailm
Not expected branch : 
Updating 919dbb7..fe90b33
Fast-forward
 assets/styles/lema-cat-course-sw.css | 10 ++++++++++
 1 file changed, 10 insertions(+) 1 file changed, 10 insertions(+)
Fail to update develop of lema-software
Not expected branch : refs/heads/style_tailm
Not expected branch : refs/heads/style_tailm
Not expected branch : 
Updating fe90b33..54ece95
Fast-forward
 assets/styles/lema-cat-course-sw.css | 1 +
 1 file changed, 1 insertion(+) 1 file changed, 1 insertion(+)
Not expected branch : refs/heads/style_tailm
Already up-to-date.Already up-to-date.
Not expected branch : refs/heads/style_tailm
Not expected branch : 
Not expected branch : refs/heads/style_tailm
Updating 54ece95..8bf3af0
Fast-forward
 assets/styles/lema-cat-course-sw.css | 1 +
 1 file changed, 1 insertion(+) 1 file changed, 1 insertion(+)
Fail to update develop of lema-software
Not expected branch : refs/heads/duytn/hardcode
Not expected branch : refs/heads/style_tailm
Not expected branch : 
Not expected branch : refs/heads/style_tailm
Fail to update develop of lema-software
Updating 8bf3af0..b352e66
Fast-forward
 assets/styles/lema-cat-course-sw.css | 7 +++++++
 1 file changed, 7 insertions(+) 1 file changed, 7 insertions(+)
Not expected branch : refs/heads/style_tailm
Not expected branch : 
Not expected branch : refs/heads/style_tailm
Updating b352e66..5c8c175
Fast-forward
 assets/styles/lema-sof.css | 19 +++++++++++++++++++
 1 file changed, 19 insertions(+) 1 file changed, 19 insertions(+)
Fail to update develop of lema-software
Not expected branch : refs/heads/style_tailm
Not expected branch : 
Updating 5c8c175..e39fd78
Fast-forward
 assets/styles/lema-sof.css | 6 ++++++
 1 file changed, 6 insertions(+) 1 file changed, 6 insertions(+)
Not expected branch : refs/heads/style_tailm
Fail to update develop of lema-software
Not expected branch : refs/heads/style_tailm
Not expected branch : 
Updating e39fd78..680ff8b
Fast-forward
 assets/styles/lema-sof.css | 2 +-
 1 file changed, 1 insertion(+), 1 deletion(-) 1 file changed, 1 insertion(+), 1 deletion(-)
Not expected branch : refs/heads/style_tailm
Fail to update develop of lema-software
Not expected branch : refs/heads/style_tailm
Not expected branch : 
Updating 680ff8b..f8ea45d
Fast-forward
 assets/styles/lema-sof.css | 6 +++++-
 1 file changed, 5 insertions(+), 1 deletion(-) 1 file changed, 5 insertions(+), 1 deletion(-)
Fail to update develop of lema-software
Not expected branch : refs/heads/style_tailm
Not expected branch : refs/heads/style_tailm
Not expected branch : 
Not expected branch : refs/heads/style_tailm
Updating f8ea45d..6af5ffc
Fast-forward
 assets/styles/lema-sof.css | 6 ++++++
 1 file changed, 6 insertions(+) 1 file changed, 6 insertions(+)
Fail to update develop of lema-software
Updating 6af5ffc..086e571
Fast-forward
 README.md | 1 +
 1 file changed, 1 insertion(+) 1 file changed, 1 insertion(+)
Not expected branch : refs/heads/style_tailm
Not expected branch : 
Fail to update develop of education
Not expected branch : refs/heads/style_tailm
Updating dcdb1ca..b9ec61b
Fast-forward
 code/theme/static/css/layout.css  | 4 ++++
 code/theme/static/css/layout.scss | 3 +++
 2 files changed, 7 insertions(+) 2 files changed, 7 insertions(+)
Not expected branch : refs/heads/master
Updating 6b11d02..4044211
Fast-forward
 README.md       | 2 +-
 learnmaster.php | 4 ++--
 2 files changed, 3 insertions(+), 3 deletions(-) 2 files changed, 3 insertions(+), 3 deletions(-)
Not expected branch : refs/heads/thangpd/catcourse
Not expected branch : 
Not expected branch : 
Not expected branch : refs/heads/thangpd/catcourse
Fail to update develop of education
Updating b9ec61b..b7b9678
Fast-forward
 code/theme/change_log.txt | 9 ++++++++-
 1 file changed, 8 insertions(+), 1 deletion(-) 1 file changed, 8 insertions(+), 1 deletion(-)
Not expected branch : refs/heads/thangpd/catcourse
Not expected branch : refs/heads/style_tailm
Not expected branch : 
Not expected branch : refs/heads/style_tailm
Updating 086e571..156b8d9
Fast-forward
 assets/styles/lema-cat-course-sw.css | 2 +-
 1 file changed, 1 insertion(+), 1 deletion(-) 1 file changed, 1 insertion(+), 1 deletion(-)
Fail to update develop of lema-software
Not expected branch : refs/heads/master
Updating 05b6706..e7cdbd9
Fast-forward
 solazu-unyson/solazu-unyson.php | 4 ++--
 1 file changed, 2 insertions(+), 2 deletions(-) 1 file changed, 2 insertions(+), 2 deletions(-)
Not expected branch : refs/heads/style_tailm
Not expected branch : 
Updating b7b9678..c7940a3
Fast-forward
 code/theme/plugins/learnmaster.zip   | Bin 7881531 -> 5993458 bytes
 code/theme/plugins/solazu-unyson.zip | Bin 8711248 -> 8711276 bytes
 2 files changed, 0 insertions(+), 0 deletions(-) 2 files changed, 0 insertions(+), 0 deletions(-)
Not expected branch : refs/heads/master
Updating 156b8d9..e05f808
Fast-forward
 lema-software.php | 2 +-
 1 file changed, 1 insertion(+), 1 deletion(-) 1 file changed, 1 insertion(+), 1 deletion(-)
Event did not allowed
Updating c7940a3..ef97afc
Fast-forward
 code/theme/plugins/lema-software.zip | Bin 0 -> 183577 bytes
 1 file changed, 0 insertions(+), 0 deletions(-)
 create mode 100644 code/theme/plugins/lema-software.zip create mode 100644 code/theme/plugins/lema-software.zip
Not expected branch : refs/heads/master
Updating ef97afc..918756d
Fast-forward
 code/theme/style.css | 2 +-
 1 file changed, 1 insertion(+), 1 deletion(-) 1 file changed, 1 insertion(+), 1 deletion(-)
Not expected branch : refs/heads/thangpd/courseInstructor
