Not expected branch : refs/heads/style_tailm
Not expected branch : 
Not expected branch : refs/heads/style_tailm
Fail to update develop of lema-software
Updating 199aabb..17ab72f
Fast-forward
 assets/styles/lema-feature.css | 6 +++---
 1 file changed, 3 insertions(+), 3 deletions(-) 1 file changed, 3 insertions(+), 3 deletions(-)
Not expected branch : refs/heads/style_tailm
Not expected branch : refs/heads/style_tailm
Not expected branch : 
Updating 17ab72f..f2e71c6
Fast-forward
 assets/styles/lema-cat-course-sw.css               | 13 ++++++++--
 assets/styles/lema-sof.css                         | 29 +++++++++++-----------
 includes/classes/front/views/coursedetail/view.php |  2 +-
 3 files changed, 27 insertions(+), 17 deletions(-) 3 files changed, 27 insertions(+), 17 deletions(-)
Not expected branch : refs/heads/style_tailm
Already up-to-date.Already up-to-date.
Not expected branch : refs/heads/style_tailm
Not expected branch : 
Not expected branch : refs/heads/style_tailm
Fail to update develop of lema-software
Updating f2e71c6..d07e3f5
Fast-forward
 assets/styles/lema-cat-course-sw.css | 3 +++
 1 file changed, 3 insertions(+) 1 file changed, 3 insertions(+)
Not expected branch : refs/heads/style_tailm
Not expected branch : 
Updating d07e3f5..e9f7708
Fast-forward
 assets/styles/lema-feature.css | 4 +---
 1 file changed, 1 insertion(+), 3 deletions(-) 1 file changed, 1 insertion(+), 3 deletions(-)
Fail to update develop of lema-software
Not expected branch : refs/heads/style_tailm
Not expected branch : refs/heads/style_tailm
Not expected branch : 
Updating e9f7708..0011d95
Fast-forward
 assets/styles/lema-feature.css | 7 ++++---
 1 file changed, 4 insertions(+), 3 deletions(-) 1 file changed, 4 insertions(+), 3 deletions(-)
Fail to update develop of lema-software
Not expected branch : refs/heads/style_tailm
Not expected branch : refs/heads/style_tailm
Not expected branch : 
Not expected branch : refs/heads/style_tailm
Updating 0011d95..2de4227
Fast-forward
 assets/styles/lema-feature.css | 4 ++--
 1 file changed, 2 insertions(+), 2 deletions(-) 1 file changed, 2 insertions(+), 2 deletions(-)
Already up-to-date.Already up-to-date.
Not expected branch : refs/heads/style_tailm
Not expected branch : 
Not expected branch : refs/heads/style_tailm
Updating 2de4227..79d80eb
Fast-forward
 assets/styles/lema-feature.css | 4 ++--
 1 file changed, 2 insertions(+), 2 deletions(-) 1 file changed, 2 insertions(+), 2 deletions(-)
Fail to update develop of lema-software
Not expected branch : refs/heads/style_tailm
Not expected branch : 
Fail to update develop of lema-software
Not expected branch : refs/heads/style_tailm
Updating 79d80eb..1c956d0
Fast-forward
 assets/styles/lema-sof.css | 8 ++++----
 1 file changed, 4 insertions(+), 4 deletions(-) 1 file changed, 4 insertions(+), 4 deletions(-)
Not expected branch : refs/heads/style_tailm
Not expected branch : 
Updating 1c956d0..8d4e64f
Fast-forward
 assets/styles/lema-sof.css | 5 ++++-
 1 file changed, 4 insertions(+), 1 deletion(-) 1 file changed, 4 insertions(+), 1 deletion(-)
Not expected branch : refs/heads/style_tailm
Fail to update develop of lema-software
Updating 8d4e64f..69884f8
Fast-forward
 includes/classes/front/controllers/CourseCategoryController.php | 9 +++++----
 includes/classes/front/views/coursecategory/view1.php           | 2 +-
 2 files changed, 6 insertions(+), 5 deletions(-) 2 files changed, 6 insertions(+), 5 deletions(-)
Not expected branch : refs/heads/style_tailm
Not expected branch : 
Not expected branch : refs/heads/style_tailm
Fail to update develop of lema-software
Updating 69884f8..6fd791a
Fast-forward
 assets/styles/lema-sof.css | 6 ++++++
 1 file changed, 6 insertions(+) 1 file changed, 6 insertions(+)
Not expected branch : refs/heads/style_tailm
Not expected branch : 
Updating 6fd791a..a3124d5
Fast-forward
 assets/styles/lema-sof.css | 4 ++--
 1 file changed, 2 insertions(+), 2 deletions(-) 1 file changed, 2 insertions(+), 2 deletions(-)
Fail to update develop of lema-software
Not expected branch : refs/heads/style_tailm
Not expected branch : refs/heads/style_tailm
Not expected branch : 
Not expected branch : refs/heads/style_tailm
Not expected branch : 
Not expected branch : refs/heads/style_tailm
Updating a3124d5..1322371
Fast-forward
 assets/styles/lema-cat-course-sw.css | 2 +-
 assets/styles/lema-feature.css       | 3 +--
 assets/styles/lema-sof.css           | 4 ++++
 3 files changed, 6 insertions(+), 3 deletions(-) 3 files changed, 6 insertions(+), 3 deletions(-)
Fail to update develop of lema-software
Updating 1322371..e9ab206
Fast-forward
 .../front/controllers/CourseCategoryController.php    | 19 ++++++++++++++++---
 includes/classes/front/views/coursecategory/view1.php |  7 ++++++-
 includes/classes/front/views/coursecategory/view2.php |  6 +++++-
 3 files changed, 27 insertions(+), 5 deletions(-) 3 files changed, 27 insertions(+), 5 deletions(-)
Updating e9ab206..5f539de
Fast-forward
 includes/classes/front/views/coursedetail/view.php | 2 +-
 1 file changed, 1 insertion(+), 1 deletion(-) 1 file changed, 1 insertion(+), 1 deletion(-)
Updating 5f539de..5e7f832
Fast-forward
 .../front/views/coursecategory/coursewrapper.php   | 54 ++++++++++++++--------
 1 file changed, 34 insertions(+), 20 deletions(-) 1 file changed, 34 insertions(+), 20 deletions(-)
Not expected branch : refs/heads/style_tailm
Not expected branch : 
Updating 5e7f832..01cdb2a
Fast-forward
 assets/styles/lema-cat-course-sw.css | 2 +-
 1 file changed, 1 insertion(+), 1 deletion(-) 1 file changed, 1 insertion(+), 1 deletion(-)
Fail to update develop of lema-software
Not expected branch : refs/heads/style_tailm
Not expected branch : refs/heads/style_tailm
Not expected branch : 
Updating 01cdb2a..e687d3f
Fast-forward
 includes/classes/front/views/coursedetail/view.php | 294 +++++++++++----------
 1 file changed, 148 insertions(+), 146 deletions(-) 1 file changed, 148 insertions(+), 146 deletions(-)
Not expected branch : refs/heads/style_tailm
Already up-to-date.Already up-to-date.
Not expected branch : refs/heads/style_tailm
Not expected branch : 
Fail to update develop of lema-software
Updating e687d3f..c928d9e
Fast-forward
 assets/styles/lema-sof.css | 6 ++++++
 1 file changed, 6 insertions(+) 1 file changed, 6 insertions(+)
Not expected branch : refs/heads/style_tailm
Updating c928d9e..16c60c5
Fast-forward
 includes/classes/components/Helper.php                          | 6 +-----
 includes/classes/front/controllers/CourseCategoryController.php | 2 +-
 includes/classes/front/views/coursecategory/coursewrapper.php   | 2 +-
 3 files changed, 3 insertions(+), 7 deletions(-) 3 files changed, 3 insertions(+), 7 deletions(-)
Not expected branch : refs/heads/style_tailm
Not expected branch : 
Updating 16c60c5..83b3019
Fast-forward
 assets/styles/lema-sof.css | 5 ++---
 1 file changed, 2 insertions(+), 3 deletions(-) 1 file changed, 2 insertions(+), 3 deletions(-)
Not expected branch : refs/heads/style_tailm
Fail to update develop of lema-software
Already up-to-date.Already up-to-date.
Updating 83b3019..e532230
Fast-forward
 .../front/controllers/CourseCategoryController.php | 86 +++++++++++++++++-----
 .../front/views/coursecategory/coursewrapper.php   |  1 -
 .../classes/front/views/coursecategory/view1.php   |  2 +-
 3 files changed, 67 insertions(+), 22 deletions(-) 3 files changed, 67 insertions(+), 22 deletions(-)
Updating e532230..24b9beb
Fast-forward
 assets/scripts/bundle_coursedetail.js | 2 +-
 1 file changed, 1 insertion(+), 1 deletion(-) 1 file changed, 1 insertion(+), 1 deletion(-)
Not expected branch : refs/heads/style_tailm
Not expected branch : 
Updating 24b9beb..85e5d68
Fast-forward
 assets/styles/lema-sof.css | 3 +++
 1 file changed, 3 insertions(+) 1 file changed, 3 insertions(+)
Not expected branch : refs/heads/style_tailm
Fail to update develop of lema-software
Not expected branch : refs/heads/style_tailm
Not expected branch : 
Updating 85e5d68..33ed316
Fast-forward
 assets/styles/lema-sof.css | 2 +-
 1 file changed, 1 insertion(+), 1 deletion(-) 1 file changed, 1 insertion(+), 1 deletion(-)
Fail to update develop of lema-software
Not expected branch : refs/heads/style_tailm
Not expected branch : refs/heads/style_tailm
Not expected branch : 
Updating 33ed316..92e6c09
Fast-forward
 assets/styles/lema-sof.css | 6 ++++++
 1 file changed, 6 insertions(+) 1 file changed, 6 insertions(+)
Not expected branch : refs/heads/style_tailm
Fail to update develop of lema-software
Updating 92e6c09..a4daa31
Fast-forward
 includes/classes/front/views/coursecategory/coursewrapper.php | 4 ++--
 1 file changed, 2 insertions(+), 2 deletions(-) 1 file changed, 2 insertions(+), 2 deletions(-)
Updating a4daa31..ee74096
Fast-forward
 includes/classes/front/views/coursecategory/view2.php | 2 +-
 1 file changed, 1 insertion(+), 1 deletion(-) 1 file changed, 1 insertion(+), 1 deletion(-)
Updating ee74096..a7fc74c
Fast-forward
 includes/classes/front/views/coursecategory/view1.php | 2 +-
 includes/classes/front/views/coursecategory/view2.php | 2 +-
 2 files changed, 2 insertions(+), 2 deletions(-) 2 files changed, 2 insertions(+), 2 deletions(-)
Updating a7fc74c..11d6e23
Fast-forward
 includes/classes/front/views/coursecategory/view1.php | 4 ++--
 includes/classes/front/views/coursecategory/view2.php | 4 ++--
 2 files changed, 4 insertions(+), 4 deletions(-) 2 files changed, 4 insertions(+), 4 deletions(-)
Updating 11d6e23..1f1555e
Fast-forward
 includes/classes/front/views/coursecategory/view1.php | 2 +-
 includes/classes/front/views/coursecategory/view2.php | 2 +-
 2 files changed, 2 insertions(+), 2 deletions(-) 2 files changed, 2 insertions(+), 2 deletions(-)
Updating 1f1555e..3794899
Fast-forward
 includes/classes/front/views/coursedetail/view.php | 589 +++++++++++----------
 1 file changed, 298 insertions(+), 291 deletions(-) 1 file changed, 298 insertions(+), 291 deletions(-)
Not expected branch : refs/heads/style_tailm
Not expected branch : 
Fail to update develop of lema-software
Updating 3794899..2284fe8
Fast-forward
 assets/styles/lema-feature.css | 22 +++++++++++++++++++---
 1 file changed, 19 insertions(+), 3 deletions(-) 1 file changed, 19 insertions(+), 3 deletions(-)
Not expected branch : refs/heads/style_tailm
Not expected branch : 
Fail to update develop of lema-software
Updating 2284fe8..4504c47
Fast-forward
 assets/styles/lema-feature.css | 6 +++---
 1 file changed, 3 insertions(+), 3 deletions(-) 1 file changed, 3 insertions(+), 3 deletions(-)
Not expected branch : refs/heads/style_tailm
Not expected branch : 
Updating 4504c47..1bdc9fc
Fast-forward
 assets/styles/lema-feature.css | 13 +++++++------
 1 file changed, 7 insertions(+), 6 deletions(-) 1 file changed, 7 insertions(+), 6 deletions(-)
Not expected branch : refs/heads/style_tailm
Fail to update develop of lema-software
Not expected branch : refs/heads/style_tailm
Not expected branch : 
Updating 1bdc9fc..b393d8c
Fast-forward
 assets/styles/lema-feature.css | 2 +-
 1 file changed, 1 insertion(+), 1 deletion(-) 1 file changed, 1 insertion(+), 1 deletion(-)
Fail to update develop of lema-software
Not expected branch : refs/heads/style_tailm
Not expected branch : refs/heads/style_tailm
Not expected branch : 
Not expected branch : refs/heads/style_tailm
Updating b393d8c..13addc4
Fast-forward
 assets/styles/lema-feature.css | 2 +-
 1 file changed, 1 insertion(+), 1 deletion(-) 1 file changed, 1 insertion(+), 1 deletion(-)
Fail to update develop of lema-software
Not expected branch : refs/heads/style_tailm
Not expected branch : 
Updating 13addc4..416650d
Fast-forward
 assets/styles/lema-feature.css | 4 ++--
 1 file changed, 2 insertions(+), 2 deletions(-) 1 file changed, 2 insertions(+), 2 deletions(-)
Not expected branch : refs/heads/style_tailm
Already up-to-date.Already up-to-date.
Not expected branch : refs/heads/style_tailm
Not expected branch : 
Updating 416650d..a3d0251
Fast-forward
 includes/classes/shortcodes/FeatureBlock/views/blocklayout1.php | 4 ++--
 includes/classes/shortcodes/FeatureBlock/views/blocklayout2.php | 4 ++--
 2 files changed, 4 insertions(+), 4 deletions(-) 2 files changed, 4 insertions(+), 4 deletions(-)
Not expected branch : refs/heads/style_tailm
Fail to update develop of lema-software
Not expected branch : refs/heads/style_tailm
Not expected branch : 
Updating a3d0251..47b1c59
Fast-forward
 assets/styles/lema-feature.css | 6 +++---
 1 file changed, 3 insertions(+), 3 deletions(-) 1 file changed, 3 insertions(+), 3 deletions(-)
Fail to update develop of lema-software
Not expected branch : refs/heads/style_tailm
Not expected branch : refs/heads/style_tailm
Not expected branch : 
Not expected branch : refs/heads/style_tailm
Updating 47b1c59..9a811b7
Fast-forward
 assets/styles/lema-feature.css | 2 +-
 1 file changed, 1 insertion(+), 1 deletion(-) 1 file changed, 1 insertion(+), 1 deletion(-)
Fail to update develop of lema-software
Not expected branch : refs/heads/style_tailm
Not expected branch : 
Updating 9a811b7..530dcf6
Fast-forward
 assets/styles/lema-feature.css | 2 +-
 1 file changed, 1 insertion(+), 1 deletion(-) 1 file changed, 1 insertion(+), 1 deletion(-)
Not expected branch : refs/heads/style_tailm
Fail to update develop of lema-software
Not expected branch : refs/heads/style_tailm
Not expected branch : 
Updating 530dcf6..e8eb7f9
Fast-forward
 assets/styles/lema-feature.css | 2 +-
 1 file changed, 1 insertion(+), 1 deletion(-) 1 file changed, 1 insertion(+), 1 deletion(-)
Fail to update develop of lema-software
Not expected branch : refs/heads/style_tailm
Not expected branch : refs/heads/style_tailm
Not expected branch : 
Updating e8eb7f9..95f5b28
Fast-forward
 assets/styles/lema-feature.css | 6 +++---
 1 file changed, 3 insertions(+), 3 deletions(-) 1 file changed, 3 insertions(+), 3 deletions(-)
Not expected branch : refs/heads/style_tailm
Fail to update develop of lema-software
Not expected branch : refs/heads/style_tailm
Not expected branch : 
Not expected branch : refs/heads/style_tailm
Updating 95f5b28..40e2173
Fast-forward
 assets/styles/lema-feature.css | 2 +-
 1 file changed, 1 insertion(+), 1 deletion(-) 1 file changed, 1 insertion(+), 1 deletion(-)
Fail to update develop of lema-software
Not expected branch : refs/heads/thangpd/catcourse
Not expected branch : 
Fail to update develop of education
Not expected branch : refs/heads/thangpd/catcourse
Updating 8a0bf29..e6c7040
Fast-forward
 .../widgets/widgets/category-course/config.php         |  8 ++++----
 .../widgets/widgets/category-course/views/admin.php    | 18 +++++++++---------
 2 files changed, 13 insertions(+), 13 deletions(-) 2 files changed, 13 insertions(+), 13 deletions(-)
Updating 40e2173..9cf652b
Fast-forward
 includes/classes/front/views/coursedetail/view.php | 10 ++++------
 1 file changed, 4 insertions(+), 6 deletions(-) 1 file changed, 4 insertions(+), 6 deletions(-)
Not expected branch : refs/heads/style_tailm
Not expected branch : 
Updating 9cf652b..554eca0
Fast-forward
 assets/styles/lema-cat-course-sw.css | 5 ++++-
 1 file changed, 4 insertions(+), 1 deletion(-) 1 file changed, 4 insertions(+), 1 deletion(-)
Not expected branch : refs/heads/style_tailm
Fail to update develop of lema-software
Not expected branch : refs/heads/style_tailm
Not expected branch : 
Not expected branch : refs/heads/style_tailm
Fail to update develop of lema-software
Updating 554eca0..b25c571
Fast-forward
 assets/styles/lema-cat-course-sw.css | 4 ++--
 1 file changed, 2 insertions(+), 2 deletions(-) 1 file changed, 2 insertions(+), 2 deletions(-)
Not expected branch : refs/heads/style_tailm
Not expected branch : 
Not expected branch : refs/heads/style_tailm
Updating b25c571..adbc9b4
Fast-forward
 assets/styles/lema-sof.css | 7 +++++++
 1 file changed, 7 insertions(+) 1 file changed, 7 insertions(+)
Fail to update develop of lema-software
Not expected branch : refs/heads/thangpd/courseEnrolled
Not expected branch : 
Updating adbc9b4..a863c8c
Fast-forward
 includes/classes/Hooks.php | 35 +++++++++++++++++++++++++++++++++++
 1 file changed, 35 insertions(+) 1 file changed, 35 insertions(+)
Fail to update develop of learn-master
Not expected branch : refs/heads/thangpd/courseEnrolled
Updating 4044211..33cf509
Fast-forward
 shortcodes/course/CourseListEnrolledShortcode.php | 3 ++-
 1 file changed, 2 insertions(+), 1 deletion(-) 1 file changed, 2 insertions(+), 1 deletion(-)
Not expected branch : refs/heads/style_tailm
Not expected branch : 
Not expected branch : refs/heads/style_tailm
Updating a863c8c..21b3123
Fast-forward
 assets/styles/lema-feature.css                                 | 10 ++++++----
 .../classes/shortcodes/FeatureBlock/views/blocklayout1.php     |  6 +++---
 2 files changed, 9 insertions(+), 7 deletions(-) 2 files changed, 9 insertions(+), 7 deletions(-)
Fail to update develop of lema-software
Not expected branch : refs/heads/style_tailm
Not expected branch : 
Updating 21b3123..a6a43db
Fast-forward
 assets/styles/lema-feature.css | 3 +++
 1 file changed, 3 insertions(+) 1 file changed, 3 insertions(+)
Not expected branch : refs/heads/style_tailm
Already up-to-date.Already up-to-date.
Not expected branch : refs/heads/style_tailm
Not expected branch : 
Not expected branch : refs/heads/style_tailm
Updating a6a43db..060e0ec
Fast-forward
 assets/styles/lema-feature.css | 12 +++++++++---
 1 file changed, 9 insertions(+), 3 deletions(-) 1 file changed, 9 insertions(+), 3 deletions(-)
Already up-to-date.Already up-to-date.
Not expected branch : refs/heads/style_tailm
Not expected branch : 
Not expected branch : 
Not expected branch : refs/heads/style_tailm
Not expected branch : 
Fail to update develop of education
Updating e6c7040..46609f7
Fast-forward
 code/theme/static/css/lema-custom.css  | 7 ++++---
 code/theme/static/css/lema-custom.scss | 4 +++-
 2 files changed, 7 insertions(+), 4 deletions(-) 2 files changed, 7 insertions(+), 4 deletions(-)
Not expected branch : refs/heads/style_tailm
Not expected branch : refs/heads/style_tailm
Not expected branch : 
Updating 060e0ec..f2dad2d
Fast-forward
 assets/styles/lema-feature.css | 11 +++--------
 1 file changed, 3 insertions(+), 8 deletions(-) 1 file changed, 3 insertions(+), 8 deletions(-)
Not expected branch : refs/heads/style_tailm
Fail to update develop of lema-software
Not expected branch : refs/heads/style_tailm
Not expected branch : 
Not expected branch : refs/heads/style_tailm
Not expected branch : 
Updating f2dad2d..a6ea728
Fast-forward
 assets/styles/lema-sof.css | 10 ++++++++++
 1 file changed, 10 insertions(+) 1 file changed, 10 insertions(+)
Fail to update develop of lema-software
Updating a6ea728..c6f4225
Fast-forward
 includes/classes/front/views/coursedetail/view.php | 2 +-
 1 file changed, 1 insertion(+), 1 deletion(-) 1 file changed, 1 insertion(+), 1 deletion(-)
Not expected branch : refs/heads/style_tailm
Not expected branch : 
Updating c6f4225..7d5ee31
Fast-forward
 assets/styles/lema-sof.css | 2 +-
 1 file changed, 1 insertion(+), 1 deletion(-) 1 file changed, 1 insertion(+), 1 deletion(-)
Fail to update develop of lema-software
Not expected branch : refs/heads/style_tailm
Not expected branch : refs/heads/style_tailm
Not expected branch : 
Updating 7d5ee31..c4fb44f
Fast-forward
 assets/styles/lema-feature.css | 4 ++--
 1 file changed, 2 insertions(+), 2 deletions(-) 1 file changed, 2 insertions(+), 2 deletions(-)
Fail to update develop of lema-software
Not expected branch : refs/heads/style_tailm
Not expected branch : refs/heads/master
Updating c4fb44f..3d7ed3c
Fast-forward
 lema-software.php | 4 ++--
 1 file changed, 2 insertions(+), 2 deletions(-) 1 file changed, 2 insertions(+), 2 deletions(-)
Event did not allowed
Not expected branch : refs/heads/style_tailm
Not expected branch : refs/heads/style_tailm
Not expected branch : 
Updating 3d7ed3c..bd4a8ee
Fast-forward
 assets/styles/lema-feature.css                                  | 3 ++-
 includes/classes/shortcodes/FeatureBlock/views/blocklayout2.php | 6 +++---
 2 files changed, 5 insertions(+), 4 deletions(-) 2 files changed, 5 insertions(+), 4 deletions(-)
Fail to update develop of lema-software
Not expected branch : refs/heads/style_tailm
Not expected branch : refs/heads/style_tailm
Not expected branch : refs/heads/style_tailm
Updating bd4a8ee..f05d879
Fast-forward
 assets/styles/lema-feature.css | 22 ++--------------------
 1 file changed, 2 insertions(+), 20 deletions(-) 1 file changed, 2 insertions(+), 20 deletions(-)
Fail to update develop of lema-software
Not expected branch : 
Not expected branch : refs/heads/style_tailm
Not expected branch : 
Not expected branch : refs/heads/style_tailm
Updating f05d879..a86ff2e
Fast-forward
 assets/styles/lema-feature.css | 2 +-
 1 file changed, 1 insertion(+), 1 deletion(-) 1 file changed, 1 insertion(+), 1 deletion(-)
Fail to update develop of lema-software
Not expected branch : refs/heads/style_tailm
Not expected branch : 
Updating a86ff2e..0f2f014
Fast-forward
 assets/styles/lema-feature.css | 18 ------------------
 1 file changed, 18 deletions(-) 1 file changed, 18 deletions(-)
Fail to update develop of lema-software
Not expected branch : refs/heads/style_tailm
Not expected branch : refs/heads/style_tailm
Not expected branch : refs/heads/style_tailm
Not expected branch : refs/heads/style_tailm
Not expected branch : 
Not expected branch : refs/heads/style_tailm
Updating 0f2f014..3bb44a7
Fast-forward
 assets/styles/lema-feature.css | 20 ++++++++++----------
 1 file changed, 10 insertions(+), 10 deletions(-) 1 file changed, 10 insertions(+), 10 deletions(-)
Fail to update develop of lema-software
Not expected branch : refs/heads/style_tailm
Not expected branch : 
Fail to update develop of lema-software
Updating 3bb44a7..acc103b
Fast-forward
 assets/styles/lema-sof.css | 17 +++++++++++++++--
 1 file changed, 15 insertions(+), 2 deletions(-) 1 file changed, 15 insertions(+), 2 deletions(-)
Not expected branch : refs/heads/style_tailm
Not expected branch : refs/heads/style_tailm
Not expected branch : 
Updating acc103b..bb9cb3f
Fast-forward
 assets/styles/lema-sof.css | 3 +--
 1 file changed, 1 insertion(+), 2 deletions(-) 1 file changed, 1 insertion(+), 2 deletions(-)
Not expected branch : refs/heads/style_tailm
Already up-to-date.Already up-to-date.
Not expected branch : refs/heads/master
Updating 33cf509..24e9eac
Fast-forward
 learnmaster.php | 8 ++++----
 1 file changed, 4 insertions(+), 4 deletions(-) 1 file changed, 4 insertions(+), 4 deletions(-)
Not expected branch : refs/heads/master
Updating 46609f7..0d864e6
Fast-forward
 code/theme/style.css | 2 +-
 1 file changed, 1 insertion(+), 1 deletion(-) 1 file changed, 1 insertion(+), 1 deletion(-)
