Not expected branch : refs/heads/thangpd/postsetting
Fail to update develop of education
Updating e842960..a56bdfd
Fast-forward
 .../extensions/services/static/js/slz-services-js.js                  | 4 +++-
 1 file changed, 3 insertions(+), 1 deletion(-) 1 file changed, 3 insertions(+), 1 deletion(-)
Not expected branch : refs/heads/style_tailm
Not expected branch : refs/heads/thangpd/portfolio
Not expected branch : 
Not expected branch : 
Not expected branch : 
Not expected branch : 
Not expected branch : 
Not expected branch : 
Not expected branch : 
Not expected branch : refs/heads/thangpd/scContact
Not expected branch : 
Not expected branch : refs/heads/thangpd/portfolio
Fail to update develop of education
Updating a56bdfd..05a5c37
Fast-forward
 .../extensions/portfolio/views/related-item.php             | 13 +++++++------
 .../theme/options/post-settings.php                         |  4 ++--
 2 files changed, 9 insertions(+), 8 deletions(-) 2 files changed, 9 insertions(+), 8 deletions(-)
Not expected branch : refs/heads/thangpd/scContact
Updating 05a5c37..b3eacd0
Fast-forward
 .../extensions/shortcodes/shortcodes/contact/config.php        |  1 +
 .../extensions/shortcodes/shortcodes/contact/vc_options.php    | 10 ++++++++++
 .../shortcodes/shortcodes/contact/views/layout-3.php           |  6 ++++++
 3 files changed, 17 insertions(+) 3 files changed, 17 insertions(+)
Fail to update develop of education
Not expected branch : refs/heads/style_tailm
Not expected branch : refs/heads/thangpd/scContact
Not expected branch : 
Not expected branch : 
Not expected branch : refs/heads/style_tailm
Not expected branch : 
Updating b3eacd0..72d1374
Fast-forward
 .../shortcodes/contact/static/css/contact.css           | 17 +++++++++++++++++
 .../shortcodes/contact/static/css/contact.scss          | 15 +++++++++++++++
 .../framework-customizations/theme/custom-color.php     |  3 +++
 3 files changed, 35 insertions(+) 3 files changed, 35 insertions(+)
Fail to update develop of education
Not expected branch : refs/heads/style_tailm
Not expected branch : refs/heads/thangpd/scContact
Updating 72d1374..01444ed
Fast-forward
 .../extensions/shortcodes/shortcodes/contact/views/layout-1.php     | 6 ++++++
 .../extensions/shortcodes/shortcodes/contact/views/layout-2.php     | 6 ++++++
 2 files changed, 12 insertions(+) 2 files changed, 12 insertions(+)
Fail to update develop of education
Not expected branch : refs/heads/style_tailm
Not expected branch : 
Not expected branch : refs/heads/style_tailm
Updating 01444ed..41d8652
Fast-forward
 .../testimonials/shortcodes/testimonial/static/css/testimonial.css | 4 ++++
 .../shortcodes/testimonial/static/css/testimonial.scss             | 7 +++++++
 2 files changed, 11 insertions(+) 2 files changed, 11 insertions(+)
Fail to update develop of education
Not expected branch : refs/heads/master
Updating c1477e0..05b6706
Fast-forward
 solazu-unyson/solazu-unyson.php | 2 +-
 1 file changed, 1 insertion(+), 1 deletion(-) 1 file changed, 1 insertion(+), 1 deletion(-)
Not expected branch : refs/heads/style_tailm
Not expected branch : 
Not expected branch : refs/heads/style_tailm
Updating 41d8652..3e742a5
Fast-forward
 .../extensions/shortcodes/shortcodes/contact/static/css/contact.css  | 5 ++++-
 .../extensions/shortcodes/shortcodes/contact/static/css/contact.scss | 4 +++-
 2 files changed, 7 insertions(+), 2 deletions(-) 2 files changed, 7 insertions(+), 2 deletions(-)
Fail to update develop of education
Not expected branch : refs/heads/master
Not expected branch : refs/heads/master
Updating d5a0306..0c86f40
Fast-forward
 README.md       | 2 +-
 learnmaster.php | 4 ++--
 2 files changed, 3 insertions(+), 3 deletions(-) 2 files changed, 3 insertions(+), 3 deletions(-)
Not expected branch : refs/heads/thangpd/addcartshortcode
Not expected branch : 
Updating 3e742a5..7e94f37
Fast-forward
 code/theme/plugins/learnmaster.zip | Bin 6258977 -> 7881531 bytes
 1 file changed, 0 insertions(+), 0 deletions(-) 1 file changed, 0 insertions(+), 0 deletions(-)
Not expected branch : refs/heads/thangpd/changelog
Not expected branch : 
Updating 7e94f37..e7e6ead
Fast-forward
 code/theme/plugins/solazu-unyson.zip | Bin 8711248 -> 8711248 bytes
 1 file changed, 0 insertions(+), 0 deletions(-) 1 file changed, 0 insertions(+), 0 deletions(-)
Not expected branch : 
Not expected branch : refs/heads/thangpd/changelog
Not expected branch : 
Updating e7e6ead..2b8d25c
Fast-forward
 code/theme/change_log.txt                          | 23 +++++++++++++++++++++-
 .../shortcodes/testimonial/views/layout-2.php      |  2 +-
 .../theme/views/change-log.php                     | 11 +++++++++++
 3 files changed, 34 insertions(+), 2 deletions(-) 3 files changed, 34 insertions(+), 2 deletions(-)
Fail to update develop of education
Not expected branch : refs/heads/thangpd/changelog
Not expected branch : refs/heads/master
Updating 2b8d25c..01a2928
Fast-forward
 code/theme/change_log.txt | 2 +-
 code/theme/style.css      | 2 +-
 2 files changed, 2 insertions(+), 2 deletions(-) 2 files changed, 2 insertions(+), 2 deletions(-)
Not expected branch : refs/heads/master
Not expected branch : 
