Not expected branch : refs/heads/software
Not expected branch : 
Not expected branch : refs/heads/software
Fail to update develop of education
Updating 0d864e6..6ee45fa
Fast-forward
 .../framework-customizations/theme/manifest.php    |  37 +++++++++++++++++++++
 .../img/demo-images/educhain_software_academy.png  | Bin 0 -> 71887 bytes
 .../preview_educhain_software_academy.png          | Bin 0 -> 441123 bytes
 3 files changed, 37 insertions(+)
 create mode 100644 code/theme/static/img/demo-images/educhain_software_academy.png
 create mode 100644 code/theme/static/img/demo-images/preview_educhain_software_academy.png create mode 100644 code/theme/static/img/demo-images/preview_educhain_software_academy.png
Not expected branch : refs/heads/master
Updating 6ee45fa..364680b
Fast-forward
 code/theme/style.css | 2 +-
 1 file changed, 1 insertion(+), 1 deletion(-) 1 file changed, 1 insertion(+), 1 deletion(-)
Updating 364680b..7707cf7
Fast-forward
 code/theme/plugins/lema-software.zip | Bin 172702 -> 731601 bytes
 1 file changed, 0 insertions(+), 0 deletions(-) 1 file changed, 0 insertions(+), 0 deletions(-)
Not expected branch : refs/heads/master
Updating 7707cf7..8624517
Fast-forward
 code/theme/style.css | 2 +-
 1 file changed, 1 insertion(+), 1 deletion(-) 1 file changed, 1 insertion(+), 1 deletion(-)
Not expected branch : refs/heads/style_tailm
Not expected branch : refs/heads/style_tailm
Not expected branch : 
Not expected branch : refs/heads/style_tailm
Updating bb9cb3f..18c156e
Fast-forward
 assets/styles/lema-sof.css | 21 +++++++++++++++++++--
 1 file changed, 19 insertions(+), 2 deletions(-) 1 file changed, 19 insertions(+), 2 deletions(-)
Fail to update develop of lema-software
Not expected branch : refs/heads/style_tailm
Not expected branch : 
Not expected branch : refs/heads/style_tailm
Updating 18c156e..ffd2fb8
Fast-forward
 assets/styles/lema-sof.css | 1 -
 1 file changed, 1 deletion(-) 1 file changed, 1 deletion(-)
Already up-to-date.Already up-to-date.
Not expected branch : refs/heads/style_tailm
Not expected branch : 
Updating ffd2fb8..5968d23
Fast-forward
 assets/styles/lema-sof.css | 3 ---
 1 file changed, 3 deletions(-) 1 file changed, 3 deletions(-)
Fail to update develop of lema-software
Not expected branch : refs/heads/style_tailm
Not expected branch : refs/heads/style_tailm
Not expected branch : 
Updating 5968d23..5b97e08
Fast-forward
 assets/styles/lema-sof.css | 4 ++--
 1 file changed, 2 insertions(+), 2 deletions(-) 1 file changed, 2 insertions(+), 2 deletions(-)
Fail to update develop of lema-software
Not expected branch : refs/heads/style_tailm
Not expected branch : refs/heads/style_tailm
Not expected branch : 
Updating 5b97e08..ec47ab7
Fast-forward
 assets/styles/lema-sof.css | 1 -
 1 file changed, 1 deletion(-) 1 file changed, 1 deletion(-)
Fail to update develop of lema-software
Not expected branch : refs/heads/style_tailm
Not expected branch : refs/heads/style_tailm
Not expected branch : refs/heads/style_tailm
Not expected branch : 
Updating ec47ab7..01dbba0
Fast-forward
 assets/styles/lema-feature.css | 2 +-
 assets/styles/lema-sof.css     | 2 +-
 2 files changed, 2 insertions(+), 2 deletions(-) 2 files changed, 2 insertions(+), 2 deletions(-)
Not expected branch : refs/heads/style_tailm
Fail to update develop of lema-software
Updating 01dbba0..0026059
Fast-forward
 includes/classes/front/views/coursedetail/view.php | 4 +++-
 1 file changed, 3 insertions(+), 1 deletion(-) 1 file changed, 3 insertions(+), 1 deletion(-)
Not expected branch : refs/heads/master
Updating 0026059..008cab8
Fast-forward
 lema-software.php | 2 +-
 1 file changed, 1 insertion(+), 1 deletion(-) 1 file changed, 1 insertion(+), 1 deletion(-)
Event did not allowed
Updating 8624517..5a6f08b
Fast-forward
 code/theme/plugins/lema-software.zip | Bin 731601 -> 200519 bytes
 1 file changed, 0 insertions(+), 0 deletions(-) 1 file changed, 0 insertions(+), 0 deletions(-)
Not expected branch : refs/heads/master
Updating 5a6f08b..15943e3
Fast-forward
 code/theme/style.css | 2 +-
 1 file changed, 1 insertion(+), 1 deletion(-) 1 file changed, 1 insertion(+), 1 deletion(-)
Updating 15943e3..e21b6d4
Fast-forward
 .../extensions/lema/shortcodes/slz-shortcode-lema-category-list.php     | 2 ++
 1 file changed, 2 insertions(+) 1 file changed, 2 insertions(+)
Updating e21b6d4..35fca5c
Fast-forward
 .../extensions/lema/shortcodes/slz-shortcode-lema-category-list.php     | 2 ++
 1 file changed, 2 insertions(+) 1 file changed, 2 insertions(+)
Updating 008cab8..3dbb70c
Fast-forward
 assets/styles/lema-sof.css | 4 ++--
 1 file changed, 2 insertions(+), 2 deletions(-) 1 file changed, 2 insertions(+), 2 deletions(-)
Not expected branch : refs/heads/style_tailm
Updating 35fca5c..4ec6e44
Fast-forward
 .../extensions/lema/shortcodes/slz-shortcode-lema-category-list.php     | 2 +-
 1 file changed, 1 insertion(+), 1 deletion(-) 1 file changed, 1 insertion(+), 1 deletion(-)
Updating 4ec6e44..2a123dd
Fast-forward
 .../slz-shortcode-lema-category-list.php           | 42 ++++++++++------------
 ...{la-united-states.php => la-united-kingdom.php} |  0
 2 files changed, 19 insertions(+), 23 deletions(-)
 rename code/theme/framework-customizations/extensions/lema/shortcodes/views/lema_category_list/{la-united-states.php => la-united-kingdom.php} (100%) rename code/theme/framework-customizations/extensions/lema/shortcodes/views/lema_category_list/{la-united-states.php => la-united-kingdom.php} (100%)
Not expected branch : refs/heads/style_tailm
Not expected branch : refs/heads/style_tailm
Updating 2a123dd..e103338
Fast-forward
 .../extensions/lema/shortcodes/slz-shortcode-lema-category-list.php   | 4 ++--
 1 file changed, 2 insertions(+), 2 deletions(-) 1 file changed, 2 insertions(+), 2 deletions(-)
Not expected branch : refs/heads/style_tailm
Not expected branch : refs/heads/style_tailm
Not expected branch : refs/heads/master
Updating 3dbb70c..e87014a
Fast-forward
 lema-software.php | 2 +-
 1 file changed, 1 insertion(+), 1 deletion(-) 1 file changed, 1 insertion(+), 1 deletion(-)
Event did not allowed
Not expected branch : refs/heads/style_tailm
Not expected branch : 
Fail to update develop of education
Updating e103338..3d91133
Fast-forward
 code/theme/static/css/lema-custom.css  | 172 ++++++++++++++++++++++---------
 code/theme/static/css/lema-custom.scss | 182 +++++++++++++++++++++------------
 2 files changed, 239 insertions(+), 115 deletions(-) 2 files changed, 239 insertions(+), 115 deletions(-)
Not expected branch : refs/heads/style_tailm
Not expected branch : refs/heads/style_tailm
Not expected branch : 
Updating 3d91133..08af103
Fast-forward
 code/theme/framework-customizations/theme/custom-color.php | 4 +++-
 1 file changed, 3 insertions(+), 1 deletion(-) 1 file changed, 3 insertions(+), 1 deletion(-)
Fail to update develop of education
Not expected branch : refs/heads/style_tailm
Not expected branch : refs/heads/style_tailm
Not expected branch : 
Fail to update develop of education
Updating 08af103..b27396c
Fast-forward
 code/theme/framework-customizations/theme/custom-color.php | 3 +++
 1 file changed, 3 insertions(+) 1 file changed, 3 insertions(+)
Not expected branch : refs/heads/style_tailm
Not expected branch : 
Updating b27396c..9374c6c
Fast-forward
 code/theme/static/css/layout.css       | 4 ++++
 code/theme/static/css/layout.scss      | 9 +++++++++
 code/theme/static/css/lema-custom.css  | 9 +++++++++
 code/theme/static/css/lema-custom.scss | 4 +++-
 4 files changed, 25 insertions(+), 1 deletion(-) 4 files changed, 25 insertions(+), 1 deletion(-)
Not expected branch : refs/heads/style_tailm
Not expected branch : refs/heads/style_tailm
Not expected branch : refs/heads/style_tailm
Not expected branch : 
Updating 9374c6c..6250e6b
Fast-forward
 code/theme/static/css/lema-custom.css  | 1 +
 code/theme/static/css/lema-custom.scss | 1 +
 2 files changed, 2 insertions(+) 2 files changed, 2 insertions(+)
Not expected branch : refs/heads/style_tailm
Already up-to-date.Already up-to-date.
Not expected branch : refs/heads/style_tailm
Not expected branch : 
Updating 6250e6b..06fc513
Fast-forward
 code/theme/static/css/lema-custom.css  | 6 +++---
 code/theme/static/css/lema-custom.scss | 6 +++---
 2 files changed, 6 insertions(+), 6 deletions(-) 2 files changed, 6 insertions(+), 6 deletions(-)
Fail to update develop of education
Not expected branch : refs/heads/style_tailm
Not expected branch : refs/heads/style_tailm
Not expected branch : 
Fail to update develop of education
Updating 06fc513..7c332d2
Fast-forward
 code/theme/static/css/lema-custom.css  | 16 ++++++++++++++++
 code/theme/static/css/lema-custom.scss | 10 ++++++++++
 2 files changed, 26 insertions(+) 2 files changed, 26 insertions(+)
Not expected branch : refs/heads/style_tailm
Not expected branch : refs/heads/style_tailm
Not expected branch : refs/heads/style_tailm
Not expected branch : 
Updating 7c332d2..db985fa
Fast-forward
 code/theme/static/css/educhain-components.css | 12 +-----------
 code/theme/static/css/lema-custom.css         | 27 +++++++++++++++++++++++++++
 code/theme/static/css/lema-custom.scss        | 25 ++++++++++++++++++++++++-
 3 files changed, 52 insertions(+), 12 deletions(-) 3 files changed, 52 insertions(+), 12 deletions(-)
Fail to update develop of education
Not expected branch : refs/heads/style_tailm
Not expected branch : refs/heads/style_tailm
Not expected branch : 
Updating db985fa..c684669
Fast-forward
 code/theme/static/css/lema-custom.css | 2 +-
 1 file changed, 1 insertion(+), 1 deletion(-) 1 file changed, 1 insertion(+), 1 deletion(-)
Not expected branch : refs/heads/style_tailm
Fail to update develop of education
Not expected branch : refs/heads/style_tailm
Not expected branch : 
Updating c684669..75beb3e
Fast-forward
 code/theme/static/css/lema-custom.css  | 6 +++---
 code/theme/static/css/lema-custom.scss | 2 +-
 2 files changed, 4 insertions(+), 4 deletions(-) 2 files changed, 4 insertions(+), 4 deletions(-)
Fail to update develop of education
Not expected branch : refs/heads/style_tailm
Not expected branch : refs/heads/style_tailm
Not expected branch : 
Updating 75beb3e..48683a1
Fast-forward
 code/theme/static/css/layout.css  | 2 +-
 code/theme/static/css/layout.scss | 2 +-
 2 files changed, 2 insertions(+), 2 deletions(-) 2 files changed, 2 insertions(+), 2 deletions(-)
Fail to update develop of education
Not expected branch : refs/heads/style_tailm
Not expected branch : refs/heads/style_tailm
Not expected branch : 
Updating 48683a1..5c01586
Fast-forward
 code/theme/static/css/lema-custom.css  | 2 ++
 code/theme/static/css/lema-custom.scss | 2 ++
 2 files changed, 4 insertions(+) 2 files changed, 4 insertions(+)
Fail to update develop of education
Not expected branch : refs/heads/style_tailm
Not expected branch : refs/heads/style_tailm
Not expected branch : 
Updating 5c01586..892bc59
Fast-forward
 code/theme/static/css/lema-custom.css  | 2 ++
 code/theme/static/css/lema-custom.scss | 2 ++
 2 files changed, 4 insertions(+) 2 files changed, 4 insertions(+)
Fail to update develop of education
Not expected branch : refs/heads/style_tailm
Not expected branch : refs/heads/master
Updating 892bc59..1bf1cda
Fast-forward
 code/theme/style.css | 2 +-
 1 file changed, 1 insertion(+), 1 deletion(-) 1 file changed, 1 insertion(+), 1 deletion(-)
Updating 1bf1cda..bd77300
Fast-forward
 code/theme/plugins/lema-software.zip | Bin 200519 -> 200529 bytes
 1 file changed, 0 insertions(+), 0 deletions(-) 1 file changed, 0 insertions(+), 0 deletions(-)
Not expected branch : refs/heads/master
Updating bd77300..d887155
Fast-forward
 code/theme/style.css | 2 +-
 1 file changed, 1 insertion(+), 1 deletion(-) 1 file changed, 1 insertion(+), 1 deletion(-)
Not expected branch : refs/heads/master
Updating d887155..52495c1
Fast-forward
 code/theme/plugins/lema-software.zip | Bin 200529 -> 200479 bytes
 code/theme/style.css                 |   2 +-
 2 files changed, 1 insertion(+), 1 deletion(-) 2 files changed, 1 insertion(+), 1 deletion(-)
Not expected branch : refs/heads/style_tailm
Not expected branch : 
Updating 52495c1..f143fc5
Fast-forward
 code/theme/framework-customizations/theme/custom-color.php | 2 +-
 1 file changed, 1 insertion(+), 1 deletion(-) 1 file changed, 1 insertion(+), 1 deletion(-)
Not expected branch : refs/heads/style_tailm
Fail to update develop of education
Not expected branch : refs/heads/style_tailm
Not expected branch : 
Updating f143fc5..d68ee44
Fast-forward
 code/theme/framework-customizations/theme/custom-color.php | 2 +-
 1 file changed, 1 insertion(+), 1 deletion(-) 1 file changed, 1 insertion(+), 1 deletion(-)
Fail to update develop of education
Not expected branch : refs/heads/style_tailm
Not expected branch : refs/heads/style_tailm
Not expected branch : 
Not expected branch : refs/heads/style_tailm
Fail to update develop of education
Updating d68ee44..9f604f8
Fast-forward
 code/theme/framework-customizations/theme/custom-color.php | 3 ++-
 1 file changed, 2 insertions(+), 1 deletion(-) 1 file changed, 2 insertions(+), 1 deletion(-)
Not expected branch : refs/heads/style_tailm
Not expected branch : 
Fail to update develop of education
Updating 9f604f8..daf2815
Fast-forward
 code/theme/framework-customizations/theme/custom-color.php | 2 +-
 1 file changed, 1 insertion(+), 1 deletion(-) 1 file changed, 1 insertion(+), 1 deletion(-)
