Updating 4b7b721..f633639
Fast-forward
 code/404.php                                       |  22 +-
 code/archive.php                                   |  24 +-
 code/author.php                                    |  24 +-
 code/category.php                                  |  24 +-
 code/comments.php                                  |  16 +-
 code/default-templates/article.php                 |  16 +-
 code/default-templates/footer.php                  |   2 +-
 code/default-templates/no-content.php              |  10 +-
 code/default-templates/page.php                    |  22 +-
 code/default-templates/single.php                  |  16 +-
 code/footer.php                                    |  40 ++--
 .../extensions/shortcodes/hooks.php                |  10 +-
 .../shortcodes/shortcodes/button/config.php        |  12 +-
 .../shortcodes/button/options/layout-1.php         |   8 +-
 .../shortcodes/button/options/layout-4.php         |  10 +-
 .../shortcodes/shortcodes/button/vc_options.php    |  96 ++++----
 .../shortcodes/button/views/layout-2.php           |   2 +-
 .../shortcodes/shortcodes/count-down/config.php    |   4 +-
 .../shortcodes/count-down/vc_options.php           |  62 ++---
 .../shortcodes/count-down/views/view.php           |   8 +-
 .../shortcodes/main-title/vc_options.php           |  90 +++----
 .../shortcodes/progress-bar/options/layout-1.php   |  72 +++---
 .../shortcodes/shortcodes/progress-bar/static.php  |   2 +-
 .../progress-bar/static/css/progress-bar.scss      |   2 +-
 .../shortcodes/progress-bar/views/view.php         |   2 +-
 .../extensions/widgets/hooks.php                   |   6 +-
 .../extensions/widgets/widgets/button/config.php   |  12 +-
 .../extensions/widgets/widgets/button/options.php  |  22 +-
 .../widgets/widgets/category-course/config.php     |   8 +-
 .../widgets/category-course/views/admin.php        |  18 +-
 .../widgets/widgets/category/views/admin.php       |  20 +-
 .../extensions/widgets/widgets/partner/config.php  |  12 +-
 .../extensions/widgets/widgets/partner/options.php |   8 +-
 .../widgets/widgets/recent-post/config.php         |  16 +-
 .../widgets/widgets/recent-post/views/admin.php    |   6 +-
 .../theme/available-extensions.php                 |   2 +-
 .../theme/class-welcome.php                        |  10 +-
 code/framework-customizations/theme/config.php     |  46 ++--
 code/framework-customizations/theme/manifest.php   |  38 +--
 .../theme/options/advertisement-settings.php       |  48 ++--
 .../theme/options/custom-scripts.php               |   8 +-
 .../theme/options/custom-styles.php                |   8 +-
 .../theme/options/footer-options.php               |  42 ++--
 .../theme/options/footer-settings.php              |   8 +-
 .../theme/options/general-settings.php             | 206 ++++++++--------
 .../theme/options/header-settings.php              |   8 +-
 .../theme/options/import-export.php                |  12 +-
 .../theme/options/page-404-settings.php            |  26 +-
 .../theme/options/page-boxed-layout.php            |  50 ++--
 .../theme/options/page-header-settings.php         | 116 ++++-----
 .../theme/options/page-options.php                 |  64 ++---
 .../theme/options/post-settings.php                | 250 +++++++++----------
 .../theme/options/posts/page.php                   |  96 ++++----
 .../theme/options/posts/post.php                   |  66 ++---
 .../theme/options/posts/product.php                |  26 +-
 .../theme/options/posts/slz-portfolio.php          |  34 +--
 .../theme/options/posts/slz-service.php            |  34 +--
 .../theme/options/posts/slz-team.php               |  34 +--
 .../theme/options/settings.php                     |   2 +-
 .../theme/options/speed-optimize.php               | 232 +++++++++---------
 .../theme/options/taxonomies/category.php          |  28 +--
 .../theme/options/template-settings.php            | 172 ++++++-------
 .../theme/options/theme-requirements.php           | 238 +++++++++---------
 .../theme/options/typography.php                   |  56 ++---
 .../theme/views/article.php                        |   2 +-
 .../theme/views/change-log.php                     |   8 +-
 .../theme/views/welcome-header.php                 |  20 +-
 .../theme/views/welcome.php                        |  26 +-
 code/functions.php                                 |  10 +-
 code/header-none.php                               |   2 +-
 code/header.php                                    |  36 +--
 code/includes/backend-static.php                   |  18 +-
 code/includes/class-breadcrumb.php                 |  18 +-
 code/includes/class-editor-format.php              |  52 ++--
 code/includes/class-tgm-plugin-activation.php      | 190 +++++++--------
 code/includes/constants.php                        |  28 +--
 code/includes/helpers.php                          | 266 ++++++++++-----------
 code/includes/hooks.php                            | 174 +++++++-------
 code/includes/implement-options.php                |  48 ++--
 code/includes/init.php                             |   6 +-
 code/includes/menus.php                            |  14 +-
 code/includes/static.php                           |  74 +++---
 code/index.php                                     |  22 +-
 code/library.scss                                  |   2 +-
 code/package-lock.json                             |   6 +-
 code/page-shortcode.php                            |   2 +-
 code/page.php                                      |   2 +-
 code/readme.txt                                    |   4 +-
 code/search.php                                    |  24 +-
 code/searchform.php                                |  36 +--
 code/single.php                                    |   6 +-
 code/static/js/custom.js                           |   6 +-
 code/static/js/main.js                             |  22 +-
 code/static/js/starter-theme-woocommerce.js        |   6 +-
 .../node_modules/crypto-random-string/index.js     |   4 +-
 .../node_modules/crypto-random-string/package.json |  28 +--
 .../node_modules/crypto-random-string/readme.md    |  12 +-
 code/static/node_modules/got/readme.md             |   4 +-
 code/static/node_modules/is-retry-allowed/index.js |   2 +-
 .../readable-stream/lib/_stream_readable.js        |   2 +-
 .../readable-stream/lib/_stream_writable.js        |   2 +-
 code/static/node_modules/unique-string/index.js    |   4 +-
 .../static/node_modules/unique-string/package.json |   2 +-
 code/static/node_modules/unique-string/readme.md   |   2 +-
 code/style.css                                     |   8 +-
 code/tag.php                                       |  24 +-
 code/woocommerce/archive-product.php               |  12 +-
 code/woocommerce/single-product.php                |  12 +-
 108 files changed, 1966 insertions(+), 1966 deletions(-) 108 files changed, 1966 insertions(+), 1966 deletions(-)
