Not expected branch : refs/heads/phatnm
Not expected branch : refs/heads/thuong/sc-teams-block
Not expected branch : 
Updating 0a36de7..d320d09
Fast-forward
 .../shortcodes/cryptoio/static/js/cryptoio-chart.js        |  4 +---
 code/framework-customizations/extensions/headers/hooks.php | 14 ++++++++++++++
 2 files changed, 15 insertions(+), 3 deletions(-)
 create mode 100644 code/framework-customizations/extensions/headers/hooks.php create mode 100644 code/framework-customizations/extensions/headers/hooks.php
Not expected branch : refs/heads/phatnm
Updating d320d09..a2f1b5b
Fast-forward
 code/includes/hooks.php                            | 456 +++++++++++----------
 .../cryptoio/class-slz-extension-cryptoio.php      |   0
 .../framework}/extensions/cryptoio/helpers.php     |   0
 .../framework}/extensions/cryptoio/manifest.php    |   4 +-
 .../charts/class-slz-shortcode-charts.php          |   0
 .../cryptoio/shortcodes/charts/config.php          |  10 +-
 .../cryptoio/shortcodes/charts/static.php          |   0
 .../shortcodes/charts/static/js/slz-charts.js      |   0
 .../cryptoio/shortcodes/charts/vc_options.php      |  62 +--
 .../cryptoio/shortcodes/charts/views/view.php      |   0
 .../cryptoio/class-slz-shortcode-cryptoio.php      |   0
 .../cryptoio/shortcodes/cryptoio/config.php        |   0
 .../cryptoio/shortcodes/cryptoio/static.php        |   2 +-
 .../cryptoio/static/js/cryptoio-chart.js           |   0
 .../cryptoio/shortcodes/cryptoio/vc_options.php    |  36 +-
 .../cryptoio/shortcodes/cryptoio/views/view.php    |   0
 .../class-slz-shortcode-cryptoio_category.php      |   0
 .../shortcodes/cryptoio_category/config.php        |   0
 .../shortcodes/cryptoio_category/static.php        |   0
 .../static/css/crypto_category.css                 |   0
 .../shortcodes/cryptoio_category/vc_options.php    |  10 +-
 .../shortcodes/cryptoio_category/views/view.php    |   0
 .../framework}/extensions/cryptoio/static.php      |   0
 .../extensions/cryptoio/static/img/cryptoio.jpg    | Bin
 .../extensions/faq/class-slz-extension-faq.php     |  40 +-
 .../services/class-slz-extension-services.php      | 117 +++---
 .../extensions/teams/class-slz-extension-teams.php |  21 +-
 .../class-slz-extension-testimonials.php           |  20 +-
 28 files changed, 431 insertions(+), 347 deletions(-)
 rename {code/framework-customizations => plugin/solazu-unyson/framework}/extensions/cryptoio/class-slz-extension-cryptoio.php (100%)
 rename {code/framework-customizations => plugin/solazu-unyson/framework}/extensions/cryptoio/helpers.php (100%)
 rename {code/framework-customizations => plugin/solazu-unyson/framework}/extensions/cryptoio/manifest.php (71%)
 rename {code/framework-customizations => plugin/solazu-unyson/framework}/extensions/cryptoio/shortcodes/charts/class-slz-shortcode-charts.php (100%)
 rename {code/framework-customizations => plugin/solazu-unyson/framework}/extensions/cryptoio/shortcodes/charts/config.php (78%)
 rename {code/framework-customizations => plugin/solazu-unyson/framework}/extensions/cryptoio/shortcodes/charts/static.php (100%)
 rename {code/framework-customizations => plugin/solazu-unyson/framework}/extensions/cryptoio/shortcodes/charts/static/js/slz-charts.js (100%)
 rename {code/framework-customizations => plugin/solazu-unyson/framework}/extensions/cryptoio/shortcodes/charts/vc_options.php (57%)
 rename {code/framework-customizations => plugin/solazu-unyson/framework}/extensions/cryptoio/shortcodes/charts/views/view.php (100%)
 rename {code/framework-customizations => plugin/solazu-unyson/framework}/extensions/cryptoio/shortcodes/cryptoio/class-slz-shortcode-cryptoio.php (100%)
 rename {code/framework-customizations => plugin/solazu-unyson/framework}/extensions/cryptoio/shortcodes/cryptoio/config.php (100%)
 rename {code/framework-customizations => plugin/solazu-unyson/framework}/extensions/cryptoio/shortcodes/cryptoio/static.php (79%)
 rename {code/framework-customizations => plugin/solazu-unyson/framework}/extensions/cryptoio/shortcodes/cryptoio/static/js/cryptoio-chart.js (100%)
 rename {code/framework-customizations => plugin/solazu-unyson/framework}/extensions/cryptoio/shortcodes/cryptoio/vc_options.php (59%)
 rename {code/framework-customizations => plugin/solazu-unyson/framework}/extensions/cryptoio/shortcodes/cryptoio/views/view.php (100%)
 rename {code/framework-customizations => plugin/solazu-unyson/framework}/extensions/cryptoio/shortcodes/cryptoio_category/class-slz-shortcode-cryptoio_category.php (100%)
 rename {code/framework-customizations => plugin/solazu-unyson/framework}/extensions/cryptoio/shortcodes/cryptoio_category/config.php (100%)
 rename {code/framework-customizations => plugin/solazu-unyson/framework}/extensions/cryptoio/shortcodes/cryptoio_category/static.php (100%)
 rename {code/framework-customizations => plugin/solazu-unyson/framework}/extensions/cryptoio/shortcodes/cryptoio_category/static/css/crypto_category.css (100%)
 rename {code/framework-customizations => plugin/solazu-unyson/framework}/extensions/cryptoio/shortcodes/cryptoio_category/vc_options.php (80%)
 rename {code/framework-customizations => plugin/solazu-unyson/framework}/extensions/cryptoio/shortcodes/cryptoio_category/views/view.php (100%)
 rename {code/framework-customizations => plugin/solazu-unyson/framework}/extensions/cryptoio/static.php (100%)
 rename code/framework-customizations/extensions/cryptoio/static/img/instagram.jpg => plugin/solazu-unyson/framework/extensions/cryptoio/static/img/cryptoio.jpg (100%) rename code/framework-customizations/extensions/cryptoio/static/img/instagram.jpg => plugin/solazu-unyson/framework/extensions/cryptoio/static/img/cryptoio.jpg (100%)
Updating a2f1b5b..cc55152
Fast-forward
 .../class-slz-shortcode-timeline-carousel.php      |   0
 .../shortcodes/timeline-carousel/config.php        |   0
 .../shortcodes/timeline-carousel/static.php        |  22 ++
 .../static/css/timeline_carousel.css               | 285 +++++++++++++++++++++
 .../static/css/timeline_carousel.scss              | 252 ++++++++++++++++++
 .../static/js/timeline_carousel.js                 |  63 +++++
 .../shortcodes/timeline-carousel/vc_options.php    |   0
 .../timeline-carousel/views/layout-1.php           |   0
 .../shortcodes/timeline-carousel/views/view.php    |   0
 9 files changed, 622 insertions(+)
 rename {code/framework-customizations => plugin/solazu-unyson/framework}/extensions/shortcodes/shortcodes/timeline-carousel/class-slz-shortcode-timeline-carousel.php (100%)
 rename {code/framework-customizations => plugin/solazu-unyson/framework}/extensions/shortcodes/shortcodes/timeline-carousel/config.php (100%)
 create mode 100755 plugin/solazu-unyson/framework/extensions/shortcodes/shortcodes/timeline-carousel/static.php
 create mode 100644 plugin/solazu-unyson/framework/extensions/shortcodes/shortcodes/timeline-carousel/static/css/timeline_carousel.css
 create mode 100644 plugin/solazu-unyson/framework/extensions/shortcodes/shortcodes/timeline-carousel/static/css/timeline_carousel.scss
 create mode 100755 plugin/solazu-unyson/framework/extensions/shortcodes/shortcodes/timeline-carousel/static/js/timeline_carousel.js
 rename {code/framework-customizations => plugin/solazu-unyson/framework}/extensions/shortcodes/shortcodes/timeline-carousel/vc_options.php (100%)
 rename {code/framework-customizations => plugin/solazu-unyson/framework}/extensions/shortcodes/shortcodes/timeline-carousel/views/layout-1.php (100%)
 rename {code/framework-customizations => plugin/solazu-unyson/framework}/extensions/shortcodes/shortcodes/timeline-carousel/views/view.php (100%) rename {code/framework-customizations => plugin/solazu-unyson/framework}/extensions/shortcodes/shortcodes/timeline-carousel/views/view.php (100%)
Not expected branch : refs/heads/phatnm
Not expected branch : refs/heads/phatnm
Not expected branch : 
Updating cc55152..d5a6237
Fast-forward
 .../shortcodes/partner/static/css/partner.css      |    2 +-
 .../testimonial/static/css/testimonial.css         |   12 +-
 .../extensions/widgets/static/css/widgets.css      |    6 +-
 code/static/css/cryptoio-components.css            |   46 +-
 code/static/css/cryptoio-components.scss           |   16 +-
 code/style.css                                     | 7829 ++++++++++----------
 6 files changed, 3972 insertions(+), 3939 deletions(-) 6 files changed, 3972 insertions(+), 3939 deletions(-)
Fail to update develop of cryptoio
Not expected branch : refs/heads/thuong/sc-teams-block
Not expected branch : 
Not expected branch : 
Not expected branch : 
Updating d5a6237..8d68d4e
Fast-forward
 .../extensions/teams/shortcodes/team-carousel/config.php          | 8 ++++----
 1 file changed, 4 insertions(+), 4 deletions(-) 1 file changed, 4 insertions(+), 4 deletions(-)
Updating 8d68d4e..291ba30
Fast-forward
 code/style.css | 27 +++++++++++++++++++++++++++
 1 file changed, 27 insertions(+) 1 file changed, 27 insertions(+)
Updating 291ba30..2832f3a
Fast-forward
 code/style.css | 9 ++++++---
 1 file changed, 6 insertions(+), 3 deletions(-) 1 file changed, 6 insertions(+), 3 deletions(-)
Updating 2832f3a..9699df6
Fast-forward
 code/style.css | 8 ++++++++
 1 file changed, 8 insertions(+) 1 file changed, 8 insertions(+)
Updating 9699df6..55b5dfb
Fast-forward
 code/style.css | 4 ++++
 1 file changed, 4 insertions(+) 1 file changed, 4 insertions(+)
Not expected branch : refs/heads/phatnm
Not expected branch : 
Updating 55b5dfb..63f75c4
Fast-forwardFast-forward
Updating 63f75c4..e952298
Fast-forward
 code/style.css | 23 +++++++++++++++--------
 1 file changed, 15 insertions(+), 8 deletions(-) 1 file changed, 15 insertions(+), 8 deletions(-)
Fail to update develop of cryptoio
Not expected branch : refs/heads/phatnm
Not expected branch : refs/heads/phatnm
Not expected branch : refs/heads/thuong/sc-teams-block
Fail to update develop of cryptoio
Updating e952298..77a62af
Fast-forward
 .../static/css/gallery-carousel.css                | 728 +++++++++++++++++++
 .../static/css/gallery-carousel.scss               | 716 +++++++++++++++++++
 .../gallery-grid/static/css/gallery-grid.css       | 184 +++++
 .../gallery-masonry/static/css/gallery-masonry.css |  82 +++
 .../shortcodes/isotope/static/css/isotope.css      | 246 +++++++
 .../shortcodes/instagram/static/css/instagram.css  | 120 ++++
 .../shortcodes/instagram/static/css/instagram.scss | 123 ++++
 .../newsletter/static/css/newsletter.css           |   2 +-
 .../newsletter/static/css/newsletter.scss          |   2 +-
 .../team-block/static/css/team-block.css           | 663 ++++++++---------
 .../team-block/static/css/team-block.scss          | 794 ++++++++++-----------
 .../shortcodes/team-block/static/js/team-block.js  |  47 +-
 .../teams/shortcodes/team-block/views/layout-1.php |  16 +-
 .../teams/shortcodes/team-block/views/view.php     |   2 +-
 14 files changed, 2901 insertions(+), 824 deletions(-)
 create mode 100644 code/framework-customizations/extensions/gallery/shortcodes/gallery-carousel/static/css/gallery-carousel.css
 create mode 100644 code/framework-customizations/extensions/gallery/shortcodes/gallery-carousel/static/css/gallery-carousel.scss
 create mode 100644 code/framework-customizations/extensions/gallery/shortcodes/gallery-grid/static/css/gallery-grid.css
 create mode 100644 code/framework-customizations/extensions/gallery/shortcodes/gallery-masonry/static/css/gallery-masonry.css
 create mode 100644 code/framework-customizations/extensions/gallery/shortcodes/isotope/static/css/isotope.css
 create mode 100644 code/framework-customizations/extensions/instagram/shortcodes/instagram/static/css/instagram.css
 create mode 100644 code/framework-customizations/extensions/instagram/shortcodes/instagram/static/css/instagram.scss create mode 100644 code/framework-customizations/extensions/instagram/shortcodes/instagram/static/css/instagram.scss
Updating 77a62af..a1647d9
Fast-forward
 code/static/css/cryptoio-woocommerce.css | 13 +++++++++++--
 1 file changed, 11 insertions(+), 2 deletions(-) 1 file changed, 11 insertions(+), 2 deletions(-)
Updating a1647d9..b3ebf82
Fast-forward
 .../shortcodes/item-list/static/css/item-list.scss      |  1 +
 .../shortcodes/shortcodes/item-list/vc_options.php      | 14 +++++++-------
 code/static/css/cryptoio-woocommerce.css                | 17 ++++++++++++++++-
 3 files changed, 24 insertions(+), 8 deletions(-) 3 files changed, 24 insertions(+), 8 deletions(-)
Updating b3ebf82..85956f6
Fast-forward
 .../extensions/shortcodes/shortcodes/item-list/static/css/item-list.scss | 1 +
 1 file changed, 1 insertion(+) 1 file changed, 1 insertion(+)
Updating 85956f6..5c54a90
Fast-forward
 .../extensions/shortcodes/shortcodes/item-list/vc_options.php           | 2 +-
 1 file changed, 1 insertion(+), 1 deletion(-) 1 file changed, 1 insertion(+), 1 deletion(-)
Updating 5c54a90..a28b4d2
Fast-forward
 .../shortcodes/item-list/static/css/item-list.css  |  2 ++
 .../shortcodes/partner/static/css/partner.css      |  2 +-
 .../testimonial/static/css/testimonial.css         | 12 ++++-----
 .../extensions/widgets/static/css/widgets.css      |  6 ++---
 code/static/css/cryptoio-components.css            | 30 +++++++++++-----------
 5 files changed, 27 insertions(+), 25 deletions(-) 5 files changed, 27 insertions(+), 25 deletions(-)
Updating a28b4d2..e6ee787
Fast-forward
 .../shortcodes/item-list/static/css/item-list.css  | 292 +--------------------
 .../shortcodes/item-list/static/css/item-list.scss | 269 +------------------
 2 files changed, 10 insertions(+), 551 deletions(-) 2 files changed, 10 insertions(+), 551 deletions(-)
Updating e6ee787..ec96b7b
Fast-forward
 .../extensions/shortcodes/shortcodes/item-list/static/css/item-list.css | 2 ++
 .../shortcodes/shortcodes/item-list/static/css/item-list.scss           | 2 ++
 2 files changed, 4 insertions(+) 2 files changed, 4 insertions(+)
Updating ec96b7b..8db88b6
Fast-forward
 .../extensions/shortcodes/shortcodes/item-list/static/css/item-list.css | 2 ++
 .../shortcodes/shortcodes/item-list/static/css/item-list.scss           | 2 ++
 2 files changed, 4 insertions(+) 2 files changed, 4 insertions(+)
Updating 8db88b6..c9a5d5e
Fast-forward
 code/static/css/cryptoio-woocommerce.css | 23 +++++++++++++++++++++++
 1 file changed, 23 insertions(+) 1 file changed, 23 insertions(+)
Updating c9a5d5e..ec92457
Fast-forward
 code/static/css/cryptoio-woocommerce.css | 16 ++++++++++++++--
 1 file changed, 14 insertions(+), 2 deletions(-) 1 file changed, 14 insertions(+), 2 deletions(-)
Updating ec92457..b2e0653
Fast-forward
 .../cryptoio/shortcodes/charts/config.php          |  1 +
 .../cryptoio/shortcodes/charts/vc_options.php      |  5 +++
 .../cryptoio/shortcodes/charts/views/view.php      | 52 ++++++++++++++--------
 3 files changed, 39 insertions(+), 19 deletions(-) 3 files changed, 39 insertions(+), 19 deletions(-)
Updating b2e0653..75773a1
Fast-forward
 code/static/css/cryptoio-woocommerce.css | 33 +++++++++++++++++++++++++++++++-
 1 file changed, 32 insertions(+), 1 deletion(-) 1 file changed, 32 insertions(+), 1 deletion(-)
Updating 75773a1..6bf0083
Fast-forward
 code/static/css/cryptoio-woocommerce.css | 5 +++++
 1 file changed, 5 insertions(+) 1 file changed, 5 insertions(+)
Updating 6bf0083..e4af6b6
Fast-forward
 code/static/css/cryptoio-woocommerce.css | 6 ++++++
 1 file changed, 6 insertions(+) 1 file changed, 6 insertions(+)
Updating e4af6b6..6790dcd
Fast-forward
 .../shortcodes/icons-block/static/css/_icon-block.scss        | 11 +++++++++++
 code/static/css/cryptoio-components.css                       |  8 ++++++++
 2 files changed, 19 insertions(+) 2 files changed, 19 insertions(+)
Updating 6790dcd..3dfd491
Fast-forward
 .../shortcodes/shortcodes/icons-block/static/css/_icon-block.scss     | 2 +-
 code/static/css/cryptoio-components.css                               | 4 ++--
 2 files changed, 3 insertions(+), 3 deletions(-) 2 files changed, 3 insertions(+), 3 deletions(-)
Updating 3dfd491..de92669
Fast-forward
 .../shortcodes/shortcodes/icons-block/static/css/_icon-block.scss   | 2 +-
 code/static/css/cryptoio-components.css                             | 6 +++---
 2 files changed, 4 insertions(+), 4 deletions(-) 2 files changed, 4 insertions(+), 4 deletions(-)
Updating de92669..a694592
Fast-forward
 .../shortcodes/shortcodes/icons-block/static/css/_icon-block.scss       | 2 +-
 code/static/css/cryptoio-components.css                                 | 2 +-
 2 files changed, 2 insertions(+), 2 deletions(-) 2 files changed, 2 insertions(+), 2 deletions(-)
Updating a694592..c30e2db
Fast-forward
 code/static/css/cryptoio-woocommerce.css | 8 +++++++-
 1 file changed, 7 insertions(+), 1 deletion(-) 1 file changed, 7 insertions(+), 1 deletion(-)
Updating c30e2db..5d5f4ee
Fast-forward
 code/static/css/cryptoio-woocommerce.css | 22 ++++++++++++++++++++++
 1 file changed, 22 insertions(+) 1 file changed, 22 insertions(+)
Updating 5d5f4ee..47e319b
Fast-forward
 code/static/css/cryptoio-woocommerce.css | 8 ++++----
 1 file changed, 4 insertions(+), 4 deletions(-) 1 file changed, 4 insertions(+), 4 deletions(-)
Updating 47e319b..c0ad47d
Fast-forward
 code/static/css/cryptoio-woocommerce.css | 10 +++++-----
 1 file changed, 5 insertions(+), 5 deletions(-) 1 file changed, 5 insertions(+), 5 deletions(-)
Updating c0ad47d..c9c406b
Fast-forward
 code/static/css/cryptoio-woocommerce.css | 9 +++++++++
 1 file changed, 9 insertions(+) 1 file changed, 9 insertions(+)
Updating c9c406b..c29a99a
Fast-forward
 code/static/css/cryptoio-woocommerce.css | 1 +
 1 file changed, 1 insertion(+) 1 file changed, 1 insertion(+)
Updating c29a99a..219c566
Fast-forward
 .../framework/extensions/cryptoio/shortcodes/cryptoio/static.php        | 2 +-
 1 file changed, 1 insertion(+), 1 deletion(-) 1 file changed, 1 insertion(+), 1 deletion(-)
Updating 219c566..4a26ddc
Fast-forward
 code/static/css/cryptoio-woocommerce.css | 7 +++++++
 1 file changed, 7 insertions(+) 1 file changed, 7 insertions(+)
Updating 4a26ddc..54fae62
Fast-forward
 code/static/css/cryptoio-woocommerce.css | 7 ++++++-
 1 file changed, 6 insertions(+), 1 deletion(-) 1 file changed, 6 insertions(+), 1 deletion(-)
Updating 54fae62..a347d37
Fast-forward
 code/static/css/cryptoio-woocommerce.css | 2 +-
 1 file changed, 1 insertion(+), 1 deletion(-) 1 file changed, 1 insertion(+), 1 deletion(-)
Updating a347d37..25afd28
Fast-forward
 code/static/css/cryptoio-woocommerce.css | 7 +++++++
 1 file changed, 7 insertions(+) 1 file changed, 7 insertions(+)
Updating 25afd28..e575243
Fast-forward
 code/static/css/cryptoio-woocommerce.css | 4 ----
 1 file changed, 4 deletions(-) 1 file changed, 4 deletions(-)
Updating e575243..34a00f9
Fast-forward
 code/static/css/cryptoio-woocommerce.css | 160 +++++++++++++++----------------
 1 file changed, 80 insertions(+), 80 deletions(-) 1 file changed, 80 insertions(+), 80 deletions(-)
Updating 34a00f9..a9be2e2
Fast-forward
 code/static/css/cryptoio-woocommerce.css | 7 ++++---
 1 file changed, 4 insertions(+), 3 deletions(-) 1 file changed, 4 insertions(+), 3 deletions(-)
Updating a9be2e2..aafea5a
Fast-forward
 code/static/css/cryptoio-woocommerce.css | 6 ++++--
 1 file changed, 4 insertions(+), 2 deletions(-) 1 file changed, 4 insertions(+), 2 deletions(-)
Updating aafea5a..a0aebfc
Fast-forward
 code/static/css/cryptoio-woocommerce.css | 16 +++++++++++++++-
 1 file changed, 15 insertions(+), 1 deletion(-) 1 file changed, 15 insertions(+), 1 deletion(-)
Updating a0aebfc..d1a1f63
Fast-forward
 code/static/css/cryptoio-woocommerce.css | 9 ++++++---
 1 file changed, 6 insertions(+), 3 deletions(-) 1 file changed, 6 insertions(+), 3 deletions(-)
Updating d1a1f63..1ad93ae
Fast-forward
 code/static/css/cryptoio-woocommerce.css | 4 ++--
 1 file changed, 2 insertions(+), 2 deletions(-) 1 file changed, 2 insertions(+), 2 deletions(-)
Updating 1ad93ae..770e577
Fast-forward
 code/static/css/cryptoio-woocommerce.css | 2 +-
 1 file changed, 1 insertion(+), 1 deletion(-) 1 file changed, 1 insertion(+), 1 deletion(-)
Updating 770e577..2372628
Fast-forward
 code/static/css/cryptoio-woocommerce.css | 9 +++++++++
 1 file changed, 9 insertions(+) 1 file changed, 9 insertions(+)
Updating 2372628..c18fa33
Fast-forward
 code/static/css/cryptoio-woocommerce.css | 2 ++
 1 file changed, 2 insertions(+) 1 file changed, 2 insertions(+)
Updating c18fa33..f08c867
Fast-forward
 code/static/css/cryptoio-woocommerce.css | 9 +++++++--
 1 file changed, 7 insertions(+), 2 deletions(-) 1 file changed, 7 insertions(+), 2 deletions(-)
Updating f08c867..5a08a54
Fast-forward
 code/static/css/cryptoio-woocommerce.css | 6 ++++++
 1 file changed, 6 insertions(+) 1 file changed, 6 insertions(+)
Updating 5a08a54..b83ea19
Fast-forward
 code/static/css/cryptoio-woocommerce.css | 1 -
 1 file changed, 1 deletion(-) 1 file changed, 1 deletion(-)
Updating b83ea19..5a79150
Fast-forward
 code/static/css/cryptoio-woocommerce.css | 2 ++
 1 file changed, 2 insertions(+) 1 file changed, 2 insertions(+)
Updating 5a79150..28c3001
Fast-forward
 code/static/css/cryptoio-woocommerce.css | 5 ++++-
 1 file changed, 4 insertions(+), 1 deletion(-) 1 file changed, 4 insertions(+), 1 deletion(-)
Updating 28c3001..b4c67ab
Fast-forward
 code/static/css/cryptoio-woocommerce.css | 2 +-
 1 file changed, 1 insertion(+), 1 deletion(-) 1 file changed, 1 insertion(+), 1 deletion(-)
Updating b4c67ab..a9c04ae
Fast-forward
 code/static/css/cryptoio-woocommerce.css | 2 +-
 1 file changed, 1 insertion(+), 1 deletion(-) 1 file changed, 1 insertion(+), 1 deletion(-)
Updating a9c04ae..9459f09
Fast-forward
 code/static/css/cryptoio-woocommerce.css | 5 +++++
 1 file changed, 5 insertions(+) 1 file changed, 5 insertions(+)
Updating 9459f09..bcd1b65
Fast-forward
 code/static/css/layout.css | 5 +++++
 1 file changed, 5 insertions(+) 1 file changed, 5 insertions(+)
Updating bcd1b65..9cd358e
Fast-forward
 code/static/css/cryptoio-woocommerce.css | 12 ++++++++++++
 1 file changed, 12 insertions(+) 1 file changed, 12 insertions(+)
Updating 9cd358e..7d88b1e
Fast-forward
 code/static/css/cryptoio-woocommerce.css | 1 +
 1 file changed, 1 insertion(+) 1 file changed, 1 insertion(+)
Updating 7d88b1e..398b257
Fast-forward
 code/static/css/cryptoio-woocommerce.css | 6 ++++--
 1 file changed, 4 insertions(+), 2 deletions(-) 1 file changed, 4 insertions(+), 2 deletions(-)
Updating 398b257..88937c0
Fast-forward
 code/static/css/layout.css | 4 ++--
 1 file changed, 2 insertions(+), 2 deletions(-) 1 file changed, 2 insertions(+), 2 deletions(-)
Updating 88937c0..83192d4
Fast-forward
 code/static/css/layout.css | 2 +-
 1 file changed, 1 insertion(+), 1 deletion(-) 1 file changed, 1 insertion(+), 1 deletion(-)
Updating 83192d4..8f222de
Fast-forward
 code/static/css/layout.css | 5 +++++
 1 file changed, 5 insertions(+) 1 file changed, 5 insertions(+)
Updating 8f222de..786dd54
Fast-forward
 code/static/css/layout.css | 4 ++++
 1 file changed, 4 insertions(+) 1 file changed, 4 insertions(+)
Updating 786dd54..047c91f
Fast-forward
 code/static/css/layout.css | 3 ++-
 1 file changed, 2 insertions(+), 1 deletion(-) 1 file changed, 2 insertions(+), 1 deletion(-)
Updating 047c91f..e570dc3
Fast-forward
 code/static/css/layout.css | 4 ----
 1 file changed, 4 deletions(-) 1 file changed, 4 deletions(-)
Updating e570dc3..0fc848a
Fast-forward
 code/static/css/layout.css | 2 +-
 1 file changed, 1 insertion(+), 1 deletion(-) 1 file changed, 1 insertion(+), 1 deletion(-)
Updating 0fc848a..57dc73f
Fast-forward
 code/static/css/cryptoio-woocommerce.css | 5 +++--
 1 file changed, 3 insertions(+), 2 deletions(-) 1 file changed, 3 insertions(+), 2 deletions(-)
Updating 57dc73f..5fe5831
Fast-forward
 code/static/css/cryptoio-woocommerce.css | 2 +-
 1 file changed, 1 insertion(+), 1 deletion(-) 1 file changed, 1 insertion(+), 1 deletion(-)
Updating 5fe5831..da98c3c
Fast-forward
 code/static/css/cryptoio-woocommerce.css | 2 +-
 1 file changed, 1 insertion(+), 1 deletion(-) 1 file changed, 1 insertion(+), 1 deletion(-)
Updating da98c3c..38f049b
Fast-forward
 code/static/css/cryptoio-woocommerce.css | 3 ++-
 1 file changed, 2 insertions(+), 1 deletion(-) 1 file changed, 2 insertions(+), 1 deletion(-)
Updating 38f049b..9ebc04a
Fast-forward
 code/static/css/cryptoio-woocommerce.css | 4 +++-
 1 file changed, 3 insertions(+), 1 deletion(-) 1 file changed, 3 insertions(+), 1 deletion(-)
Updating 9ebc04a..976e6ab
Fast-forward
 code/static/css/cryptoio-woocommerce.css | 1 +
 1 file changed, 1 insertion(+) 1 file changed, 1 insertion(+)
Updating 976e6ab..9273dc8
Fast-forward
 code/static/css/cryptoio-woocommerce.css | 15 +++++++++------
 1 file changed, 9 insertions(+), 6 deletions(-) 1 file changed, 9 insertions(+), 6 deletions(-)
Updating 9273dc8..81ca699
Fast-forward
 code/static/css/cryptoio-woocommerce.css | 9 ++++-----
 1 file changed, 4 insertions(+), 5 deletions(-) 1 file changed, 4 insertions(+), 5 deletions(-)
Updating 81ca699..1479f55
Fast-forward
 code/static/css/cryptoio-woocommerce.css | 1 +
 1 file changed, 1 insertion(+) 1 file changed, 1 insertion(+)
Updating 1479f55..49d342c
Fast-forward
 code/static/css/cryptoio-woocommerce.css | 6 ++++--
 1 file changed, 4 insertions(+), 2 deletions(-) 1 file changed, 4 insertions(+), 2 deletions(-)
Already up-to-date.Already up-to-date.
Updating 49d342c..06b71e2
Fast-forward
 code/static/css/cryptoio-woocommerce.css | 3 +++
 1 file changed, 3 insertions(+) 1 file changed, 3 insertions(+)
Updating 06b71e2..6daa0d2
Fast-forward
 code/static/css/cryptoio-woocommerce.css | 3 +--
 1 file changed, 1 insertion(+), 2 deletions(-) 1 file changed, 1 insertion(+), 2 deletions(-)
Updating 6daa0d2..7e10447
Fast-forward
 code/static/css/cryptoio-woocommerce.css | 3 +++
 1 file changed, 3 insertions(+) 1 file changed, 3 insertions(+)
Updating 7e10447..cd575b9
Fast-forward
 code/static/css/cryptoio-woocommerce.css | 3 +++
 1 file changed, 3 insertions(+) 1 file changed, 3 insertions(+)
Updating cd575b9..ff1bbae
Fast-forward
 code/static/css/cryptoio-woocommerce.css | 4 ++++
 1 file changed, 4 insertions(+) 1 file changed, 4 insertions(+)
Already up-to-date.Already up-to-date.
Updating ff1bbae..993a8a1
Fast-forward
 code/static/css/cryptoio-woocommerce.css | 3 +++
 1 file changed, 3 insertions(+) 1 file changed, 3 insertions(+)
Updating 993a8a1..d1fd207
Fast-forward
 code/static/css/cryptoio-woocommerce.css | 2 +-
 1 file changed, 1 insertion(+), 1 deletion(-) 1 file changed, 1 insertion(+), 1 deletion(-)
Updating d1fd207..613acd7
Fast-forward
 .../testimonials/shortcodes/testimonial/static/css/testimonial.css       | 1 +
 .../testimonials/shortcodes/testimonial/static/css/testimonial.scss      | 1 +
 2 files changed, 2 insertions(+) 2 files changed, 2 insertions(+)
Updating 613acd7..0d68b94
Fast-forward
 .../testimonials/shortcodes/testimonial/static/css/testimonial.css      | 2 +-
 .../testimonials/shortcodes/testimonial/static/css/testimonial.scss     | 2 +-
 2 files changed, 2 insertions(+), 2 deletions(-) 2 files changed, 2 insertions(+), 2 deletions(-)
Updating 0d68b94..04bc280
Fast-forward
 .../testimonials/shortcodes/testimonial/static/css/testimonial.css      | 2 +-
 .../testimonials/shortcodes/testimonial/static/css/testimonial.scss     | 2 +-
 2 files changed, 2 insertions(+), 2 deletions(-) 2 files changed, 2 insertions(+), 2 deletions(-)
