Not expected branch : refs/heads/phatnm
Updating e856a03..fe40999
Fast-forward
 code/framework-customizations/extensions/widgets/static/css/widgets.css | 2 ++
 .../framework-customizations/extensions/widgets/static/css/widgets.scss | 2 ++
 2 files changed, 4 insertions(+) 2 files changed, 4 insertions(+)
Updating fe40999..ce130fb
Fast-forward
 code/includes/hooks.php | 4 ++--
 1 file changed, 2 insertions(+), 2 deletions(-) 1 file changed, 2 insertions(+), 2 deletions(-)
Updating ce130fb..b25117b
Fast-forward
 .../framework-customizations/extensions/widgets/static/css/widgets.css | 3 +++
 .../extensions/widgets/static/css/widgets.scss                         | 1 +
 2 files changed, 4 insertions(+) 2 files changed, 4 insertions(+)
Updating b25117b..e1cb509
Fast-forward
 .../extensions/widgets/static/css/widgets.css      | 50 +++++++++++-----------
 .../extensions/widgets/static/css/widgets.scss     |  6 ++-
 2 files changed, 29 insertions(+), 27 deletions(-) 2 files changed, 29 insertions(+), 27 deletions(-)
Updating e1cb509..4cf4e70
Fast-forward
 code/framework-customizations/extensions/widgets/static/css/widgets.css | 2 ++
 .../framework-customizations/extensions/widgets/static/css/widgets.scss | 2 ++
 2 files changed, 4 insertions(+) 2 files changed, 4 insertions(+)
Updating 4cf4e70..3f2f1f2
Fast-forward
 .../framework-customizations/extensions/widgets/static/css/widgets.css | 2 ++
 .../extensions/widgets/static/css/widgets.scss                         | 3 +++
 2 files changed, 5 insertions(+) 2 files changed, 5 insertions(+)
Updating 3f2f1f2..b0c5e33
Fast-forward
 code/framework-customizations/extensions/widgets/static/css/widgets.css | 2 ++
 .../framework-customizations/extensions/widgets/static/css/widgets.scss | 2 ++
 2 files changed, 4 insertions(+) 2 files changed, 4 insertions(+)
Updating b0c5e33..f47c685
Fast-forward
 .../extensions/widgets/static/css/widgets.css                        | 5 +++--
 .../extensions/widgets/static/css/widgets.scss                       | 3 +--
 2 files changed, 4 insertions(+), 4 deletions(-) 2 files changed, 4 insertions(+), 4 deletions(-)
Not expected branch : refs/heads/thangpd/scchart
Updating f47c685..cdd3645
Fast-forward
 .../shortcodes/timeline-carousel/config.php        |  2 -
 .../static/js/timeline_carousel.js                 |  3 -
 .../timeline-carousel/views/layout-1.php           | 96 +++++++++++-----------
 code/vc_templates/slz_charts.php                   |  2 -
 4 files changed, 47 insertions(+), 56 deletions(-) 4 files changed, 47 insertions(+), 56 deletions(-)
Updating cdd3645..1904d39
Fast-forward
 code/framework-customizations/extensions/widgets/static/css/widgets.css | 2 +-
 .../framework-customizations/extensions/widgets/static/css/widgets.scss | 2 +-
 2 files changed, 2 insertions(+), 2 deletions(-) 2 files changed, 2 insertions(+), 2 deletions(-)
Updating 1904d39..67b7356
Fast-forward
 .../extensions/widgets/static/css/widgets.css             | 15 +++++++++++++++
 .../extensions/widgets/static/css/widgets.scss            | 14 ++++++++++++++
 2 files changed, 29 insertions(+) 2 files changed, 29 insertions(+)
Not expected branch : refs/heads/sonpq
Not expected branch : refs/heads/sonpq
Not expected branch : 
Not expected branch : refs/heads/sonpq
Not expected branch : 
Updating 67b7356..bf73be2
Fast-forward
 .../shortcodes/item-list/static/css/item-list.css  | 36 ++++++++++++++++++----
 .../shortcodes/item-list/static/css/item-list.scss | 22 ++++++++++---
 2 files changed, 48 insertions(+), 10 deletions(-) 2 files changed, 48 insertions(+), 10 deletions(-)
Fail to update develop of cryptoio
Updating bf73be2..24f50ba
Fast-forward
 .../service-block/static/css/service-block.css     |   1 +
 .../icons-block/static/css/_icon-block.scss        | 234 ++++++++++++++++++-
 .../shortcodes/icons-block/views/layout-1.php      |   6 +-
 .../shortcodes/partner/static/css/partner.css      |   2 +-
 .../testimonial/static/css/testimonial.css         |  12 +-
 .../extensions/widgets/static/css/widgets.css      |   6 +-
 code/static/css/cryptoio-components.css            | 251 ++++++++++++++++++++-
 7 files changed, 488 insertions(+), 24 deletions(-) 7 files changed, 488 insertions(+), 24 deletions(-)
Not expected branch : refs/heads/thuong/sc-icon-block-us-florida
Fail to update develop of cryptoio
Updating 24f50ba..4c17b55
Fast-forward
 .../extensions/widgets/static/css/widgets.css               | 11 +++++++++++
 .../extensions/widgets/static/css/widgets.scss              | 13 +++++++++++++
 2 files changed, 24 insertions(+) 2 files changed, 24 insertions(+)
Updating 4c17b55..c940156
Fast-forward
 .../shortcodes/service-block/static/css/service-block.css    |  1 -
 .../shortcodes/shortcodes/partner/static/css/partner.css     |  2 +-
 .../shortcodes/testimonial/static/css/testimonial.css        | 12 ++++++------
 .../extensions/widgets/static/css/widgets.css                |  6 +++---
 code/static/css/cryptoio-components.css                      | 10 +++-------
 5 files changed, 13 insertions(+), 18 deletions(-) 5 files changed, 13 insertions(+), 18 deletions(-)
Updating c940156..75c7b9d
Fast-forward
 .../counterv2/class-slz-shortcode-counterv2.php    |  32 +
 .../shortcodes/shortcodes/counterv2/config.php     |  49 ++
 .../shortcodes/counterv2/options/layout-1.php      |   3 +
 .../shortcodes/counterv2/options/layout-2.php      |   1 +
 .../shortcodes/shortcodes/counterv2/static.php     |  26 +
 .../shortcodes/counterv2/static/css/counterv2.css  | 646 ++++++++++++++++++++
 .../shortcodes/counterv2/static/css/counterv2.scss | 672 +++++++++++++++++++++
 .../shortcodes/counterv2/static/js/counterv2.js    |  75 +++
 .../shortcodes/shortcodes/counterv2/vc_options.php | 268 ++++++++
 .../shortcodes/counterv2/views/layout-1.php        | 125 ++++
 .../shortcodes/counterv2/views/layout-2.php        | 132 ++++
 .../shortcodes/shortcodes/counterv2/views/view.php |  42 ++
 .../extensions/widgets/static/css/widgets.css      |   6 +
 .../extensions/widgets/static/css/widgets.scss     |   9 +-
 14 files changed, 2084 insertions(+), 2 deletions(-)
 create mode 100755 code/framework-customizations/extensions/shortcodes/shortcodes/counterv2/class-slz-shortcode-counterv2.php
 create mode 100755 code/framework-customizations/extensions/shortcodes/shortcodes/counterv2/config.php
 create mode 100755 code/framework-customizations/extensions/shortcodes/shortcodes/counterv2/options/layout-1.php
 create mode 100755 code/framework-customizations/extensions/shortcodes/shortcodes/counterv2/options/layout-2.php
 create mode 100644 code/framework-customizations/extensions/shortcodes/shortcodes/counterv2/static.php
 create mode 100644 code/framework-customizations/extensions/shortcodes/shortcodes/counterv2/static/css/counterv2.css
 create mode 100644 code/framework-customizations/extensions/shortcodes/shortcodes/counterv2/static/css/counterv2.scss
 create mode 100644 code/framework-customizations/extensions/shortcodes/shortcodes/counterv2/static/js/counterv2.js
 create mode 100755 code/framework-customizations/extensions/shortcodes/shortcodes/counterv2/vc_options.php
 create mode 100755 code/framework-customizations/extensions/shortcodes/shortcodes/counterv2/views/layout-1.php
 create mode 100755 code/framework-customizations/extensions/shortcodes/shortcodes/counterv2/views/layout-2.php
 create mode 100755 code/framework-customizations/extensions/shortcodes/shortcodes/counterv2/views/view.php create mode 100755 code/framework-customizations/extensions/shortcodes/shortcodes/counterv2/views/view.php
Not expected branch : refs/heads/thuong/sc-video-fix
Not expected branch : refs/heads/thuong/sc-video-fix
Updating 75c7b9d..b65ba4d
Fast-forward
 .../framework-customizations/extensions/widgets/static/css/widgets.css | 3 ++-
 .../extensions/widgets/static/css/widgets.scss                         | 3 ++-
 2 files changed, 4 insertions(+), 2 deletions(-) 2 files changed, 4 insertions(+), 2 deletions(-)
Not expected branch : refs/heads/sonpq
Updating b65ba4d..d10fde6
Fast-forward
 code/framework-customizations/extensions/widgets/static/css/widgets.css | 2 +-
 .../framework-customizations/extensions/widgets/static/css/widgets.scss | 2 +-
 2 files changed, 2 insertions(+), 2 deletions(-) 2 files changed, 2 insertions(+), 2 deletions(-)
Updating d10fde6..a287d0d
Fast-forward
 .../extensions/widgets/static/css/widgets.css                  | 10 +++++-----
 .../extensions/widgets/static/css/widgets.scss                 |  8 ++++----
 2 files changed, 9 insertions(+), 9 deletions(-) 2 files changed, 9 insertions(+), 9 deletions(-)
Updating a287d0d..66a3362
Fast-forward
 code/framework-customizations/extensions/widgets/static/css/widgets.css  | 1 +
 code/framework-customizations/extensions/widgets/static/css/widgets.scss | 1 +
 2 files changed, 2 insertions(+) 2 files changed, 2 insertions(+)
Updating 66a3362..e53d75b
Fast-forward
 .../extensions/widgets/static/css/widgets.css      | 25 +++++++-------
 .../extensions/widgets/static/css/widgets.scss     | 39 ++++++++++++++--------
 2 files changed, 39 insertions(+), 25 deletions(-) 2 files changed, 39 insertions(+), 25 deletions(-)
Not expected branch : refs/heads/thuong/sc-icon-block-us-florida
Updating e53d75b..4740f84
Fast-forward
 .../extensions/widgets/static/css/widgets.css      | 12 +++++++++++
 .../extensions/widgets/static/css/widgets.scss     | 24 +++++++++++-----------
 2 files changed, 24 insertions(+), 12 deletions(-) 2 files changed, 24 insertions(+), 12 deletions(-)
Not expected branch : 
Updating 4740f84..23fe4ef
Fast-forward
 .../extensions/widgets/static/css/widgets.css                  | 10 ++++++++++
 .../extensions/widgets/static/css/widgets.scss                 | 10 ++++++++++
 2 files changed, 20 insertions(+) 2 files changed, 20 insertions(+)
Not expected branch : 
Updating 23fe4ef..5ec2ba0
Fast-forward
 .../extensions/widgets/static/css/widgets.css      | 42 +++++++++++++++++-----
 .../extensions/widgets/static/css/widgets.scss     | 39 +++++++++++++++-----
 2 files changed, 63 insertions(+), 18 deletions(-) 2 files changed, 63 insertions(+), 18 deletions(-)
Not expected branch : refs/heads/thuong/sc-video-fix
Fail to update develop of cryptoio
Updating 5ec2ba0..8b55e07
Fast-forward
 .../shortcodes/partner/static/css/partner.css      |   2 +-
 .../shortcodes/video/static/css/_video.scss        | 883 ++-------------------
 .../testimonial/static/css/testimonial.css         |  12 +-
 .../extensions/widgets/static/css/widgets.css      |   6 +-
 code/static/css/cryptoio-components.css            | 871 ++------------------
 5 files changed, 168 insertions(+), 1606 deletions(-) 5 files changed, 168 insertions(+), 1606 deletions(-)
Already up-to-date.Already up-to-date.
Updating 8b55e07..8160c86
Fast-forward
 .../shortcodes/shortcodes/partner/static/css/partner.css     |  2 +-
 .../shortcodes/testimonial/static/css/testimonial.css        | 12 ++++++------
 .../extensions/widgets/static/css/widgets.css                |  6 +++---
 code/static/css/cryptoio-components.css                      |  6 +++---
 4 files changed, 13 insertions(+), 13 deletions(-) 4 files changed, 13 insertions(+), 13 deletions(-)
Not expected branch : refs/heads/thuong/sc-icon-block-us-florida
Not expected branch : 
Not expected branch : 
Not expected branch : 
Not expected branch : refs/heads/thuong/sc-icon-block-us-florida
Updating 8160c86..a21e1da
Fast-forward
 .../icons-block/static/css/_icon-block.scss        | 233 +++++++++++----------
 .../shortcodes/video/static/css/_video.scss        |   2 +-
 code/static/css/cryptoio-components.css            | 105 +++++-----
 3 files changed, 172 insertions(+), 168 deletions(-) 3 files changed, 172 insertions(+), 168 deletions(-)
Fail to update develop of cryptoio
Updating a21e1da..3d3bc3f
Fast-forward
 .../shortcodes/shortcodes/newsletter/config.php    |  44 +++
 .../shortcodes/shortcodes/newsletter/static.php    |   9 +
 .../newsletter/static/css/newsletter.css           | 398 +++++++++++++++++++++
 .../newsletter/static/css/newsletter.scss          | 358 ++++++++++++++++++
 .../shortcodes/newsletter/vc_options.php           | 152 ++++++++
 .../shortcodes/newsletter/views/view.php           | 196 ++++++++++
 6 files changed, 1157 insertions(+)
 create mode 100644 code/framework-customizations/extensions/shortcodes/shortcodes/newsletter/config.php
 create mode 100644 code/framework-customizations/extensions/shortcodes/shortcodes/newsletter/static.php
 create mode 100644 code/framework-customizations/extensions/shortcodes/shortcodes/newsletter/static/css/newsletter.css
 create mode 100644 code/framework-customizations/extensions/shortcodes/shortcodes/newsletter/static/css/newsletter.scss
 create mode 100644 code/framework-customizations/extensions/shortcodes/shortcodes/newsletter/vc_options.php
 create mode 100644 code/framework-customizations/extensions/shortcodes/shortcodes/newsletter/views/view.php create mode 100644 code/framework-customizations/extensions/shortcodes/shortcodes/newsletter/views/view.php
Not expected branch : refs/heads/sonpq
Not expected branch : refs/heads/sonpq
Not expected branch : 
Fail to update develop of cryptoio
Updating 3d3bc3f..3fb0b6b
Fast-forward
 .../shortcodes/counterv2/static/css/counterv2.css  | 54 +++++++++++++++++++---
 .../shortcodes/counterv2/static/css/counterv2.scss | 53 ++++++++++++++++++---
 2 files changed, 93 insertions(+), 14 deletions(-) 2 files changed, 93 insertions(+), 14 deletions(-)
Not expected branch : refs/heads/phatnm
Not expected branch : 
Updating 3fb0b6b..cb83751
Fast-forward
 .../shortcodes/shortcodes/partner/static/css/partner.css     |  2 +-
 .../shortcodes/testimonial/static/css/testimonial.css        | 12 ++++++------
 .../extensions/widgets/static/css/widgets.css                |  6 +++---
 code/static/css/cryptoio-components.css                      |  6 +++---
 4 files changed, 13 insertions(+), 13 deletions(-) 4 files changed, 13 insertions(+), 13 deletions(-)
Updating cb83751..aa4fe29
Fast-forward
 .../shortcodes/shortcodes/newsletter/static/css/newsletter.css      | 6 +++---
 1 file changed, 3 insertions(+), 3 deletions(-) 1 file changed, 3 insertions(+), 3 deletions(-)
Fail to update develop of cryptoio
Updating aa4fe29..a9ec701
Fast-forward
 .../shortcodes/accordion/static/css/accordion.css  | 528 +++-----------------
 .../shortcodes/accordion/static/css/accordion.scss | 538 ++++-----------------
 .../shortcodes/accordion/views/layout-1.php        |   2 +-
 3 files changed, 162 insertions(+), 906 deletions(-) 3 files changed, 162 insertions(+), 906 deletions(-)
Not expected branch : refs/heads/sonpq
Not expected branch : refs/heads/sonpq
Not expected branch : refs/heads/sonpq
Not expected branch : refs/heads/phatnm
Not expected branch : 
Fail to update develop of cryptoio
Updating a9ec701..f49713b
Fast-forward
 .../shortcodes/accordion/static/css/accordion.css  | 31 ++++++++++++++++++++++
 .../shortcodes/accordion/static/css/accordion.scss | 21 +++++++++++++++
 2 files changed, 52 insertions(+) 2 files changed, 52 insertions(+)
Not expected branch : 
Updating f49713b..c7320ba
Fast-forward
 .../shortcodes/icons-block/static/css/_icon-block.scss  | 17 ++++++++---------
 .../shortcodes/newsletter/static/css/newsletter.css     |  6 +++---
 .../shortcodes/partner/static/css/partner.css           |  2 +-
 .../shortcodes/testimonial/static/css/testimonial.css   | 12 ++++++------
 .../extensions/widgets/static/css/widgets.css           |  6 +++---
 code/static/css/cryptoio-components.css                 | 16 ++++++++++------
 6 files changed, 31 insertions(+), 28 deletions(-) 6 files changed, 31 insertions(+), 28 deletions(-)
Fail to update develop of cryptoio
Updating c7320ba..344e9ae
Fast-forward
 code/static/css/layout.css | 4 ++++
 1 file changed, 4 insertions(+) 1 file changed, 4 insertions(+)
Updating 344e9ae..7d6c71a
Fast-forward
 .../shortcodes/newsletter/static/css/newsletter.css          |  6 +++---
 .../shortcodes/shortcodes/partner/static/css/partner.css     |  2 +-
 .../shortcodes/testimonial/static/css/testimonial.css        | 12 ++++++------
 .../extensions/widgets/static/css/widgets.css                |  6 +++---
 code/static/css/cryptoio-components.css                      |  6 +++---
 5 files changed, 16 insertions(+), 16 deletions(-) 5 files changed, 16 insertions(+), 16 deletions(-)
Updating 7d6c71a..c440165
Fast-forward
 .../extensions/gallery/config.php                  | 181 ++++
 .../gallery/shortcodes/gallery-carousel/config.php |  71 ++
 .../gallery-carousel/options/layout-1.php          |  31 +
 .../gallery-carousel/options/layout-2.php          |  31 +
 .../gallery-carousel/options/layout-3.php          |   4 +
 .../gallery-carousel/options/layout-4.php          |   4 +
 .../gallery-carousel/options/layout-5.php          |   4 +
 .../gallery-carousel/options/layout-6.php          |  33 +
 .../gallery/shortcodes/gallery-carousel/static.php |  73 ++
 .../static/css/gallery-carousel.css                | 751 +++++++++++++++++
 .../static/css/gallery-carousel.scss               | 716 ++++++++++++++++
 .../gallery-carousel/static/js/gallery-carousel.js | 928 +++++++++++++++++++++
 .../shortcodes/gallery-carousel/vc_options.php     | 250 ++++++
 .../shortcodes/gallery-carousel/views/layout-1.php | 101 +++
 .../shortcodes/gallery-carousel/views/layout-2.php | 102 +++
 .../shortcodes/gallery-carousel/views/layout-3.php | 111 +++
 .../shortcodes/gallery-carousel/views/layout-4.php | 113 +++
 .../shortcodes/gallery-carousel/views/layout-5.php |  82 ++
 .../shortcodes/gallery-carousel/views/layout-6.php | 146 ++++
 .../shortcodes/gallery-carousel/views/view.php     |  53 ++
 .../gallery/shortcodes/gallery-grid/config.php     |  75 ++
 .../gallery/shortcodes/gallery-grid/static.php     |   9 +
 .../gallery-grid/static/css/gallery-grid.css       | 184 ++++
 .../gallery-grid/static/css/gallery-grid.scss      | 182 ++++
 .../gallery/shortcodes/gallery-grid/vc_options.php | 465 +++++++++++
 .../shortcodes/gallery-grid/views/ajax_view.php    |  34 +
 .../gallery-grid/views/block-gallery.php           |  30 +
 .../gallery-grid/views/block-portfolio.php         |  28 +
 .../shortcodes/gallery-grid/views/grid-view.php    | 111 +++
 .../shortcodes/gallery-grid/views/tab-view.php     |  52 ++
 .../gallery/shortcodes/gallery-grid/views/view.php | 129 +++
 .../gallery/shortcodes/gallery-masonry/config.php  |  62 ++
 .../gallery/shortcodes/gallery-masonry/static.php  |   9 +
 .../gallery-masonry/static/css/gallery-masonry.css |  82 ++
 .../static/css/gallery-masonry.scss                |  94 +++
 .../shortcodes/gallery-masonry/vc_options.php      | 427 ++++++++++
 .../shortcodes/gallery-masonry/views/ajax_view.php |  34 +
 .../gallery-masonry/views/block-gallery.php        |  34 +
 .../gallery-masonry/views/block-portfolio.php      |  31 +
 .../shortcodes/gallery-masonry/views/grid-view.php |  49 ++
 .../shortcodes/gallery-masonry/views/view.php      | 120 +++
 .../gallery/shortcodes/isotope/config.php          |  82 ++
 .../gallery/shortcodes/isotope/static.php          |  26 +
 .../shortcodes/isotope/static/css/isotope.css      | 246 ++++++
 .../shortcodes/isotope/static/css/isotope.scss     | 244 ++++++
 .../shortcodes/isotope/static/js/isotope.js        | 125 +++
 .../gallery/shortcodes/isotope/vc_options.php      | 525 ++++++++++++
 .../gallery/shortcodes/isotope/views/view.php      | 296 +++++++
 .../extensions/gallery/static.php                  |   3 +
 .../extensions/gallery/static/css/_gallery.scss    |   0
 .../extensions/gallery/views/content.php           |  47 ++
 .../header-09/class-slz-header-header-09.php       | 424 ++++++++++
 .../headers/headers/header-09/config.php           |  27 +
 .../headers/headers/header-09/options.php          | 274 ++++++
 .../headers/headers/header-09/options/button.php   |  56 ++
 .../headers/header-09/options/cart_icon.php        |   9 +
 .../headers/header-09/options/course_category.php  |  23 +
 .../headers/header-09/options/login_register.php   |  62 ++
 .../headers/headers/header-09/options/logo.php     |  47 ++
 .../headers/headers/header-09/options/menu.php     |  58 ++
 .../headers/header-09/options/search_box.php       |  21 +
 .../headers/header-09/options/text_link.php        |  20 +
 .../headers/headers/header-09/static.php           |   3 +
 .../headers/header-09/static/img/thumbnail.png     | Bin 0 -> 15258 bytes
 .../headers/headers/header-09/views/button.php     |  46 +
 .../headers/headers/header-09/views/cart_icon.php  |  31 +
 .../headers/header-09/views/course_category.php    |  33 +
 .../headers/header-09/views/login_register.php     | 116 +++
 .../header-09/views/login_register_modal.php       | 102 +++
 .../headers/headers/header-09/views/logo.php       |  66 ++
 .../headers/headers/header-09/views/menu.php       |  52 ++
 .../headers/headers/header-09/views/search_box.php |  40 +
 .../headers/headers/header-09/views/text_link.php  |  28 +
 .../headers/headers/header-09/views/view.php       | 124 +++
 .../extensions/headers/hooks.php                   |  17 +
 .../instagram/shortcodes/instagram/config.php      |  34 +
 .../instagram/shortcodes/instagram/static.php      |  17 +
 .../shortcodes/instagram/static/css/instagram.css  | 125 +++
 .../shortcodes/instagram/static/css/instagram.scss | 123 +++
 .../shortcodes/instagram/static/js/instagram.js    | 268 ++++++
 .../instagram/shortcodes/instagram/vc_options.php  | 146 ++++
 .../shortcodes/instagram/views/view-grid.php       |  50 ++
 .../shortcodes/instagram/views/view-slider.php     |  69 ++
 83 files changed, 10131 insertions(+)
 create mode 100644 code/framework-customizations/extensions/gallery/config.php
 create mode 100755 code/framework-customizations/extensions/gallery/shortcodes/gallery-carousel/config.php
 create mode 100755 code/framework-customizations/extensions/gallery/shortcodes/gallery-carousel/options/layout-1.php
 create mode 100755 code/framework-customizations/extensions/gallery/shortcodes/gallery-carousel/options/layout-2.php
 create mode 100755 code/framework-customizations/extensions/gallery/shortcodes/gallery-carousel/options/layout-3.php
 create mode 100755 code/framework-customizations/extensions/gallery/shortcodes/gallery-carousel/options/layout-4.php
 create mode 100755 code/framework-customizations/extensions/gallery/shortcodes/gallery-carousel/options/layout-5.php
 create mode 100644 code/framework-customizations/extensions/gallery/shortcodes/gallery-carousel/options/layout-6.php
 create mode 100644 code/framework-customizations/extensions/gallery/shortcodes/gallery-carousel/static.php
 create mode 100644 code/framework-customizations/extensions/gallery/shortcodes/gallery-carousel/static/css/gallery-carousel.css
 create mode 100644 code/framework-customizations/extensions/gallery/shortcodes/gallery-carousel/static/css/gallery-carousel.scss
 create mode 100644 code/framework-customizations/extensions/gallery/shortcodes/gallery-carousel/static/js/gallery-carousel.js
 create mode 100755 code/framework-customizations/extensions/gallery/shortcodes/gallery-carousel/vc_options.php
 create mode 100755 code/framework-customizations/extensions/gallery/shortcodes/gallery-carousel/views/layout-1.php
 create mode 100755 code/framework-customizations/extensions/gallery/shortcodes/gallery-carousel/views/layout-2.php
 create mode 100755 code/framework-customizations/extensions/gallery/shortcodes/gallery-carousel/views/layout-3.php
 create mode 100755 code/framework-customizations/extensions/gallery/shortcodes/gallery-carousel/views/layout-4.php
 create mode 100755 code/framework-customizations/extensions/gallery/shortcodes/gallery-carousel/views/layout-5.php
 create mode 100644 code/framework-customizations/extensions/gallery/shortcodes/gallery-carousel/views/layout-6.php
 create mode 100755 code/framework-customizations/extensions/gallery/shortcodes/gallery-carousel/views/view.php
 create mode 100644 code/framework-customizations/extensions/gallery/shortcodes/gallery-grid/config.php
 create mode 100644 code/framework-customizations/extensions/gallery/shortcodes/gallery-grid/static.php
 create mode 100644 code/framework-customizations/extensions/gallery/shortcodes/gallery-grid/static/css/gallery-grid.css
 create mode 100644 code/framework-customizations/extensions/gallery/shortcodes/gallery-grid/static/css/gallery-grid.scss
 create mode 100644 code/framework-customizations/extensions/gallery/shortcodes/gallery-grid/vc_options.php
 create mode 100644 code/framework-customizations/extensions/gallery/shortcodes/gallery-grid/views/ajax_view.php
 create mode 100644 code/framework-customizations/extensions/gallery/shortcodes/gallery-grid/views/block-gallery.php
 create mode 100644 code/framework-customizations/extensions/gallery/shortcodes/gallery-grid/views/block-portfolio.php
 create mode 100644 code/framework-customizations/extensions/gallery/shortcodes/gallery-grid/views/grid-view.php
 create mode 100644 code/framework-customizations/extensions/gallery/shortcodes/gallery-grid/views/tab-view.php
 create mode 100644 code/framework-customizations/extensions/gallery/shortcodes/gallery-grid/views/view.php
 create mode 100644 code/framework-customizations/extensions/gallery/shortcodes/gallery-masonry/config.php
 create mode 100644 code/framework-customizations/extensions/gallery/shortcodes/gallery-masonry/static.php
 create mode 100644 code/framework-customizations/extensions/gallery/shortcodes/gallery-masonry/static/css/gallery-masonry.css
 create mode 100644 code/framework-customizations/extensions/gallery/shortcodes/gallery-masonry/static/css/gallery-masonry.scss
 create mode 100644 code/framework-customizations/extensions/gallery/shortcodes/gallery-masonry/vc_options.php
 create mode 100644 code/framework-customizations/extensions/gallery/shortcodes/gallery-masonry/views/ajax_view.php
 create mode 100644 code/framework-customizations/extensions/gallery/shortcodes/gallery-masonry/views/block-gallery.php
 create mode 100644 code/framework-customizations/extensions/gallery/shortcodes/gallery-masonry/views/block-portfolio.php
 create mode 100644 code/framework-customizations/extensions/gallery/shortcodes/gallery-masonry/views/grid-view.php
 create mode 100644 code/framework-customizations/extensions/gallery/shortcodes/gallery-masonry/views/view.php
 create mode 100755 code/framework-customizations/extensions/gallery/shortcodes/isotope/config.php
 create mode 100644 code/framework-customizations/extensions/gallery/shortcodes/isotope/static.php
 create mode 100644 code/framework-customizations/extensions/gallery/shortcodes/isotope/static/css/isotope.css
 create mode 100644 code/framework-customizations/extensions/gallery/shortcodes/isotope/static/css/isotope.scss
 create mode 100644 code/framework-customizations/extensions/gallery/shortcodes/isotope/static/js/isotope.js
 create mode 100755 code/framework-customizations/extensions/gallery/shortcodes/isotope/vc_options.php
 create mode 100755 code/framework-customizations/extensions/gallery/shortcodes/isotope/views/view.php
 create mode 100755 code/framework-customizations/extensions/gallery/static.php
 create mode 100644 code/framework-customizations/extensions/gallery/static/css/_gallery.scss
 create mode 100755 code/framework-customizations/extensions/gallery/views/content.php
 create mode 100644 code/framework-customizations/extensions/headers/headers/header-09/class-slz-header-header-09.php
 create mode 100644 code/framework-customizations/extensions/headers/headers/header-09/config.php
 create mode 100644 code/framework-customizations/extensions/headers/headers/header-09/options.php
 create mode 100644 code/framework-customizations/extensions/headers/headers/header-09/options/button.php
 create mode 100644 code/framework-customizations/extensions/headers/headers/header-09/options/cart_icon.php
 create mode 100644 code/framework-customizations/extensions/headers/headers/header-09/options/course_category.php
 create mode 100644 code/framework-customizations/extensions/headers/headers/header-09/options/login_register.php
 create mode 100644 code/framework-customizations/extensions/headers/headers/header-09/options/logo.php
 create mode 100644 code/framework-customizations/extensions/headers/headers/header-09/options/menu.php
 create mode 100644 code/framework-customizations/extensions/headers/headers/header-09/options/search_box.php
 create mode 100644 code/framework-customizations/extensions/headers/headers/header-09/options/text_link.php
 create mode 100644 code/framework-customizations/extensions/headers/headers/header-09/static.php
 create mode 100644 code/framework-customizations/extensions/headers/headers/header-09/static/img/thumbnail.png
 create mode 100644 code/framework-customizations/extensions/headers/headers/header-09/views/button.php
 create mode 100644 code/framework-customizations/extensions/headers/headers/header-09/views/cart_icon.php
 create mode 100644 code/framework-customizations/extensions/headers/headers/header-09/views/course_category.php
 create mode 100644 code/framework-customizations/extensions/headers/headers/header-09/views/login_register.php
 create mode 100644 code/framework-customizations/extensions/headers/headers/header-09/views/login_register_modal.php
 create mode 100644 code/framework-customizations/extensions/headers/headers/header-09/views/logo.php
 create mode 100644 code/framework-customizations/extensions/headers/headers/header-09/views/menu.php
 create mode 100644 code/framework-customizations/extensions/headers/headers/header-09/views/search_box.php
 create mode 100644 code/framework-customizations/extensions/headers/headers/header-09/views/text_link.php
 create mode 100644 code/framework-customizations/extensions/headers/headers/header-09/views/view.php
 create mode 100644 code/framework-customizations/extensions/headers/hooks.php
 create mode 100644 code/framework-customizations/extensions/instagram/shortcodes/instagram/config.php
 create mode 100644 code/framework-customizations/extensions/instagram/shortcodes/instagram/static.php
 create mode 100644 code/framework-customizations/extensions/instagram/shortcodes/instagram/static/css/instagram.css
 create mode 100644 code/framework-customizations/extensions/instagram/shortcodes/instagram/static/css/instagram.scss
 create mode 100644 code/framework-customizations/extensions/instagram/shortcodes/instagram/static/js/instagram.js
 create mode 100644 code/framework-customizations/extensions/instagram/shortcodes/instagram/vc_options.php
 create mode 100644 code/framework-customizations/extensions/instagram/shortcodes/instagram/views/view-grid.php
 create mode 100644 code/framework-customizations/extensions/instagram/shortcodes/instagram/views/view-slider.php create mode 100644 code/framework-customizations/extensions/instagram/shortcodes/instagram/views/view-slider.php
Not expected branch : refs/heads/phatnm
Not expected branch : refs/heads/thuong/sc-newsletter
Not expected branch : refs/heads/thuong/sc-newsletter
Not expected branch : 
Updating c440165..f38d05c
Fast-forward
 .../header-09/class-slz-header-header-09.php       | 424 ---------------------
 .../headers/headers/header-09/config.php           |  27 --
 .../headers/headers/header-09/options.php          | 274 -------------
 .../headers/headers/header-09/options/button.php   |  56 ---
 .../headers/header-09/options/cart_icon.php        |   9 -
 .../headers/header-09/options/course_category.php  |  23 --
 .../headers/header-09/options/login_register.php   |  62 ---
 .../headers/headers/header-09/options/logo.php     |  47 ---
 .../headers/headers/header-09/options/menu.php     |  58 ---
 .../headers/header-09/options/search_box.php       |  21 -
 .../headers/header-09/options/text_link.php        |  20 -
 .../headers/headers/header-09/static.php           |   3 -
 .../headers/header-09/static/img/thumbnail.png     | Bin 15258 -> 0 bytes
 .../headers/headers/header-09/views/button.php     |  46 ---
 .../headers/headers/header-09/views/cart_icon.php  |  31 --
 .../headers/header-09/views/course_category.php    |  33 --
 .../headers/header-09/views/login_register.php     | 116 ------
 .../header-09/views/login_register_modal.php       | 102 -----
 .../headers/headers/header-09/views/logo.php       |  66 ----
 .../headers/headers/header-09/views/menu.php       |  52 ---
 .../headers/headers/header-09/views/search_box.php |  40 --
 .../headers/headers/header-09/views/text_link.php  |  28 --
 .../headers/headers/header-09/views/view.php       | 124 ------
 .../extensions/headers/hooks.php                   |  17 -
 24 files changed, 1679 deletions(-)
 delete mode 100644 code/framework-customizations/extensions/headers/headers/header-09/class-slz-header-header-09.php
 delete mode 100644 code/framework-customizations/extensions/headers/headers/header-09/config.php
 delete mode 100644 code/framework-customizations/extensions/headers/headers/header-09/options.php
 delete mode 100644 code/framework-customizations/extensions/headers/headers/header-09/options/button.php
 delete mode 100644 code/framework-customizations/extensions/headers/headers/header-09/options/cart_icon.php
 delete mode 100644 code/framework-customizations/extensions/headers/headers/header-09/options/course_category.php
 delete mode 100644 code/framework-customizations/extensions/headers/headers/header-09/options/login_register.php
 delete mode 100644 code/framework-customizations/extensions/headers/headers/header-09/options/logo.php
 delete mode 100644 code/framework-customizations/extensions/headers/headers/header-09/options/menu.php
 delete mode 100644 code/framework-customizations/extensions/headers/headers/header-09/options/search_box.php
 delete mode 100644 code/framework-customizations/extensions/headers/headers/header-09/options/text_link.php
 delete mode 100644 code/framework-customizations/extensions/headers/headers/header-09/static.php
 delete mode 100644 code/framework-customizations/extensions/headers/headers/header-09/static/img/thumbnail.png
 delete mode 100644 code/framework-customizations/extensions/headers/headers/header-09/views/button.php
 delete mode 100644 code/framework-customizations/extensions/headers/headers/header-09/views/cart_icon.php
 delete mode 100644 code/framework-customizations/extensions/headers/headers/header-09/views/course_category.php
 delete mode 100644 code/framework-customizations/extensions/headers/headers/header-09/views/login_register.php
 delete mode 100644 code/framework-customizations/extensions/headers/headers/header-09/views/login_register_modal.php
 delete mode 100644 code/framework-customizations/extensions/headers/headers/header-09/views/logo.php
 delete mode 100644 code/framework-customizations/extensions/headers/headers/header-09/views/menu.php
 delete mode 100644 code/framework-customizations/extensions/headers/headers/header-09/views/search_box.php
 delete mode 100644 code/framework-customizations/extensions/headers/headers/header-09/views/text_link.php
 delete mode 100644 code/framework-customizations/extensions/headers/headers/header-09/views/view.php
 delete mode 100644 code/framework-customizations/extensions/headers/hooks.php delete mode 100644 code/framework-customizations/extensions/headers/hooks.php
Not expected branch : refs/heads/thuong/sc-newsletter
Fail to update develop of cryptoio
Updating f38d05c..a04f33d
Fast-forward
 .../newsletter/static/css/newsletter.css           | 452 +++++++--------------
 .../newsletter/static/css/newsletter.scss          | 427 +++++++------------
 code/library.scss                                  |   2 +-
 3 files changed, 290 insertions(+), 591 deletions(-) 3 files changed, 290 insertions(+), 591 deletions(-)
Updating a04f33d..bf8db6b
Fast-forward
 .../shortcodes/shortcodes/posts-block/config.php   |  132 ++
 .../shortcodes/posts-block/options/layout-1.php    |  162 ++
 .../shortcodes/posts-block/options/layout-2.php    |   58 +
 .../shortcodes/posts-block/options/layout-3.php    |   92 +
 .../shortcodes/posts-block/options/layout-4.php    |   37 +
 .../shortcodes/shortcodes/posts-block/static.php   |    9 +
 .../posts-block/static/css/_posts-block.scss       | 2233 ++++++++++++++++++++
 .../shortcodes/posts-block/vc_options.php          |  113 +
 .../shortcodes/posts-block/views/block-item-1.php  |   44 +
 .../shortcodes/posts-block/views/block-item-2.php  |   44 +
 .../shortcodes/posts-block/views/block-item-3.php  |    5 +
 .../shortcodes/posts-block/views/layout-1.php      |   61 +
 .../shortcodes/posts-block/views/layout-2.php      |   51 +
 .../shortcodes/posts-block/views/layout-3.php      |   87 +
 .../shortcodes/posts-block/views/layout-4.php      |   41 +
 .../shortcodes/posts-block/views/list-layout-1.php |   82 +
 .../shortcodes/posts-block/views/list-layout-2.php |   77 +
 .../shortcodes/posts-block/views/list-layout-3.php |   64 +
 .../shortcodes/posts-block/views/list-layout-6.php |   60 +
 .../shortcodes/posts-block/views/list-layout-7.php |   76 +
 .../shortcodes/posts-block/views/list-layout-8.php |   57 +
 .../shortcodes/posts-block/views/list-layout-9.php |   57 +
 .../shortcodes/posts-block/views/main-layout-1.php |   47 +
 .../shortcodes/posts-block/views/main-layout-2.php |   39 +
 .../shortcodes/posts-block/views/main-layout-3.php |   54 +
 .../shortcodes/posts-block/views/view.php          |   45 +
 .../shortcodes/posts-carousel/config.php           |   74 +
 .../shortcodes/posts-carousel/static.php           |   18 +
 .../posts-carousel/static/css/posts-carousel.css   |  798 +++++++
 .../posts-carousel/static/css/posts-carousel.scss  |  751 +++++++
 .../posts-carousel/static/img/iphone-mockup.png    |  Bin 0 -> 22244 bytes
 .../posts-carousel/static/js/posts-carousel.js     |  799 +++++++
 .../shortcodes/posts-carousel/vc_options.php       |  241 +++
 .../posts-carousel/views/large_module.php          |   81 +
 .../posts-carousel/views/medium_module.php         |   51 +
 .../posts-carousel/views/small_module.php          |   41 +
 .../shortcodes/posts-carousel/views/template_1.php |   25 +
 .../shortcodes/posts-carousel/views/template_5.php |   63 +
 .../shortcodes/posts-carousel/views/template_6.php |   64 +
 .../shortcodes/posts-carousel/views/view.php       |   69 +
 .../shortcodes/shortcodes/posts-grid/static.php    |    9 +
 .../posts-grid/static/css/posts-grid.css           |  487 +++++
 .../posts-grid/static/css/posts-grid.scss          |  540 +++++
 .../shortcodes/posts-grid/views/basic_module.php   |   49 +
 .../shortcodes/posts-grid/views/large_module.php   |   49 +
 .../shortcodes/posts-grid/views/layout-2.php       |   67 +
 .../shortcodes/posts-grid/views/layout-3.php       |   65 +
 .../shortcodes/posts-grid/views/layout-4.php       |   70 +
 .../shortcodes/posts-grid/views/medium_module.php  |   51 +
 .../shortcodes/posts-grid/views/small_module.php   |   74 +
 .../shortcodes/shortcodes/posts-mansory/static.php |   26 +
 .../posts-mansory/static/css/posts-masonry.css     |   40 +
 .../posts-mansory/static/css/posts-masonry.scss    |   61 +
 .../posts-mansory/static/js/posts-masonry.js       |   23 +
 .../shortcodes/posts-mansory/views/layout-1.php    |   31 +
 .../shortcodes/posts-mansory/views/layout-2.php    |   20 +
 56 files changed, 8564 insertions(+)
 create mode 100644 code/framework-customizations/extensions/shortcodes/shortcodes/posts-block/config.php
 create mode 100644 code/framework-customizations/extensions/shortcodes/shortcodes/posts-block/options/layout-1.php
 create mode 100755 code/framework-customizations/extensions/shortcodes/shortcodes/posts-block/options/layout-2.php
 create mode 100755 code/framework-customizations/extensions/shortcodes/shortcodes/posts-block/options/layout-3.php
 create mode 100755 code/framework-customizations/extensions/shortcodes/shortcodes/posts-block/options/layout-4.php
 create mode 100644 code/framework-customizations/extensions/shortcodes/shortcodes/posts-block/static.php
 create mode 100644 code/framework-customizations/extensions/shortcodes/shortcodes/posts-block/static/css/_posts-block.scss
 create mode 100755 code/framework-customizations/extensions/shortcodes/shortcodes/posts-block/vc_options.php
 create mode 100755 code/framework-customizations/extensions/shortcodes/shortcodes/posts-block/views/block-item-1.php
 create mode 100755 code/framework-customizations/extensions/shortcodes/shortcodes/posts-block/views/block-item-2.php
 create mode 100755 code/framework-customizations/extensions/shortcodes/shortcodes/posts-block/views/block-item-3.php
 create mode 100755 code/framework-customizations/extensions/shortcodes/shortcodes/posts-block/views/layout-1.php
 create mode 100755 code/framework-customizations/extensions/shortcodes/shortcodes/posts-block/views/layout-2.php
 create mode 100755 code/framework-customizations/extensions/shortcodes/shortcodes/posts-block/views/layout-3.php
 create mode 100755 code/framework-customizations/extensions/shortcodes/shortcodes/posts-block/views/layout-4.php
 create mode 100644 code/framework-customizations/extensions/shortcodes/shortcodes/posts-block/views/list-layout-1.php
 create mode 100644 code/framework-customizations/extensions/shortcodes/shortcodes/posts-block/views/list-layout-2.php
 create mode 100644 code/framework-customizations/extensions/shortcodes/shortcodes/posts-block/views/list-layout-3.php
 create mode 100644 code/framework-customizations/extensions/shortcodes/shortcodes/posts-block/views/list-layout-6.php
 create mode 100644 code/framework-customizations/extensions/shortcodes/shortcodes/posts-block/views/list-layout-7.php
 create mode 100644 code/framework-customizations/extensions/shortcodes/shortcodes/posts-block/views/list-layout-8.php
 create mode 100644 code/framework-customizations/extensions/shortcodes/shortcodes/posts-block/views/list-layout-9.php
 create mode 100755 code/framework-customizations/extensions/shortcodes/shortcodes/posts-block/views/main-layout-1.php
 create mode 100644 code/framework-customizations/extensions/shortcodes/shortcodes/posts-block/views/main-layout-2.php
 create mode 100644 code/framework-customizations/extensions/shortcodes/shortcodes/posts-block/views/main-layout-3.php
 create mode 100644 code/framework-customizations/extensions/shortcodes/shortcodes/posts-block/views/view.php
 create mode 100755 code/framework-customizations/extensions/shortcodes/shortcodes/posts-carousel/config.php
 create mode 100644 code/framework-customizations/extensions/shortcodes/shortcodes/posts-carousel/static.php
 create mode 100644 code/framework-customizations/extensions/shortcodes/shortcodes/posts-carousel/static/css/posts-carousel.css
 create mode 100644 code/framework-customizations/extensions/shortcodes/shortcodes/posts-carousel/static/css/posts-carousel.scss
 create mode 100755 code/framework-customizations/extensions/shortcodes/shortcodes/posts-carousel/static/img/iphone-mockup.png
 create mode 100644 code/framework-customizations/extensions/shortcodes/shortcodes/posts-carousel/static/js/posts-carousel.js
 create mode 100755 code/framework-customizations/extensions/shortcodes/shortcodes/posts-carousel/vc_options.php
 create mode 100755 code/framework-customizations/extensions/shortcodes/shortcodes/posts-carousel/views/large_module.php
 create mode 100755 code/framework-customizations/extensions/shortcodes/shortcodes/posts-carousel/views/medium_module.php
 create mode 100755 code/framework-customizations/extensions/shortcodes/shortcodes/posts-carousel/views/small_module.php
 create mode 100755 code/framework-customizations/extensions/shortcodes/shortcodes/posts-carousel/views/template_1.php
 create mode 100755 code/framework-customizations/extensions/shortcodes/shortcodes/posts-carousel/views/template_5.php
 create mode 100755 code/framework-customizations/extensions/shortcodes/shortcodes/posts-carousel/views/template_6.php
 create mode 100755 code/framework-customizations/extensions/shortcodes/shortcodes/posts-carousel/views/view.php
 create mode 100644 code/framework-customizations/extensions/shortcodes/shortcodes/posts-grid/static.php
 create mode 100644 code/framework-customizations/extensions/shortcodes/shortcodes/posts-grid/static/css/posts-grid.css
 create mode 100644 code/framework-customizations/extensions/shortcodes/shortcodes/posts-grid/static/css/posts-grid.scss
 create mode 100644 code/framework-customizations/extensions/shortcodes/shortcodes/posts-grid/views/basic_module.php
 create mode 100644 code/framework-customizations/extensions/shortcodes/shortcodes/posts-grid/views/large_module.php
 create mode 100644 code/framework-customizations/extensions/shortcodes/shortcodes/posts-grid/views/layout-2.php
 create mode 100644 code/framework-customizations/extensions/shortcodes/shortcodes/posts-grid/views/layout-3.php
 create mode 100644 code/framework-customizations/extensions/shortcodes/shortcodes/posts-grid/views/layout-4.php
 create mode 100644 code/framework-customizations/extensions/shortcodes/shortcodes/posts-grid/views/medium_module.php
 create mode 100644 code/framework-customizations/extensions/shortcodes/shortcodes/posts-grid/views/small_module.php
 create mode 100644 code/framework-customizations/extensions/shortcodes/shortcodes/posts-mansory/static.php
 create mode 100644 code/framework-customizations/extensions/shortcodes/shortcodes/posts-mansory/static/css/posts-masonry.css
 create mode 100644 code/framework-customizations/extensions/shortcodes/shortcodes/posts-mansory/static/css/posts-masonry.scss
 create mode 100644 code/framework-customizations/extensions/shortcodes/shortcodes/posts-mansory/static/js/posts-masonry.js
 create mode 100644 code/framework-customizations/extensions/shortcodes/shortcodes/posts-mansory/views/layout-1.php
 create mode 100644 code/framework-customizations/extensions/shortcodes/shortcodes/posts-mansory/views/layout-2.php create mode 100644 code/framework-customizations/extensions/shortcodes/shortcodes/posts-mansory/views/layout-2.php
Updating bf8db6b..84b606d
Fast-forward
 .../shortcodes/shortcodes/item-list/config.php     |  35 +++----
 .../shortcodes/shortcodes/item-list/vc_options.php |  47 ++++++++-
 .../shortcodes/shortcodes/item-list/views/view.php | 112 +++++++++++----------
 code/includes/hooks.php                            |   1 +
 4 files changed, 119 insertions(+), 76 deletions(-) 4 files changed, 119 insertions(+), 76 deletions(-)
Updating 84b606d..3b17e8c
Fast-forward
 .../shortcodes/contact/static/css/contact.css      | 132 +++++++------------
 .../shortcodes/contact/static/css/contact.scss     | 145 +++++++++------------
 2 files changed, 109 insertions(+), 168 deletions(-) 2 files changed, 109 insertions(+), 168 deletions(-)
Not expected branch : refs/heads/phatnm
