Not expected branch : refs/heads/style_tailm
Not expected branch : refs/heads/style_tailm
Not expected branch : 
Not expected branch : refs/heads/style_tailm
Fail to update develop of education
Updating add79f9..ac4b308
Fast-forward
 code/theme/static/css/layout.css  | 11 ++++++++++-
 code/theme/static/css/layout.scss |  9 ++++++++-
 code/theme/static/js/main.js      | 31 ++++++++++++++++++++++---------
 3 files changed, 40 insertions(+), 11 deletions(-) 3 files changed, 40 insertions(+), 11 deletions(-)
Not expected branch : refs/heads/style_tailm
Not expected branch : 
Fail to update develop of education
Updating ac4b308..ab1e31d
Fast-forward
 code/theme/static/css/layout.css  | 9 ++++++---
 code/theme/static/css/layout.scss | 9 ++++++---
 code/theme/static/js/main.js      | 1 -
 3 files changed, 12 insertions(+), 7 deletions(-) 3 files changed, 12 insertions(+), 7 deletions(-)
Not expected branch : refs/heads/style_tailm
Not expected branch : refs/heads/style_tailm
Not expected branch : 
Not expected branch : refs/heads/style_tailm
Fail to update develop of education
Updating ab1e31d..08ce2e1
Fast-forward
 code/theme/static/css/layout.css  | 9 +++++++--
 code/theme/static/css/layout.scss | 8 ++++++--
 2 files changed, 13 insertions(+), 4 deletions(-) 2 files changed, 13 insertions(+), 4 deletions(-)
Not expected branch : refs/heads/style_tailm
Not expected branch : 
Not expected branch : refs/heads/style_tailm
Updating 08ce2e1..9902522
Fast-forward
 code/theme/static/css/layout.css  | 6 +++++-
 code/theme/static/css/layout.scss | 5 ++++-
 code/theme/static/js/main.js      | 3 ++-
 3 files changed, 11 insertions(+), 3 deletions(-) 3 files changed, 11 insertions(+), 3 deletions(-)
Fail to update develop of education
Not expected branch : refs/heads/style_tailm
Not expected branch : 
Not expected branch : refs/heads/style_tailm
Fail to update develop of education
Updating 9902522..ac0cafe
Fast-forward
 code/theme/static/js/main.js | 1 -
 1 file changed, 1 deletion(-) 1 file changed, 1 deletion(-)
Not expected branch : refs/heads/style_tailm
Not expected branch : 
Not expected branch : refs/heads/style_tailm
Updating ac0cafe..60435e6
Fast-forward
 code/theme/static/css/layout.css  | 7 +++++--
 code/theme/static/css/layout.scss | 7 +++++--
 2 files changed, 10 insertions(+), 4 deletions(-) 2 files changed, 10 insertions(+), 4 deletions(-)
Fail to update develop of education
Not expected branch : refs/heads/style_tailm
Not expected branch : 
Updating 60435e6..0a1edcc
Fast-forward
 code/theme/static/css/layout.css  | 2 ++
 code/theme/static/css/layout.scss | 2 ++
 2 files changed, 4 insertions(+) 2 files changed, 4 insertions(+)
Already up-to-date.Already up-to-date.
Not expected branch : refs/heads/style_tailm
Not expected branch : refs/heads/style_tailm
Not expected branch : 
Not expected branch : refs/heads/style_tailm
Updating 0a1edcc..72913af
Fast-forward
 .../shortcodes/pricing-box/static/css/pricing-box.css | 13 +++++++++----
 .../pricing-box/static/css/pricing-box.scss           | 19 +++++++++++++++----
 .../framework-customizations/theme/custom-color.php   | 10 +++++++++-
 code/theme/static/css/layout.css                      |  2 --
 code/theme/static/css/layout.scss                     |  2 --
 5 files changed, 33 insertions(+), 13 deletions(-) 5 files changed, 33 insertions(+), 13 deletions(-)
Already up-to-date.Already up-to-date.
Not expected branch : refs/heads/style_tailm
Not expected branch : 
Updating 72913af..df5b998
Fast-forward
 .../shortcodes/pricing-box/static/css/pricing-box.css        | 12 ++++++++++++
 .../shortcodes/pricing-box/static/css/pricing-box.scss       |  7 +++++++
 code/theme/framework-customizations/theme/custom-color.php   |  6 ++++++
 3 files changed, 25 insertions(+) 3 files changed, 25 insertions(+)
Not expected branch : refs/heads/style_tailm
Fail to update develop of education
Not expected branch : refs/heads/style_tailm
Not expected branch : 
Updating df5b998..044141b
Fast-forward
 .../shortcodes/shortcodes/pricing-box/static/css/pricing-box.css      | 2 +-
 .../shortcodes/shortcodes/pricing-box/static/css/pricing-box.scss     | 2 +-
 code/theme/framework-customizations/theme/custom-color.php            | 4 ++--
 3 files changed, 4 insertions(+), 4 deletions(-) 3 files changed, 4 insertions(+), 4 deletions(-)
Not expected branch : refs/heads/style_tailm
Fail to update develop of education
Not expected branch : refs/heads/style_tailm
Not expected branch : 
Not expected branch : refs/heads/style_tailm
Updating 044141b..afb1fdd
Fast-forward
 code/theme/framework-customizations/theme/custom-color.php | 4 ++--
 1 file changed, 2 insertions(+), 2 deletions(-) 1 file changed, 2 insertions(+), 2 deletions(-)
Fail to update develop of education
Not expected branch : refs/heads/style_tailm
Not expected branch : 
Fail to update develop of education
Not expected branch : refs/heads/style_tailm
Updating afb1fdd..2d0d715
Fast-forward
 .../shortcodes/shortcodes/pricing-box/static/css/pricing-box.css      | 4 ++++
 .../shortcodes/shortcodes/pricing-box/static/css/pricing-box.scss     | 3 +++
 code/theme/framework-customizations/theme/custom-color.php            | 1 +
 3 files changed, 8 insertions(+) 3 files changed, 8 insertions(+)
Not expected branch : refs/heads/style_tailm
Not expected branch : 
Not expected branch : refs/heads/style_tailm
Updating 2d0d715..1ba33c7
Fast-forward
 .../shortcodes/shortcodes/counterv2/static/css/counterv2.css          | 4 ++++
 .../shortcodes/shortcodes/counterv2/static/css/counterv2.scss         | 4 ++++
 2 files changed, 8 insertions(+) 2 files changed, 8 insertions(+)
Fail to update develop of education
Not expected branch : refs/heads/style_tailm
Not expected branch : 
Fail to update develop of education
Updating 1ba33c7..90285e2
Fast-forward
 code/theme/static/css/layout.css  | 2 ++
 code/theme/static/css/layout.scss | 2 ++
 2 files changed, 4 insertions(+) 2 files changed, 4 insertions(+)
Not expected branch : refs/heads/style_tailm
Not expected branch : refs/heads/style_tailm
Not expected branch : 
Updating 90285e2..5ba726e
Fast-forward
 code/theme/static/css/layout.css  | 6 ++++++
 code/theme/static/css/layout.scss | 3 +++
 2 files changed, 9 insertions(+) 2 files changed, 9 insertions(+)
Not expected branch : refs/heads/style_tailm
Fail to update develop of education
Not expected branch : refs/heads/style_tailm
Not expected branch : refs/heads/style_tailm
Not expected branch : 
Updating 5ba726e..b4e1619
Fast-forward
 code/theme/static/css/layout.css  | 12 ++++++------
 code/theme/static/css/layout.scss |  6 +++---
 2 files changed, 9 insertions(+), 9 deletions(-) 2 files changed, 9 insertions(+), 9 deletions(-)
Fail to update develop of education
Not expected branch : refs/heads/style_tailm
Not expected branch : refs/heads/style_tailm
Not expected branch : 
Updating b4e1619..f11f478
Fast-forward
 code/theme/static/css/layout.css  | 6 ++++++
 code/theme/static/css/layout.scss | 5 +++++
 2 files changed, 11 insertions(+) 2 files changed, 11 insertions(+)
Not expected branch : refs/heads/style_tailm
Fail to update develop of education
Not expected branch : refs/heads/duytn/livesettings
Not expected branch : 
Not expected branch : 
Not expected branch : refs/heads/duytn/livesettings
Fail to update develop of education
Updating f11f478..e545ea3
Fast-forward
 code/theme/framework-customizations/theme/options/settings.php | 2 ++
 1 file changed, 2 insertions(+) 1 file changed, 2 insertions(+)
Updating e545ea3..b14b0b1
Fast-forward
 .../shortcodes/slz-shortcode-lema-category-list.php    | 18 +++++++++++++++++-
 1 file changed, 17 insertions(+), 1 deletion(-) 1 file changed, 17 insertions(+), 1 deletion(-)
Fail to update develop of education
Not expected branch : refs/heads/thangpd/categorylist
Not expected branch : refs/heads/duytn/fix-pricing-box
Not expected branch : 
Not expected branch : 
Updating b14b0b1..bed8694
Fast-forward
 .../shortcodes/shortcodes/pricing-box/views/layout-1.php          | 8 ++++----
 .../shortcodes/shortcodes/pricing-box/views/layout-2.php          | 2 +-
 .../shortcodes/shortcodes/pricing-box/views/layout-3.php          | 2 +-
 .../shortcodes/shortcodes/pricing-box/views/layout-4.php          | 2 +-
 4 files changed, 7 insertions(+), 7 deletions(-) 4 files changed, 7 insertions(+), 7 deletions(-)
Not expected branch : refs/heads/duytn/fix-pricing-box
Fail to update develop of education
Not expected branch : refs/heads/style_tailm
