Not expected branch : refs/heads/style_tailm
Not expected branch : refs/heads/style_tailm
Not expected branch : refs/heads/duytn/hardcode
Not expected branch : refs/heads/thangpd/404page
Not expected branch : refs/heads/thangpd/pricingbox
Not expected branch : 
Not expected branch : refs/heads/duytn/hardcode
Not expected branch : 
Not expected branch : 
Not expected branch : 
Not expected branch : refs/heads/thangpd/pricingbox
Fail to update develop of education
Updating b2fb6e4..75d123b
Fast-forward
 .../shortcodes/shortcodes/pricing-box/views/layout-1.php    | 13 +++++++------
 1 file changed, 7 insertions(+), 6 deletions(-) 1 file changed, 7 insertions(+), 6 deletions(-)
Updating 75d123b..113c859
Fast-forward
 code/theme/404.php | 2 ++
 1 file changed, 2 insertions(+) 1 file changed, 2 insertions(+)
Not expected branch : refs/heads/thangpd/404page
Fail to update develop of education
Not expected branch : refs/heads/thangpd/pricingbox
Not expected branch : 
Not expected branch : refs/heads/style_tailm
Not expected branch : refs/heads/duytn/hardcode
Not expected branch : 
Not expected branch : refs/heads/style_tailm
Fail to update develop of education
Updating 113c859..df155ec
Fast-forward
 .../theme/custom-color.php                         |   3 +
 code/theme/static/css/lema-custom.css              | 143 +++++++++++++++++++++
 code/theme/static/css/lema-custom.scss             | 132 +++++++++++++++++++
 3 files changed, 278 insertions(+) 3 files changed, 278 insertions(+)
Not expected branch : refs/heads/duytn/hardcode
Not expected branch : refs/heads/style_tailm
Not expected branch : 
Not expected branch : 
Not expected branch : 
Updating df155ec..699c350
Fast-forward
 code/theme/static/css/lema-custom.css  | 22 +++++++++++-----------
 code/theme/static/css/lema-custom.scss | 20 ++++++++++----------
 2 files changed, 21 insertions(+), 21 deletions(-) 2 files changed, 21 insertions(+), 21 deletions(-)
Not expected branch : refs/heads/style_tailm
Fail to update develop of education
Not expected branch : refs/heads/style_tailm
Not expected branch : refs/heads/duytn/hardcode
Not expected branch : 
Fail to update develop of education
Updating 699c350..5052875
Fast-forward
 code/theme/static/css/layout.css  |  8 ++++++++
 code/theme/static/css/layout.scss | 10 ++++++++++
 2 files changed, 18 insertions(+) 2 files changed, 18 insertions(+)
Not expected branch : refs/heads/style_tailm
Not expected branch : refs/heads/style_tailm
Not expected branch : 
Not expected branch : refs/heads/style_tailm
Updating 5052875..3881a73
Fast-forward
 code/theme/static/css/layout.css  | 7 +++++++
 code/theme/static/css/layout.scss | 8 ++++++++
 2 files changed, 15 insertions(+) 2 files changed, 15 insertions(+)
Fail to update develop of education
Not expected branch : refs/heads/style_tailm
Not expected branch : refs/heads/style_tailm
Not expected branch : 
Updating 3881a73..a6d142a
Fast-forward
 code/theme/static/css/layout.css  | 2 +-
 code/theme/static/css/layout.scss | 2 +-
 2 files changed, 2 insertions(+), 2 deletions(-) 2 files changed, 2 insertions(+), 2 deletions(-)
Not expected branch : refs/heads/style_tailm
Already up-to-date.Already up-to-date.
Not expected branch : refs/heads/thangpd/addCartSC
Not expected branch : refs/heads/style_tailm
Not expected branch : 
Fail to update develop of education
Updating a6d142a..dbe6c99
Fast-forward
 code/theme/static/css/layout.css  |  4 ++++
 code/theme/static/css/layout.scss | 11 +++++++++++
 2 files changed, 15 insertions(+) 2 files changed, 15 insertions(+)
Not expected branch : refs/heads/style_tailm
Not expected branch : 
Not expected branch : refs/heads/thangpd/pricingbox
Not expected branch : 
Not expected branch : 
Not expected branch : 
Not expected branch : refs/heads/thangpd/pricingbox
Not expected branch : 
Not expected branch : refs/heads/thangpd/pricingbox
Not expected branch : 
Not expected branch : 
Not expected branch : refs/heads/thangpd/pricingbox
Not expected branch : refs/heads/thangpd/pricingbox
Updating dbe6c99..3ad5feb
Fast-forward
 .../shortcodes/pricing-box/views/layout-1.php        | 20 +++++++++++---------
 1 file changed, 11 insertions(+), 9 deletions(-) 1 file changed, 11 insertions(+), 9 deletions(-)
Already up-to-date.Already up-to-date.
Not expected branch : refs/heads/style_tailm
Not expected branch : 
Not expected branch : refs/heads/style_tailm
Updating 3ad5feb..a05753f
Fast-forward
 .../shortcodes/pricing-box/static/css/pricing-box.css       |  9 +++++++++
 .../shortcodes/pricing-box/static/css/pricing-box.scss      | 13 +++++++++++++
 2 files changed, 22 insertions(+) 2 files changed, 22 insertions(+)
Fail to update develop of education
Not expected branch : refs/heads/thangpd/pricingbox
Not expected branch : 
Fail to update develop of education
Updating a05753f..3ab9129
Fast-forward
 .../extensions/shortcodes/shortcodes/pricing-box/views/layout-1.php    | 3 ++-
 1 file changed, 2 insertions(+), 1 deletion(-) 1 file changed, 2 insertions(+), 1 deletion(-)
Not expected branch : refs/heads/thangpd/pricingbox
Not expected branch : refs/heads/thangpd/pricingbox
Not expected branch : 
Not expected branch : refs/heads/thangpd/pricingbox
Fail to update develop of education
Updating 3ab9129..e0f37f6
Fast-forward
 .../extensions/shortcodes/shortcodes/pricing-box/views/layout-1.php    | 3 +++
 1 file changed, 3 insertions(+) 1 file changed, 3 insertions(+)
Not expected branch : refs/heads/thangpd/pricingbox
Not expected branch : 
Not expected branch : refs/heads/thangpd/pricingbox
Not expected branch : 
