Not expected branch : refs/heads/taibt
Not expected branch : refs/heads/taibt
Not expected branch : 
Updating cdd4811..b7bf35b
Fast-forward
 .../gallery/shortcodes/gallery-carousel/views/layout-4.php           | 5 +++--
 1 file changed, 3 insertions(+), 2 deletions(-) 1 file changed, 3 insertions(+), 2 deletions(-)
Fail to update develop of education
Not expected branch : refs/heads/taibt
Updating b7bf35b..7322cc6
Fast-forward
 .../theme/options/template-settings.php            | 43 +++++++++++++++++++++-
 code/theme/includes/helpers.php                    |  2 +-
 code/theme/includes/hooks.php                      |  3 +-
 code/theme/woocommerce/archive-product.php         |  5 ++-
 4 files changed, 49 insertions(+), 4 deletions(-) 4 files changed, 49 insertions(+), 4 deletions(-)
Updating 7322cc6..15982cf
Fast-forward
 code/theme/framework-customizations/theme/config.php | 1 +
 code/theme/woocommerce/archive-product.php           | 5 +----
 2 files changed, 2 insertions(+), 4 deletions(-) 2 files changed, 2 insertions(+), 4 deletions(-)
Not expected branch : refs/heads/tai_abc
