Updating 8aa5151..51a783b
Fast-forward
 code/framework-customizations/extensions/widgets/static/css/widgets.css  | 1 +
 code/framework-customizations/extensions/widgets/static/css/widgets.scss | 1 +
 2 files changed, 2 insertions(+) 2 files changed, 2 insertions(+)
Updating 51a783b..c838a04
Fast-forward
 code/framework-customizations/extensions/widgets/static/css/widgets.css | 2 +-
 .../framework-customizations/extensions/widgets/static/css/widgets.scss | 2 +-
 2 files changed, 2 insertions(+), 2 deletions(-) 2 files changed, 2 insertions(+), 2 deletions(-)
Updating c838a04..a68fa89
Fast-forward
 code/framework-customizations/extensions/widgets/static/css/widgets.css  | 1 +
 code/framework-customizations/extensions/widgets/static/css/widgets.scss | 1 +
 2 files changed, 2 insertions(+) 2 files changed, 2 insertions(+)
Updating a68fa89..2ea549a
Fast-forward
 .../shortcodes/shortcodes/button/static/css/_button.scss |  4 ++--
 code/static/css/cryptoio-components.css                  | 16 ++++++++--------
 2 files changed, 10 insertions(+), 10 deletions(-) 2 files changed, 10 insertions(+), 10 deletions(-)
Updating 2ea549a..5cd1aaf
Fast-forward
 .../extensions/widgets/static/css/widgets.css                         | 4 ++--
 .../extensions/widgets/static/css/widgets.scss                        | 4 ++--
 2 files changed, 4 insertions(+), 4 deletions(-) 2 files changed, 4 insertions(+), 4 deletions(-)
Updating 5cd1aaf..7603998
Fast-forward
 code/framework-customizations/extensions/widgets/static/css/widgets.css | 2 +-
 .../framework-customizations/extensions/widgets/static/css/widgets.scss | 2 +-
 2 files changed, 2 insertions(+), 2 deletions(-) 2 files changed, 2 insertions(+), 2 deletions(-)
Updating 7603998..e22df35
Fast-forward
 code/style.css | 4 ++++
 1 file changed, 4 insertions(+) 1 file changed, 4 insertions(+)
Updating e22df35..4d8256a
Fast-forward
 code/style.css | 3 +++
 1 file changed, 3 insertions(+) 1 file changed, 3 insertions(+)
Updating 4d8256a..5962c92
Fast-forward
 .../extensions/widgets/static/css/widgets.css      | 10 ++++-
 .../extensions/widgets/static/css/widgets.scss     | 43 ++++++++++++++--------
 2 files changed, 36 insertions(+), 17 deletions(-) 2 files changed, 36 insertions(+), 17 deletions(-)
Updating 5962c92..0e0ed5b
Fast-forward
 .../extensions/widgets/static/css/widgets.css                     | 8 ++++++++
 .../extensions/widgets/static/css/widgets.scss                    | 8 ++++++++
 2 files changed, 16 insertions(+) 2 files changed, 16 insertions(+)
Not expected branch : refs/heads/thangpd/crypto_chart
Updating 0e0ed5b..d4e0731
Fast-forward
 code/framework-customizations/extensions/widgets/static/css/widgets.css | 2 +-
 .../framework-customizations/extensions/widgets/static/css/widgets.scss | 2 +-
 2 files changed, 2 insertions(+), 2 deletions(-) 2 files changed, 2 insertions(+), 2 deletions(-)
Updating d4e0731..be8b683
Fast-forward
 .../extensions/widgets/static/css/widgets.css                        | 4 ++++
 .../extensions/widgets/static/css/widgets.scss                       | 5 +++++
 2 files changed, 9 insertions(+) 2 files changed, 9 insertions(+)
Updating be8b683..e36c077
Fast-forward
 .../extensions/widgets/static/css/widgets.css          | 15 +++++++++++++++
 .../extensions/widgets/static/css/widgets.scss         | 18 ++++++++++++++++++
 2 files changed, 33 insertions(+) 2 files changed, 33 insertions(+)
Updating e36c077..c26bc7b
Fast-forward
 .../extensions/widgets/static/css/widgets.css                | 12 ++++++------
 .../extensions/widgets/static/css/widgets.scss               |  2 +-
 2 files changed, 7 insertions(+), 7 deletions(-) 2 files changed, 7 insertions(+), 7 deletions(-)
Updating c26bc7b..b8fb9a1
Fast-forward
 .../extensions/widgets/static/css/widgets.css      | 35 ++++++++++++++++++++++
 .../extensions/widgets/static/css/widgets.scss     | 25 ++++++++++++++++
 2 files changed, 60 insertions(+) 2 files changed, 60 insertions(+)
Updating b8fb9a1..864ae24
Fast-forward
 code/framework-customizations/extensions/widgets/static/css/widgets.css  | 1 +
 code/framework-customizations/extensions/widgets/static/css/widgets.scss | 1 +
 2 files changed, 2 insertions(+) 2 files changed, 2 insertions(+)
Updating 864ae24..5270170
Fast-forward
 .../extensions/widgets/static/css/widgets.css                    | 9 ++++++++-
 .../extensions/widgets/static/css/widgets.scss                   | 7 ++++++-
 2 files changed, 14 insertions(+), 2 deletions(-) 2 files changed, 14 insertions(+), 2 deletions(-)
Updating 5270170..7747298
Fast-forward
 .../extensions/widgets/static/css/widgets.css                         | 4 ++++
 .../extensions/widgets/static/css/widgets.scss                        | 2 ++
 2 files changed, 6 insertions(+) 2 files changed, 6 insertions(+)
Updating 7747298..d77f581
Fast-forward
 .../extensions/widgets/static/css/widgets.css         | 18 ++++++++++++++++++
 .../extensions/widgets/static/css/widgets.scss        | 19 +++++++++++++++++++
 2 files changed, 37 insertions(+) 2 files changed, 37 insertions(+)
Updating d77f581..bb09f5d
Fast-forward
 .../extensions/widgets/static/css/widgets.css                       | 6 +++---
 .../extensions/widgets/static/css/widgets.scss                      | 2 +-
 2 files changed, 4 insertions(+), 4 deletions(-) 2 files changed, 4 insertions(+), 4 deletions(-)
Not expected branch : refs/heads/sonpq
Updating bb09f5d..6a11b6e
Fast-forward
 .../extensions/widgets/static/css/widgets.css                        | 5 +++++
 .../extensions/widgets/static/css/widgets.scss                       | 4 ++++
 2 files changed, 9 insertions(+) 2 files changed, 9 insertions(+)
Not expected branch : 
Updating 6a11b6e..33c610b
Fast-forward
 .../extensions/widgets/static/css/widgets.css                       | 6 +++---
 .../extensions/widgets/static/css/widgets.scss                      | 2 +-
 2 files changed, 4 insertions(+), 4 deletions(-) 2 files changed, 4 insertions(+), 4 deletions(-)
Updating 33c610b..7d823c4
Fast-forward
 .../extensions/widgets/static/css/widgets.css               | 13 +++++++++++++
 .../extensions/widgets/static/css/widgets.scss              | 11 +++++++++++
 2 files changed, 24 insertions(+) 2 files changed, 24 insertions(+)
Fail to update develop of cryptoio
Updating 7d823c4..b6c2fd1
Fast-forward
 .gitignore                                         |    3 +-
 .../shortcodes/partner/static/css/partner.css      |  218 ++--
 .../shortcodes/partner/static/css/partner.scss     |  235 ++--
 .../testimonial/static/css/testimonial.css         |   12 +-
 .../extensions/widgets/static/css/widgets.css      |    6 +-
 code/package-lock.json                             | 1309 +++++++-------------
 code/package.json                                  |    4 +-
 code/static/css/cryptoio-components.css            |    6 +-
 package-lock.json                                  |    3 +
 9 files changed, 692 insertions(+), 1104 deletions(-)
 create mode 100644 package-lock.json create mode 100644 package-lock.json
Not expected branch : refs/heads/sc-list-item
Updating b6c2fd1..42c5250
Fast-forward
 .../testimonial/static/css/testimonial.css         | 121 ++++++++++++++++---
 .../testimonial/static/css/testimonial.scss        | 134 ++++++++++++++++-----
 .../testimonial/static/js/testimonial.js           |  12 +-
 .../shortcodes/testimonial/views/layout-2.php      |  17 +++
 4 files changed, 236 insertions(+), 48 deletions(-) 4 files changed, 236 insertions(+), 48 deletions(-)
Fail to update develop of cryptoio
Updating 42c5250..ddceebf
Fast-forward
 code/framework-customizations/extensions/widgets/static/css/widgets.css | 2 +-
 .../framework-customizations/extensions/widgets/static/css/widgets.scss | 2 +-
 2 files changed, 2 insertions(+), 2 deletions(-) 2 files changed, 2 insertions(+), 2 deletions(-)
Updating ddceebf..6c3aeba
Fast-forward
 .../shortcodes/shortcodes/partner/static/css/partner.css     |  2 +-
 .../shortcodes/testimonial/static/css/testimonial.css        | 12 ++++++------
 .../extensions/widgets/static/css/widgets.css                |  6 +++---
 code/static/css/cryptoio-components.css                      |  6 +++---
 4 files changed, 13 insertions(+), 13 deletions(-) 4 files changed, 13 insertions(+), 13 deletions(-)
Updating 6c3aeba..fe0263a
Fast-forward
 code/style.css | 4 ++++
 1 file changed, 4 insertions(+) 1 file changed, 4 insertions(+)
Updating fe0263a..10e2fc0
Fast-forward
 code/style.css | 2 +-
 1 file changed, 1 insertion(+), 1 deletion(-) 1 file changed, 1 insertion(+), 1 deletion(-)
Updating 10e2fc0..08ed5a3
Fast-forward
 .../extensions/shortcodes/shortcodes/video-carousel/config.php          | 2 +-
 1 file changed, 1 insertion(+), 1 deletion(-) 1 file changed, 1 insertion(+), 1 deletion(-)
Updating 08ed5a3..3fda894
Fast-forward
 .../timeline-carousel/static/css/timeline_carousel.css | 18 +++++++++---------
 .../static/css/timeline_carousel.scss                  | 18 +++++++++---------
 2 files changed, 18 insertions(+), 18 deletions(-) 2 files changed, 18 insertions(+), 18 deletions(-)
Updating 3fda894..e5cf620
Fast-forward
 .../shortcodes/timeline-carousel/static/css/timeline_carousel.css     | 4 ++++
 .../shortcodes/timeline-carousel/static/css/timeline_carousel.scss    | 3 +++
 2 files changed, 7 insertions(+) 2 files changed, 7 insertions(+)
Updating e5cf620..31c654f
Fast-forward
 .../shortcodes/timeline-carousel/static/css/timeline_carousel.css       | 2 +-
 .../shortcodes/timeline-carousel/static/css/timeline_carousel.scss      | 2 +-
 2 files changed, 2 insertions(+), 2 deletions(-) 2 files changed, 2 insertions(+), 2 deletions(-)
Updating 31c654f..6073f76
Fast-forward
 .../shortcodes/timeline-carousel/static/css/timeline_carousel.css       | 2 +-
 .../shortcodes/timeline-carousel/static/css/timeline_carousel.scss      | 2 +-
 2 files changed, 2 insertions(+), 2 deletions(-) 2 files changed, 2 insertions(+), 2 deletions(-)
Updating 6073f76..2877b39
Fast-forward
 .../shortcodes/timeline-carousel/static/css/timeline_carousel.css     | 4 ++++
 .../shortcodes/timeline-carousel/static/css/timeline_carousel.scss    | 3 +++
 2 files changed, 7 insertions(+) 2 files changed, 7 insertions(+)
Updating 2877b39..631ba98
Fast-forward
 .../timeline-carousel/static/css/timeline_carousel.css         | 10 +++++++---
 .../timeline-carousel/static/css/timeline_carousel.scss        | 10 ++++++++--
 2 files changed, 15 insertions(+), 5 deletions(-) 2 files changed, 15 insertions(+), 5 deletions(-)
Updating 631ba98..068850f
Fast-forward
 .../shortcodes/timeline-carousel/static/css/timeline_carousel.css     | 4 ++++
 .../shortcodes/timeline-carousel/static/css/timeline_carousel.scss    | 3 +++
 2 files changed, 7 insertions(+) 2 files changed, 7 insertions(+)
Not expected branch : refs/heads/thangpd/crypto_chart
Updating 068850f..a9fdfb4
Fast-forward
 .../extensions/cryptoio/helpers.php                | 90 ++++++----------------
 .../cryptoio/shortcodes/cryptoio/vc_options.php    |  4 +-
 .../class-slz-shortcode-cryptoio_category.php      | 34 ++++++++
 .../shortcodes/cryptoio_category/config.php        | 22 ++++++
 .../shortcodes/cryptoio_category/static.php        | 15 ++++
 .../static/css/crypto_category.css                 | 49 ++++++++++++
 .../shortcodes/cryptoio_category/vc_options.php    | 82 ++++++++++++++++++++
 .../shortcodes/cryptoio_category/views/view.php    | 50 ++++++++++++
 8 files changed, 279 insertions(+), 67 deletions(-)
 create mode 100755 code/framework-customizations/extensions/cryptoio/shortcodes/cryptoio_category/class-slz-shortcode-cryptoio_category.php
 create mode 100755 code/framework-customizations/extensions/cryptoio/shortcodes/cryptoio_category/config.php
 create mode 100644 code/framework-customizations/extensions/cryptoio/shortcodes/cryptoio_category/static.php
 create mode 100644 code/framework-customizations/extensions/cryptoio/shortcodes/cryptoio_category/static/css/crypto_category.css
 create mode 100755 code/framework-customizations/extensions/cryptoio/shortcodes/cryptoio_category/vc_options.php
 create mode 100644 code/framework-customizations/extensions/cryptoio/shortcodes/cryptoio_category/views/view.php create mode 100644 code/framework-customizations/extensions/cryptoio/shortcodes/cryptoio_category/views/view.php
Not expected branch : refs/heads/thuongnth-sc-video
Not expected branch : 
Updating a9fdfb4..70e1272
Fast-forward
 .../timeline-carousel/static/css/timeline_carousel.css           | 9 ++-------
 .../timeline-carousel/static/css/timeline_carousel.scss          | 6 ++----
 2 files changed, 4 insertions(+), 11 deletions(-) 2 files changed, 4 insertions(+), 11 deletions(-)
Updating 70e1272..53bdd05
Fast-forward
 .../shortcodes/timeline-carousel/static/css/timeline_carousel.css       | 2 +-
 .../shortcodes/timeline-carousel/static/css/timeline_carousel.scss      | 2 +-
 2 files changed, 2 insertions(+), 2 deletions(-) 2 files changed, 2 insertions(+), 2 deletions(-)
Updating 53bdd05..3c2e70e
Fast-forward
 .../shortcodes/timeline-carousel/static/css/timeline_carousel.css       | 2 +-
 .../shortcodes/timeline-carousel/static/css/timeline_carousel.scss      | 2 +-
 2 files changed, 2 insertions(+), 2 deletions(-) 2 files changed, 2 insertions(+), 2 deletions(-)
Updating 3c2e70e..4d0a732
Fast-forward
 .../shortcodes/timeline-carousel/static/css/timeline_carousel.css       | 2 +-
 .../shortcodes/timeline-carousel/static/css/timeline_carousel.scss      | 2 +-
 2 files changed, 2 insertions(+), 2 deletions(-) 2 files changed, 2 insertions(+), 2 deletions(-)
Updating 4d0a732..406f57b
Fast-forward
 .../shortcodes/timeline-carousel/static/css/timeline_carousel.css       | 2 +-
 .../shortcodes/timeline-carousel/static/css/timeline_carousel.scss      | 2 +-
 2 files changed, 2 insertions(+), 2 deletions(-) 2 files changed, 2 insertions(+), 2 deletions(-)
Updating 406f57b..c631218
Fast-forward
 .../shortcodes/timeline-carousel/static/css/timeline_carousel.css     | 4 ++++
 .../shortcodes/timeline-carousel/static/css/timeline_carousel.scss    | 3 +++
 2 files changed, 7 insertions(+) 2 files changed, 7 insertions(+)
Updating c631218..f6c195a
Fast-forward
 .../shortcodes/timeline-carousel/static/css/timeline_carousel.css     | 2 +-
 .../shortcodes/timeline-carousel/static/css/timeline_carousel.scss    | 4 +++-
 2 files changed, 4 insertions(+), 2 deletions(-) 2 files changed, 4 insertions(+), 2 deletions(-)
Updating f6c195a..1c6231f
Fast-forward
 .../shortcodes/timeline-carousel/static/css/timeline_carousel.css       | 2 +-
 .../shortcodes/timeline-carousel/static/css/timeline_carousel.scss      | 2 +-
 2 files changed, 2 insertions(+), 2 deletions(-) 2 files changed, 2 insertions(+), 2 deletions(-)
Fail to update develop of cryptoio
Updating 1c6231f..a4e6817
Fast-forward
 .../shortcodes/video/static/css/_video.scss        |  132 ++-
 .../extensions/widgets/static/js/widgets.js        |    2 +-
 code/static/css/cryptoio-components.css            | 1032 +++++++++++++++++++-
 code/static/css/cryptoio-components.scss           |   13 +-
 4 files changed, 1171 insertions(+), 8 deletions(-) 4 files changed, 1171 insertions(+), 8 deletions(-)
Updating a4e6817..c9f8075
Fast-forward
 .../shortcodes/timeline-carousel/static/css/timeline_carousel.css       | 2 +-
 .../shortcodes/timeline-carousel/static/css/timeline_carousel.scss      | 2 +-
 2 files changed, 2 insertions(+), 2 deletions(-) 2 files changed, 2 insertions(+), 2 deletions(-)
Updating c9f8075..75f1403
Fast-forward
 .../services/shortcodes/service-block/static.php   |   9 ++
 .../service-block/static/css/service-block.css     | 113 +++++++++++++++++++
 .../service-block/static/css/service-block.scss    | 119 +++++++++++++++++++++
 .../extensions/services/static.php                 |  10 ++
 .../extensions/services/static/css/_services.scss  |   0
 .../services/static/js/slz-services-js.js          |  31 ++++++
 .../extensions/services/views/gallery-item.php     |  60 +++++++++++
 .../extensions/services/views/single.php           |  82 ++++++++++++++
 8 files changed, 424 insertions(+)
 create mode 100644 code/framework-customizations/extensions/services/shortcodes/service-block/static.php
 create mode 100644 code/framework-customizations/extensions/services/shortcodes/service-block/static/css/service-block.css
 create mode 100644 code/framework-customizations/extensions/services/shortcodes/service-block/static/css/service-block.scss
 create mode 100644 code/framework-customizations/extensions/services/static.php
 create mode 100644 code/framework-customizations/extensions/services/static/css/_services.scss
 create mode 100644 code/framework-customizations/extensions/services/static/js/slz-services-js.js
 create mode 100644 code/framework-customizations/extensions/services/views/gallery-item.php
 create mode 100644 code/framework-customizations/extensions/services/views/single.php create mode 100644 code/framework-customizations/extensions/services/views/single.php
Not expected branch : refs/heads/sonpq
Not expected branch : refs/heads/thuongnth-sc-video
Not expected branch : 
Not expected branch : refs/heads/thuongnth-sc-video
Fail to update develop of cryptoio
Updating 75f1403..378e1e9
Fast-forward
 .../shortcodes/partner/static/css/partner.css        |  2 +-
 .../shortcodes/video/static/css/_video.scss          | 12 ++++++++++++
 .../testimonial/static/css/testimonial.css           | 12 ++++++------
 .../extensions/widgets/static/css/widgets.css        |  6 +++---
 code/static/css/cryptoio-components.css              | 20 +++++++++++++++++---
 5 files changed, 39 insertions(+), 13 deletions(-) 5 files changed, 39 insertions(+), 13 deletions(-)
Updating 378e1e9..f110629
Fast-forward
 .../icons-block/static/css/_icon-block.scss        | 193 +++++++++++----------
 code/static/css/cryptoio-components.css            |  52 +++---
 2 files changed, 123 insertions(+), 122 deletions(-) 2 files changed, 123 insertions(+), 122 deletions(-)
Updating f110629..4074a4d
Fast-forward
 .../shortcodes/shortcodes/partner/static/css/partner.css     |  2 +-
 .../shortcodes/testimonial/static/css/testimonial.css        | 12 ++++++------
 .../extensions/widgets/static/css/widgets.css                |  6 +++---
 code/static/css/cryptoio-components.css                      |  6 +++---
 4 files changed, 13 insertions(+), 13 deletions(-) 4 files changed, 13 insertions(+), 13 deletions(-)
Updating 4074a4d..726cf10
Fast-forward
 .../extensions/widgets/static/css/widgets.css                  | 10 ++++++++--
 .../extensions/widgets/static/css/widgets.scss                 |  9 +++++++--
 2 files changed, 15 insertions(+), 4 deletions(-) 2 files changed, 15 insertions(+), 4 deletions(-)
Not expected branch : refs/heads/sonpq
Not expected branch : refs/heads/sonpq
Updating 726cf10..f165694
Fast-forward
 code/framework-customizations/extensions/widgets/static/css/widgets.css  | 1 -
 code/framework-customizations/extensions/widgets/static/css/widgets.scss | 1 -
 2 files changed, 2 deletions(-) 2 files changed, 2 deletions(-)
Updating f165694..750717e
Fast-forward
 .../extensions/widgets/static/css/widgets.css                         | 4 ++++
 .../extensions/widgets/static/css/widgets.scss                        | 3 +++
 2 files changed, 7 insertions(+) 2 files changed, 7 insertions(+)
Updating 750717e..59b70fd
Fast-forward
 .../extensions/widgets/static/css/widgets.css                     | 8 ++++----
 .../extensions/widgets/static/css/widgets.scss                    | 6 +++---
 2 files changed, 7 insertions(+), 7 deletions(-) 2 files changed, 7 insertions(+), 7 deletions(-)
Updating 59b70fd..ecc2b6e
Fast-forward
 .../extensions/widgets/static/css/widgets.css                         | 4 ++--
 .../extensions/widgets/static/css/widgets.scss                        | 4 ++--
 2 files changed, 4 insertions(+), 4 deletions(-) 2 files changed, 4 insertions(+), 4 deletions(-)
Updating ecc2b6e..e0472e5
Fast-forward
 .../extensions/widgets/static/css/widgets.css               | 13 +++----------
 .../extensions/widgets/static/css/widgets.scss              | 10 +++++-----
 2 files changed, 8 insertions(+), 15 deletions(-) 2 files changed, 8 insertions(+), 15 deletions(-)
Updating e0472e5..8370fe8
Fast-forward
 code/framework-customizations/extensions/widgets/static/css/widgets.css  | 1 +
 code/framework-customizations/extensions/widgets/static/css/widgets.scss | 1 +
 2 files changed, 2 insertions(+) 2 files changed, 2 insertions(+)
Updating 8370fe8..d134590
Fast-forward
 code/framework-customizations/extensions/widgets/static/css/widgets.css | 2 +-
 .../framework-customizations/extensions/widgets/static/css/widgets.scss | 2 +-
 2 files changed, 2 insertions(+), 2 deletions(-) 2 files changed, 2 insertions(+), 2 deletions(-)
Updating d134590..91dc5fe
Fast-forward
 .../extensions/widgets/static/css/widgets.css      | 14 ++++++++
 .../extensions/widgets/static/css/widgets.scss     | 41 ++++++++--------------
 2 files changed, 29 insertions(+), 26 deletions(-) 2 files changed, 29 insertions(+), 26 deletions(-)
Updating 91dc5fe..3e4fafc
Fast-forward
 .../extensions/widgets/static/css/widgets.css                  |  8 ++++++++
 .../extensions/widgets/static/css/widgets.scss                 | 10 ++++++++++
 2 files changed, 18 insertions(+) 2 files changed, 18 insertions(+)
Updating 3e4fafc..a8f8893
Fast-forward
 .../extensions/widgets/static/css/widgets.scss                 | 10 +++++-----
 1 file changed, 5 insertions(+), 5 deletions(-) 1 file changed, 5 insertions(+), 5 deletions(-)
Updating a8f8893..0eda132
Fast-forward
 .../extensions/widgets/static/css/widgets.css               | 13 ++++++++++---
 1 file changed, 10 insertions(+), 3 deletions(-) 1 file changed, 10 insertions(+), 3 deletions(-)
Not expected branch : refs/heads/sonpq
Updating 0eda132..dfe912f
Fast-forward
 .../shortcodes/timeline-carousel/config.php        | 20 +++---
 .../shortcodes/timeline-carousel/vc_options.php    | 72 ++++++++--------------
 .../timeline-carousel/views/layout-1.php           | 13 +++-
 3 files changed, 48 insertions(+), 57 deletions(-) 3 files changed, 48 insertions(+), 57 deletions(-)
Not expected branch : 
Updating dfe912f..e3aa623
Fast-forward
 .../shortcodes/shortcodes/timeline-carousel/views/layout-1.php           | 1 -
 1 file changed, 1 deletion(-) 1 file changed, 1 deletion(-)
Updating e3aa623..9d8f664
Fast-forward
 code/vc_templates/slz_charts.php | 2 +-
 1 file changed, 1 insertion(+), 1 deletion(-) 1 file changed, 1 insertion(+), 1 deletion(-)
Not expected branch : refs/heads/sonpq
Not expected branch : 
Not expected branch : refs/heads/sonpq
Not expected branch : 
Updating 9d8f664..a2dcac0
Fast-forward
 .../shortcodes/shortcodes/timeline-carousel/views/layout-1.php      | 6 +++---
 1 file changed, 3 insertions(+), 3 deletions(-) 1 file changed, 3 insertions(+), 3 deletions(-)
Updating a2dcac0..76a301a
Fast-forward
 code/framework-customizations/extensions/widgets/static/css/widgets.css  | 1 +
 code/framework-customizations/extensions/widgets/static/css/widgets.scss | 1 +
 2 files changed, 2 insertions(+) 2 files changed, 2 insertions(+)
Updating 76a301a..c46fb18
Fast-forward
 .../shortcodes/timeline-carousel/config.php        |  2 ++
 .../shortcodes/timeline-carousel/vc_options.php    | 14 ++++++++
 .../timeline-carousel/views/layout-1.php           | 39 +++++++++++++++-------
 3 files changed, 43 insertions(+), 12 deletions(-) 3 files changed, 43 insertions(+), 12 deletions(-)
Updating c46fb18..9c1debd
Fast-forward
 .../extensions/widgets/static/css/widgets.css                       | 6 ++++++
 .../extensions/widgets/static/css/widgets.scss                      | 4 ++++
 2 files changed, 10 insertions(+) 2 files changed, 10 insertions(+)
Fail to update develop of cryptoio
Updating 9c1debd..c9dd3c1
Fast-forward
 .../service-block/static/css/service-block.css     | 135 +++++++----------
 .../service-block/static/css/service-block.scss    | 165 ++++++++-------------
 .../shortcodes/accordion/static/css/accordion.css  |   6 +-
 .../shortcodes/contact/static/css/contact.css      |  14 +-
 .../shortcodes/item-list/static/css/item-list.css  |   4 +-
 .../team-block/static/css/team-block.css           |   4 +-
 .../testimonial/static/css/testimonial.css         |  12 +-
 .../extensions/widgets/static/css/widgets.css      |   8 +-
 code/library.scss                                  |   2 +-
 code/style.css                                     |   1 -
 10 files changed, 146 insertions(+), 205 deletions(-) 10 files changed, 146 insertions(+), 205 deletions(-)
Updating c9dd3c1..e232ce7
Fast-forward
 .../extensions/widgets/static/css/widgets.css                         | 4 +++-
 .../extensions/widgets/static/css/widgets.scss                        | 4 +++-
 2 files changed, 6 insertions(+), 2 deletions(-) 2 files changed, 6 insertions(+), 2 deletions(-)
Not expected branch : refs/heads/thangpd/scchart
Updating e232ce7..c5fd51f
Fast-forward
 .../extensions/widgets/static/css/widgets.css               | 13 +++++++------
 .../extensions/widgets/static/css/widgets.scss              | 13 +++++++------
 2 files changed, 14 insertions(+), 12 deletions(-) 2 files changed, 14 insertions(+), 12 deletions(-)
Updating c5fd51f..5156553
Fast-forward
 code/framework-customizations/extensions/widgets/static/css/widgets.css | 2 +-
 .../framework-customizations/extensions/widgets/static/css/widgets.scss | 2 +-
 2 files changed, 2 insertions(+), 2 deletions(-) 2 files changed, 2 insertions(+), 2 deletions(-)
Updating 5156553..9e60eb7
Fast-forward
 code/framework-customizations/extensions/widgets/static/css/widgets.css  | 1 +
 code/framework-customizations/extensions/widgets/static/css/widgets.scss | 1 +
 2 files changed, 2 insertions(+) 2 files changed, 2 insertions(+)
Not expected branch : refs/heads/sonpq
Not expected branch : refs/heads/thuong/sc-icon-block-us-florida
Updating 9e60eb7..2d26467
Fast-forward
 .../extensions/widgets/static/css/widgets.css                     | 7 +++++--
 .../extensions/widgets/static/css/widgets.scss                    | 8 ++++++--
 2 files changed, 11 insertions(+), 4 deletions(-) 2 files changed, 11 insertions(+), 4 deletions(-)
Not expected branch : refs/heads/thuong/sc-icon-block-us-florida
Not expected branch : 
Already up-to-date.Already up-to-date.
Updating 2d26467..6692335
Fast-forward
 .../framework-customizations/extensions/widgets/static/css/widgets.css | 3 +++
 .../extensions/widgets/static/css/widgets.scss                         | 1 +
 2 files changed, 4 insertions(+) 2 files changed, 4 insertions(+)
Not expected branch : refs/heads/thuong/sc-icon-block-us-florida
Not expected branch : 
Updating 6692335..4ce7ec0
Fast-forward
 .../extensions/widgets/static/css/widgets.css          | 18 ++++++++++--------
 .../extensions/widgets/static/css/widgets.scss         | 14 +++++++++-----
 2 files changed, 19 insertions(+), 13 deletions(-) 2 files changed, 19 insertions(+), 13 deletions(-)
Updating 4ce7ec0..b4a0e16
Fast-forward
 .../extensions/widgets/static/css/widgets.css                       | 6 +++++-
 .../extensions/widgets/static/css/widgets.scss                      | 5 +++--
 2 files changed, 8 insertions(+), 3 deletions(-) 2 files changed, 8 insertions(+), 3 deletions(-)
Updating b4a0e16..621c665
Fast-forward
 .../extensions/widgets/static/css/widgets.css      | 32 ++++++++++++++++++----
 .../extensions/widgets/static/css/widgets.scss     | 20 ++++++++++++--
 2 files changed, 44 insertions(+), 8 deletions(-) 2 files changed, 44 insertions(+), 8 deletions(-)
Updating 621c665..d87cce0
Fast-forward
 .../extensions/widgets/static/css/widgets.css                    | 9 +++++++++
 .../extensions/widgets/static/css/widgets.scss                   | 5 +++++
 2 files changed, 14 insertions(+) 2 files changed, 14 insertions(+)
Updating d87cce0..e392f68
Fast-forward
 .../extensions/widgets/static/css/widgets.css                         | 4 ++--
 .../extensions/widgets/static/css/widgets.scss                        | 4 ++--
 2 files changed, 4 insertions(+), 4 deletions(-) 2 files changed, 4 insertions(+), 4 deletions(-)
Updating e392f68..5fb94bc
Fast-forward
 code/framework-customizations/extensions/widgets/static/css/widgets.css | 2 +-
 .../framework-customizations/extensions/widgets/static/css/widgets.scss | 2 +-
 2 files changed, 2 insertions(+), 2 deletions(-) 2 files changed, 2 insertions(+), 2 deletions(-)
Updating 5fb94bc..75e3b9c
Fast-forward
 .../extensions/widgets/static/css/widgets.css                     | 8 ++++----
 .../extensions/widgets/static/css/widgets.scss                    | 2 +-
 2 files changed, 5 insertions(+), 5 deletions(-) 2 files changed, 5 insertions(+), 5 deletions(-)
Updating 75e3b9c..92283b6
Fast-forward
 .../extensions/widgets/static/css/widgets.css                  | 10 +++++-----
 .../extensions/widgets/static/css/widgets.scss                 |  4 +---
 2 files changed, 6 insertions(+), 8 deletions(-) 2 files changed, 6 insertions(+), 8 deletions(-)
Updating 92283b6..861b4a4
Fast-forward
 code/framework-customizations/extensions/widgets/static/css/widgets.css | 2 +-
 .../framework-customizations/extensions/widgets/static/css/widgets.scss | 2 +-
 2 files changed, 2 insertions(+), 2 deletions(-) 2 files changed, 2 insertions(+), 2 deletions(-)
Updating 861b4a4..69038b2
Fast-forward
 .../extensions/widgets/static/css/widgets.css                     | 8 ++++----
 .../extensions/widgets/static/css/widgets.scss                    | 2 +-
 2 files changed, 5 insertions(+), 5 deletions(-) 2 files changed, 5 insertions(+), 5 deletions(-)
Updating 69038b2..e97ff9d
Fast-forward
 .../framework-customizations/extensions/widgets/static/css/widgets.css | 3 +--
 .../extensions/widgets/static/css/widgets.scss                         | 3 +--
 2 files changed, 2 insertions(+), 4 deletions(-) 2 files changed, 2 insertions(+), 4 deletions(-)
Already up-to-date.Already up-to-date.
Updating e97ff9d..6472f97
Fast-forward
 .../extensions/widgets/static/css/widgets.css                    | 5 +++++
 .../extensions/widgets/static/css/widgets.scss                   | 9 +++++++++
 2 files changed, 14 insertions(+) 2 files changed, 14 insertions(+)
Updating 6472f97..c1285d9
Fast-forward
 .../extensions/widgets/static/css/widgets.css                         | 2 +-
 .../extensions/widgets/static/css/widgets.scss                        | 4 ++--
 2 files changed, 3 insertions(+), 3 deletions(-) 2 files changed, 3 insertions(+), 3 deletions(-)
Updating c1285d9..81c49fd
Fast-forward
 .../shortcodes/accordion/static/css/accordion.css          |  4 ++--
 .../shortcodes/shortcodes/contact/static/css/contact.css   |  2 +-
 .../shortcodes/item-list/static/css/item-list.css          |  6 +++---
 .../shortcodes/shortcodes/partner/static/css/partner.css   |  2 +-
 .../teams/shortcodes/team-block/static/css/team-block.css  |  6 +++---
 .../shortcodes/testimonial/static/css/testimonial.css      | 14 +++++++-------
 .../extensions/widgets/static/css/widgets.css              | 13 +++++++++----
 .../extensions/widgets/static/css/widgets.scss             | 12 +++++++++---
 code/library.scss                                          |  2 +-
 code/static/css/cryptoio-components.css                    | 10 +++++-----
 10 files changed, 41 insertions(+), 30 deletions(-) 10 files changed, 41 insertions(+), 30 deletions(-)
Updating 81c49fd..424db6a
Fast-forward
 .../extensions/widgets/static/css/widgets.css         |  9 +++++++++
 .../extensions/widgets/static/css/widgets.scss        | 19 +++++++++++++++----
 2 files changed, 24 insertions(+), 4 deletions(-) 2 files changed, 24 insertions(+), 4 deletions(-)
Updating 424db6a..0af239b
Fast-forward
 .../extensions/widgets/static/css/widgets.css             |  7 ++++++-
 .../extensions/widgets/static/css/widgets.scss            | 15 ++++++++++++++-
 2 files changed, 20 insertions(+), 2 deletions(-) 2 files changed, 20 insertions(+), 2 deletions(-)
Updating 0af239b..f796f90
Fast-forward
 .../extensions/widgets/static/css/widgets.css                         | 4 ++++
 .../extensions/widgets/static/css/widgets.scss                        | 3 +++
 code/style.css                                                        | 4 ++++
 3 files changed, 11 insertions(+) 3 files changed, 11 insertions(+)
Updating f796f90..26b7ba1
Fast-forward
 .../extensions/widgets/static/css/widgets.css                        | 4 ----
 .../extensions/widgets/static/css/widgets.scss                       | 5 -----
 2 files changed, 9 deletions(-) 2 files changed, 9 deletions(-)
Updating 26b7ba1..186098d
Fast-forward
 .../extensions/widgets/static/css/widgets.css                         | 4 ++++
 .../extensions/widgets/static/css/widgets.scss                        | 3 +++
 2 files changed, 7 insertions(+) 2 files changed, 7 insertions(+)
Updating 186098d..eafef38
Fast-forward
 .../extensions/widgets/static/css/widgets.css                        | 3 ++-
 .../extensions/widgets/static/css/widgets.scss                       | 5 ++++-
 2 files changed, 6 insertions(+), 2 deletions(-) 2 files changed, 6 insertions(+), 2 deletions(-)
Updating eafef38..87fe373
Fast-forward
 .../extensions/widgets/static/css/widgets.css                        | 5 +++++
 .../extensions/widgets/static/css/widgets.scss                       | 2 ++
 2 files changed, 7 insertions(+) 2 files changed, 7 insertions(+)
Updating 87fe373..ebb5f06
Fast-forward
 code/framework-customizations/extensions/widgets/static/css/widgets.css | 1 -
 .../framework-customizations/extensions/widgets/static/css/widgets.scss | 2 +-
 code/library.scss                                                       | 1 +
 3 files changed, 2 insertions(+), 2 deletions(-) 3 files changed, 2 insertions(+), 2 deletions(-)
Updating ebb5f06..d979332
Fast-forward
 .../extensions/widgets/static/css/widgets.css                      | 6 +++++-
 .../extensions/widgets/static/css/widgets.scss                     | 7 ++++++-
 2 files changed, 11 insertions(+), 2 deletions(-) 2 files changed, 11 insertions(+), 2 deletions(-)
Updating d979332..6f8abf7
Fast-forward
 .../extensions/widgets/static/css/widgets.css                        | 5 +++++
 .../extensions/widgets/static/css/widgets.scss                       | 4 ++++
 2 files changed, 9 insertions(+) 2 files changed, 9 insertions(+)
Updating 6f8abf7..e330680
Fast-forward
 .../extensions/widgets/static/css/widgets.css                       | 5 +++++
 .../extensions/widgets/static/css/widgets.scss                      | 6 ++++++
 2 files changed, 11 insertions(+) 2 files changed, 11 insertions(+)
Updating e330680..4efffcb
Fast-forward
 .../extensions/widgets/static/css/widgets.css                 |  9 +++++++++
 .../extensions/widgets/static/css/widgets.scss                | 11 +++++++++++
 2 files changed, 20 insertions(+) 2 files changed, 20 insertions(+)
Updating 4efffcb..a5c787e
Fast-forward
 .../extensions/widgets/static/css/widgets.css            | 16 ++++++++++++++++
 .../extensions/widgets/static/css/widgets.scss           | 11 +++++++++++
 2 files changed, 27 insertions(+) 2 files changed, 27 insertions(+)
Updating a5c787e..d5b6389
Fast-forward
 .../extensions/widgets/static/css/widgets.css      |   10 +-
 .../extensions/widgets/static/css/widgets.scss     |   16 +-
 code/static/css/cryptoio-woocommerce.css           | 3696 --------------------
 3 files changed, 24 insertions(+), 3698 deletions(-) 3 files changed, 24 insertions(+), 3698 deletions(-)
Updating d5b6389..d5a7729
Fast-forward
 .../extensions/widgets/static/css/widgets.css      | 96 ++++++++++++++++++++++
 .../extensions/widgets/static/css/widgets.scss     | 30 +++++++
 2 files changed, 126 insertions(+) 2 files changed, 126 insertions(+)
Updating d5a7729..2a8f5a4
Fast-forward
 .../extensions/widgets/static/css/widgets.css      | 100 ++++++++++-----------
 .../extensions/widgets/static/css/widgets.scss     |  62 ++++++-------
 2 files changed, 82 insertions(+), 80 deletions(-) 2 files changed, 82 insertions(+), 80 deletions(-)
Updating 2a8f5a4..2768377
Fast-forward
 .../extensions/widgets/static/css/widgets.css      | 78 +++++++++++-----------
 .../extensions/widgets/static/css/widgets.scss     | 64 +++++++++---------
 2 files changed, 71 insertions(+), 71 deletions(-) 2 files changed, 71 insertions(+), 71 deletions(-)
Updating 2768377..e856a03
Fast-forward
 .../extensions/widgets/static/css/widgets.css      | 101 +++++++++++++++++++++
 .../extensions/widgets/static/css/widgets.scss     |   9 ++
 2 files changed, 110 insertions(+) 2 files changed, 110 insertions(+)
