Not expected branch : refs/heads/thuong/post-format
Not expected branch : 
Updating 15af06a..325877e
Fast-forward
 .../timeline-carousel/static/js/timeline_carousel.js           | 10 +++++-----
 1 file changed, 5 insertions(+), 5 deletions(-) 1 file changed, 5 insertions(+), 5 deletions(-)
Not expected branch : 
Not expected branch : 
Not expected branch : refs/heads/thuong/post-format
Not expected branch : 
Updating 325877e..a252c0d
Fast-forward
 .../extensions/shortcodes/shortcodes/newsletter/config.php            | 4 ++--
 1 file changed, 2 insertions(+), 2 deletions(-) 1 file changed, 2 insertions(+), 2 deletions(-)
Fail to update develop of cryptoio
Updating a252c0d..057fc46
Fast-forward
 .../shortcodes/partner/static/css/partner.css      |    2 +-
 .../posts-block/static/css/_posts-block.scss       |  814 +++---
 .../shortcodes/posts-block/views/list-layout-1.php |   25 +-
 .../shortcodes/posts-block/views/main-layout-1.php |    7 +-
 .../shortcodes/video/static/css/_video.scss        |    1 +
 .../testimonial/static/css/testimonial.css         |   12 +-
 .../extensions/widgets/static/css/widgets.css      |    6 +-
 code/static/css/cryptoio-components.css            | 2963 +++++++++++---------
 code/static/css/cryptoio-components.scss           |  826 ++++++
 code/static/js/cryptoio-main.js                    |    9 +-
 10 files changed, 2935 insertions(+), 1730 deletions(-) 10 files changed, 2935 insertions(+), 1730 deletions(-)
Not expected branch : refs/heads/thuong/post-format
Not expected branch : refs/heads/sonpq
Updating 057fc46..350f89c
Fast-forward
 .../shortcodes/timeline-carousel/static/js/timeline_carousel.js   | 8 ++++----
 1 file changed, 4 insertions(+), 4 deletions(-) 1 file changed, 4 insertions(+), 4 deletions(-)
Updating 350f89c..f0d024e
Fast-forward
 .../shortcodes/timeline-carousel/static/js/timeline_carousel.js   | 8 ++++----
 1 file changed, 4 insertions(+), 4 deletions(-) 1 file changed, 4 insertions(+), 4 deletions(-)
Updating f0d024e..0a7469a
Fast-forward
 .../shortcodes/timeline-carousel/static/js/timeline_carousel.js   | 8 ++++----
 1 file changed, 4 insertions(+), 4 deletions(-) 1 file changed, 4 insertions(+), 4 deletions(-)
Updating 0a7469a..53d98e3
Fast-forward
 .../shortcodes/timeline-carousel/static/js/timeline_carousel.js          | 1 +
 1 file changed, 1 insertion(+) 1 file changed, 1 insertion(+)
Updating 53d98e3..6bc7ad8
Fast-forward
 .../shortcodes/timeline-carousel/static/js/timeline_carousel.js         | 2 +-
 1 file changed, 1 insertion(+), 1 deletion(-) 1 file changed, 1 insertion(+), 1 deletion(-)
Updating 6bc7ad8..0a6dc07
Fast-forward
 .../shortcodes/timeline-carousel/static/js/timeline_carousel.js         | 2 +-
 1 file changed, 1 insertion(+), 1 deletion(-) 1 file changed, 1 insertion(+), 1 deletion(-)
Updating 0a6dc07..20a2b60
Fast-forward
 .../shortcodes/timeline-carousel/static/js/timeline_carousel.js         | 2 +-
 1 file changed, 1 insertion(+), 1 deletion(-) 1 file changed, 1 insertion(+), 1 deletion(-)
Updating 20a2b60..cbfefaf
Fast-forward
 .../extensions/shortcodes/shortcodes/icons-block/options/layout-1.php   | 2 --
 .../extensions/testimonials/shortcodes/testimonial/config.php           | 2 +-
 .../extensions/testimonials/shortcodes/testimonial/vc_options.php       | 2 +-
 3 files changed, 2 insertions(+), 4 deletions(-) 3 files changed, 2 insertions(+), 4 deletions(-)
Not expected branch : refs/heads/thuong/fix-bug-team-blog
Not expected branch : 
Fail to update develop of cryptoio
Updating cbfefaf..b68f7e6
Fast-forward
 .../shortcodes/posts-block/views/list-layout-1.php | 26 +++++++++-------------
 .../team-block/static/css/team-block.css           |  4 ++--
 .../team-block/static/css/team-block.scss          |  4 +++-
 code/static/css/cryptoio-components.css            |  7 ++++--
 code/static/css/cryptoio-components.scss           |  4 +++-
 5 files changed, 23 insertions(+), 22 deletions(-) 5 files changed, 23 insertions(+), 22 deletions(-)
Not expected branch : refs/heads/sonpq
Not expected branch : refs/heads/sonpq
Updating b68f7e6..4f5b746
Fast-forward
 .../shortcodes/partner/static/css/partner.css      |  2 +-
 .../posts-block/static/css/_posts-block.scss       | 20 ++++++++++
 .../testimonial/static/css/testimonial.css         | 12 +++---
 .../extensions/widgets/static/css/widgets.css      |  6 +--
 code/static/css/cryptoio-components.css            | 44 ++++++++++++++++------
 5 files changed, 62 insertions(+), 22 deletions(-) 5 files changed, 62 insertions(+), 22 deletions(-)
Updating 4f5b746..83bb16d
Fast-forward
 .../testimonial/static/css/testimonial.css         | 36 +++++++++++++++++++++
 .../testimonial/static/css/testimonial.scss        | 37 ++++++++++++++++++++++
 2 files changed, 73 insertions(+) 2 files changed, 73 insertions(+)
Updating 83bb16d..1b020bc
Fast-forward
 .../shortcodes/testimonial/static/css/testimonial.css    | 16 ++++++++--------
 .../shortcodes/testimonial/static/css/testimonial.scss   |  4 ++--
 2 files changed, 10 insertions(+), 10 deletions(-) 2 files changed, 10 insertions(+), 10 deletions(-)
Not expected branch : refs/heads/sonpq
Updating 1b020bc..543e154
Fast-forward
 .../shortcodes/shortcodes/posts-block/static/css/_posts-block.scss    | 4 ++++
 code/static/css/cryptoio-components.css                               | 4 ++++
 2 files changed, 8 insertions(+) 2 files changed, 8 insertions(+)
Updating 543e154..390a9b4
Fast-forward
 .../shortcodes/testimonial/static/css/testimonial.css             | 8 ++++----
 .../shortcodes/testimonial/static/css/testimonial.scss            | 4 ++--
 2 files changed, 6 insertions(+), 6 deletions(-) 2 files changed, 6 insertions(+), 6 deletions(-)
Not expected branch : refs/heads/sonpq
Not expected branch : refs/heads/sonpq
Updating 390a9b4..5c1414e
Fast-forward
 .../shortcodes/shortcodes/posts-block/static/css/_posts-block.scss   | 5 +++++
 code/static/css/cryptoio-components.css                              | 4 ++++
 2 files changed, 9 insertions(+) 2 files changed, 9 insertions(+)
Updating 5c1414e..d759d3f
Fast-forward
 code/static/css/layout.css | 7 +++++++
 1 file changed, 7 insertions(+) 1 file changed, 7 insertions(+)
Updating d759d3f..d001f0c
Fast-forward
 code/static/css/layout.css | 9 +++++++--
 1 file changed, 7 insertions(+), 2 deletions(-) 1 file changed, 7 insertions(+), 2 deletions(-)
Updating d001f0c..36e2c81
Fast-forward
 code/static/css/layout.css | 8 ++++++--
 1 file changed, 6 insertions(+), 2 deletions(-) 1 file changed, 6 insertions(+), 2 deletions(-)
Updating 36e2c81..828ce35
Fast-forward
 code/static/css/layout.css | 2 ++
 1 file changed, 2 insertions(+) 1 file changed, 2 insertions(+)
Updating 828ce35..48edf8f
Fast-forward
 code/static/css/layout.css | 2 +-
 1 file changed, 1 insertion(+), 1 deletion(-) 1 file changed, 1 insertion(+), 1 deletion(-)
Updating 48edf8f..8517bb5
Fast-forward
 code/static/css/layout.css | 2 +-
 1 file changed, 1 insertion(+), 1 deletion(-) 1 file changed, 1 insertion(+), 1 deletion(-)
Updating 8517bb5..6bddaa1
Fast-forward
 code/static/css/layout.css | 12 ++++++++++++
 1 file changed, 12 insertions(+) 1 file changed, 12 insertions(+)
Updating 6bddaa1..9798be3
Fast-forward
 code/static/css/layout.css | 2 +-
 1 file changed, 1 insertion(+), 1 deletion(-) 1 file changed, 1 insertion(+), 1 deletion(-)
Updating 9798be3..8758f25
Fast-forward
 code/static/css/layout.css | 1 +
 1 file changed, 1 insertion(+) 1 file changed, 1 insertion(+)
Updating 8758f25..b7aaad1
Fast-forward
 code/static/css/layout.css | 4 ++++
 1 file changed, 4 insertions(+) 1 file changed, 4 insertions(+)
Updating b7aaad1..34d2441
Fast-forward
 code/static/css/layout.css | 2 ++
 1 file changed, 2 insertions(+) 1 file changed, 2 insertions(+)
Not expected branch : refs/heads/sonpq
Not expected branch : refs/heads/sonpq
Not expected branch : refs/heads/sonpq
Updating 34d2441..a9771ba
Fast-forward
 .../shortcodes/image-carousel/static/css/_image-carousel.scss     | 1 +
 .../shortcodes/posts-block/static/css/_posts-block.scss           | 5 +++++
 code/static/css/cryptoio-components.css                           | 8 ++++++++
 3 files changed, 14 insertions(+) 3 files changed, 14 insertions(+)
Updating a9771ba..7d310f2
Fast-forward
 code/static/css/layout.css | 4 ++++
 1 file changed, 4 insertions(+) 1 file changed, 4 insertions(+)
Updating 7d310f2..b620d8b
Fast-forward
 code/static/css/layout.css | 5 ++++-
 1 file changed, 4 insertions(+), 1 deletion(-) 1 file changed, 4 insertions(+), 1 deletion(-)
Updating b620d8b..746ec78
Fast-forward
 code/static/css/layout.css | 9 +++++++++
 1 file changed, 9 insertions(+) 1 file changed, 9 insertions(+)
Updating 746ec78..aa6985c
Fast-forward
 code/static/css/layout.css | 2 +-
 1 file changed, 1 insertion(+), 1 deletion(-) 1 file changed, 1 insertion(+), 1 deletion(-)
Updating aa6985c..08ea3ef
Fast-forward
 code/static/css/layout.css | 2 +-
 1 file changed, 1 insertion(+), 1 deletion(-) 1 file changed, 1 insertion(+), 1 deletion(-)
Not expected branch : refs/heads/sonpq
Not expected branch : refs/heads/sonpq
Updating 08ea3ef..271328f
Fast-forward
 .../image-carousel/static/css/_image-carousel.scss |  1 +
 .../posts-block/static/css/_posts-block.scss       | 54 +++++++++++-----------
 code/static/css/cryptoio-components.css            | 13 +++---
 3 files changed, 36 insertions(+), 32 deletions(-) 3 files changed, 36 insertions(+), 32 deletions(-)
Updating 271328f..f99af74
Fast-forward
 code/static/css/cryptoio-woocommerce.css | 3 +++
 1 file changed, 3 insertions(+) 1 file changed, 3 insertions(+)
Updating f99af74..2459314
Fast-forward
 code/static/css/cryptoio-woocommerce.css | 7 +++++++
 1 file changed, 7 insertions(+) 1 file changed, 7 insertions(+)
Updating 2459314..f745b2c
Fast-forward
 code/static/css/cryptoio-woocommerce.css | 1 -
 1 file changed, 1 deletion(-) 1 file changed, 1 deletion(-)
Not expected branch : refs/heads/thuong/fix-bug-team-blog
Not expected branch : 
Not expected branch : refs/heads/sonpq
Updating f745b2c..a40bb5f
Fast-forward
 code/static/css/cryptoio-woocommerce.css | 3 +++
 1 file changed, 3 insertions(+) 1 file changed, 3 insertions(+)
Not expected branch : refs/heads/sonpq
Updating a40bb5f..269097c
Fast-forward
 .../shortcodes/image-carousel/static/css/_image-carousel.scss        | 2 ++
 code/static/css/cryptoio-components.css                              | 5 +++++
 2 files changed, 7 insertions(+) 2 files changed, 7 insertions(+)
Updating 269097c..647b726
Fast-forward
 code/static/css/cryptoio-woocommerce.css | 5 +++++
 1 file changed, 5 insertions(+) 1 file changed, 5 insertions(+)
Updating 647b726..397ac9f
Fast-forward
 code/static/css/cryptoio-woocommerce.css | 3 ++-
 1 file changed, 2 insertions(+), 1 deletion(-) 1 file changed, 2 insertions(+), 1 deletion(-)
Updating 397ac9f..d3550c4
Fast-forward
 .../shortcodes/timeline-carousel/static/css/timeline_carousel.css       | 2 +-
 .../shortcodes/timeline-carousel/static/css/timeline_carousel.scss      | 2 +-
 2 files changed, 2 insertions(+), 2 deletions(-) 2 files changed, 2 insertions(+), 2 deletions(-)
Not expected branch : refs/heads/sonpq
Not expected branch : refs/heads/sonpq
Updating d3550c4..5bcaa62
Fast-forward
 .../shortcodes/image-carousel/static/css/_image-carousel.scss      | 4 ++--
 code/static/css/cryptoio-components.css                            | 7 ++-----
 2 files changed, 4 insertions(+), 7 deletions(-) 2 files changed, 4 insertions(+), 7 deletions(-)
Updating 5bcaa62..36764d7
Fast-forward
 .../shortcodes/timeline-carousel/static/js/timeline_carousel.js          | 1 +
 1 file changed, 1 insertion(+) 1 file changed, 1 insertion(+)
Updating 36764d7..03354c3
Fast-forward
 .../timeline-carousel/static/js/timeline_carousel.js         | 12 ++++++++----
 1 file changed, 8 insertions(+), 4 deletions(-) 1 file changed, 8 insertions(+), 4 deletions(-)
Updating 03354c3..92565f9
Fast-forward
 .../shortcodes/timeline-carousel/static/js/timeline_carousel.js         | 2 +-
 1 file changed, 1 insertion(+), 1 deletion(-) 1 file changed, 1 insertion(+), 1 deletion(-)
Already up-to-date.Already up-to-date.
Updating 92565f9..3283f4a
Fast-forward
 .../timeline-carousel/static/js/timeline_carousel.js      | 15 +++++----------
 1 file changed, 5 insertions(+), 10 deletions(-) 1 file changed, 5 insertions(+), 10 deletions(-)
Updating 3283f4a..a24cf8f
Fast-forward
 .../shortcodes/timeline-carousel/static/js/timeline_carousel.js         | 2 ++
 1 file changed, 2 insertions(+) 1 file changed, 2 insertions(+)
Updating a24cf8f..75c046f
Fast-forward
 .../shortcodes/timeline-carousel/static/js/timeline_carousel.js       | 4 ++--
 1 file changed, 2 insertions(+), 2 deletions(-) 1 file changed, 2 insertions(+), 2 deletions(-)
Updating 75c046f..de4d8d5
Fast-forward
 code/static/css/layout.css | 18 ++++++++++++------
 1 file changed, 12 insertions(+), 6 deletions(-) 1 file changed, 12 insertions(+), 6 deletions(-)
Updating de4d8d5..fed9cc9
Fast-forward
 code/static/css/layout.css | 6 ++++--
 1 file changed, 4 insertions(+), 2 deletions(-) 1 file changed, 4 insertions(+), 2 deletions(-)
Not expected branch : refs/heads/sonpq
Updating fed9cc9..7843783
Fast-forward
 code/static/css/layout.css | 24 ++++++++++++++++--------
 1 file changed, 16 insertions(+), 8 deletions(-) 1 file changed, 16 insertions(+), 8 deletions(-)
Updating 7843783..d735633
Fast-forward
 code/static/css/layout.css | 2 +-
 1 file changed, 1 insertion(+), 1 deletion(-) 1 file changed, 1 insertion(+), 1 deletion(-)
Not expected branch : refs/heads/sonpq
Not expected branch : refs/heads/sonpq
Updating d735633..2699e91
Fast-forward
 .../shortcodes/accordion/static/css/accordion.css        | 16 ++++++++--------
 .../shortcodes/accordion/static/css/accordion.scss       |  7 ++++---
 2 files changed, 12 insertions(+), 11 deletions(-) 2 files changed, 12 insertions(+), 11 deletions(-)
Fail to update develop of cryptoio
Updating 2699e91..986b945
Fast-forward
 .../posts-block/static/css/_posts-block.scss       |   2 +-
 .../team-block/static/css/team-block.css           |   5 +
 .../team-block/static/css/team-block.scss          |  11 +
 code/static/css/cryptoio-components.css            | 204 +++---
 code/static/css/cryptoio-components.scss           | 758 +++++++++++----------
 5 files changed, 503 insertions(+), 477 deletions(-) 5 files changed, 503 insertions(+), 477 deletions(-)
Not expected branch : refs/heads/thuong/fix-bug-team-blog
Updating 986b945..c765b6b
Fast-forward
 code/static/css/layout.css | 9 +++++++++
 1 file changed, 9 insertions(+) 1 file changed, 9 insertions(+)
Updating c765b6b..85091d3
Fast-forward
 code/static/css/layout.css | 2 +-
 1 file changed, 1 insertion(+), 1 deletion(-) 1 file changed, 1 insertion(+), 1 deletion(-)
Not expected branch : refs/heads/sonpq
Updating 85091d3..32a57b0
Fast-forward
 code/static/css/layout.css | 2 +-
 1 file changed, 1 insertion(+), 1 deletion(-) 1 file changed, 1 insertion(+), 1 deletion(-)
Updating 32a57b0..fe28637
Fast-forward
 code/static/css/layout.css | 1 +
 1 file changed, 1 insertion(+) 1 file changed, 1 insertion(+)
Updating fe28637..a1a1a26
Fast-forward
 code/static/css/layout.css | 1 +
 1 file changed, 1 insertion(+) 1 file changed, 1 insertion(+)
Updating a1a1a26..a0fdbd0
Fast-forward
 .../extensions/shortcodes/shortcodes/partner/static/css/partner.css     | 2 +-
 .../extensions/shortcodes/shortcodes/partner/static/css/partner.scss    | 2 +-
 2 files changed, 2 insertions(+), 2 deletions(-) 2 files changed, 2 insertions(+), 2 deletions(-)
Updating a0fdbd0..10682b8
Fast-forward
 .../shortcodes/shortcodes/main-title/static/css/main-title.css         | 3 ++-
 .../shortcodes/shortcodes/main-title/static/css/main-title.scss        | 3 ++-
 2 files changed, 4 insertions(+), 2 deletions(-) 2 files changed, 4 insertions(+), 2 deletions(-)
Updating 10682b8..071e1ea
Fast-forward
 .../shortcodes/shortcodes/main-title/static/css/main-title.css          | 2 +-
 .../shortcodes/shortcodes/main-title/static/css/main-title.scss         | 2 +-
 2 files changed, 2 insertions(+), 2 deletions(-) 2 files changed, 2 insertions(+), 2 deletions(-)
Updating 071e1ea..9a89b1b
Fast-forward
 .../teams/shortcodes/team-carousel/static/css/team-carousel.css    | 7 +++++++
 .../teams/shortcodes/team-carousel/static/css/team-carousel.scss   | 4 ++++
 2 files changed, 11 insertions(+) 2 files changed, 11 insertions(+)
Updating 9a89b1b..3c8078c
Fast-forward
 code/static/css/layout.css | 6 ++++++
 1 file changed, 6 insertions(+) 1 file changed, 6 insertions(+)
Not expected branch : refs/heads/sonpq
Not expected branch : refs/heads/sonpq
Updating 3c8078c..47dea61
Fast-forward
 .../shortcodes/shortcodes/accordion/static/css/accordion.css         | 2 +-
 .../shortcodes/shortcodes/accordion/static/css/accordion.scss        | 5 ++---
 2 files changed, 3 insertions(+), 4 deletions(-) 2 files changed, 3 insertions(+), 4 deletions(-)
Not expected branch : refs/heads/sonpq
Updating 47dea61..b1369f1
Fast-forward
 .../extensions/shortcodes/shortcodes/accordion/static/css/accordion.css  | 1 +
 .../extensions/shortcodes/shortcodes/accordion/static/css/accordion.scss | 1 +
 2 files changed, 2 insertions(+) 2 files changed, 2 insertions(+)
Not expected branch : refs/heads/sonpq
Updating b1369f1..20bc4c5
Fast-forward
 .../cryptoio/shortcodes/cryptoio/static/css/cryptoio-chart.css      | 6 ++++++
 1 file changed, 6 insertions(+) 1 file changed, 6 insertions(+)
Not expected branch : refs/heads/sonpq
Updating 20bc4c5..bd9f912
Fast-forward
 .../cryptoio/shortcodes/cryptoio/static/css/cryptoio-chart.css           | 1 +
 1 file changed, 1 insertion(+) 1 file changed, 1 insertion(+)
Updating bd9f912..7d8511e
Fast-forward
 code/static/css/layout.css | 5 ++++-
 1 file changed, 4 insertions(+), 1 deletion(-) 1 file changed, 4 insertions(+), 1 deletion(-)
Updating 7d8511e..bcc5fbe
Fast-forward
 .../teams/shortcodes/team-block/static/js/team-block.js      | 12 ++++--------
 1 file changed, 4 insertions(+), 8 deletions(-) 1 file changed, 4 insertions(+), 8 deletions(-)
Not expected branch : refs/heads/sonpq
Not expected branch : refs/heads/sonpq
Updating bcc5fbe..ddc7250
Fast-forward
 .../cryptoio/static/css/cryptoio-chart.css         |  2 +-
 .../cryptoio/shortcodes/cryptoio/views/view.php    | 24 ++++++++++++----------
 2 files changed, 14 insertions(+), 12 deletions(-) 2 files changed, 14 insertions(+), 12 deletions(-)
Updating ddc7250..1b3a0f1
Fast-forward
 .../shortcodes/team-block/static/js/team-block.js  | 56 ++++++++++++----------
 1 file changed, 32 insertions(+), 24 deletions(-) 1 file changed, 32 insertions(+), 24 deletions(-)
Not expected branch : refs/heads/sonpq
Updating 1b3a0f1..699533b
Fast-forward
 .../cryptoio/shortcodes/cryptoio/static/css/cryptoio-chart.css          | 2 +-
 1 file changed, 1 insertion(+), 1 deletion(-) 1 file changed, 1 insertion(+), 1 deletion(-)
Updating 699533b..d5814b3
Fast-forward
 .../shortcodes/team-block/static/js/team-block.js  | 44 +++++++++++++++++++++-
 1 file changed, 43 insertions(+), 1 deletion(-) 1 file changed, 43 insertions(+), 1 deletion(-)
Updating d5814b3..88d5d5b
Fast-forward
 .../shortcodes/team-block/static/js/team-block.js  | 44 +---------------------
 1 file changed, 1 insertion(+), 43 deletions(-) 1 file changed, 1 insertion(+), 43 deletions(-)
Updating 88d5d5b..284320f
Fast-forward
 .../shortcodes/charts/static/js/slz-charts.js      |  69 +++++++++++-
 .../cryptoio/shortcodes/charts/views/view.php      | 117 ++++-----------------
 2 files changed, 89 insertions(+), 97 deletions(-) 2 files changed, 89 insertions(+), 97 deletions(-)
Updating 284320f..777e255
Fast-forward
 .../cryptoio/shortcodes/charts/static/js/slz-charts.js     | 14 +++++---------
 .../extensions/cryptoio/shortcodes/charts/vc_options.php   |  2 +-
 2 files changed, 6 insertions(+), 10 deletions(-) 2 files changed, 6 insertions(+), 10 deletions(-)
Updating 777e255..b548553
Fast-forward
 .../shortcodes/team-block/static/js/team-block.js  | 44 ++++++++++------------
 1 file changed, 20 insertions(+), 24 deletions(-) 1 file changed, 20 insertions(+), 24 deletions(-)
Not expected branch : refs/heads/sonpq
Not expected branch : refs/heads/sonpq
Updating b548553..9784c28
Fast-forward
 .../cryptoio/shortcodes/cryptoio/static/css/cryptoio-chart.css      | 6 ++++--
 1 file changed, 4 insertions(+), 2 deletions(-) 1 file changed, 4 insertions(+), 2 deletions(-)
Updating 9784c28..8d917c7
Fast-forward
 .../shortcodes/cryptoio_category/static/css/crypto_category.css      | 5 +++++
 1 file changed, 5 insertions(+) 1 file changed, 5 insertions(+)
Updating 8d917c7..717207c
Fast-forward
 .../extensions/teams/shortcodes/team-block/static/js/team-block.js      | 2 ++
 1 file changed, 2 insertions(+) 1 file changed, 2 insertions(+)
Updating 717207c..762ef8d
Fast-forward
 .../cryptoio/shortcodes/charts/static/js/slz-charts.js           | 6 +++---
 .../extensions/cryptoio/shortcodes/charts/views/view.php         | 9 +++++++++
 2 files changed, 12 insertions(+), 3 deletions(-) 2 files changed, 12 insertions(+), 3 deletions(-)
Not expected branch : refs/heads/sonpq
Not expected branch : refs/heads/sonpq
Updating 762ef8d..cb3a238
Fast-forward
 .../cryptoio/static/css/cryptoio-chart.css         | 14 ++++++++----
 .../cryptoio/static/js/cryptoio-chart.js           |  1 +
 .../cryptoio/shortcodes/cryptoio/views/view.php    | 26 ++++++++++++----------
 3 files changed, 25 insertions(+), 16 deletions(-) 3 files changed, 25 insertions(+), 16 deletions(-)
Not expected branch : refs/heads/sonpq
Updating cb3a238..4d94701
Fast-forward
 .../cryptoio/shortcodes/cryptoio/static/css/cryptoio-chart.css          | 2 +-
 1 file changed, 1 insertion(+), 1 deletion(-) 1 file changed, 1 insertion(+), 1 deletion(-)
Not expected branch : refs/heads/sonpq
Updating 4d94701..a553345
Fast-forward
 .../cryptoio/static/js/cryptoio-chart.js           | 46 ++++++++++++++++++++++
 .../cryptoio/shortcodes/cryptoio/views/view.php    |  8 +++-
 2 files changed, 53 insertions(+), 1 deletion(-) 2 files changed, 53 insertions(+), 1 deletion(-)
Not expected branch : refs/heads/sonpq
Updating a553345..71306e5
Fast-forward
 .../cryptoio/static/js/cryptoio-chart.js           | 26 ++++++++++++----------
 1 file changed, 14 insertions(+), 12 deletions(-) 1 file changed, 14 insertions(+), 12 deletions(-)
Not expected branch : refs/heads/sonpq
Updating 71306e5..3cbe21a
Fast-forward
 .../cryptoio/static/css/cryptoio-chart.css         |  2 +-
 .../cryptoio/static/js/cryptoio-chart.js           | 47 ----------------------
 .../cryptoio/shortcodes/cryptoio/views/view.php    |  9 +----
 3 files changed, 2 insertions(+), 56 deletions(-) 3 files changed, 2 insertions(+), 56 deletions(-)
Not expected branch : refs/heads/sonpq
Updating 3cbe21a..473f233
Fast-forward
 .../extensions/cryptoio/shortcodes/cryptoio/static/js/cryptoio-chart.js  | 1 +
 1 file changed, 1 insertion(+) 1 file changed, 1 insertion(+)
Not expected branch : refs/heads/sonpq
Updating 473f233..059c7a0
Fast-forward
 .../cryptoio/shortcodes/cryptoio/static/js/cryptoio-chart.js       | 7 ++++++-
 1 file changed, 6 insertions(+), 1 deletion(-) 1 file changed, 6 insertions(+), 1 deletion(-)
Not expected branch : refs/heads/sonpq
Updating 059c7a0..6e0667d
Fast-forward
 .../extensions/cryptoio/shortcodes/cryptoio/static/js/cryptoio-chart.js  | 1 -
 1 file changed, 1 deletion(-) 1 file changed, 1 deletion(-)
Not expected branch : refs/heads/thuong/fix-bug-team-blog
Not expected branch : refs/heads/thuong/fix-bug-team-blog
Not expected branch : refs/heads/thuong/fix-bug-team-blog
Not expected branch : 
Not expected branch : refs/heads/thuong/fix-bug-team-blog
Updating 6e0667d..cd4fbea
Fast-forward
 .../shortcodes/partner/static/css/partner.css      |  25 +----
 .../shortcodes/partner/static/css/partner.scss     |   1 -
 .../shortcodes/video/static/css/_video.scss        | 104 +++++++++++----------
 .../testimonial/static/css/testimonial.css         |  12 +--
 .../extensions/widgets/static/css/widgets.css      |   6 +-
 code/static/css/cryptoio-components.css            |  51 +++++-----
 6 files changed, 94 insertions(+), 105 deletions(-) 6 files changed, 94 insertions(+), 105 deletions(-)
Fail to update develop of cryptoio
Not expected branch : refs/heads/sonpq
Not expected branch : refs/heads/sonpq
Updating cd4fbea..3fc74ce
Fast-forward
 .../shortcodes/cryptoio/static/js/cryptoio-chart.js       | 15 +++++++++++----
 .../cryptoio/shortcodes/cryptoio/views/view.php           |  1 +
 2 files changed, 12 insertions(+), 4 deletions(-) 2 files changed, 12 insertions(+), 4 deletions(-)
Updating 3fc74ce..ce3aefe
Fast-forward
 code/static/css/layout.css | 1 +
 1 file changed, 1 insertion(+) 1 file changed, 1 insertion(+)
Not expected branch : refs/heads/sonpq
Not expected branch : refs/heads/sonpq
Updating ce3aefe..c4ccdd9
Fast-forward
 .../cryptoio/static/css/cryptoio-chart.css         | 15 -----------
 .../cryptoio/static/js/cryptoio-chart.js           | 14 ----------
 .../cryptoio/shortcodes/cryptoio/views/view.php    | 30 ++++++++++------------
 3 files changed, 13 insertions(+), 46 deletions(-) 3 files changed, 13 insertions(+), 46 deletions(-)
Updating c4ccdd9..608b9c6
Fast-forward
 .../shortcodes/partner/static/css/partner.css      |  2 +-
 .../static/js/timeline_carousel.js                 |  9 +++++---
 .../testimonial/static/css/testimonial.css         | 12 +++++------
 .../extensions/widgets/static/css/widgets.css      |  6 +++---
 code/static/css/cryptoio-components.css            | 24 +++++++++++-----------
 5 files changed, 28 insertions(+), 25 deletions(-) 5 files changed, 28 insertions(+), 25 deletions(-)
Updating 608b9c6..636ea31
Fast-forward
 .../teams/shortcodes/team-carousel/static/css/team-carousel.css         | 2 +-
 .../teams/shortcodes/team-carousel/static/css/team-carousel.scss        | 2 +-
 2 files changed, 2 insertions(+), 2 deletions(-) 2 files changed, 2 insertions(+), 2 deletions(-)
Already up-to-date.Already up-to-date.
Updating 636ea31..f1689b1
Fast-forward
 .../teams/shortcodes/team-carousel/static/css/team-carousel.css       | 4 ++--
 .../teams/shortcodes/team-carousel/static/css/team-carousel.scss      | 4 ++--
 2 files changed, 4 insertions(+), 4 deletions(-) 2 files changed, 4 insertions(+), 4 deletions(-)
Updating f1689b1..fc12d3a
Fast-forward
 code/static/css/layout.css | 6 +++++-
 1 file changed, 5 insertions(+), 1 deletion(-) 1 file changed, 5 insertions(+), 1 deletion(-)
Updating fc12d3a..056dc45
Fast-forward
 code/static/css/layout.css | 9 +++++++++
 1 file changed, 9 insertions(+) 1 file changed, 9 insertions(+)
Updating 056dc45..2dde06e
Fast-forward
 code/static/css/layout.css | 4 ++++
 1 file changed, 4 insertions(+) 1 file changed, 4 insertions(+)
Updating 2dde06e..9c6bcc1
Fast-forward
 code/static/css/layout.css | 3 ++-
 1 file changed, 2 insertions(+), 1 deletion(-) 1 file changed, 2 insertions(+), 1 deletion(-)
