Not expected branch : refs/heads/thangpd/login
Not expected branch : refs/heads/thangpd/login
Not expected branch : refs/heads/thangpd/login
Not expected branch : 
Not expected branch : refs/heads/thangpd/login
Updating 994ed18..11d3f19
Fast-forward
 front/assets/js/login.js | 90 +++++++++++++++++++++++++-----------------------
 1 file changed, 47 insertions(+), 43 deletions(-) 1 file changed, 47 insertions(+), 43 deletions(-)
Already up-to-date.Already up-to-date.
Not expected branch : refs/heads/thangpd/login
Not expected branch : 
Not expected branch : refs/heads/thangpd/login
Updating 11d3f19..81eaf08
Fast-forward
 front/assets/js/login.js | 2 +-
 1 file changed, 1 insertion(+), 1 deletion(-) 1 file changed, 1 insertion(+), 1 deletion(-)
Fail to update develop of learn-master
Updating 81eaf08..208a9c2
Fast-forward
 front/assets/js/login.js | 5 ++++-
 1 file changed, 4 insertions(+), 1 deletion(-) 1 file changed, 4 insertions(+), 1 deletion(-)
Updating 208a9c2..59558e2
Fast-forward
 front/assets/js/login.js | 2 +-
 1 file changed, 1 insertion(+), 1 deletion(-) 1 file changed, 1 insertion(+), 1 deletion(-)
Updating 59558e2..764ea62
Fast-forward
 front/assets/js/login.js | 7 ++-----
 1 file changed, 2 insertions(+), 5 deletions(-) 1 file changed, 2 insertions(+), 5 deletions(-)
Not expected branch : refs/heads/tai_abc
Fail to update develop of solazu-live-settings
Not expected branch : 
Not expected branch : refs/heads/style_vubd
Not expected branch : 
Not expected branch : 
Fail to update develop of education
Updating cf3d920..7296c6a
Fast-forward
 code/theme/static/css/lema-custom.css  | 28 +++++++++++++++++++++-------
 code/theme/static/css/lema-custom.scss | 32 +++++++++++++++++++++++++-------
 2 files changed, 46 insertions(+), 14 deletions(-) 2 files changed, 46 insertions(+), 14 deletions(-)
Updating 764ea62..a698969
Fast-forward
 front/assets/js/course-dashboard.js | 1 +
 1 file changed, 1 insertion(+) 1 file changed, 1 insertion(+)
Not expected branch : refs/heads/style_vubd
Not expected branch : refs/heads/style_vubd
Not expected branch : 
Fail to update develop of education
Updating 7296c6a..eab9b75
Fast-forward
 code/theme/static/css/layout.css  | 6 ++++++
 code/theme/static/css/layout.scss | 7 ++++++-
 2 files changed, 12 insertions(+), 1 deletion(-) 2 files changed, 12 insertions(+), 1 deletion(-)
Not expected branch : refs/heads/style_vubd
Not expected branch : 
Fail to update develop of education
Updating eab9b75..f944945
Fast-forward
 code/theme/static/css/layout.css  | 10 ++++++++++
 code/theme/static/css/layout.scss |  6 ++++++
 2 files changed, 16 insertions(+) 2 files changed, 16 insertions(+)
Not expected branch : refs/heads/tai_abc
Not expected branch : refs/heads/style_vubd
Not expected branch : 
Updating f944945..2da37c8
Fast-forward
 code/theme/static/css/layout.css  | 2 +-
 code/theme/static/css/layout.scss | 2 +-
 2 files changed, 2 insertions(+), 2 deletions(-) 2 files changed, 2 insertions(+), 2 deletions(-)
Fail to update develop of education
Updating 2da37c8..c749785
Fast-forwardFast-forward
Not expected branch : refs/heads/style_vubd
Not expected branch : 
Fail to update develop of education
Fail to update develop of education
Not expected branch : refs/heads/style_tailm
Not expected branch : 
Fail to update develop of education
Your branch is behind 'origin/develop' by 3 commits, and can be fast-forwarded.
  (use "git pull" to update your local branch)
Updating c749785..08b8e6a
Fast-forward
 code/theme/static/css/educhain-components.css  | 12 ++++++++++++
 code/theme/static/css/educhain-components.scss | 10 ++++++++++
 code/theme/static/css/lema-custom.css          |  7 +++++++
 code/theme/static/css/lema-custom.scss         | 10 ++++++++++
 code/theme/style.css                           |  2 +-
 5 files changed, 40 insertions(+), 1 deletion(-) 5 files changed, 40 insertions(+), 1 deletion(-)
Not expected branch : refs/heads/style_tailm
Not expected branch : refs/heads/style_vubd
Not expected branch : refs/heads/style_vubd
Not expected branch : 
Updating 08b8e6a..51f6268
Fast-forward
 code/theme/static/css/lema-custom.scss | 2 +-
 1 file changed, 1 insertion(+), 1 deletion(-) 1 file changed, 1 insertion(+), 1 deletion(-)
Fail to update develop of education
Not expected branch : refs/heads/style_tailm
Not expected branch : refs/heads/style_tailm
Not expected branch : 
Not expected branch : refs/heads/style_tailm
Updating 51f6268..7a075d8
Fast-forward
 .../extensions/testimonials/shortcodes/testimonial/views/layout-5.php   | 2 +-
 1 file changed, 1 insertion(+), 1 deletion(-) 1 file changed, 1 insertion(+), 1 deletion(-)
Fail to update develop of education
Updating 7a075d8..d7f9e26
Fast-forward
 .../extensions/testimonials/shortcodes/testimonial/views/layout-5.php   | 2 +-
 1 file changed, 1 insertion(+), 1 deletion(-) 1 file changed, 1 insertion(+), 1 deletion(-)
Updating d7f9e26..d4b9cc9
Fast-forward
 .../extensions/testimonials/shortcodes/testimonial/views/layout-5.php   | 2 +-
 1 file changed, 1 insertion(+), 1 deletion(-) 1 file changed, 1 insertion(+), 1 deletion(-)
Not expected branch : refs/heads/style_tailm
Not expected branch : 
Fail to update develop of education
Updating d4b9cc9..23429cf
Fast-forward
 .../testimonials/shortcodes/testimonial/static/css/testimonial.css | 7 +++++++
 .../shortcodes/testimonial/static/css/testimonial.scss             | 6 ++++++
 2 files changed, 13 insertions(+) 2 files changed, 13 insertions(+)
Not expected branch : refs/heads/style_tailm
Not expected branch : refs/heads/style_tailm
Updating 23429cf..9f46dd9
Fast-forward
 .../extensions/testimonials/shortcodes/testimonial/views/layout-5.php   | 2 +-
 1 file changed, 1 insertion(+), 1 deletion(-) 1 file changed, 1 insertion(+), 1 deletion(-)
Not expected branch : refs/heads/style_tailm
Updating 9f46dd9..2777210
Fast-forward
 .../testimonials/shortcodes/testimonial/static/css/testimonial.css      | 2 +-
 .../testimonials/shortcodes/testimonial/static/css/testimonial.scss     | 2 +-
 2 files changed, 2 insertions(+), 2 deletions(-) 2 files changed, 2 insertions(+), 2 deletions(-)
Not expected branch : refs/heads/style_tailm
Updating 2777210..fd1e5ac
Fast-forward
 .../testimonials/shortcodes/testimonial/static/css/testimonial.css       | 1 +
 .../testimonials/shortcodes/testimonial/static/css/testimonial.scss      | 1 +
 2 files changed, 2 insertions(+) 2 files changed, 2 insertions(+)
Not expected branch : refs/heads/style_tailm
Updating fd1e5ac..ed93d24
Fast-forward
 .../testimonials/shortcodes/testimonial/static/css/testimonial.css       | 1 +
 .../testimonials/shortcodes/testimonial/static/css/testimonial.scss      | 1 +
 2 files changed, 2 insertions(+) 2 files changed, 2 insertions(+)
Not expected branch : refs/heads/style_tailm
Updating ed93d24..7681c25
Fast-forward
 .../testimonials/shortcodes/testimonial/static/css/testimonial.css      | 2 +-
 .../testimonials/shortcodes/testimonial/static/css/testimonial.scss     | 2 +-
 2 files changed, 2 insertions(+), 2 deletions(-) 2 files changed, 2 insertions(+), 2 deletions(-)
Updating 7681c25..a1a5385
Fast-forward
 .../testimonials/shortcodes/testimonial/config.php           | 10 ++++++++--
 .../testimonials/shortcodes/testimonial/views/layout-5.php   | 12 +++++++-----
 2 files changed, 15 insertions(+), 7 deletions(-) 2 files changed, 15 insertions(+), 7 deletions(-)
Not expected branch : refs/heads/style_tailm
Not expected branch : refs/heads/style_tailm
Updating a1a5385..f11397f
Fast-forward
 .../extensions/testimonials/shortcodes/testimonial/views/layout-5.php   | 2 +-
 1 file changed, 1 insertion(+), 1 deletion(-) 1 file changed, 1 insertion(+), 1 deletion(-)
Not expected branch : refs/heads/style_tailm
Updating f11397f..4f1c1ea
Fast-forward
 .../testimonials/shortcodes/testimonial/static/css/testimonial.css       | 1 +
 .../testimonials/shortcodes/testimonial/static/css/testimonial.scss      | 1 +
 2 files changed, 2 insertions(+) 2 files changed, 2 insertions(+)
Not expected branch : refs/heads/style_vubd
Not expected branch : refs/heads/style_vubd
Not expected branch : 
Updating 4f1c1ea..7c66fc0
Fast-forward
 code/theme/static/css/layout.css  | 5 +++++
 code/theme/static/css/layout.scss | 4 ++++
 2 files changed, 9 insertions(+) 2 files changed, 9 insertions(+)
Fail to update develop of education
