Updating 2946876..24089a0
Fast-forward
 code/theme/change_log.txt                                   |  4 +++-
 .../framework-customizations/theme/views/change-log.php     | 13 ++++++++++++-
 2 files changed, 15 insertions(+), 2 deletions(-) 2 files changed, 15 insertions(+), 2 deletions(-)
Updating 24089a0..5497022
Fast-forward
 code/theme/plugins/learnmaster.zip       | Bin 5993458 -> 6200550 bytes
 code/theme/plugins/lema-academy.zip      | Bin 161181 -> 151913 bytes
 code/theme/plugins/lema-subscription.zip | Bin 30384 -> 27803 bytes
 3 files changed, 0 insertions(+), 0 deletions(-) 3 files changed, 0 insertions(+), 0 deletions(-)
Not expected branch : refs/heads/master
Updating 5497022..67c5148
Fast-forwardFast-forward
Updating 67c5148..793f630
Fast-forward
 code/theme/plugins/js_composer.zip | Bin 5294011 -> 5362234 bytes
 1 file changed, 0 insertions(+), 0 deletions(-) 1 file changed, 0 insertions(+), 0 deletions(-)
Updating 793f630..09b0f07
Fast-forward
 code/theme/style.css | 2 +-
 1 file changed, 1 insertion(+), 1 deletion(-) 1 file changed, 1 insertion(+), 1 deletion(-)
Updating 09b0f07..ddd6aae
Fast-forward
 code/theme/includes/helpers.php | 2 ++
 1 file changed, 2 insertions(+) 1 file changed, 2 insertions(+)
Not expected branch : refs/heads/tai_abc
Updating ddd6aae..e335fa0
Fast-forward
 code/theme/includes/helpers.php | 9 +--------
 1 file changed, 1 insertion(+), 8 deletions(-) 1 file changed, 1 insertion(+), 8 deletions(-)
Updating e335fa0..5a8f7e3
Fast-forward
 code/theme/change_log.txt                                      | 2 +-
 code/theme/framework-customizations/theme/views/change-log.php | 2 +-
 code/theme/style.css                                           | 2 +-
 3 files changed, 3 insertions(+), 3 deletions(-) 3 files changed, 3 insertions(+), 3 deletions(-)
Not expected branch : refs/heads/master
Updating 5a8f7e3..3de2a12
Fast-forwardFast-forward
Updating 3de2a12..e2691cb
Fast-forward
 code/theme/change_log.txt                                      | 2 +-
 code/theme/framework-customizations/theme/views/change-log.php | 2 +-
 code/theme/style.css                                           | 2 +-
 3 files changed, 3 insertions(+), 3 deletions(-) 3 files changed, 3 insertions(+), 3 deletions(-)
Not expected branch : refs/heads/tai_abc
Not expected branch : refs/heads/tai_abc
