Updating b6b7f5e..a97ee59
Fast-forward
 .../cryptoio/shortcodes/cryptoio/static/js/cryptoio-chart.js         | 5 ++---
 1 file changed, 2 insertions(+), 3 deletions(-) 1 file changed, 2 insertions(+), 3 deletions(-)
Not expected branch : refs/heads/sonpq
Not expected branch : refs/heads/sonpq
Updating a97ee59..9e13c5f
Fast-forward
 .../shortcodes/partner/static/css/partner.css      |  2 +-
 .../testimonial/static/css/testimonial.css         | 31 +++++++++++++++++-----
 .../testimonial/static/css/testimonial.scss        | 23 +++++++++++++++-
 .../extensions/widgets/static/css/widgets.css      |  6 ++---
 code/static/css/cryptoio-components.css            | 24 ++++++++---------
 5 files changed, 62 insertions(+), 24 deletions(-) 5 files changed, 62 insertions(+), 24 deletions(-)
Updating 9e13c5f..41f218c
Fast-forward
 code/static/css/layout.css | 5 +++++
 1 file changed, 5 insertions(+) 1 file changed, 5 insertions(+)
Updating 41f218c..e1195d2
Fast-forward
 code/static/css/layout.css | 2 +-
 1 file changed, 1 insertion(+), 1 deletion(-) 1 file changed, 1 insertion(+), 1 deletion(-)
Not expected branch : refs/heads/thuong/sc-block-grid
Updating e1195d2..41ad305
Fast-forward
 .../newsletter/static/css/newsletter.css           |  8 +------
 .../newsletter/static/css/newsletter.scss          |  8 +++----
 .../shortcodes/partner/static/css/partner.css      |  2 +-
 .../posts-block/static/css/_posts-block.scss       | 11 ++++++++-
 .../testimonial/static/css/testimonial.css         | 12 +++++-----
 .../extensions/widgets/static/css/widgets.css      |  6 ++---
 code/static/css/cryptoio-components.css            | 28 ++++++++++++----------
 7 files changed, 41 insertions(+), 34 deletions(-) 7 files changed, 41 insertions(+), 34 deletions(-)
Updating 41ad305..7db7954
Fast-forward
 .../cryptoio/static/js/cryptoio-chart.js           | 29 +++++++++++++---------
 1 file changed, 17 insertions(+), 12 deletions(-) 1 file changed, 17 insertions(+), 12 deletions(-)
Updating 7db7954..5e9feaa
Fast-forward
 .../icons-block/static/css/_icon-block.scss        | 14 +++++-----
 code/static/css/cryptoio-components.css            | 32 ----------------------
 code/static/css/cryptoio-components.scss           | 12 ++++----
 3 files changed, 13 insertions(+), 45 deletions(-) 3 files changed, 13 insertions(+), 45 deletions(-)
Updating 5e9feaa..899bb3e
Fast-forward
 code/static/css/cryptoio-components.css  | 1 +
 code/static/css/cryptoio-components.scss | 1 +
 2 files changed, 2 insertions(+) 2 files changed, 2 insertions(+)
Not expected branch : refs/heads/sonpq
Not expected branch : refs/heads/sonpq
Updating 899bb3e..e48b197
Fast-forward
 .../testimonials/shortcodes/testimonial/static/css/testimonial.css | 7 +++++--
 .../shortcodes/testimonial/static/css/testimonial.scss             | 6 ++++--
 .../testimonials/shortcodes/testimonial/views/layout-2.php         | 2 +-
 3 files changed, 10 insertions(+), 5 deletions(-) 3 files changed, 10 insertions(+), 5 deletions(-)
Updating e48b197..f173708
Fast-forward
 code/static/css/cryptoio-components.css  | 16 +++++++++++++++-
 code/static/css/cryptoio-components.scss | 13 ++++++-------
 2 files changed, 21 insertions(+), 8 deletions(-) 2 files changed, 21 insertions(+), 8 deletions(-)
Updating f173708..8cf9166
Fast-forward
 .../icons-block/static/css/_icon-block.scss         | 14 +++++++-------
 .../posts-block/static/css/_posts-block.scss        | 19 +++++++++++++------
 code/static/css/cryptoio-components.css             | 21 ++++++++++++++++++++-
 code/static/css/cryptoio-components.scss            |  2 ++
 4 files changed, 42 insertions(+), 14 deletions(-) 4 files changed, 42 insertions(+), 14 deletions(-)
Not expected branch : refs/heads/thuong/sc-block-grid
Not expected branch : 
Updating 8cf9166..729f039
Fast-forward
 .../shortcodes/posts-block/static/css/_posts-block.scss           | 8 +++++++-
 code/static/css/cryptoio-components.css                           | 6 +++++-
 code/static/css/cryptoio-components.scss                          | 2 +-
 3 files changed, 13 insertions(+), 3 deletions(-) 3 files changed, 13 insertions(+), 3 deletions(-)
Not expected branch : refs/heads/thuong/sc-block-grid
Fail to update develop of cryptoio
Updating 729f039..38d1eea
Fast-forward
 .../shortcodes/button/static/css/_button.scss      |   3 +-
 .../contact-form/static/css/_contact-form.scss     |   4 +-
 .../posts-grid/static/css/posts-grid.css           |   6 +
 .../posts-grid/static/css/posts-grid.scss          |   5 +
 .../team-block/static/css/team-block.css           |   8 +-
 .../team-block/static/css/team-block.scss          |   8 +-
 .../team-carousel/static/css/team-carousel.css     | 121 +++++++++++++++++++++
 .../team-carousel/static/css/team-carousel.scss    | 117 +++++++++++++++++++-
 .../team-carousel/static/js/team-carousel.js       |   4 +-
 .../shortcodes/team-carousel/views/layout-4.php    |  10 +-
 .../shortcodes/team-carousel/views/layout-5.php    |  10 +-
 code/static/css/cryptoio-components.css            |   3 +-
 code/style.css                                     |  28 ++---
 .../solazu-unyson/framework/static/css/layout.css  |  50 ++++-----
 14 files changed, 308 insertions(+), 69 deletions(-) 14 files changed, 308 insertions(+), 69 deletions(-)
Updating 38d1eea..7594811
Fast-forward
 .../framework/extensions/cryptoio/shortcodes/cryptoio/views/view.php    | 2 +-
 1 file changed, 1 insertion(+), 1 deletion(-) 1 file changed, 1 insertion(+), 1 deletion(-)
Updating 7594811..cce4698
Fast-forward
 .../shortcodes/shortcodes/posts-block/static/css/_posts-block.scss      | 2 +-
 code/static/css/cryptoio-components.css                                 | 2 +-
 2 files changed, 2 insertions(+), 2 deletions(-) 2 files changed, 2 insertions(+), 2 deletions(-)
Not expected branch : refs/heads/thuong/sc-block-grid
Not expected branch : 
Updating cce4698..01fb15c
Fast-forward
 .../shortcodes/posts-block/static/css/_posts-block.scss           | 7 +++++++
 code/static/css/cryptoio-components.css                           | 8 ++++++++
 2 files changed, 15 insertions(+) 2 files changed, 15 insertions(+)
Not expected branch : refs/heads/thuong/sc-block-grid
Updating 01fb15c..5fcf442
Fast-forward
 .../shortcodes/partner/static/css/partner.css      |  2 +-
 .../team-carousel/static/css/team-carousel.css     |  2 +-
 .../team-carousel/static/css/team-carousel.scss    | 11 +---------
 .../team-carousel/static/js/team-carousel.js       |  5 +++--
 .../testimonial/static/css/testimonial.css         | 12 +++++------
 .../extensions/widgets/static/css/widgets.css      |  6 +++---
 code/static/css/cryptoio-components.css            | 24 +++++++++++-----------
 7 files changed, 27 insertions(+), 35 deletions(-) 7 files changed, 27 insertions(+), 35 deletions(-)
Fail to update develop of cryptoio
Updating 5fcf442..62596c3
Fast-forward
 .../shortcodes/newsletter/views/view.php           | 45 ++++++++++++++--------
 .../cryptoio/static/js/cryptoio-chart.js           |  3 +-
 2 files changed, 31 insertions(+), 17 deletions(-) 2 files changed, 31 insertions(+), 17 deletions(-)
Updating 62596c3..964bc1a
Fast-forward
 .../shortcodes/posts-block/static/css/_posts-block.scss      | 12 +++++++-----
 code/static/css/cryptoio-components.css                      |  2 +-
 2 files changed, 8 insertions(+), 6 deletions(-) 2 files changed, 8 insertions(+), 6 deletions(-)
Updating 964bc1a..48b6cd2
Fast-forward
 .../shortcodes/partner/static/css/partner.css      |  2 +-
 .../posts-block/static/css/_posts-block.scss       |  4 ++-
 .../testimonial/static/css/testimonial.css         | 12 ++++-----
 .../extensions/widgets/static/css/widgets.css      |  6 ++---
 code/static/css/cryptoio-components.css            | 30 ++++++++++++----------
 5 files changed, 30 insertions(+), 24 deletions(-) 5 files changed, 30 insertions(+), 24 deletions(-)
Updating 48b6cd2..3633a74
Fast-forward
 .../shortcodes/shortcodes/posts-block/static/css/_posts-block.scss    | 4 ++--
 code/static/css/cryptoio-components.css                               | 4 ++--
 2 files changed, 4 insertions(+), 4 deletions(-) 2 files changed, 4 insertions(+), 4 deletions(-)
Updating 3633a74..52ec03f
Fast-forward
 .../shortcodes/shortcodes/newsletter/static/css/newsletter.css       | 5 +++++
 .../shortcodes/shortcodes/newsletter/static/css/newsletter.scss      | 4 ++++
 2 files changed, 9 insertions(+) 2 files changed, 9 insertions(+)
Updating 52ec03f..bbec29d
Fast-forward
 .../shortcodes/shortcodes/newsletter/views/view.php  | 20 +++++++-------------
 1 file changed, 7 insertions(+), 13 deletions(-) 1 file changed, 7 insertions(+), 13 deletions(-)
Updating bbec29d..fffb1ae
Fast-forward
 .../shortcodes/shortcodes/newsletter/static/css/newsletter.css           | 1 +
 .../shortcodes/shortcodes/newsletter/static/css/newsletter.scss          | 1 +
 2 files changed, 2 insertions(+) 2 files changed, 2 insertions(+)
Updating fffb1ae..6b595da
Fast-forward
 .../teams/shortcodes/team-carousel/views/layout-4.php        |  2 +-
 .../extensions/teams/shortcodes/team-carousel/views/view.php | 12 +++++++++++-
 2 files changed, 12 insertions(+), 2 deletions(-) 2 files changed, 12 insertions(+), 2 deletions(-)
Updating 6b595da..ac00aba
Fast-forward
 .../shortcodes/shortcodes/newsletter/static/css/newsletter.css           | 1 +
 .../shortcodes/shortcodes/newsletter/static/css/newsletter.scss          | 1 +
 2 files changed, 2 insertions(+) 2 files changed, 2 insertions(+)
Updating ac00aba..543b913
Fast-forward
 .../extensions/teams/shortcodes/team-carousel/views/view.php      | 8 --------
 1 file changed, 8 deletions(-) 1 file changed, 8 deletions(-)
Updating 543b913..fde536a
Fast-forward
 .../shortcodes/shortcodes/newsletter/static/css/newsletter.css      | 6 ++++++
 .../shortcodes/shortcodes/newsletter/static/css/newsletter.scss     | 3 +++
 2 files changed, 9 insertions(+) 2 files changed, 9 insertions(+)
Updating fde536a..6ade171
Fast-forward
 .../shortcodes/shortcodes/newsletter/static/css/newsletter.css      | 6 ++++++
 .../shortcodes/shortcodes/newsletter/static/css/newsletter.scss     | 3 +++
 2 files changed, 9 insertions(+) 2 files changed, 9 insertions(+)
Updating 6ade171..5198b9f
Fast-forward
 .../teams/shortcodes/team-carousel/static/css/team-carousel.css  | 8 ++++++++
 .../teams/shortcodes/team-carousel/static/css/team-carousel.scss | 9 ++++++++-
 2 files changed, 16 insertions(+), 1 deletion(-) 2 files changed, 16 insertions(+), 1 deletion(-)
Updating 5198b9f..81d0d3e
Fast-forward
 .../extensions/teams/shortcodes/team-carousel/views/layout-5.php        | 2 +-
 1 file changed, 1 insertion(+), 1 deletion(-) 1 file changed, 1 insertion(+), 1 deletion(-)
Updating 81d0d3e..a0f8254
Fast-forward
 .../shortcodes/shortcodes/icons-block/static/css/_icon-block.scss        | 1 +
 code/static/css/cryptoio-components.css                                  | 1 +
 2 files changed, 2 insertions(+) 2 files changed, 2 insertions(+)
Updating a0f8254..4445abf
Fast-forward
 .../shortcodes/shortcodes/icons-block/static/css/_icon-block.scss | 8 +++++++-
 code/static/css/cryptoio-components.css                           | 7 ++++++-
 2 files changed, 13 insertions(+), 2 deletions(-) 2 files changed, 13 insertions(+), 2 deletions(-)
Updating 4445abf..53f4459
Fast-forward
 .../shortcodes/shortcodes/icons-block/static/css/_icon-block.scss       | 2 +-
 code/static/css/cryptoio-components.css                                 | 2 +-
 2 files changed, 2 insertions(+), 2 deletions(-) 2 files changed, 2 insertions(+), 2 deletions(-)
Updating 53f4459..abcb16f
Fast-forward
 .../shortcodes/posts-block/static/css/_posts-block.scss           | 4 ++++
 code/static/css/cryptoio-components.css                           | 8 ++++++++
 2 files changed, 12 insertions(+) 2 files changed, 12 insertions(+)
Updating abcb16f..184f14e
Fast-forward
 .../shortcodes/shortcodes/icons-block/static/css/_icon-block.scss    | 4 ++++
 code/static/css/cryptoio-components.css                              | 5 +++++
 2 files changed, 9 insertions(+) 2 files changed, 9 insertions(+)
Updating 184f14e..210e0e6
Fast-forward
 .../shortcodes/shortcodes/icons-block/static/css/_icon-block.scss     | 4 ++--
 code/static/css/cryptoio-components.css                               | 4 ++--
 2 files changed, 4 insertions(+), 4 deletions(-) 2 files changed, 4 insertions(+), 4 deletions(-)
Updating 210e0e6..1389798
Fast-forward
 code/static/css/layout.css | 2 +-
 1 file changed, 1 insertion(+), 1 deletion(-) 1 file changed, 1 insertion(+), 1 deletion(-)
Updating 1389798..6893eee
Fast-forward
 .../shortcodes/shortcodes/newsletter/static/css/newsletter.scss      | 5 +++--
 1 file changed, 3 insertions(+), 2 deletions(-) 1 file changed, 3 insertions(+), 2 deletions(-)
Updating 6893eee..eb942a1
Fast-forward
 .../shortcodes/shortcodes/newsletter/static/css/newsletter.css       | 5 +++--
 1 file changed, 3 insertions(+), 2 deletions(-) 1 file changed, 3 insertions(+), 2 deletions(-)
Updating eb942a1..938a983
Fast-forward
 .../framework/extensions/cryptoio/helpers.php      | 35 +++++++++++++++++++++-
 .../class-slz-shortcode-cryptoio_category.php      |  2 +-
 .../shortcodes/cryptoio_category/views/view.php    | 18 ++++++-----
 3 files changed, 46 insertions(+), 9 deletions(-) 3 files changed, 46 insertions(+), 9 deletions(-)
Updating 938a983..0ad8c1b
Fast-forward
 .../extensions/cryptoio/shortcodes/cryptoio_category/views/view.php     | 2 +-
 1 file changed, 1 insertion(+), 1 deletion(-) 1 file changed, 1 insertion(+), 1 deletion(-)
Not expected branch : refs/heads/thuong/sc-post-block
Not expected branch : refs/heads/thuong/sc-post-block
Not expected branch : 
Already up-to-date.Already up-to-date.
Updating 0ad8c1b..494f514
Fast-forward
 .../shortcodes/cryptoio_category/config.php        |   5 ++
 .../shortcodes/cryptoio_category/vc_options.php    |  26 +++++-
 .../shortcodes/cryptoio_category/views/view.php    | 100 +++++++++++----------
 3 files changed, 82 insertions(+), 49 deletions(-) 3 files changed, 82 insertions(+), 49 deletions(-)
Not expected branch : refs/heads/thuong/sc-post-block
Updating 494f514..5953c3e
Fast-forward
 .../shortcodes/partner/static/css/partner.css      |   2 +-
 .../posts-block/static/css/_posts-block.scss       | 108 +++++++++------------
 .../shortcodes/posts-block/views/layout-3.php      |   3 +-
 .../testimonial/static/css/testimonial.css         |  12 +--
 .../extensions/widgets/static/css/widgets.css      |   6 +-
 code/static/css/cryptoio-components.css            |  45 ++++++---
 code/static/css/cryptoio-components.scss           |   6 +-
 7 files changed, 90 insertions(+), 92 deletions(-) 7 files changed, 90 insertions(+), 92 deletions(-)
Fail to update develop of cryptoio
Updating 5953c3e..1927451
Fast-forward
 .../shortcodes/partner/static/css/partner.css      |  2 +-
 .../testimonial/static/css/testimonial.css         | 12 +++++------
 .../extensions/widgets/static/css/widgets.css      |  6 +++---
 code/static/css/cryptoio-components.css            | 24 +++++++++++-----------
 .../static/css/crypto_category.css                 |  8 ++++++--
 5 files changed, 28 insertions(+), 24 deletions(-) 5 files changed, 28 insertions(+), 24 deletions(-)
Updating 1927451..94eb0f3
Fast-forward
 .../shortcodes/shortcodes/newsletter/static/css/newsletter.css          | 2 +-
 .../shortcodes/shortcodes/newsletter/static/css/newsletter.scss         | 2 +-
 2 files changed, 2 insertions(+), 2 deletions(-) 2 files changed, 2 insertions(+), 2 deletions(-)
Updating 94eb0f3..d4b7022
Fast-forward
 .../shortcodes/shortcodes/newsletter/static/css/newsletter.css          | 2 +-
 .../shortcodes/shortcodes/newsletter/static/css/newsletter.scss         | 2 +-
 2 files changed, 2 insertions(+), 2 deletions(-) 2 files changed, 2 insertions(+), 2 deletions(-)
Not expected branch : refs/heads/thuong/sc-post-block
Not expected branch : 
Not expected branch : refs/heads/thuong/sc-post-block
Fail to update develop of cryptoio
Updating d4b7022..94ce476
Fast-forward
 .../shortcodes/shortcodes/posts-block/static/css/_posts-block.scss  | 4 ++--
 code/static/css/cryptoio-components.css                             | 6 +++---
 code/static/css/cryptoio-components.scss                            | 5 ++++-
 3 files changed, 9 insertions(+), 6 deletions(-) 3 files changed, 9 insertions(+), 6 deletions(-)
Not expected branch : refs/heads/sonpq
Not expected branch : refs/heads/sonpq
Updating 94ce476..930c243
Fast-forward
 .../shortcodes/partner/static/css/partner.css      |  2 +-
 .../testimonial/static/css/testimonial.css         | 24 ++++++++++-----------
 .../testimonial/static/css/testimonial.scss        | 25 ++++++++++++----------
 .../extensions/widgets/static/css/widgets.css      |  6 +++---
 code/static/css/cryptoio-components.css            | 24 ++++++++++-----------
 5 files changed, 42 insertions(+), 39 deletions(-) 5 files changed, 42 insertions(+), 39 deletions(-)
Not expected branch : refs/heads/thuong/fix-bug-blog-details
Updating 930c243..037727d
Fast-forward
 .../shortcodes/cryptoio_category/vc_options.php    |  7 +++--
 .../shortcodes/cryptoio_category/views/view.php    | 34 ++++++++++++++++++++--
 2 files changed, 35 insertions(+), 6 deletions(-) 2 files changed, 35 insertions(+), 6 deletions(-)
Not expected branch : 
Updating 037727d..fa50319
Fast-forward
 .../shortcodes/partner/static/css/partner.css      |  2 +-
 .../posts-grid/static/css/posts-grid.css           |  3 +++
 .../posts-grid/static/css/posts-grid.scss          |  1 +
 .../testimonial/static/css/testimonial.css         | 12 +++++------
 .../extensions/widgets/static/css/widgets.css      |  6 +++---
 code/static/css/cryptoio-components.css            | 24 +++++++++++-----------
 6 files changed, 26 insertions(+), 22 deletions(-) 6 files changed, 26 insertions(+), 22 deletions(-)
Not expected branch : refs/heads/thuong/fix-bug-blog-details
Updating fa50319..20fead9
Fast-forward
 .../shortcodes/partner/static/css/partner.css      |  2 +-
 .../posts-block/static/css/_posts-block.scss       |  6 ++---
 .../testimonial/static/css/testimonial.css         | 12 +++++-----
 .../extensions/widgets/static/css/widgets.css      |  6 ++---
 code/static/css/cryptoio-components.css            | 28 +++++++++++-----------
 5 files changed, 26 insertions(+), 28 deletions(-) 5 files changed, 26 insertions(+), 28 deletions(-)
Fail to update develop of cryptoio
Updating 20fead9..8752874
Fast-forward
 .../shortcodes/timeline-carousel/static/js/timeline_carousel.js         | 2 +-
 1 file changed, 1 insertion(+), 1 deletion(-) 1 file changed, 1 insertion(+), 1 deletion(-)
Updating 8752874..052b470
Fast-forward
 .../footers/footers/footer-01/options.php          | 907 +++++++++++++++++++++
 .../footers/footers/footer-01/views/view.php       | 193 +++++
 .../footers/footers/footer-02/options.php          | 897 ++++++++++++++++++++
 .../footers/footers/footer-02/views/view.php       | 183 +++++
 .../footers/footers/footer-03/options.php          | 887 ++++++++++++++++++++
 .../footers/footers/footer-03/views/view.php       | 162 ++++
 .../footers/footers/footer-04/options.php          | 890 ++++++++++++++++++++
 .../footers/footers/footer-04/views/view.php       | 208 +++++
 code/includes/implement-options.php                |  30 +
 9 files changed, 4357 insertions(+)
 create mode 100755 code/framework-customizations/extensions/footers/footers/footer-01/options.php
 create mode 100755 code/framework-customizations/extensions/footers/footers/footer-01/views/view.php
 create mode 100755 code/framework-customizations/extensions/footers/footers/footer-02/options.php
 create mode 100755 code/framework-customizations/extensions/footers/footers/footer-02/views/view.php
 create mode 100755 code/framework-customizations/extensions/footers/footers/footer-03/options.php
 create mode 100755 code/framework-customizations/extensions/footers/footers/footer-03/views/view.php
 create mode 100755 code/framework-customizations/extensions/footers/footers/footer-04/options.php
 create mode 100755 code/framework-customizations/extensions/footers/footers/footer-04/views/view.php create mode 100755 code/framework-customizations/extensions/footers/footers/footer-04/views/view.php
Updating 052b470..1878f15
Fast-forward
 .../shortcodes/partner/static/css/partner.css      |  2 +-
 .../static/js/timeline_carousel.js                 |  2 +-
 .../testimonial/static/css/testimonial.css         | 12 +++++------
 .../extensions/widgets/static/css/widgets.css      |  6 +++---
 code/static/css/cryptoio-components.css            | 24 +++++++++++-----------
 5 files changed, 23 insertions(+), 23 deletions(-) 5 files changed, 23 insertions(+), 23 deletions(-)
Updating 1878f15..e2a386e
Fast-forward
 .../shortcodes/timeline-carousel/static/js/timeline_carousel.js         | 2 +-
 1 file changed, 1 insertion(+), 1 deletion(-) 1 file changed, 1 insertion(+), 1 deletion(-)
Not expected branch : refs/heads/sonpq
Updating e2a386e..e10b0bc
Fast-forward
 .../shortcodes/timeline-carousel/static/js/timeline_carousel.js         | 2 +-
 1 file changed, 1 insertion(+), 1 deletion(-) 1 file changed, 1 insertion(+), 1 deletion(-)
Not expected branch : refs/heads/sonpq
Updating e10b0bc..e0d9789
Fast-forward
 .../testimonial/static/css/testimonial.css         | 17 +----------------
 .../testimonial/static/css/testimonial.scss        | 22 +++++++++++-----------
 2 files changed, 12 insertions(+), 27 deletions(-) 2 files changed, 12 insertions(+), 27 deletions(-)
Not expected branch : refs/heads/sonpq
Updating e0d9789..51385a1
Fast-forward
 .../shortcodes/partner/static/css/partner.css      |  2 +-
 .../testimonial/static/css/testimonial.css         | 18 ++++++---------
 .../testimonial/static/css/testimonial.scss        | 27 +---------------------
 .../extensions/widgets/static/css/widgets.css      |  6 ++---
 code/static/css/cryptoio-components.css            | 24 +++++++++----------
 5 files changed, 24 insertions(+), 53 deletions(-) 5 files changed, 24 insertions(+), 53 deletions(-)
Updating 51385a1..d9d15b4
Fast-forward
 .../framework/extensions/headers/helpers.php       | 88 +++++++++++-----------
 1 file changed, 45 insertions(+), 43 deletions(-) 1 file changed, 45 insertions(+), 43 deletions(-)
Updating d9d15b4..4ffb1e1
Fast-forward
 plugin/solazu-unyson/framework/extensions/headers/helpers.php | 2 +-
 1 file changed, 1 insertion(+), 1 deletion(-) 1 file changed, 1 insertion(+), 1 deletion(-)
Updating 4ffb1e1..5fb4daa
Fast-forward
 .../shortcodes/shortcodes/posts-block/static/css/_posts-block.scss  | 5 ++++-
 code/static/css/cryptoio-components.css                             | 6 +++++-
 2 files changed, 9 insertions(+), 2 deletions(-) 2 files changed, 9 insertions(+), 2 deletions(-)
Updating 5fb4daa..d83df20
Fast-forward
 .../shortcodes/partner/static/css/partner.css      |  2 +-
 .../posts-block/static/css/_posts-block.scss       |  7 ++++++
 .../testimonial/static/css/testimonial.css         | 12 +++++-----
 .../extensions/widgets/static/css/widgets.css      |  6 ++---
 code/static/css/cryptoio-components.css            | 28 ++++++++++++----------
 5 files changed, 33 insertions(+), 22 deletions(-) 5 files changed, 33 insertions(+), 22 deletions(-)
Updating d83df20..3c15cdc
Fast-forward
 .../shortcodes/shortcodes/posts-block/static/css/_posts-block.scss      | 2 +-
 code/static/css/cryptoio-components.css                                 | 2 +-
 2 files changed, 2 insertions(+), 2 deletions(-) 2 files changed, 2 insertions(+), 2 deletions(-)
Not expected branch : refs/heads/thuong/blog-grid
Not expected branch : 
Not expected branch : refs/heads/thuong/blog-grid
Fail to update develop of cryptoio
Updating 3c15cdc..0c8c2f3
Fast-forward
 .../shortcodes/partner/static/css/partner.css      |  2 +-
 .../testimonial/static/css/testimonial.css         | 12 +++++-----
 .../extensions/widgets/static/css/widgets.css      |  6 ++---
 code/static/css/cryptoio-components.css            | 27 +++++++++++-----------
 code/static/css/cryptoio-components.scss           |  3 +--
 5 files changed, 24 insertions(+), 26 deletions(-) 5 files changed, 24 insertions(+), 26 deletions(-)
Not expected branch : refs/heads/sonpq
Updating 0c8c2f3..e45d6fd
Fast-forward
 code/comming-soon.php | 5 +++++
 1 file changed, 5 insertions(+) 1 file changed, 5 insertions(+)
Not expected branch : refs/heads/sonpq
Updating e45d6fd..a4cb845
Fast-forward
 code/comming-soon.php | 2 +-
 1 file changed, 1 insertion(+), 1 deletion(-) 1 file changed, 1 insertion(+), 1 deletion(-)
Not expected branch : refs/heads/thuong/blog-grid
Not expected branch : 
Not expected branch : refs/heads/thuong/blog-grid
Fail to update develop of cryptoio
Updating a4cb845..57030a1
Fast-forward
 .../shortcodes/shortcodes/posts-grid/static/css/posts-grid.css          | 2 +-
 .../shortcodes/shortcodes/posts-grid/static/css/posts-grid.scss         | 2 +-
 2 files changed, 2 insertions(+), 2 deletions(-) 2 files changed, 2 insertions(+), 2 deletions(-)
Updating 57030a1..7517b70
Fast-forward
 code/static/css/cryptoio-components.css  | 16 ++++++++++++++++
 code/static/css/cryptoio-components.scss | 16 ++++++++++++++++
 2 files changed, 32 insertions(+) 2 files changed, 32 insertions(+)
Not expected branch : refs/heads/thuong/blog-grid
Not expected branch : 
Not expected branch : refs/heads/thuong/blog-grid
Fail to update develop of cryptoio
Updating 7517b70..3703984
Fast-forward
 code/static/css/cryptoio-components.css  | 9 +++++++++
 code/static/css/cryptoio-components.scss | 8 ++++++++
 2 files changed, 17 insertions(+) 2 files changed, 17 insertions(+)
Updating 3703984..1c0c5a4
Fast-forward
 .../shortcodes/partner/static/css/partner.css      |  2 +-
 .../testimonial/static/css/testimonial.css         | 12 +++----
 .../extensions/widgets/static/css/widgets.css      |  6 ++--
 code/static/css/cryptoio-components.css            | 41 +++++++++++++---------
 code/static/css/cryptoio-components.scss           |  7 ++--
 5 files changed, 39 insertions(+), 29 deletions(-) 5 files changed, 39 insertions(+), 29 deletions(-)
Updating 1c0c5a4..d0c8b98
Fast-forward
 code/static/css/cryptoio-components.css  | 28 ++++++++++++++++++++++++++++
 code/static/css/cryptoio-components.scss | 16 ++++++++++++++++
 2 files changed, 44 insertions(+) 2 files changed, 44 insertions(+)
Updating d0c8b98..3524cd7
Fast-forward
 code/static/css/cryptoio-components.scss | 1 -
 code/static/css/cryptoio-woocommerce.css | 2 +-
 2 files changed, 1 insertion(+), 2 deletions(-) 2 files changed, 1 insertion(+), 2 deletions(-)
Updating 3524cd7..10f0bac
Fast-forward
 code/static/css/layout.css | 4 ++++
 1 file changed, 4 insertions(+) 1 file changed, 4 insertions(+)
Updating 10f0bac..e883004
Fast-forward
 code/static/css/layout.css | 2 +-
 1 file changed, 1 insertion(+), 1 deletion(-) 1 file changed, 1 insertion(+), 1 deletion(-)
Updating e883004..0156aed
Fast-forward
 .../shortcodes/cryptoio_category/static/css/crypto_category.css       | 4 ++++
 1 file changed, 4 insertions(+) 1 file changed, 4 insertions(+)
Not expected branch : refs/heads/sonpq
Not expected branch : refs/heads/sonpq
Updating 0156aed..1ffde0d
Fast-forward
 code/static/css/layout.css | 3 +++
 1 file changed, 3 insertions(+) 1 file changed, 3 insertions(+)
Not expected branch : refs/heads/thuong/blog-grid
Not expected branch : 
Updating 1ffde0d..865bcc9
Fast-forward
 .../posts/posts/post-01/views/related_item.php     |   2 +-
 .../extensions/posts/posts/post-01/views/view.php  |   8 +++----
 .../posts/posts/post-02/views/related_item.php     |   2 +-
 .../extensions/posts/posts/post-02/views/view.php  |   8 +++----
 .../posts/posts/post-03/views/related_item.php     |   2 +-
 .../extensions/posts/posts/post-03/views/view.php  |   8 +++----
 .../posts/posts/post-04/views/related_item.php     |   2 +-
 .../extensions/posts/posts/post-04/views/view.php  |   8 +++----
 .../extensions/posts/posts/post-05/views/info.php  |   2 +-
 .../posts/posts/post-05/views/related_item.php     |   2 +-
 .../extensions/posts/posts/post-05/views/view.php  |   6 +++---
 .../shortcodes/shortcodes/item-list/vc_options.php |   8 +++----
 .../shortcodes/posts-block/views/main-layout-1.php |   2 +-
 .../shortcodes/posts-block/views/main-layout-2.php |   2 +-
 .../theme/views/welcome.php                        |   2 +-
 code/includes/hooks.php                            |  18 ++++++++--------
 code/screenshot.png                                | Bin 102618 -> 652442 bytes
 code/static/img/demo-images/default.png            | Bin 31722 -> 126810 bytes
 .../cryptocurrency-price-ticker-widget.jpg         | Bin 0 -> 12054 bytes
 .../cryptoio/shortcodes/cryptoio/views/view.php    |  23 ++++++++++++++-------
 20 files changed, 57 insertions(+), 48 deletions(-)
 mode change 100755 => 100644 code/screenshot.png
 mode change 100755 => 100644 code/static/img/demo-images/default.png
 create mode 100644 code/static/img/tgm-images/cryptocurrency-price-ticker-widget.jpg create mode 100644 code/static/img/tgm-images/cryptocurrency-price-ticker-widget.jpg
Updating 865bcc9..17f7409
Fast-forward
 .../extensions/shortcodes/shortcodes/partner/static/css/partner.css | 6 +++---
 .../shortcodes/shortcodes/partner/static/css/partner.scss           | 6 +++---
 2 files changed, 6 insertions(+), 6 deletions(-) 2 files changed, 6 insertions(+), 6 deletions(-)
Updating 17f7409..f98ff8d
Fast-forward
 .../shortcodes/shortcodes/partner/static/css/partner.css       | 10 +++++-----
 .../shortcodes/shortcodes/partner/static/css/partner.scss      | 10 +++++-----
 2 files changed, 10 insertions(+), 10 deletions(-) 2 files changed, 10 insertions(+), 10 deletions(-)
Updating f98ff8d..b1c4640
Fast-forward
 .../framework/extensions/cryptoio/shortcodes/cryptoio/views/view.php    | 2 +-
 1 file changed, 1 insertion(+), 1 deletion(-) 1 file changed, 1 insertion(+), 1 deletion(-)
Not expected branch : refs/heads/thuong/blog-grid
Updating b1c4640..bbfe7a7
Fast-forward
 .../shortcodes/partner/static/css/partner.css      |  2 +-
 .../posts-grid/static/css/posts-grid.css           | 16 +++++++++++++++
 .../posts-grid/static/css/posts-grid.scss          | 14 +++++++++++++
 .../testimonial/static/css/testimonial.css         | 12 +++++------
 .../extensions/widgets/static/css/widgets.css      |  6 +++---
 code/static/css/cryptoio-components.css            | 24 +++++++++++-----------
 code/style.css                                     |  1 +
 7 files changed, 53 insertions(+), 22 deletions(-) 7 files changed, 53 insertions(+), 22 deletions(-)
Fail to update develop of cryptoio
Updating bbfe7a7..5d5db0c
Fast-forward
 .../shortcodes/shortcodes/partner/static/css/partner.css       | 10 +++++-----
 .../shortcodes/shortcodes/partner/static/css/partner.scss      | 10 +++++-----
 code/static/css/cryptoio-components.css                        |  8 ++++----
 code/static/css/cryptoio-components.scss                       |  8 ++++----
 4 files changed, 18 insertions(+), 18 deletions(-) 4 files changed, 18 insertions(+), 18 deletions(-)
Updating 5d5db0c..052013b
Fast-forward
 .../framework/extensions/cryptoio/shortcodes/cryptoio/views/view.php   | 3 ++-
 1 file changed, 2 insertions(+), 1 deletion(-) 1 file changed, 2 insertions(+), 1 deletion(-)
Updating 052013b..6884a18
Fast-forward
 .../shortcodes/partner/static/css/partner.css      |  2 +-
 .../testimonial/static/css/testimonial.css         | 12 +++++-----
 .../extensions/widgets/static/css/widgets.css      |  6 ++---
 code/static/css/cryptoio-components.css            | 28 +++++++++++-----------
 code/static/css/cryptoio-components.scss           |  4 ++--
 5 files changed, 26 insertions(+), 26 deletions(-) 5 files changed, 26 insertions(+), 26 deletions(-)
Updating 6884a18..267708a
Fast-forward
 .../framework/extensions/cryptoio/shortcodes/cryptoio/views/view.php    | 2 +-
 1 file changed, 1 insertion(+), 1 deletion(-) 1 file changed, 1 insertion(+), 1 deletion(-)
Updating 267708a..0d03b06
Fast-forward
 code/static/css/cryptoio-components.scss | 1 -
 1 file changed, 1 deletion(-) 1 file changed, 1 deletion(-)
Already up-to-date.Already up-to-date.
Already up-to-date.Already up-to-date.
Already up-to-date.Already up-to-date.
Updating 0d03b06..9404b64
Fast-forward
 code/static/css/cryptoio-components.css | 5 +----
 1 file changed, 1 insertion(+), 4 deletions(-) 1 file changed, 1 insertion(+), 4 deletions(-)
Updating 9404b64..e49f46d
Fast-forward
 .../extensions/widgets/static/css/widgets.css                        | 4 ++++
 .../extensions/widgets/static/css/widgets.scss                       | 5 +++++
 2 files changed, 9 insertions(+) 2 files changed, 9 insertions(+)
Updating e49f46d..2cdbeeb
Fast-forward
 .../framework-customizations/extensions/widgets/static/css/widgets.css | 3 ++-
 .../extensions/widgets/static/css/widgets.scss                         | 3 ++-
 2 files changed, 4 insertions(+), 2 deletions(-) 2 files changed, 4 insertions(+), 2 deletions(-)
Updating 2cdbeeb..7db8a83
Fast-forward
 .../extensions/widgets/static/css/widgets.css                      | 5 +++--
 .../extensions/widgets/static/css/widgets.scss                     | 7 +++++--
 2 files changed, 8 insertions(+), 4 deletions(-) 2 files changed, 8 insertions(+), 4 deletions(-)
Updating 7db8a83..18843e6
Fast-forward
 .../extensions/widgets/static/css/widgets.css                         | 4 ++--
 .../extensions/widgets/static/css/widgets.scss                        | 4 ++--
 2 files changed, 4 insertions(+), 4 deletions(-) 2 files changed, 4 insertions(+), 4 deletions(-)
Updating 18843e6..bd9b482
Fast-forward
 code/framework-customizations/extensions/widgets/static/css/widgets.css | 2 +-
 .../framework-customizations/extensions/widgets/static/css/widgets.scss | 2 +-
 2 files changed, 2 insertions(+), 2 deletions(-) 2 files changed, 2 insertions(+), 2 deletions(-)
Updating bd9b482..8eaff61
Fast-forward
 .../extensions/widgets/static/css/widgets.css                      | 7 +++++++
 .../extensions/widgets/static/css/widgets.scss                     | 6 ++++++
 2 files changed, 13 insertions(+) 2 files changed, 13 insertions(+)
Updating 8eaff61..5cf4688
Fast-forward
 code/framework-customizations/extensions/widgets/static/css/widgets.css  | 1 +
 code/framework-customizations/extensions/widgets/static/css/widgets.scss | 1 +
 2 files changed, 2 insertions(+) 2 files changed, 2 insertions(+)
Updating 5cf4688..6ed3ea0
Fast-forward
 code/framework-customizations/extensions/widgets/static/css/widgets.css  | 1 +
 code/framework-customizations/extensions/widgets/static/css/widgets.scss | 1 +
 2 files changed, 2 insertions(+) 2 files changed, 2 insertions(+)
Not expected branch : refs/heads/sonpq
Not expected branch : refs/heads/sonpq
Updating 6ed3ea0..9f7842c
Fast-forward
 .../shortcodes/accordion/static/css/accordion.css  | 37 +++++++---------------
 .../shortcodes/accordion/static/css/accordion.scss | 26 ++++++---------
 .../shortcodes/partner/static/css/partner.css      |  2 +-
 .../testimonial/static/css/testimonial.css         | 12 +++----
 .../extensions/widgets/static/css/widgets.css      |  6 ++--
 code/static/css/cryptoio-components.css            | 24 +++++++-------
 6 files changed, 43 insertions(+), 64 deletions(-) 6 files changed, 43 insertions(+), 64 deletions(-)
Updating 9f7842c..9bb2366
Fast-forward
 .../framework/extensions/cryptoio/shortcodes/charts/static.php        | 4 ++--
 1 file changed, 2 insertions(+), 2 deletions(-) 1 file changed, 2 insertions(+), 2 deletions(-)
Updating 9bb2366..5102f73
Fast-forward
 .../extensions/widgets/static/css/widgets.css            | 10 ++++++++++
 .../extensions/widgets/static/css/widgets.scss           | 16 ++++++++++++----
 2 files changed, 22 insertions(+), 4 deletions(-) 2 files changed, 22 insertions(+), 4 deletions(-)
Updating 5102f73..86253b8
Fast-forward
 .../shortcodes/shortcodes/partner/static/css/partner.css     |  2 +-
 .../shortcodes/testimonial/static/css/testimonial.css        | 12 ++++++------
 2 files changed, 7 insertions(+), 7 deletions(-) 2 files changed, 7 insertions(+), 7 deletions(-)
Updating 86253b8..8084367
Fast-forward
 .../extensions/widgets/static/css/widgets.css      | 561 +++++++++++----------
 .../extensions/widgets/static/css/widgets.scss     |   5 +-
 code/static/css/cryptoio-components.css            |  24 +-
 3 files changed, 298 insertions(+), 292 deletions(-) 3 files changed, 298 insertions(+), 292 deletions(-)
Updating 8084367..36a4732
Fast-forward
 .../extensions/widgets/static/css/widgets.css      | 555 ++++++++++-----------
 .../extensions/widgets/static/css/widgets.scss     |  16 +-
 2 files changed, 282 insertions(+), 289 deletions(-) 2 files changed, 282 insertions(+), 289 deletions(-)
Updating 36a4732..981e01b
Fast-forward
 .../extensions/widgets/static/css/widgets.css                 | 11 -----------
 .../extensions/widgets/static/css/widgets.scss                |  8 --------
 2 files changed, 19 deletions(-) 2 files changed, 19 deletions(-)
Updating 981e01b..ac12c0b
Fast-forward
 code/includes/static.php                                         | 2 +-
 .../cryptoio/shortcodes/charts/static/js/slz-charts.js           | 9 +++++----
 2 files changed, 6 insertions(+), 5 deletions(-) 2 files changed, 6 insertions(+), 5 deletions(-)
Updating ac12c0b..32be734
Fast-forward
 .../extensions/widgets/static/css/widgets.css             | 15 +++++++++++++--
 .../extensions/widgets/static/css/widgets.scss            | 12 ++++++++++--
 2 files changed, 23 insertions(+), 4 deletions(-) 2 files changed, 23 insertions(+), 4 deletions(-)
Updating 32be734..1c65643
Fast-forward
 code/framework-customizations/extensions/widgets/static/css/widgets.css | 2 +-
 .../framework-customizations/extensions/widgets/static/css/widgets.scss | 2 +-
 2 files changed, 2 insertions(+), 2 deletions(-) 2 files changed, 2 insertions(+), 2 deletions(-)
Updating 1c65643..184895a
Fast-forward
 .../framework-customizations/extensions/widgets/static/css/widgets.css | 3 ++-
 .../extensions/widgets/static/css/widgets.scss                         | 3 ++-
 2 files changed, 4 insertions(+), 2 deletions(-) 2 files changed, 4 insertions(+), 2 deletions(-)
Updating 184895a..60d879a
Fast-forward
 .../extensions/widgets/static/css/widgets.css            | 16 +++++++++++-----
 .../extensions/widgets/static/css/widgets.scss           | 14 +++++++++-----
 2 files changed, 20 insertions(+), 10 deletions(-) 2 files changed, 20 insertions(+), 10 deletions(-)
Updating 60d879a..030b0d7
Fast-forward
 code/framework-customizations/extensions/widgets/static/css/widgets.css | 2 ++
 .../framework-customizations/extensions/widgets/static/css/widgets.scss | 2 ++
 2 files changed, 4 insertions(+) 2 files changed, 4 insertions(+)
Updating 030b0d7..500d869
Fast-forward
 code/framework-customizations/extensions/widgets/static/css/widgets.css | 2 +-
 .../framework-customizations/extensions/widgets/static/css/widgets.scss | 2 +-
 2 files changed, 2 insertions(+), 2 deletions(-) 2 files changed, 2 insertions(+), 2 deletions(-)
Updating 500d869..11361ea
Fast-forward
 .../extensions/widgets/static/css/widgets.css                        | 4 ++++
 .../extensions/widgets/static/css/widgets.scss                       | 5 +++++
 2 files changed, 9 insertions(+) 2 files changed, 9 insertions(+)
Updating 11361ea..1343fc0
Fast-forward
 .../extensions/widgets/static/css/widgets.css                         | 4 ++++
 .../extensions/widgets/static/css/widgets.scss                        | 3 +++
 2 files changed, 7 insertions(+) 2 files changed, 7 insertions(+)
Updating 1343fc0..e32b503
Fast-forward
 .../extensions/widgets/static/css/widgets.css                        | 5 +----
 .../extensions/widgets/static/css/widgets.scss                       | 4 +---
 2 files changed, 2 insertions(+), 7 deletions(-) 2 files changed, 2 insertions(+), 7 deletions(-)
Updating e32b503..6ef252b
Fast-forward
 code/static/css/cryptoio-woocommerce.css | 2 +-
 1 file changed, 1 insertion(+), 1 deletion(-) 1 file changed, 1 insertion(+), 1 deletion(-)
Updating 6ef252b..cb303f6
Fast-forward
 code/static/css/cryptoio-woocommerce.css | 1 -
 1 file changed, 1 deletion(-) 1 file changed, 1 deletion(-)
Updating cb303f6..f67f32f
Fast-forward
 code/static/css/cryptoio-woocommerce.css | 4 ++++
 1 file changed, 4 insertions(+) 1 file changed, 4 insertions(+)
Updating f67f32f..9ca5bc8
Fast-forward
 code/static/css/cryptoio-woocommerce.css | 3 ++-
 1 file changed, 2 insertions(+), 1 deletion(-) 1 file changed, 2 insertions(+), 1 deletion(-)
Updating 9ca5bc8..bce34ec
Fast-forward
 code/static/css/cryptoio-woocommerce.css | 12 +++++++++++-
 1 file changed, 11 insertions(+), 1 deletion(-) 1 file changed, 11 insertions(+), 1 deletion(-)
Updating bce34ec..37f33c9
Fast-forward
 code/static/css/cryptoio-woocommerce.css | 11 +++++++++++
 1 file changed, 11 insertions(+) 1 file changed, 11 insertions(+)
Updating 37f33c9..320d955
Fast-forward
 code/static/css/cryptoio-woocommerce.css | 4 ++--
 1 file changed, 2 insertions(+), 2 deletions(-) 1 file changed, 2 insertions(+), 2 deletions(-)
Updating 320d955..34fd731
Fast-forward
 code/static/css/cryptoio-woocommerce.css | 1 +
 1 file changed, 1 insertion(+) 1 file changed, 1 insertion(+)
Updating 34fd731..1266187
Fast-forward
 code/comments.php                                                  | 2 +-
 code/framework-customizations/theme/options/general-settings.php   | 5 ++---
 code/framework-customizations/theme/options/theme-requirements.php | 2 +-
 code/framework-customizations/theme/views/welcome.php              | 4 ++--
 code/includes/class-tgm-plugin-activation.php                      | 2 +-
 5 files changed, 7 insertions(+), 8 deletions(-) 5 files changed, 7 insertions(+), 8 deletions(-)
Not expected branch : refs/heads/thangpd/convertcryp
Updating 1266187..bdc9a8a
Fast-forward
 code/style.css | 2 +-
 1 file changed, 1 insertion(+), 1 deletion(-) 1 file changed, 1 insertion(+), 1 deletion(-)
Updating bdc9a8a..bdae123
Fast-forward
 code/static/css/layout.css | 3 +++
 1 file changed, 3 insertions(+) 1 file changed, 3 insertions(+)
Updating bdae123..176f232
Fast-forward
 code/static/css/layout.css | 2 +-
 1 file changed, 1 insertion(+), 1 deletion(-) 1 file changed, 1 insertion(+), 1 deletion(-)
Not expected branch : refs/heads/thangpd/crypto_chart
Updating 176f232..4faaf9e
Fast-forward
 code/static/css/layout.css | 3 ++-
 1 file changed, 2 insertions(+), 1 deletion(-) 1 file changed, 2 insertions(+), 1 deletion(-)
Updating 4faaf9e..125bcb4
Fast-forward
 code/static/css/layout.css | 1 +
 1 file changed, 1 insertion(+) 1 file changed, 1 insertion(+)
Updating 125bcb4..b1f844a
Fast-forward
 code/static/css/layout.css | 3 ++-
 1 file changed, 2 insertions(+), 1 deletion(-) 1 file changed, 2 insertions(+), 1 deletion(-)
Updating b1f844a..0e9fd17
Fast-forward
 code/static/css/layout.css | 5 ++++-
 1 file changed, 4 insertions(+), 1 deletion(-) 1 file changed, 4 insertions(+), 1 deletion(-)
Not expected branch : refs/heads/thuong/blog-grid
Not expected branch : 
Not expected branch : refs/heads/thuong/blog-grid
Fail to update develop of cryptoio
Updating 0e9fd17..da41879
Fast-forward
 .../shortcodes/contact/static/css/contact.css      |   8 -
 .../shortcodes/contact/static/css/contact.scss     |  15 +-
 code/static/css/cryptoio-woocommerce.css           | 260 ++++++++++-----------
 .../cryptoio/static/css/cryptoio-chart.css         |   4 -
 4 files changed, 136 insertions(+), 151 deletions(-) 4 files changed, 136 insertions(+), 151 deletions(-)
Updating da41879..9e7c7cb
Fast-forward
 code/style.css | 4 ++++
 1 file changed, 4 insertions(+) 1 file changed, 4 insertions(+)
Updating 9e7c7cb..c18aab5
Fast-forward
 code/static/css/cryptoio-woocommerce.css | 2 +-
 1 file changed, 1 insertion(+), 1 deletion(-) 1 file changed, 1 insertion(+), 1 deletion(-)
Updating c18aab5..bfb2441
Fast-forward
 .../newsletter/static/css/newsletter.css           | 29 ++++++++++++----------
 .../newsletter/static/css/newsletter.scss          | 18 ++++++++------
 code/static/js/main.js                             | 11 ++++++++
 code/style.css                                     |  5 +---
 4 files changed, 39 insertions(+), 24 deletions(-) 4 files changed, 39 insertions(+), 24 deletions(-)
Already up-to-date.Already up-to-date.
Not expected branch : refs/heads/thuong/blog-grid
Updating bfb2441..9bcd323
Fast-forward
 .../shortcodes/shortcodes/posts-grid/static/css/posts-grid.css           | 1 +
 .../shortcodes/shortcodes/posts-grid/static/css/posts-grid.scss          | 1 +
 2 files changed, 2 insertions(+) 2 files changed, 2 insertions(+)
Not expected branch : 
Updating 9bcd323..3157d71
Fast-forward
 .../cryptoio/class-slz-shortcode-cryptoio.php      |   2 +-
 .../cryptoio/static/css/cryptoio-chart.css         |  20 +
 .../cryptoio/static/img/cryptoio-preload.gif       | Bin 0 -> 444409 bytes
 .../shortcodes/cryptoio/static/js/crypto-chart.js  | 467 +++++++++++++++++++++
 .../cryptoio/static/js/cryptoio-chart.js           |  20 +
 .../cryptoio/shortcodes/cryptoio/views/view.php    |  16 +-
 6 files changed, 517 insertions(+), 8 deletions(-)
 create mode 100644 plugin/solazu-unyson/framework/extensions/cryptoio/shortcodes/cryptoio/static/img/cryptoio-preload.gif
 create mode 100644 plugin/solazu-unyson/framework/extensions/cryptoio/shortcodes/cryptoio/static/js/crypto-chart.js create mode 100644 plugin/solazu-unyson/framework/extensions/cryptoio/shortcodes/cryptoio/static/js/crypto-chart.js
Not expected branch : refs/heads/thuong/blog-grid
Updating 3157d71..7b34e47
Fast-forward
 .../shortcodes/partner/static/css/partner.css      |  2 +-
 .../posts-grid/static/css/posts-grid.css           |  6 +++++
 .../posts-grid/static/css/posts-grid.scss          | 28 +++++++++++++---------
 .../testimonial/static/css/testimonial.css         | 12 +++++-----
 .../extensions/widgets/static/css/widgets.css      |  6 ++---
 code/static/css/cryptoio-components.css            | 24 +++++++++----------
 6 files changed, 45 insertions(+), 33 deletions(-) 6 files changed, 45 insertions(+), 33 deletions(-)
Fail to update develop of cryptoio
Not expected branch : refs/heads/sonpq
Updating 7b34e47..c9feaf4
Fast-forward
 .../shortcodes/cryptoio/static/js/crypto-chart.js  | 467 ---------------------
 1 file changed, 467 deletions(-)
 delete mode 100644 plugin/solazu-unyson/framework/extensions/cryptoio/shortcodes/cryptoio/static/js/crypto-chart.js delete mode 100644 plugin/solazu-unyson/framework/extensions/cryptoio/shortcodes/cryptoio/static/js/crypto-chart.js
Not expected branch : refs/heads/sonpq
Updating c9feaf4..93bbe7b
Fast-forward
 .../extensions/widgets/static/css/widgets.css                      | 2 ++
 .../extensions/widgets/static/css/widgets.scss                     | 2 ++
 code/static/css/cryptoio-components.css                            | 7 +++++++
 code/static/css/cryptoio-components.scss                           | 5 ++++-
 4 files changed, 15 insertions(+), 1 deletion(-) 4 files changed, 15 insertions(+), 1 deletion(-)
Not expected branch : refs/heads/sonpq
Updating 93bbe7b..ec8775b
Fast-forward
 code/framework-customizations/extensions/widgets/static/css/widgets.css  | 1 -
 code/framework-customizations/extensions/widgets/static/css/widgets.scss | 1 -
 2 files changed, 2 deletions(-) 2 files changed, 2 deletions(-)
Updating ec8775b..1ec5deb
Fast-forward
 code/static/js/main.js | 8 +++++---
 1 file changed, 5 insertions(+), 3 deletions(-) 1 file changed, 5 insertions(+), 3 deletions(-)
Updating 1ec5deb..5dc4635
Fast-forward
 .../shortcodes/partner/static/css/partner.css      |  2 +-
 .../testimonial/static/css/testimonial.css         | 12 +++++------
 .../extensions/widgets/static/css/widgets.css      |  6 +++---
 code/static/css/cryptoio-components.css            | 24 +++++++++++-----------
 code/static/js/main.js                             |  3 ++-
 5 files changed, 24 insertions(+), 23 deletions(-) 5 files changed, 24 insertions(+), 23 deletions(-)
Updating 5dc4635..8ef9a65
Fast-forward
 code/static/js/main.js | 11 +++++------
 1 file changed, 5 insertions(+), 6 deletions(-) 1 file changed, 5 insertions(+), 6 deletions(-)
Updating 8ef9a65..17c4554
Fast-forward
 code/static/js/main.js | 1 -
 1 file changed, 1 deletion(-) 1 file changed, 1 deletion(-)
Updating 17c4554..921d741
Fast-forward
 code/static/js/main.js | 2 +-
 1 file changed, 1 insertion(+), 1 deletion(-) 1 file changed, 1 insertion(+), 1 deletion(-)
Not expected branch : refs/heads/sonpq
Not expected branch : refs/heads/sonpq
Updating 921d741..86454b2
Fast-forward
 .../framework-customizations/extensions/widgets/static/css/widgets.css | 3 +++
 .../extensions/widgets/static/css/widgets.scss                         | 2 ++
 2 files changed, 5 insertions(+) 2 files changed, 5 insertions(+)
Not expected branch : refs/heads/sonpq
Updating 86454b2..af3ea54
Fast-forward
 .../shortcodes/partner/static/css/partner.css      |  2 +-
 .../testimonial/static/css/testimonial.css         | 12 +++++------
 .../extensions/widgets/static/css/widgets.css      | 12 ++++++++---
 .../extensions/widgets/static/css/widgets.scss     |  3 +++
 code/static/css/cryptoio-components.css            | 24 +++++++++++-----------
 5 files changed, 31 insertions(+), 22 deletions(-) 5 files changed, 31 insertions(+), 22 deletions(-)
Not expected branch : refs/heads/thuong/blog-grid
Updating af3ea54..13662a8
Fast-forward
 code/static/css/layout.css | 2 +-
 1 file changed, 1 insertion(+), 1 deletion(-) 1 file changed, 1 insertion(+), 1 deletion(-)
Updating 13662a8..b5690d7
Fast-forward
 .../shortcodes/partner/static/css/partner.css      |  2 +-
 .../testimonial/static/css/testimonial.css         | 12 +++++------
 .../extensions/widgets/static/css/widgets.css      |  6 +++---
 code/static/css/cryptoio-components.css            | 24 +++++++++++-----------
 code/static/css/layout.css                         |  3 +++
 5 files changed, 25 insertions(+), 22 deletions(-) 5 files changed, 25 insertions(+), 22 deletions(-)
Not expected branch : refs/heads/sonpq
Not expected branch : refs/heads/sonpq
Updating b5690d7..0ff024e
Fast-forward
 .../framework-customizations/extensions/widgets/static/css/widgets.css | 3 ++-
 .../extensions/widgets/static/css/widgets.scss                         | 3 ++-
 2 files changed, 4 insertions(+), 2 deletions(-) 2 files changed, 4 insertions(+), 2 deletions(-)
Updating 0ff024e..240bdfb
Fast-forward
 code/static/css/layout.css | 10 ++++++++++
 1 file changed, 10 insertions(+) 1 file changed, 10 insertions(+)
Updating 240bdfb..233af3c
Fast-forward
 code/static/css/layout.css | 3 ++-
 1 file changed, 2 insertions(+), 1 deletion(-) 1 file changed, 2 insertions(+), 1 deletion(-)
Updating 233af3c..defb1df
Fast-forward
 code/static/css/layout.css | 1 +
 1 file changed, 1 insertion(+) 1 file changed, 1 insertion(+)
Updating defb1df..cf584d9
Fast-forward
 code/static/css/layout.css | 2 +-
 1 file changed, 1 insertion(+), 1 deletion(-) 1 file changed, 1 insertion(+), 1 deletion(-)
Not expected branch : refs/heads/thuong/blog-grid
Not expected branch : 
Not expected branch : refs/heads/thuong/blog-grid
Not expected branch : 
Not expected branch : refs/heads/sonpq
Not expected branch : refs/heads/thuong/blog-grid
Fail to update develop of cryptoio
Updating cf584d9..537e778
Fast-forward
 .../shortcodes/shortcodes/counterv2/static.php     |  2 +-
 .../posts-block/static/css/_posts-block.scss       |  4 ++--
 .../extensions/widgets/static/css/widgets.css      |  4 ++++
 .../extensions/widgets/static/css/widgets.scss     | 22 +++++++++++++---------
 code/static/css/cryptoio-components.css            |  5 ++---
 code/static/css/cryptoio-components.scss           |  5 ++---
 6 files changed, 24 insertions(+), 18 deletions(-) 6 files changed, 24 insertions(+), 18 deletions(-)
Not expected branch : refs/heads/sonpq
Updating 537e778..4049383
Fast-forward
 .../shortcodes/partner/static/css/partner.css      |  2 +-
 .../testimonial/static/css/testimonial.css         | 12 +++++------
 .../extensions/widgets/static/css/widgets.css      | 22 ++++++++------------
 .../extensions/widgets/static/css/widgets.scss     | 17 ++++++++-------
 code/static/css/cryptoio-components.css            | 24 +++++++++++-----------
 5 files changed, 38 insertions(+), 39 deletions(-) 5 files changed, 38 insertions(+), 39 deletions(-)
Updating 4049383..7125df0
Fast-forward
 .../shortcodes/cryptoio/static/css/cryptoio-chart.css   | 17 +++++------------
 .../shortcodes/cryptoio/static/js/cryptoio-chart.js     | 16 +++-------------
 .../cryptoio/shortcodes/cryptoio/views/view.php         |  5 ++---
 3 files changed, 10 insertions(+), 28 deletions(-) 3 files changed, 10 insertions(+), 28 deletions(-)
Not expected branch : refs/heads/sonpq
Not expected branch : refs/heads/sonpq
Updating 7125df0..d230b87
Fast-forward
 .../extensions/widgets/static/css/widgets.css                        | 5 +++++
 .../extensions/widgets/static/css/widgets.scss                       | 2 ++
 2 files changed, 7 insertions(+) 2 files changed, 7 insertions(+)
Updating d230b87..63541fc
Fast-forward
 code/static/css/layout.css | 7 +++++++
 code/style.css             | 2 +-
 2 files changed, 8 insertions(+), 1 deletion(-) 2 files changed, 8 insertions(+), 1 deletion(-)
Updating 63541fc..47140eb
Fast-forward
 .../shortcodes/partner/static/css/partner.css      |  2 +-
 .../testimonial/static/css/testimonial.css         | 12 +++++------
 .../extensions/widgets/static/css/widgets.css      |  6 +++---
 code/static/css/cryptoio-components.css            | 24 +++++++++++-----------
 code/static/css/layout.css                         |  1 +
 5 files changed, 23 insertions(+), 22 deletions(-) 5 files changed, 23 insertions(+), 22 deletions(-)
Updating 47140eb..1d56a40
Fast-forward
 code/static/css/layout.css | 2 +-
 1 file changed, 1 insertion(+), 1 deletion(-) 1 file changed, 1 insertion(+), 1 deletion(-)
Updating 1d56a40..dcea058
Fast-forward
 code/static/css/layout.css | 24 +++++++++++++++++++-----
 1 file changed, 19 insertions(+), 5 deletions(-) 1 file changed, 19 insertions(+), 5 deletions(-)
Updating dcea058..c723c33
Fast-forward
 code/static/css/layout.css | 10 +++++-----
 1 file changed, 5 insertions(+), 5 deletions(-) 1 file changed, 5 insertions(+), 5 deletions(-)
Not expected branch : refs/heads/thuong/blog-grid
Not expected branch : 
Not expected branch : refs/heads/thuong/blog-grid
Fail to update develop of cryptoio
Updating c723c33..9a57afe
Fast-forward
 .../shortcodes/count-down/static/css/count-down.css   |  4 ++++
 .../shortcodes/count-down/static/css/count-down.scss  |  8 ++++++++
 .../shortcodes/counterv2/static/css/counterv2.css     |  3 +++
 .../shortcodes/counterv2/static/css/counterv2.scss    | 19 +++++++++++++------
 code/static/css/cryptoio-components.css               |  8 ++++++++
 code/static/css/cryptoio-components.scss              |  4 ++++
 6 files changed, 40 insertions(+), 6 deletions(-) 6 files changed, 40 insertions(+), 6 deletions(-)
Updating 9a57afe..64e96e2
Fast-forward
 code/header.php        |  3 +++
 code/static/js/main.js |  8 +++++++-
 code/style.css         | 28 ++++++++++++++++++++++++++++
 3 files changed, 38 insertions(+), 1 deletion(-) 3 files changed, 38 insertions(+), 1 deletion(-)
Not expected branch : refs/heads/sonpq
Not expected branch : refs/heads/thuong/blog-grid
Updating 64e96e2..18e7b1f
Fast-forward
 .../cryptoio/shortcodes/cryptoio/static/css/cryptoio-chart.css           | 1 +
 1 file changed, 1 insertion(+) 1 file changed, 1 insertion(+)
Updating 18e7b1f..bf32aab
Fast-forward
 .../cryptoio/shortcodes/cryptoio/static/css/cryptoio-chart.css          | 2 +-
 1 file changed, 1 insertion(+), 1 deletion(-) 1 file changed, 1 insertion(+), 1 deletion(-)
Updating bf32aab..ee7c1c2
Fast-forward
 .../cryptoio/shortcodes/cryptoio/static/css/cryptoio-chart.css          | 2 +-
 1 file changed, 1 insertion(+), 1 deletion(-) 1 file changed, 1 insertion(+), 1 deletion(-)
Not expected branch : refs/heads/thuong/blog-grid
Not expected branch : 
Not expected branch : refs/heads/thuong/blog-grid
Fail to update develop of cryptoio
Updating ee7c1c2..bf8d819
Fast-forward
 .../icons-block/static/css/_icon-block.scss        | 35 ++++++++++++--
 .../shortcodes/partner/static/css/partner.css      |  2 +-
 .../testimonial/static/css/testimonial.css         | 12 ++---
 .../extensions/widgets/static/css/widgets.css      | 10 ++--
 .../extensions/widgets/static/css/widgets.scss     |  5 +-
 code/static/css/cryptoio-components.css            | 56 +++++++++++++++++-----
 6 files changed, 93 insertions(+), 27 deletions(-) 6 files changed, 93 insertions(+), 27 deletions(-)
Updating bf8d819..d48badf
Fast-forward
 code/header.php                                    |  4 +---
 code/static/js/main.js                             |  7 +++---
 code/style.css                                     | 27 ----------------------
 .../cryptoio/static/css/cryptoio-chart.css         |  1 -
 4 files changed, 5 insertions(+), 34 deletions(-) 4 files changed, 5 insertions(+), 34 deletions(-)
Not expected branch : refs/heads/thuong/blog-grid
Not expected branch : 
Not expected branch : refs/heads/thuong/blog-grid
Fail to update develop of cryptoio
Updating d48badf..4a0a37c
Fast-forward
 .../icons-block/static/css/_icon-block.scss        | 39 +++++++++++-----------
 1 file changed, 20 insertions(+), 19 deletions(-) 1 file changed, 20 insertions(+), 19 deletions(-)
Not expected branch : refs/heads/sonpq
Not expected branch : refs/heads/thuong/blog-grid
Not expected branch : 
Not expected branch : refs/heads/thuong/blog-grid
Fail to update develop of cryptoio
Updating 4a0a37c..c4d2d8f
Fast-forward
 .../icons-block/static/css/_icon-block.scss        | 26 ++++++++++++----------
 1 file changed, 14 insertions(+), 12 deletions(-) 1 file changed, 14 insertions(+), 12 deletions(-)
Not expected branch : refs/heads/thuong/blog-grid
Not expected branch : 
Not expected branch : 
Updating c4d2d8f..fc30b42
Fast-forward
 .../shortcodes/cryptoio/static/css/cryptoio-chart.css         | 11 +++++++++++
 1 file changed, 11 insertions(+) 1 file changed, 11 insertions(+)
Not expected branch : 
Not expected branch : 
Not expected branch : refs/heads/thuong/blog-grid
Updating fc30b42..90dedb8
Fast-forward
 code/static/css/cryptoio-components.css | 36 ++++++++++++++++-----------------
 1 file changed, 18 insertions(+), 18 deletions(-) 1 file changed, 18 insertions(+), 18 deletions(-)
Fail to update develop of cryptoio
Updating 90dedb8..0c62977
Fast-forward
 .../shortcodes/cryptoio_category/static/css/crypto_category.css        | 3 ++-
 1 file changed, 2 insertions(+), 1 deletion(-) 1 file changed, 2 insertions(+), 1 deletion(-)
