Fail to update develop of solazu-core
Not expected branch : refs/heads/thangpd/instagram
Updating 75b9ce6..21fc8fe
Fast-forward
 .../instagram/shortcodes/instagram/views/view-grid.php     | 13 +++++++++----
 .../instagram/shortcodes/instagram/views/view-slider.php   | 14 +++++++++-----
 2 files changed, 18 insertions(+), 9 deletions(-) 2 files changed, 18 insertions(+), 9 deletions(-)
Updating 69b1f8d..90196ff
Fast-forward
 code/theme/static/css/lema-custom.css  | 5 +++++
 code/theme/static/css/lema-custom.scss | 8 ++++++++
 2 files changed, 13 insertions(+) 2 files changed, 13 insertions(+)
Already up-to-date.Already up-to-date.
Updating 90196ff..a19456d
Fast-forward
 code/theme/static/css/lema-custom.css  | 1 +
 code/theme/static/css/lema-custom.scss | 1 +
 2 files changed, 2 insertions(+) 2 files changed, 2 insertions(+)
Updating a19456d..e126073
Fast-forward
 code/theme/static/css/lema-custom.css  | 2 +-
 code/theme/static/css/lema-custom.scss | 2 +-
 2 files changed, 2 insertions(+), 2 deletions(-) 2 files changed, 2 insertions(+), 2 deletions(-)
Updating e126073..4aae70d
Fast-forward
 code/theme/static/css/lema-custom.css  | 5 +++++
 code/theme/static/css/lema-custom.scss | 6 ++++++
 2 files changed, 11 insertions(+) 2 files changed, 11 insertions(+)
Updating 4aae70d..5392d4f
Fast-forward
 code/theme/static/css/lema-custom.css  | 2 +-
 code/theme/static/css/lema-custom.scss | 2 +-
 2 files changed, 2 insertions(+), 2 deletions(-) 2 files changed, 2 insertions(+), 2 deletions(-)
Updating 5392d4f..b06edd0
Fast-forward
 code/theme/static/css/lema-custom.css  | 5 -----
 code/theme/static/css/lema-custom.scss | 4 ----
 2 files changed, 9 deletions(-) 2 files changed, 9 deletions(-)
Updating b06edd0..6cdf7bd
Fast-forward
 code/theme/static/css/lema-custom.css  | 2 +-
 code/theme/static/css/lema-custom.scss | 2 +-
 2 files changed, 2 insertions(+), 2 deletions(-) 2 files changed, 2 insertions(+), 2 deletions(-)
Updating 6cdf7bd..f5a3381
Fast-forward
 code/theme/static/css/lema-custom.css  | 9 +++++++++
 code/theme/static/css/lema-custom.scss | 8 ++++++++
 2 files changed, 17 insertions(+) 2 files changed, 17 insertions(+)
Updating f5a3381..2eb32d9
Fast-forward
 code/theme/static/css/lema-custom.css  | 2 +-
 code/theme/static/css/lema-custom.scss | 2 +-
 2 files changed, 2 insertions(+), 2 deletions(-) 2 files changed, 2 insertions(+), 2 deletions(-)
Updating 2eb32d9..cb7545a
Fast-forward
 code/theme/static/css/lema-custom.css  |  6 +++++-
 code/theme/static/css/lema-custom.scss | 12 ++++++++----
 2 files changed, 13 insertions(+), 5 deletions(-) 2 files changed, 13 insertions(+), 5 deletions(-)
Updating cb7545a..3259109
Fast-forward
 code/theme/static/css/lema-custom.css  | 2 +-
 code/theme/static/css/lema-custom.scss | 2 +-
 2 files changed, 2 insertions(+), 2 deletions(-) 2 files changed, 2 insertions(+), 2 deletions(-)
