Updating cd8fd8f..b84a2c4
Fast-forward
 .../shortcodes/shortcodes/map/static.php           |  37 +-
 .../shortcodes/shortcodes/map/static/js/map.js     | 659 +++++++++++----------
 .../shortcodes/shortcodes/map/views/view.php       |   1 +
 .../framework-customizations/theme/config.php      |   1 +
 code/theme/includes/hooks.php                      |  16 +-
 5 files changed, 367 insertions(+), 347 deletions(-) 5 files changed, 367 insertions(+), 347 deletions(-)
Updating 785fe33..596bef6
Fast-forward
 assets/scripts/resource-category.js                    | 4 ++--
 includes/classes/front/views/resourcefront/_result.php | 4 +++-
 2 files changed, 5 insertions(+), 3 deletions(-) 2 files changed, 5 insertions(+), 3 deletions(-)
Updating b84a2c4..352014d
Fast-forward
 .../extensions/shortcodes/shortcodes/map/static.php               | 8 ++++----
 1 file changed, 4 insertions(+), 4 deletions(-) 1 file changed, 4 insertions(+), 4 deletions(-)
Updating 352014d..c4f46a3
Fast-forward
 .../extensions/shortcodes/shortcodes/map/static/js/map.js            | 5 +++--
 1 file changed, 3 insertions(+), 2 deletions(-) 1 file changed, 3 insertions(+), 2 deletions(-)
Updating c4f46a3..32163dd
Fast-forward
 .../extensions/shortcodes/shortcodes/map/static/js/map.js               | 2 +-
 1 file changed, 1 insertion(+), 1 deletion(-) 1 file changed, 1 insertion(+), 1 deletion(-)
Updating 8c4176c..5918cfa
Fast-forward
 front/controllers/SearchController.php | 2 +-
 1 file changed, 1 insertion(+), 1 deletion(-) 1 file changed, 1 insertion(+), 1 deletion(-)
Updating 32163dd..63a8b74
Fast-forward
 .../extensions/shortcodes/shortcodes/map/static/js/map.js               | 2 +-
 1 file changed, 1 insertion(+), 1 deletion(-) 1 file changed, 1 insertion(+), 1 deletion(-)
Updating 63a8b74..eeddcae
Fast-forward
 .../shortcodes/shortcodes/map/static.php           |   8 +
 .../shortcodes/shortcodes/map/static/js/map.js     | 359 ++++++++++++++++++++-
 2 files changed, 363 insertions(+), 4 deletions(-) 2 files changed, 363 insertions(+), 4 deletions(-)
Updating 596bef6..bc33030
Fast-forward
 includes/classes/Hooks.php | 2 +-
 1 file changed, 1 insertion(+), 1 deletion(-) 1 file changed, 1 insertion(+), 1 deletion(-)
Updating 5918cfa..0c4c88a
Fast-forward
 front/views/search/_result.php | 8 ++++----
 1 file changed, 4 insertions(+), 4 deletions(-) 1 file changed, 4 insertions(+), 4 deletions(-)
Updating 0c4c88a..6c1d17a
Fast-forward
 front/controllers/SearchController.php | 15 ++++++++-------
 front/views/search/_result.php         |  2 +-
 2 files changed, 9 insertions(+), 8 deletions(-) 2 files changed, 9 insertions(+), 8 deletions(-)
Updating bc33030..1851403
Fast-forward
 includes/classes/Hooks.php | 14 +++++++++++++-
 1 file changed, 13 insertions(+), 1 deletion(-) 1 file changed, 13 insertions(+), 1 deletion(-)
Updating eeddcae..b83f6b7
Fast-forward
 .../shortcodes/shortcodes/map/static.php           |   2 +-
 .../framework-customizations/theme/manifest.php    |  37 +++++++++++++++++++++
 code/theme/plugins/lema-academy.zip                | Bin 0 -> 161181 bytes
 .../img/demo-images/educhain_design_academy.png    | Bin 0 -> 74674 bytes
 .../preview_educhain_design_academy.png            | Bin 0 -> 653803 bytes
 code/theme/static/img/tgm-images/lema-academy.jpg  | Bin 0 -> 14466 bytes
 6 files changed, 38 insertions(+), 1 deletion(-)
 create mode 100644 code/theme/plugins/lema-academy.zip
 create mode 100644 code/theme/static/img/demo-images/educhain_design_academy.png
 create mode 100644 code/theme/static/img/demo-images/preview_educhain_design_academy.png
 create mode 100644 code/theme/static/img/tgm-images/lema-academy.jpg create mode 100644 code/theme/static/img/tgm-images/lema-academy.jpg
