Updating 0c62977..490c1a3
Fast-forward
 .../shortcodes/partner/static/css/partner.css      |  2 +-
 .../testimonial/static/css/testimonial.css         | 12 +++++------
 .../extensions/widgets/static/css/widgets.css      |  6 +++---
 code/static/css/cryptoio-components.css            | 24 +++++++++++-----------
 4 files changed, 22 insertions(+), 22 deletions(-) 4 files changed, 22 insertions(+), 22 deletions(-)
Updating 490c1a3..5de709c
Fast-forward
 .../shortcodes/cryptoio_category/static/css/crypto_category.css         | 2 +-
 1 file changed, 1 insertion(+), 1 deletion(-) 1 file changed, 1 insertion(+), 1 deletion(-)
Updating 5de709c..9547159
Fast-forward
 .../shortcodes/cryptoio_category/static/css/crypto_category.css         | 2 +-
 1 file changed, 1 insertion(+), 1 deletion(-) 1 file changed, 1 insertion(+), 1 deletion(-)
Updating 9547159..86fc41a
Fast-forward
 .../cryptoio/static/js/cryptoio-chart.js           | 31 +++++++++++++++++++---
 .../cryptoio/shortcodes/cryptoio/views/view.php    |  3 ++-
 2 files changed, 30 insertions(+), 4 deletions(-) 2 files changed, 30 insertions(+), 4 deletions(-)
Updating 86fc41a..d4994dc
Fast-forward
 .../cryptoio/shortcodes/cryptoio/static/js/cryptoio-chart.js   |  6 ------
 .../cryptoio/shortcodes/cryptoio_category/views/view.php       | 10 +++++-----
 2 files changed, 5 insertions(+), 11 deletions(-) 2 files changed, 5 insertions(+), 11 deletions(-)
Updating d4994dc..912e4a4
Fast-forward
 .../cryptoio_category/static/css/crypto_category.css        | 13 +++----------
 1 file changed, 3 insertions(+), 10 deletions(-) 1 file changed, 3 insertions(+), 10 deletions(-)
Updating 912e4a4..ced64e2
Fast-forward
 .../static/css/crypto_category.css                 | 41 ++++++++++++++++++++++
 1 file changed, 41 insertions(+) 1 file changed, 41 insertions(+)
Updating ced64e2..b9fb992
Fast-forward
 .../shortcodes/cryptoio_category/static/css/crypto_category.css       | 4 ++--
 1 file changed, 2 insertions(+), 2 deletions(-) 1 file changed, 2 insertions(+), 2 deletions(-)
Updating b9fb992..8357a61
Fast-forward
 .../shortcodes/cryptoio_category/static/css/crypto_category.css         | 2 +-
 1 file changed, 1 insertion(+), 1 deletion(-) 1 file changed, 1 insertion(+), 1 deletion(-)
Updating 8357a61..282a030
Fast-forward
 .../static/css/crypto_category.css                 | 63 ++--------------------
 1 file changed, 5 insertions(+), 58 deletions(-) 1 file changed, 5 insertions(+), 58 deletions(-)
Updating 282a030..8f49246
Fast-forward
 .../static/css/crypto_category.css                 | 29 ++++++++++++++--------
 1 file changed, 18 insertions(+), 11 deletions(-) 1 file changed, 18 insertions(+), 11 deletions(-)
Updating 8f49246..93875cf
Fast-forward
 .../shortcodes/cryptoio_category/static/css/crypto_category.css      | 5 ++++-
 1 file changed, 4 insertions(+), 1 deletion(-) 1 file changed, 4 insertions(+), 1 deletion(-)
Updating 93875cf..c9478ee
Fast-forward
 .../shortcodes/cryptoio_category/static/css/crypto_category.css         | 2 +-
 1 file changed, 1 insertion(+), 1 deletion(-) 1 file changed, 1 insertion(+), 1 deletion(-)
Updating c9478ee..aeceb77
Fast-forward
 .../cryptoio_category/static/css/crypto_category.css    | 17 +++++++++++++----
 1 file changed, 13 insertions(+), 4 deletions(-) 1 file changed, 13 insertions(+), 4 deletions(-)
Updating aeceb77..2acf40f
Fast-forward
 .../shortcodes/cryptoio_category/static/css/crypto_category.css   | 8 ++++++--
 1 file changed, 6 insertions(+), 2 deletions(-) 1 file changed, 6 insertions(+), 2 deletions(-)
Updating 2acf40f..cc4ca3d
Fast-forward
 .../shortcodes/cryptoio_category/static/css/crypto_category.css         | 2 +-
 1 file changed, 1 insertion(+), 1 deletion(-) 1 file changed, 1 insertion(+), 1 deletion(-)
Updating cc4ca3d..56ff250
Fast-forward
 .../shortcodes/cryptoio_category/static/css/crypto_category.css       | 4 ++--
 1 file changed, 2 insertions(+), 2 deletions(-) 1 file changed, 2 insertions(+), 2 deletions(-)
Updating 56ff250..33dba75
Fast-forward
 .../shortcodes/cryptoio_category/static/css/crypto_category.css       | 4 ++++
 1 file changed, 4 insertions(+) 1 file changed, 4 insertions(+)
Updating 33dba75..fa35cd4
Fast-forward
 .../shortcodes/cryptoio_category/static/css/crypto_category.css      | 5 +++--
 1 file changed, 3 insertions(+), 2 deletions(-) 1 file changed, 3 insertions(+), 2 deletions(-)
Updating fa35cd4..82ddec1
Fast-forward
 .../shortcodes/cryptoio_category/static/css/crypto_category.css         | 2 +-
 1 file changed, 1 insertion(+), 1 deletion(-) 1 file changed, 1 insertion(+), 1 deletion(-)
Already up-to-date.Already up-to-date.
Updating 82ddec1..c3215a3
Fast-forward
 .../cryptoio_category/static/css/crypto_category.css           | 10 ++--------
 1 file changed, 2 insertions(+), 8 deletions(-) 1 file changed, 2 insertions(+), 8 deletions(-)
Updating c3215a3..201639b
Fast-forward
 code/static/css/layout.css | 42 +++++++++++++++++++++---------------------
 1 file changed, 21 insertions(+), 21 deletions(-) 1 file changed, 21 insertions(+), 21 deletions(-)
Updating 201639b..52344f3
Fast-forward
 code/static/css/layout.css | 4 ++--
 1 file changed, 2 insertions(+), 2 deletions(-) 1 file changed, 2 insertions(+), 2 deletions(-)
Updating 52344f3..af45b93
Fast-forward
 code/static/css/layout.css | 17 +++++++++++++++++
 1 file changed, 17 insertions(+) 1 file changed, 17 insertions(+)
Updating af45b93..04bcef5
Fast-forward
 code/static/css/layout.css | 2 +-
 1 file changed, 1 insertion(+), 1 deletion(-) 1 file changed, 1 insertion(+), 1 deletion(-)
Updating 04bcef5..7943f67
Fast-forward
 code/static/css/layout.css | 2 ++
 1 file changed, 2 insertions(+) 1 file changed, 2 insertions(+)
Updating 7943f67..1db40fe
Fast-forward
 code/static/css/layout.css | 9 +++++++++
 1 file changed, 9 insertions(+) 1 file changed, 9 insertions(+)
Updating 1db40fe..3ef3b92
Fast-forward
 code/static/css/layout.css | 5 +++++
 1 file changed, 5 insertions(+) 1 file changed, 5 insertions(+)
Updating 3ef3b92..3aa97a5
Fast-forward
 code/static/css/layout.css | 9 +++++++++
 1 file changed, 9 insertions(+) 1 file changed, 9 insertions(+)
Updating 3aa97a5..66a33ad
Fast-forward
 code/static/css/layout.css | 2 +-
 1 file changed, 1 insertion(+), 1 deletion(-) 1 file changed, 1 insertion(+), 1 deletion(-)
Already up-to-date.Already up-to-date.
Not expected branch : refs/heads/fix/chart
Updating 66a33ad..50a5950
Fast-forward
 code/static/css/layout.css | 4 ++++
 1 file changed, 4 insertions(+) 1 file changed, 4 insertions(+)
Updating 50a5950..af13a59
Fast-forward
 code/static/css/layout.css | 4 ++++
 1 file changed, 4 insertions(+) 1 file changed, 4 insertions(+)
Updating af13a59..d754d59
Fast-forward
 .../shortcodes/partner/static/css/partner.css      |  2 +-
 .../testimonial/static/css/testimonial.css         | 12 +++---
 .../extensions/widgets/static/css/widgets.css      |  6 +--
 code/static/css/cryptoio-components.css            | 24 ++++++------
 .../cryptoio/static/css/cryptoio-chart.css         |  9 ++++-
 .../static/css/crypto_category.css                 | 44 ++++++++++++----------
 6 files changed, 54 insertions(+), 43 deletions(-) 6 files changed, 54 insertions(+), 43 deletions(-)
Updating d754d59..d743e22
Fast-forward
 code/static/css/layout.css | 2 +-
 1 file changed, 1 insertion(+), 1 deletion(-) 1 file changed, 1 insertion(+), 1 deletion(-)
Updating d743e22..928d59a
Fast-forward
 code/static/css/layout.css | 4 ++++
 1 file changed, 4 insertions(+) 1 file changed, 4 insertions(+)
