Updating e05f808..1c30b8a
Fast-forward
 includes/classes/Hooks.php | 3 +++
 1 file changed, 3 insertions(+) 1 file changed, 3 insertions(+)
Updating 1c30b8a..ea7fe39
Fast-forward
 assets/styles/lema-sof.css | 5 +++++
 1 file changed, 5 insertions(+) 1 file changed, 5 insertions(+)
Updating ea7fe39..153ab04
Fast-forward
 includes/classes/front/views/coursedetail/view.php | 4 ++--
 1 file changed, 2 insertions(+), 2 deletions(-) 1 file changed, 2 insertions(+), 2 deletions(-)
Updating 153ab04..49ed0f3
Fast-forward
 .../shortcodes/FeatureBlock/views/blocklayout1.php | 23 +++++++--------
 .../shortcodes/FeatureBlock/views/blocklayout2.php | 33 ++++++++++------------
 2 files changed, 25 insertions(+), 31 deletions(-) 2 files changed, 25 insertions(+), 31 deletions(-)
Updating 49ed0f3..1086657
Fast-forward
 .../classes/shortcodes/FeatureBlock/views/blocklayout1.php     | 10 +++++-----
 .../classes/shortcodes/FeatureBlock/views/blocklayout2.php     | 10 +++++-----
 2 files changed, 10 insertions(+), 10 deletions(-) 2 files changed, 10 insertions(+), 10 deletions(-)
Not expected branch : refs/heads/style_tailm
Not expected branch : 
Not expected branch : refs/heads/style_tailm
Updating 1086657..89d6910
Fast-forward
 assets/styles/lema-cat-course-sw.css |  3 +++
 assets/styles/lema-feature.css       | 12 +++++++++---
 2 files changed, 12 insertions(+), 3 deletions(-) 2 files changed, 12 insertions(+), 3 deletions(-)
Fail to update develop of lema-software
Not expected branch : refs/heads/style_tailm
Not expected branch : refs/heads/style_tailm
Not expected branch : refs/heads/style_tailm
Not expected branch : 
Not expected branch : refs/heads/style_tailm
Updating 89d6910..0f0c827
Fast-forward
 assets/styles/lema-feature.css                                  | 7 +++++--
 includes/classes/shortcodes/FeatureBlock/views/blocklayout1.php | 2 +-
 includes/classes/shortcodes/FeatureBlock/views/blocklayout2.php | 2 +-
 3 files changed, 7 insertions(+), 4 deletions(-) 3 files changed, 7 insertions(+), 4 deletions(-)
Fail to update develop of lema-software
Updating 0f0c827..f4f4748
Fast-forward
 README.md | 16 +++++++++++++++-
 1 file changed, 15 insertions(+), 1 deletion(-) 1 file changed, 15 insertions(+), 1 deletion(-)
Not expected branch : refs/heads/style_tailm
Not expected branch : 
Not expected branch : refs/heads/style_tailm
Updating f4f4748..8fcac0f
Fast-forward
 assets/styles/lema-feature.css | 2 +-
 1 file changed, 1 insertion(+), 1 deletion(-) 1 file changed, 1 insertion(+), 1 deletion(-)
Fail to update develop of lema-software
Not expected branch : refs/heads/style_tailm
Not expected branch : 
Not expected branch : refs/heads/style_tailm
Fail to update develop of lema-software
Updating 8fcac0f..f986941
Fast-forward
 assets/styles/lema-feature.css | 9 +++++++++
 1 file changed, 9 insertions(+) 1 file changed, 9 insertions(+)
Not expected branch : refs/heads/style_tailm
Not expected branch : 
Updating f986941..7f6d69f
Fast-forward
 assets/styles/lema-feature.css | 2 +-
 1 file changed, 1 insertion(+), 1 deletion(-) 1 file changed, 1 insertion(+), 1 deletion(-)
Not expected branch : refs/heads/style_tailm
Fail to update develop of lema-software
Not expected branch : refs/heads/style_tailm
Not expected branch : 
Not expected branch : refs/heads/style_tailm
Fail to update develop of education
Updating 918756d..63ad477
Fast-forward
 code/theme/static/css/lema-custom.css  | 28 ++++++++++++++++++++++++++++
 code/theme/static/css/lema-custom.scss | 28 ++++++++++++++++++++++++++++
 2 files changed, 56 insertions(+) 2 files changed, 56 insertions(+)
Not expected branch : refs/heads/style_tailm
Not expected branch : 
Updating 63ad477..9418243
Fast-forward
 code/theme/static/css/lema-custom.scss | 2 +-
 1 file changed, 1 insertion(+), 1 deletion(-) 1 file changed, 1 insertion(+), 1 deletion(-)
Not expected branch : refs/heads/style_tailm
Fail to update develop of education
Not expected branch : refs/heads/style_tailm
Not expected branch : 
Updating 9418243..5fe07f4
Fast-forward
 code/theme/static/css/lema-custom.css | 4 ++--
 1 file changed, 2 insertions(+), 2 deletions(-) 1 file changed, 2 insertions(+), 2 deletions(-)
Fail to update develop of education
Not expected branch : refs/heads/style_tailm
Not expected branch : refs/heads/style_tailm
Not expected branch : 
Updating 5fe07f4..ce500f8
Fast-forward
 code/theme/static/css/lema-custom.css  | 1 +
 code/theme/static/css/lema-custom.scss | 1 +
 2 files changed, 2 insertions(+) 2 files changed, 2 insertions(+)
Not expected branch : refs/heads/style_tailm
Fail to update develop of education
Not expected branch : refs/heads/style_tailm
Not expected branch : 
Not expected branch : refs/heads/style_tailm
Fail to update develop of education
Updating ce500f8..ce4f7b0
Fast-forward
 code/theme/static/css/lema-custom.css  | 1 +
 code/theme/static/css/lema-custom.scss | 1 +
 2 files changed, 2 insertions(+) 2 files changed, 2 insertions(+)
Not expected branch : refs/heads/style_tailm
Not expected branch : 
Not expected branch : refs/heads/style_tailm
Updating ce4f7b0..11afdf5
Fast-forward
 code/theme/static/css/layout.css  | 2 +-
 code/theme/static/css/layout.scss | 2 +-
 2 files changed, 2 insertions(+), 2 deletions(-) 2 files changed, 2 insertions(+), 2 deletions(-)
Fail to update develop of education
Not expected branch : refs/heads/style_tailm
Not expected branch : 
Fail to update develop of education
Not expected branch : refs/heads/style_tailm
Updating 11afdf5..59c143e
Fast-forward
 code/theme/static/css/lema-custom.css  | 6 +++++-
 code/theme/static/css/lema-custom.scss | 5 ++++-
 2 files changed, 9 insertions(+), 2 deletions(-) 2 files changed, 9 insertions(+), 2 deletions(-)
Not expected branch : refs/heads/style_tailm
Not expected branch : refs/heads/style_tailm
Not expected branch : 
Not expected branch : refs/heads/style_tailm
Updating 59c143e..f2728b0
Fast-forward
 code/theme/static/css/lema-custom.css  | 32 ++++++++++++++++++++++++++++
 code/theme/static/css/lema-custom.scss | 38 ++++++++++++++++++++++++++++++++++
 2 files changed, 70 insertions(+) 2 files changed, 70 insertions(+)
Fail to update develop of education
Not expected branch : refs/heads/style_tailm
Not expected branch : 
Not expected branch : refs/heads/style_tailm
Fail to update develop of education
Updating f2728b0..009c42a
Fast-forward
 code/theme/static/css/lema-custom.css  |  8 ++++----
 code/theme/static/css/lema-custom.scss | 30 ++++++++++++++----------------
 2 files changed, 18 insertions(+), 20 deletions(-) 2 files changed, 18 insertions(+), 20 deletions(-)
Not expected branch : refs/heads/style_tailm
Not expected branch : 
Fail to update develop of education
Updating 009c42a..716fe29
Fast-forward
 code/theme/static/css/lema-custom.css  | 4 ++--
 code/theme/static/css/lema-custom.scss | 4 ++--
 2 files changed, 4 insertions(+), 4 deletions(-) 2 files changed, 4 insertions(+), 4 deletions(-)
Not expected branch : refs/heads/style_tailm
Not expected branch : refs/heads/duytn/hardcode
Not expected branch : refs/heads/style_tailm
Not expected branch : 
Updating 716fe29..ecc7d91
Fast-forward
 code/theme/framework-customizations/theme/custom-color.php | 8 ++++++++
 1 file changed, 8 insertions(+) 1 file changed, 8 insertions(+)
Fail to update develop of education
Not expected branch : refs/heads/style_tailm
Not expected branch : refs/heads/style_tailm
Not expected branch : 
Not expected branch : refs/heads/style_tailm
Updating ecc7d91..4dac39d
Fast-forward
 .../framework-customizations/theme/custom-color.php   |  2 ++
 code/theme/static/css/lema-custom.css                 | 14 +++++++++++++-
 code/theme/static/css/lema-custom.scss                | 19 ++++++++++++++++++-
 3 files changed, 33 insertions(+), 2 deletions(-) 3 files changed, 33 insertions(+), 2 deletions(-)
Fail to update develop of education
Not expected branch : refs/heads/style_tailm
Not expected branch : 
Updating 4dac39d..56c3dd8
Fast-forward
 code/theme/framework-customizations/theme/custom-color.php | 3 +++
 1 file changed, 3 insertions(+) 1 file changed, 3 insertions(+)
Fail to update develop of education
Not expected branch : refs/heads/style_tailm
Not expected branch : refs/heads/style_tailm
Not expected branch : 
Fail to update develop of education
Not expected branch : refs/heads/style_tailm
Updating 56c3dd8..5b7836b
Fast-forward
 code/theme/static/css/lema-custom.css  | 5 +++++
 code/theme/static/css/lema-custom.scss | 6 ++++++
 2 files changed, 11 insertions(+) 2 files changed, 11 insertions(+)
Not expected branch : refs/heads/style_tailm
Not expected branch : 
Not expected branch : refs/heads/style_tailm
Not expected branch : 
Not expected branch : refs/heads/style_tailm
Fail to update develop of education
Updating 5b7836b..0f346cf
Fast-forward
 code/theme/static/css/lema-custom.css  | 2 +-
 code/theme/static/css/lema-custom.scss | 4 ++--
 2 files changed, 3 insertions(+), 3 deletions(-) 2 files changed, 3 insertions(+), 3 deletions(-)
Not expected branch : refs/heads/style_tailm
Not expected branch : 
Updating 0f346cf..a1a1735
Fast-forward
 code/theme/static/css/lema-custom.css  | 15 +++++++++++++++
 code/theme/static/css/lema-custom.scss | 11 +++++++++++
 2 files changed, 26 insertions(+) 2 files changed, 26 insertions(+)
Not expected branch : refs/heads/style_tailm
Fail to update develop of education
Not expected branch : refs/heads/style_tailm
Not expected branch : 
Not expected branch : refs/heads/style_tailm
Updating a1a1735..24726bb
Fast-forward
 code/theme/static/css/lema-custom.css  | 24 +++++++++++++++++++-----
 code/theme/static/css/lema-custom.scss | 18 +++++++++++++++---
 2 files changed, 34 insertions(+), 8 deletions(-) 2 files changed, 34 insertions(+), 8 deletions(-)
Already up-to-date.Already up-to-date.
Not expected branch : refs/heads/style_tailm
Not expected branch : 
Not expected branch : refs/heads/style_tailm
Fail to update develop of education
Updating 24726bb..c7a48e1
Fast-forward
 code/theme/static/css/lema-custom.css  | 54 +++++++++++++++++++++++++++++++++-
 code/theme/static/css/lema-custom.scss | 46 ++++++++++++++++++++++++++++-
 2 files changed, 98 insertions(+), 2 deletions(-) 2 files changed, 98 insertions(+), 2 deletions(-)
Not expected branch : refs/heads/style_tailm
Not expected branch : 
Updating c7a48e1..6587e6c
Fast-forward
 code/theme/static/css/lema-custom.css  | 4 ++++
 code/theme/static/css/lema-custom.scss | 3 +++
 2 files changed, 7 insertions(+) 2 files changed, 7 insertions(+)
Fail to update develop of education
Not expected branch : refs/heads/style_tailm
Not expected branch : refs/heads/style_tailm
Not expected branch : 
Not expected branch : refs/heads/style_tailm
Updating 6587e6c..35034a7
Fast-forward
 code/theme/static/css/lema-custom.css  | 26 +++++++++++++++++++++++++-
 code/theme/static/css/lema-custom.scss | 14 +++++++++++++-
 2 files changed, 38 insertions(+), 2 deletions(-) 2 files changed, 38 insertions(+), 2 deletions(-)
Fail to update develop of education
Not expected branch : refs/heads/duytn/hardcode
Not expected branch : refs/heads/style_tailm
Not expected branch : 
Not expected branch : refs/heads/style_tailm
Updating 35034a7..5b790e7
Fast-forward
 code/theme/framework-customizations/theme/custom-color.php | 3 +++
 code/theme/static/css/lema-custom.css                      | 6 +++---
 code/theme/static/css/lema-custom.scss                     | 6 +++---
 3 files changed, 9 insertions(+), 6 deletions(-) 3 files changed, 9 insertions(+), 6 deletions(-)
Fail to update develop of education
Updating 7f6d69f..9759955
Fast-forward
 .../FeatureBlock/FeatureBlockShortcode.php          | 21 ++++++++++++---------
 .../shortcodes/FeatureBlock/views/blocklayout1.php  |  6 +++++-
 .../shortcodes/FeatureBlock/views/blocklayout2.php  |  6 +++++-
 3 files changed, 22 insertions(+), 11 deletions(-) 3 files changed, 22 insertions(+), 11 deletions(-)
Not expected branch : refs/heads/style_tailm
Not expected branch : 
Updating 5b790e7..8a9fef5
Fast-forward
 code/theme/static/css/lema-custom.css  | 2 +-
 code/theme/static/css/lema-custom.scss | 2 +-
 2 files changed, 2 insertions(+), 2 deletions(-) 2 files changed, 2 insertions(+), 2 deletions(-)
Not expected branch : refs/heads/style_tailm
Already up-to-date.Already up-to-date.
Updating 9759955..571d13b
Fast-forward
 includes/classes/Hooks.php | 8 ++++----
 lema-software.php          | 2 +-
 2 files changed, 5 insertions(+), 5 deletions(-) 2 files changed, 5 insertions(+), 5 deletions(-)
Not expected branch : refs/heads/style_tailm
Not expected branch : 
Fail to update develop of education
Not expected branch : refs/heads/style_tailm
Updating 8a9fef5..f88e367
Fast-forward
 code/theme/static/css/lema-custom.css  | 33 +++++++++++++++++++++++++++++++++
 code/theme/static/css/lema-custom.scss | 33 +++++++++++++++++++++++++++++++++
 2 files changed, 66 insertions(+) 2 files changed, 66 insertions(+)
Not expected branch : refs/heads/style_tailm
Not expected branch : 
Updating f88e367..66e1d0b
Fast-forward
 code/theme/static/css/lema-custom.css  | 9 ++++++---
 code/theme/static/css/lema-custom.scss | 9 ++++++---
 2 files changed, 12 insertions(+), 6 deletions(-) 2 files changed, 12 insertions(+), 6 deletions(-)
Fail to update develop of education
Not expected branch : refs/heads/style_tailm
Not expected branch : refs/heads/style_tailm
Not expected branch : 
Updating 66e1d0b..c78bc90
Fast-forward
 code/theme/static/css/lema-custom.css  | 4 ++--
 code/theme/static/css/lema-custom.scss | 4 ++--
 2 files changed, 4 insertions(+), 4 deletions(-) 2 files changed, 4 insertions(+), 4 deletions(-)
Not expected branch : refs/heads/style_tailm
Fail to update develop of education
Not expected branch : refs/heads/style_tailm
Not expected branch : 
Not expected branch : refs/heads/style_tailm
Fail to update develop of education
Updating c78bc90..7a27b56
Fast-forward
 code/theme/static/css/lema-custom.css  | 3 ++-
 code/theme/static/css/lema-custom.scss | 3 ++-
 2 files changed, 4 insertions(+), 2 deletions(-) 2 files changed, 4 insertions(+), 2 deletions(-)
Not expected branch : refs/heads/thangpd/catcourse
Not expected branch : 
Fail to update develop of education
Updating 7a27b56..6cb3e9d
Fast-forward
 code/theme/404.php                                            |  9 ++++++---
 .../extensions/shortcodes/shortcodes/video/views/layout-3.php |  4 ++--
 .../theme/framework-customizations/theme/views/change-log.php | 11 +++++++++++
 3 files changed, 19 insertions(+), 5 deletions(-) 3 files changed, 19 insertions(+), 5 deletions(-)
Not expected branch : refs/heads/master
Updating 571d13b..0c30e59
Fast-forward
 README.md         | 3 +++
 lema-software.php | 2 +-
 2 files changed, 4 insertions(+), 1 deletion(-) 2 files changed, 4 insertions(+), 1 deletion(-)
Event did not allowed
Updating 6cb3e9d..5a54b63
Fast-forward
 code/theme/plugins/lema-software.zip | Bin 183577 -> 184542 bytes
 1 file changed, 0 insertions(+), 0 deletions(-) 1 file changed, 0 insertions(+), 0 deletions(-)
Updating 5a54b63..e3f9385
Fast-forward
 code/theme/style.css | 2 +-
 1 file changed, 1 insertion(+), 1 deletion(-) 1 file changed, 1 insertion(+), 1 deletion(-)
Not expected branch : refs/heads/master
Not expected branch : refs/heads/duytn/demo
Not expected branch : 
Not expected branch : refs/heads/duytn/demo
Not expected branch : 
Not expected branch : refs/heads/duytn/demos
Not expected branch : 
Not expected branch : 
Not expected branch : refs/heads/duytn/demo
Not expected branch : refs/heads/duytn/demos
Not expected branch : 
Not expected branch : refs/heads/duytn/demos
Not expected branch : 
Not expected branch : 
Not expected branch : 
Not expected branch : refs/heads/duytn/hardcode
Not expected branch : refs/heads/style_tailm
Not expected branch : 
Not expected branch : refs/heads/style_tailm
Fail to update develop of education
Updating e3f9385..dfea67b
Fast-forward
 .../extensions/teams/shortcodes/team-block/static/css/team-block.css    | 1 +
 .../extensions/teams/shortcodes/team-block/static/css/team-block.scss   | 2 ++
 2 files changed, 3 insertions(+) 2 files changed, 3 insertions(+)
Updating 0c30e59..4977ebf
Fast-forward
 includes/classes/front/views/coursedetail/view.php | 4 ++--
 1 file changed, 2 insertions(+), 2 deletions(-) 1 file changed, 2 insertions(+), 2 deletions(-)
Not expected branch : refs/heads/style_tailm
Not expected branch : 
Not expected branch : refs/heads/style_tailm
Updating dfea67b..c36d86f
Fast-forward
 code/theme/framework-customizations/theme/custom-color.php | 4 ----
 code/theme/static/css/layout.css                           | 4 +++-
 code/theme/static/css/layout.scss                          | 5 ++++-
 3 files changed, 7 insertions(+), 6 deletions(-) 3 files changed, 7 insertions(+), 6 deletions(-)
Fail to update develop of education
Not expected branch : refs/heads/style_tailm
Not expected branch : 
Not expected branch : refs/heads/style_tailm
Updating c36d86f..26ab66a
Fast-forward
 code/theme/static/css/layout.css  | 9 +++++++--
 code/theme/static/css/layout.scss | 8 ++++++--
 2 files changed, 13 insertions(+), 4 deletions(-) 2 files changed, 13 insertions(+), 4 deletions(-)
Fail to update develop of education
Not expected branch : refs/heads/style_tailm
Not expected branch : refs/heads/style_tailm
Not expected branch : 
Not expected branch : refs/heads/style_tailm
Updating 26ab66a..7a0978a
Fast-forward
 code/theme/framework-customizations/theme/custom-color.php | 4 ++++
 1 file changed, 4 insertions(+) 1 file changed, 4 insertions(+)
Fail to update develop of education
Not expected branch : refs/heads/style_tailm
Not expected branch : 
Not expected branch : refs/heads/style_tailm
Updating 7a0978a..d2fd225
Fast-forward
 code/theme/framework-customizations/theme/custom-color.php | 4 ++++
 code/theme/static/css/layout.css                           | 4 ++++
 code/theme/static/css/layout.scss                          | 3 +++
 3 files changed, 11 insertions(+) 3 files changed, 11 insertions(+)
Already up-to-date.Already up-to-date.
Not expected branch : refs/heads/style_tailm
Not expected branch : 
Fail to update develop of education
Updating d2fd225..244ecde
Fast-forward
 code/theme/static/css/layout.css  | 2 +-
 code/theme/static/css/layout.scss | 2 +-
 2 files changed, 2 insertions(+), 2 deletions(-) 2 files changed, 2 insertions(+), 2 deletions(-)
Not expected branch : refs/heads/style_tailm
Not expected branch : refs/heads/style_tailm
Not expected branch : 
Fail to update develop of education
Updating 244ecde..8471855
Fast-forward
 code/theme/static/css/layout.css  | 4 ++++
 code/theme/static/css/layout.scss | 3 +++
 2 files changed, 7 insertions(+) 2 files changed, 7 insertions(+)
Not expected branch : refs/heads/style_tailm
Not expected branch : refs/heads/style_tailm
Not expected branch : 
Not expected branch : refs/heads/style_tailm
Updating 8471855..20d208e
Fast-forward
 code/theme/static/css/layout.css  | 4 ++++
 code/theme/static/css/layout.scss | 3 +++
 2 files changed, 7 insertions(+) 2 files changed, 7 insertions(+)
Fail to update develop of education
Not expected branch : refs/heads/style_tailm
Not expected branch : 
Not expected branch : refs/heads/style_tailm
Updating 4977ebf..1236ce0
Fast-forward
 assets/styles/lema-cat-course-sw.css | 3 +++
 1 file changed, 3 insertions(+) 1 file changed, 3 insertions(+)
Fail to update develop of lema-software
Not expected branch : refs/heads/style_tailm
Not expected branch : 
Updating 1236ce0..d0fac2c
Fast-forward
 assets/styles/lema-cat-course-sw.css | 6 +++---
 1 file changed, 3 insertions(+), 3 deletions(-) 1 file changed, 3 insertions(+), 3 deletions(-)
Not expected branch : refs/heads/style_tailm
Fail to update develop of lema-software
Not expected branch : refs/heads/style_tailm
Not expected branch : 
Updating d0fac2c..6e73887
Fast-forward
 assets/styles/lema-cat-course-sw.css | 2 +-
 1 file changed, 1 insertion(+), 1 deletion(-) 1 file changed, 1 insertion(+), 1 deletion(-)
Fail to update develop of lema-software
Not expected branch : refs/heads/style_tailm
Updating 6e73887..56e1898
Fast-forward
 .../classes/front/views/coursecategory/view1.php   | 42 +++++++++++++---------
 1 file changed, 25 insertions(+), 17 deletions(-) 1 file changed, 25 insertions(+), 17 deletions(-)
Not expected branch : refs/heads/style_tailm
Not expected branch : 
Fail to update develop of education
Updating 20d208e..2062158
Fast-forward
 code/theme/framework-customizations/theme/custom-color.php | 6 ++++++
 1 file changed, 6 insertions(+) 1 file changed, 6 insertions(+)
Not expected branch : refs/heads/style_tailm
Not expected branch : refs/heads/style_tailm
Not expected branch : 
Not expected branch : refs/heads/style_tailm
Fail to update develop of education
Updating 2062158..06c192f
Fast-forward
 code/theme/framework-customizations/theme/custom-color.php | 2 +-
 1 file changed, 1 insertion(+), 1 deletion(-) 1 file changed, 1 insertion(+), 1 deletion(-)
Updating 56e1898..17edf88
Fast-forward
 .../classes/front/views/coursecategory/view2.php   | 142 +++++++++++----------
 1 file changed, 75 insertions(+), 67 deletions(-) 1 file changed, 75 insertions(+), 67 deletions(-)
Not expected branch : refs/heads/style_tailm
Not expected branch : 
Not expected branch : refs/heads/style_tailm
Fail to update develop of education
Updating 06c192f..c9c8bbb
Fast-forward
 code/theme/static/css/layout.css  | 4 ++++
 code/theme/static/css/layout.scss | 4 ++++
 2 files changed, 8 insertions(+) 2 files changed, 8 insertions(+)
Not expected branch : refs/heads/style_tailm
Not expected branch : 
Not expected branch : refs/heads/style_tailm
Updating 17edf88..6db0db1
Fast-forward
 assets/styles/lema-cat-course-sw.css | 7 +++++++
 1 file changed, 7 insertions(+) 1 file changed, 7 insertions(+)
Fail to update develop of lema-software
Not expected branch : refs/heads/style_tailm
Not expected branch : 
Updating 6db0db1..63c4979
Fast-forward
 assets/styles/lema-cat-course-sw.css | 6 ++++++
 1 file changed, 6 insertions(+) 1 file changed, 6 insertions(+)
Fail to update develop of lema-software
Not expected branch : refs/heads/style_tailm
Not expected branch : refs/heads/style_tailm
Not expected branch : 
Not expected branch : refs/heads/style_tailm
Updating c9c8bbb..dc9e056
Fast-forward
 code/theme/static/css/layout.css  | 5 +++++
 code/theme/static/css/layout.scss | 4 ++++
 2 files changed, 9 insertions(+) 2 files changed, 9 insertions(+)
Fail to update develop of education
Not expected branch : refs/heads/style_tailm
Not expected branch : 
Fail to update develop of education
Updating dc9e056..d776918
Fast-forward
 code/theme/static/css/layout.css  | 2 +-
 code/theme/static/css/layout.scss | 2 +-
 2 files changed, 2 insertions(+), 2 deletions(-) 2 files changed, 2 insertions(+), 2 deletions(-)
Not expected branch : refs/heads/style_tailm
Not expected branch : refs/heads/style_tailm
Not expected branch : 
Not expected branch : refs/heads/style_tailm
Fail to update develop of lema-software
Updating 63c4979..4678a54
Fast-forward
 assets/styles/lema-sof.css | 13 +++++--------
 1 file changed, 5 insertions(+), 8 deletions(-) 1 file changed, 5 insertions(+), 8 deletions(-)
Not expected branch : refs/heads/style_tailm
Not expected branch : 
Fail to update develop of education
Updating d776918..6fb89ea
Fast-forward
 code/theme/static/css/layout.css  | 4 ++++
 code/theme/static/css/layout.scss | 3 +++
 2 files changed, 7 insertions(+) 2 files changed, 7 insertions(+)
Not expected branch : refs/heads/style_tailm
Not expected branch : refs/heads/style_tailm
Not expected branch : 
Updating 4678a54..0f288b5
Fast-forward
 assets/styles/lema-feature.css | 4 ++--
 1 file changed, 2 insertions(+), 2 deletions(-) 1 file changed, 2 insertions(+), 2 deletions(-)
Fail to update develop of lema-software
Not expected branch : refs/heads/style_tailm
Not expected branch : refs/heads/style_tailm
Updating 6fb89ea..3e09feb
Fast-forward
 .../framework-customizations/theme/options/page-header-settings.php    | 3 ++-
 1 file changed, 2 insertions(+), 1 deletion(-) 1 file changed, 2 insertions(+), 1 deletion(-)
Not expected branch : refs/heads/style_tailm
Not expected branch : 
Updating 0f288b5..d97e5bf
Fast-forward
 assets/styles/lema-cat-course-sw.css | 12 ------------
 1 file changed, 12 deletions(-) 1 file changed, 12 deletions(-)
Not expected branch : refs/heads/style_tailm
Fail to update develop of lema-software
Updating 3e09feb..1d27924
Fast-forward
 .../framework-customizations/theme/options/page-header-settings.php    | 3 +--
 1 file changed, 1 insertion(+), 2 deletions(-) 1 file changed, 1 insertion(+), 2 deletions(-)
Not expected branch : refs/heads/style_tailm
Not expected branch : 
Fail to update develop of education
Updating 1d27924..2749e20
Fast-forward
 code/theme/static/css/lema-custom.css  | 15 ---------------
 code/theme/static/css/lema-custom.scss | 20 +-------------------
 2 files changed, 1 insertion(+), 34 deletions(-) 2 files changed, 1 insertion(+), 34 deletions(-)
Not expected branch : refs/heads/style_tailm
Not expected branch : refs/heads/duytn/hardcode
Not expected branch : refs/heads/master
Updating d97e5bf..0e9a852
Fast-forward
 README.md         | 3 ++-
 lema-software.php | 2 +-
 2 files changed, 3 insertions(+), 2 deletions(-) 2 files changed, 3 insertions(+), 2 deletions(-)
Event did not allowed
Updating 2749e20..c3274d3
Fast-forward
 code/theme/plugins/lema-software.zip | Bin 184542 -> 1702795 bytes
 1 file changed, 0 insertions(+), 0 deletions(-) 1 file changed, 0 insertions(+), 0 deletions(-)
Not expected branch : refs/heads/master
Updating c3274d3..5699295
Fast-forward
 code/theme/style.css | 2 +-
 1 file changed, 1 insertion(+), 1 deletion(-) 1 file changed, 1 insertion(+), 1 deletion(-)
