Notthing
Your branch is ahead of 'origin/develop' by 1 commit.
  (use "git push" to publish your local commits)
Updating 1cb458a..e968d25
Fast-forward
 README.md | 2 +-
 1 file changed, 1 insertion(+), 1 deletion(-) 1 file changed, 1 insertion(+), 1 deletion(-)
Updating e968d25..e7d4776
Fast-forward
 .../extensions/shortcodes/timeline/css/style.css   |  227 ++
 .../extensions/shortcodes/timeline/image/Icon.png  |  Bin 0 -> 788 bytes
 .../extensions/shortcodes/timeline/image/Icon1.png |  Bin 0 -> 1781 bytes
 .../extensions/shortcodes/timeline/image/Icon2.png |  Bin 0 -> 2054 bytes
 .../extensions/shortcodes/timeline/image/Icon3.png |  Bin 0 -> 2992 bytes
 .../extensions/shortcodes/timeline/image/sd.png    |  Bin 0 -> 2992 bytes
 .../extensions/shortcodes/timeline/index.html      |  216 ++
 .../extensions/shortcodes/timeline/js/main.js      |   41 +
 .../shortcodes/timeline/lib/jquery-3.3.1.min.js    |    2 +
 .../shortcodes/timeline/lib/slick/ajax-loader.gif  |  Bin 0 -> 4178 bytes
 .../shortcodes/timeline/lib/slick/config.rb        |   10 +
 .../shortcodes/timeline/lib/slick/fonts/slick.eot  |  Bin 0 -> 2048 bytes
 .../shortcodes/timeline/lib/slick/fonts/slick.svg  |   14 +
 .../shortcodes/timeline/lib/slick/fonts/slick.ttf  |  Bin 0 -> 1892 bytes
 .../shortcodes/timeline/lib/slick/fonts/slick.woff |  Bin 0 -> 1380 bytes
 .../shortcodes/timeline/lib/slick/slick-theme.css  |  204 ++
 .../shortcodes/timeline/lib/slick/slick-theme.less |  168 ++
 .../shortcodes/timeline/lib/slick/slick-theme.scss |  194 ++
 .../shortcodes/timeline/lib/slick/slick.css        |  119 +
 .../shortcodes/timeline/lib/slick/slick.js         | 3025 ++++++++++++++++++++
 .../shortcodes/timeline/lib/slick/slick.less       |  100 +
 .../shortcodes/timeline/lib/slick/slick.min.js     |    1 +
 .../shortcodes/timeline/lib/slick/slick.scss       |  100 +
 23 files changed, 4421 insertions(+)
 create mode 100644 code/framework-customizations/extensions/shortcodes/timeline/css/style.css
 create mode 100644 code/framework-customizations/extensions/shortcodes/timeline/image/Icon.png
 create mode 100644 code/framework-customizations/extensions/shortcodes/timeline/image/Icon1.png
 create mode 100644 code/framework-customizations/extensions/shortcodes/timeline/image/Icon2.png
 create mode 100644 code/framework-customizations/extensions/shortcodes/timeline/image/Icon3.png
 create mode 100644 code/framework-customizations/extensions/shortcodes/timeline/image/sd.png
 create mode 100644 code/framework-customizations/extensions/shortcodes/timeline/index.html
 create mode 100644 code/framework-customizations/extensions/shortcodes/timeline/js/main.js
 create mode 100644 code/framework-customizations/extensions/shortcodes/timeline/lib/jquery-3.3.1.min.js
 create mode 100644 code/framework-customizations/extensions/shortcodes/timeline/lib/slick/ajax-loader.gif
 create mode 100644 code/framework-customizations/extensions/shortcodes/timeline/lib/slick/config.rb
 create mode 100644 code/framework-customizations/extensions/shortcodes/timeline/lib/slick/fonts/slick.eot
 create mode 100644 code/framework-customizations/extensions/shortcodes/timeline/lib/slick/fonts/slick.svg
 create mode 100644 code/framework-customizations/extensions/shortcodes/timeline/lib/slick/fonts/slick.ttf
 create mode 100644 code/framework-customizations/extensions/shortcodes/timeline/lib/slick/fonts/slick.woff
 create mode 100644 code/framework-customizations/extensions/shortcodes/timeline/lib/slick/slick-theme.css
 create mode 100644 code/framework-customizations/extensions/shortcodes/timeline/lib/slick/slick-theme.less
 create mode 100644 code/framework-customizations/extensions/shortcodes/timeline/lib/slick/slick-theme.scss
 create mode 100644 code/framework-customizations/extensions/shortcodes/timeline/lib/slick/slick.css
 create mode 100644 code/framework-customizations/extensions/shortcodes/timeline/lib/slick/slick.js
 create mode 100644 code/framework-customizations/extensions/shortcodes/timeline/lib/slick/slick.less
 create mode 100644 code/framework-customizations/extensions/shortcodes/timeline/lib/slick/slick.min.js
 create mode 100644 code/framework-customizations/extensions/shortcodes/timeline/lib/slick/slick.scss create mode 100644 code/framework-customizations/extensions/shortcodes/timeline/lib/slick/slick.scss
